{"/Users/xavierfernandez/Documents/workspace/masterDevIA/AI4Devs-lab-ides/frontend/src/App.tsx": {"path":"/Users/xavierfernandez/Documents/workspace/masterDevIA/AI4Devs-lab-ides/frontend/src/App.tsx","statementMap":{"0":{"start":{"line":2,"column":0},"end":{"line":2,"column":59}},"1":{"start":{"line":3,"column":0},"end":{"line":3,"column":49}},"2":{"start":{"line":4,"column":0},"end":{"line":4,"column":42}},"3":{"start":{"line":5,"column":0},"end":{"line":5,"column":50}},"4":{"start":{"line":6,"column":0},"end":{"line":6,"column":46}},"5":{"start":{"line":7,"column":0},"end":{"line":7,"column":68}},"6":{"start":{"line":8,"column":0},"end":{"line":8,"column":56}},"7":{"start":{"line":9,"column":0},"end":{"line":9,"column":64}},"8":{"start":{"line":10,"column":0},"end":{"line":10,"column":62}},"9":{"start":{"line":11,"column":0},"end":{"line":11,"column":58}},"10":{"start":{"line":12,"column":0},"end":{"line":12,"column":72}},"11":{"start":{"line":15,"column":2},"end":{"line":36,"column":4}},"12":{"start":{"line":39,"column":0},"end":{"line":39,"column":19}}},"fnMap":{"0":{"name":"App","decl":{"start":{"line":14,"column":9},"end":{"line":14,"column":12}},"loc":{"start":{"line":14,"column":12},"end":{"line":37,"column":1}}}},"branchMap":{},"s":{"0":1,"1":1,"2":1,"3":1,"4":1,"5":1,"6":1,"7":1,"8":1,"9":1,"10":1,"11":1,"12":1},"f":{"0":1},"b":{}}
,"/Users/xavierfernandez/Documents/workspace/masterDevIA/AI4Devs-lab-ides/frontend/src/setupTests.ts": {"path":"/Users/xavierfernandez/Documents/workspace/masterDevIA/AI4Devs-lab-ides/frontend/src/setupTests.ts","statementMap":{"0":{"start":{"line":5,"column":0},"end":{"line":5,"column":35}}},"fnMap":{},"branchMap":{},"s":{"0":0},"f":{},"b":{}}
,"/Users/xavierfernandez/Documents/workspace/masterDevIA/AI4Devs-lab-ides/frontend/src/components/ConfirmationModal.tsx": {"path":"/Users/xavierfernandez/Documents/workspace/masterDevIA/AI4Devs-lab-ides/frontend/src/components/ConfirmationModal.tsx","statementMap":{"0":{"start":{"line":2,"column":0},"end":{"line":2,"column":54}},"1":{"start":{"line":15,"column":60},"end":{"line":86,"column":1}},"2":{"start":{"line":16,"column":8},"end":{"line":16,"column":null}},"3":{"start":{"line":17,"column":7},"end":{"line":17,"column":null}},"4":{"start":{"line":18,"column":9},"end":{"line":18,"column":null}},"5":{"start":{"line":19,"column":2},"end":{"line":19,"column":13}},"6":{"start":{"line":19,"column":13},"end":{"line":19,"column":null}},"7":{"start":{"line":20,"column":2},"end":{"line":20,"column":12}},"8":{"start":{"line":20,"column":12},"end":{"line":20,"column":null}},"9":{"start":{"line":21,"column":11},"end":{"line":21,"column":null}},"10":{"start":{"line":22,"column":10},"end":{"line":22,"column":null}},"11":{"start":{"line":23,"column":2},"end":{"line":23,"column":11}},"12":{"start":{"line":23,"column":11},"end":{"line":23,"column":null}},"13":{"start":{"line":25,"column":2},"end":{"line":25,"column":27}},"14":{"start":{"line":25,"column":15},"end":{"line":25,"column":27}},"15":{"start":{"line":27,"column":2},"end":{"line":85,"column":4}},"16":{"start":{"line":88,"column":0},"end":{"line":88,"column":33}}},"fnMap":{"0":{"name":"(anonymous_2)","decl":{"start":{"line":15,"column":60},"end":{"line":15,"column":61}},"loc":{"start":{"line":24,"column":1},"end":{"line":86,"column":1}}}},"branchMap":{"0":{"loc":{"start":{"line":19,"column":13},"end":{"line":19,"column":null}},"type":"cond-expr","locations":[{"start":{"line":19,"column":16},"end":{"line":19,"column":27}},{"start":{"line":19,"column":27},"end":{"line":19,"column":null}}]},"1":{"loc":{"start":{"line":20,"column":12},"end":{"line":20,"column":null}},"type":"cond-expr","locations":[{"start":{"line":20,"column":15},"end":{"line":20,"column":25}},{"start":{"line":20,"column":25},"end":{"line":20,"column":null}}]},"2":{"loc":{"start":{"line":23,"column":11},"end":{"line":23,"column":null}},"type":"cond-expr","locations":[{"start":{"line":23,"column":14},"end":{"line":23,"column":19}},{"start":{"line":23,"column":19},"end":{"line":23,"column":null}}]},"3":{"loc":{"start":{"line":25,"column":2},"end":{"line":25,"column":27}},"type":"if","locations":[{"start":{"line":25,"column":2},"end":{"line":25,"column":27}}]},"4":{"loc":{"start":{"line":67,"column":280},"end":{"line":67,"column":328}},"type":"cond-expr","locations":[{"start":{"line":67,"column":292},"end":{"line":67,"column":323}},{"start":{"line":67,"column":326},"end":{"line":67,"column":328}}]},"5":{"loc":{"start":{"line":71,"column":15},"end":{"line":71,"column":56}},"type":"cond-expr","locations":[{"start":{"line":71,"column":27},"end":{"line":71,"column":42}},{"start":{"line":71,"column":45},"end":{"line":71,"column":56}}]}},"s":{"0":2,"1":2,"2":11,"3":11,"4":11,"5":11,"6":11,"7":11,"8":11,"9":11,"10":11,"11":11,"12":11,"13":11,"14":7,"15":4,"16":2},"f":{"0":11},"b":{"0":[0,11],"1":[0,11],"2":[11,0],"3":[7],"4":[0,4],"5":[0,4]}}
,"/Users/xavierfernandez/Documents/workspace/masterDevIA/AI4Devs-lab-ides/frontend/src/components/index.ts": {"path":"/Users/xavierfernandez/Documents/workspace/masterDevIA/AI4Devs-lab-ides/frontend/src/components/index.ts","statementMap":{"0":{"start":{"line":2,"column":0},"end":{"line":2,"column":9}},"1":{"start":{"line":2,"column":9},"end":{"line":2,"column":37}}},"fnMap":{"0":{"name":"(anonymous_1)","decl":{"start":{"line":2,"column":9},"end":{"line":2,"column":16}},"loc":{"start":{"line":2,"column":9},"end":{"line":2,"column":37}}}},"branchMap":{},"s":{"0":0,"1":0},"f":{"0":0},"b":{}}
,"/Users/xavierfernandez/Documents/workspace/masterDevIA/AI4Devs-lab-ides/frontend/src/components/candidates/CandidateList.tsx": {"path":"/Users/xavierfernandez/Documents/workspace/masterDevIA/AI4Devs-lab-ides/frontend/src/components/candidates/CandidateList.tsx","statementMap":{"0":{"start":{"line":2,"column":0},"end":{"line":2,"column":47}},"1":{"start":{"line":3,"column":0},"end":{"line":3,"column":81}},"2":{"start":{"line":5,"column":0},"end":{"line":5,"column":65}},"3":{"start":{"line":7,"column":32},"end":{"line":99,"column":1}},"4":{"start":{"line":8,"column":19},"end":{"line":8,"column":32}},"5":{"start":{"line":10,"column":46},"end":{"line":10,"column":64}},"6":{"start":{"line":10,"column":14},"end":{"line":10,"column":16}},"7":{"start":{"line":10,"column":25},"end":{"line":10,"column":27}},"8":{"start":{"line":10,"column":34},"end":{"line":10,"column":36}},"9":{"start":{"line":10,"column":41},"end":{"line":10,"column":46}},"10":{"start":{"line":12,"column":30},"end":{"line":14,"column":3}},"11":{"start":{"line":13,"column":4},"end":{"line":13,"column":53}},"12":{"start":{"line":16,"column":2},"end":{"line":22,"column":null}},"13":{"start":{"line":17,"column":4},"end":{"line":21,"column":6}},"14":{"start":{"line":24,"column":2},"end":{"line":31,"column":null}},"15":{"start":{"line":25,"column":4},"end":{"line":30,"column":6}},"16":{"start":{"line":33,"column":2},"end":{"line":39,"column":null}},"17":{"start":{"line":34,"column":4},"end":{"line":38,"column":6}},"18":{"start":{"line":41,"column":2},"end":{"line":98,"column":4}},"19":{"start":{"line":54,"column":51},"end":{"line":94,"column":12}},"20":{"start":{"line":81,"column":35},"end":{"line":81,"column":null}},"21":{"start":{"line":102,"column":23},"end":{"line":119,"column":1}},"22":{"start":{"line":103,"column":2},"end":{"line":118,"column":null}},"23":{"start":{"line":105,"column":6},"end":{"line":105,"column":53}},"24":{"start":{"line":107,"column":6},"end":{"line":107,"column":45}},"25":{"start":{"line":109,"column":6},"end":{"line":109,"column":45}},"26":{"start":{"line":111,"column":6},"end":{"line":111,"column":45}},"27":{"start":{"line":113,"column":6},"end":{"line":113,"column":43}},"28":{"start":{"line":115,"column":6},"end":{"line":115,"column":39}},"29":{"start":{"line":117,"column":6},"end":{"line":117,"column":41}},"30":{"start":{"line":122,"column":22},"end":{"line":139,"column":1}},"31":{"start":{"line":123,"column":2},"end":{"line":138,"column":null}},"32":{"start":{"line":125,"column":6},"end":{"line":125,"column":21}},"33":{"start":{"line":127,"column":6},"end":{"line":127,"column":26}},"34":{"start":{"line":129,"column":6},"end":{"line":129,"column":26}},"35":{"start":{"line":131,"column":6},"end":{"line":131,"column":22}},"36":{"start":{"line":133,"column":6},"end":{"line":133,"column":26}},"37":{"start":{"line":135,"column":6},"end":{"line":135,"column":25}},"38":{"start":{"line":137,"column":6},"end":{"line":137,"column":20}},"39":{"start":{"line":141,"column":0},"end":{"line":141,"column":29}}},"fnMap":{"0":{"name":"(anonymous_2)","decl":{"start":{"line":7,"column":32},"end":{"line":7,"column":null}},"loc":{"start":{"line":7,"column":32},"end":{"line":99,"column":1}}},"1":{"name":"(anonymous_3)","decl":{"start":{"line":12,"column":30},"end":{"line":12,"column":31}},"loc":{"start":{"line":12,"column":50},"end":{"line":14,"column":3}}},"2":{"name":"(anonymous_4)","decl":{"start":{"line":54,"column":25},"end":{"line":54,"column":26}},"loc":{"start":{"line":54,"column":46},"end":{"line":54,"column":null}}},"3":{"name":"(anonymous_5)","decl":{"start":{"line":81,"column":29},"end":{"line":81,"column":35}},"loc":{"start":{"line":81,"column":29},"end":{"line":81,"column":54}}},"4":{"name":"(anonymous_6)","decl":{"start":{"line":102,"column":23},"end":{"line":102,"column":24}},"loc":{"start":{"line":102,"column":38},"end":{"line":119,"column":1}}},"5":{"name":"(anonymous_7)","decl":{"start":{"line":122,"column":22},"end":{"line":122,"column":23}},"loc":{"start":{"line":122,"column":37},"end":{"line":139,"column":1}}}},"branchMap":{"0":{"loc":{"start":{"line":16,"column":2},"end":{"line":22,"column":null}},"type":"if","locations":[{"start":{"line":16,"column":2},"end":{"line":22,"column":null}}]},"1":{"loc":{"start":{"line":24,"column":2},"end":{"line":31,"column":null}},"type":"if","locations":[{"start":{"line":24,"column":2},"end":{"line":31,"column":null}}]},"2":{"loc":{"start":{"line":28,"column":43},"end":{"line":28,"column":108}},"type":"binary-expr","locations":[{"start":{"line":28,"column":43},"end":{"line":28,"column":57}},{"start":{"line":28,"column":61},"end":{"line":28,"column":108}}]},"3":{"loc":{"start":{"line":28,"column":43},"end":{"line":28,"column":57}},"type":"cond-expr","locations":[{"start":{"line":28,"column":48},"end":{"line":28,"column":50}},{"start":{"line":28,"column":43},"end":{"line":28,"column":57}}]},"4":{"loc":{"start":{"line":28,"column":43},"end":{"line":28,"column":50}},"type":"binary-expr","locations":[{"start":{"line":28,"column":43},"end":{"line":28,"column":50}},{"start":{"line":28,"column":43},"end":{"line":28,"column":50}}]},"5":{"loc":{"start":{"line":33,"column":2},"end":{"line":39,"column":null}},"type":"if","locations":[{"start":{"line":33,"column":2},"end":{"line":39,"column":null}}]},"6":{"loc":{"start":{"line":33,"column":6},"end":{"line":33,"column":60}},"type":"binary-expr","locations":[{"start":{"line":33,"column":6},"end":{"line":33,"column":24}},{"start":{"line":33,"column":24},"end":{"line":33,"column":34}},{"start":{"line":33,"column":38},"end":{"line":33,"column":60}}]},"7":{"loc":{"start":{"line":33,"column":7},"end":{"line":33,"column":20}},"type":"cond-expr","locations":[{"start":{"line":33,"column":11},"end":{"line":33,"column":13}},{"start":{"line":33,"column":7},"end":{"line":33,"column":20}}]},"8":{"loc":{"start":{"line":33,"column":7},"end":{"line":33,"column":13}},"type":"binary-expr","locations":[{"start":{"line":33,"column":7},"end":{"line":33,"column":13}},{"start":{"line":33,"column":7},"end":{"line":33,"column":13}}]},"9":{"loc":{"start":{"line":103,"column":2},"end":{"line":118,"column":null}},"type":"switch","locations":[{"start":{"line":104,"column":4},"end":{"line":105,"column":53}},{"start":{"line":106,"column":4},"end":{"line":107,"column":45}},{"start":{"line":108,"column":4},"end":{"line":109,"column":45}},{"start":{"line":110,"column":4},"end":{"line":111,"column":45}},{"start":{"line":112,"column":4},"end":{"line":113,"column":43}},{"start":{"line":114,"column":4},"end":{"line":115,"column":39}},{"start":{"line":116,"column":4},"end":{"line":117,"column":41}}]},"10":{"loc":{"start":{"line":123,"column":2},"end":{"line":138,"column":null}},"type":"switch","locations":[{"start":{"line":124,"column":4},"end":{"line":125,"column":21}},{"start":{"line":126,"column":4},"end":{"line":127,"column":26}},{"start":{"line":128,"column":4},"end":{"line":129,"column":26}},{"start":{"line":130,"column":4},"end":{"line":131,"column":22}},{"start":{"line":132,"column":4},"end":{"line":133,"column":26}},{"start":{"line":134,"column":4},"end":{"line":135,"column":25}},{"start":{"line":136,"column":4},"end":{"line":137,"column":20}}]}},"s":{"0":0,"1":0,"2":0,"3":0,"4":0,"5":0,"6":0,"7":0,"8":0,"9":0,"10":0,"11":0,"12":0,"13":0,"14":0,"15":0,"16":0,"17":0,"18":0,"19":0,"20":0,"21":0,"22":0,"23":0,"24":0,"25":0,"26":0,"27":0,"28":0,"29":0,"30":0,"31":0,"32":0,"33":0,"34":0,"35":0,"36":0,"37":0,"38":0,"39":0},"f":{"0":0,"1":0,"2":0,"3":0,"4":0,"5":0},"b":{"0":[0],"1":[0],"2":[0,0],"3":[0,0],"4":[0,0],"5":[0],"6":[0,0,0],"7":[0,0],"8":[0,0],"9":[0,0,0,0,0,0,0],"10":[0,0,0,0,0,0,0]}}
,"/Users/xavierfernandez/Documents/workspace/masterDevIA/AI4Devs-lab-ides/frontend/src/components/candidates/DocumentList.tsx": {"path":"/Users/xavierfernandez/Documents/workspace/masterDevIA/AI4Devs-lab-ides/frontend/src/components/candidates/DocumentList.tsx","statementMap":{"0":{"start":{"line":1,"column":0},"end":{"line":1,"column":51}},"1":{"start":{"line":2,"column":0},"end":{"line":2,"column":39}},"2":{"start":{"line":3,"column":0},"end":{"line":3,"column":38}},"3":{"start":{"line":4,"column":0},"end":{"line":4,"column":61}},"4":{"start":{"line":20,"column":50},"end":{"line":269,"column":1}},"5":{"start":{"line":20,"column":64},"end":{"line":20,"column":66}},"6":{"start":{"line":20,"column":66},"end":{"line":20,"column":80}},"7":{"start":{"line":20,"column":80},"end":{"line":20,"column":86}},"8":{"start":{"line":21,"column":36},"end":{"line":21,"column":60}},"9":{"start":{"line":21,"column":18},"end":{"line":21,"column":20}},"10":{"start":{"line":21,"column":32},"end":{"line":21,"column":36}},"11":{"start":{"line":22,"column":32},"end":{"line":22,"column":46}},"12":{"start":{"line":22,"column":16},"end":{"line":22,"column":18}},"13":{"start":{"line":22,"column":28},"end":{"line":22,"column":32}},"14":{"start":{"line":23,"column":28},"end":{"line":23,"column":57}},"15":{"start":{"line":23,"column":14},"end":{"line":23,"column":16}},"16":{"start":{"line":23,"column":24},"end":{"line":23,"column":28}},"17":{"start":{"line":25,"column":2},"end":{"line":51,"column":36}},"18":{"start":{"line":26,"column":27},"end":{"line":48,"column":6}},"19":{"start":{"line":28,"column":8},"end":{"line":28,"column":25}},"20":{"start":{"line":29,"column":8},"end":{"line":29,"column":23}},"21":{"start":{"line":31,"column":25},"end":{"line":33,"column":null}},"22":{"start":{"line":31,"column":14},"end":{"line":33,"column":null}},"23":{"start":{"line":35,"column":12},"end":{"line":35,"column":13}},"24":{"start":{"line":36,"column":28},"end":{"line":36,"column":null}},"25":{"start":{"line":36,"column":16},"end":{"line":36,"column":null}},"26":{"start":{"line":37,"column":10},"end":{"line":37,"column":85}},"27":{"start":{"line":40,"column":21},"end":{"line":40,"column":null}},"28":{"start":{"line":40,"column":14},"end":{"line":40,"column":null}},"29":{"start":{"line":41,"column":8},"end":{"line":41,"column":38}},"30":{"start":{"line":43,"column":8},"end":{"line":43,"column":61}},"31":{"start":{"line":44,"column":8},"end":{"line":44,"column":89}},"32":{"start":{"line":46,"column":8},"end":{"line":46,"column":26}},"33":{"start":{"line":50,"column":4},"end":{"line":50,"column":21}},"34":{"start":{"line":53,"column":25},"end":{"line":98,"column":4}},"35":{"start":{"line":53,"column":52},"end":{"line":53,"column":null}},"36":{"start":{"line":55,"column":23},"end":{"line":60,"column":null}},"37":{"start":{"line":55,"column":12},"end":{"line":60,"column":null}},"38":{"start":{"line":62,"column":10},"end":{"line":62,"column":11}},"39":{"start":{"line":63,"column":26},"end":{"line":63,"column":null}},"40":{"start":{"line":63,"column":14},"end":{"line":63,"column":null}},"41":{"start":{"line":64,"column":8},"end":{"line":64,"column":84}},"42":{"start":{"line":68,"column":19},"end":{"line":68,"column":null}},"43":{"start":{"line":68,"column":12},"end":{"line":68,"column":null}},"44":{"start":{"line":71,"column":12},"end":{"line":71,"column":77}},"45":{"start":{"line":72,"column":10},"end":{"line":72,"column":33}},"46":{"start":{"line":74,"column":6},"end":{"line":79,"column":null}},"47":{"start":{"line":75,"column":14},"end":{"line":75,"column":79}},"48":{"start":{"line":76,"column":8},"end":{"line":78,"column":null}},"49":{"start":{"line":77,"column":10},"end":{"line":77,"column":38}},"50":{"start":{"line":82,"column":12},"end":{"line":82,"column":51}},"51":{"start":{"line":83,"column":12},"end":{"line":83,"column":44}},"52":{"start":{"line":84,"column":6},"end":{"line":84,"column":19}},"53":{"start":{"line":85,"column":6},"end":{"line":85,"column":28}},"54":{"start":{"line":86,"column":6},"end":{"line":86,"column":35}},"55":{"start":{"line":87,"column":6},"end":{"line":87,"column":16}},"56":{"start":{"line":90,"column":6},"end":{"line":90,"column":38}},"57":{"start":{"line":91,"column":6},"end":{"line":91,"column":35}},"58":{"start":{"line":93,"column":6},"end":{"line":93,"column":57}},"59":{"start":{"line":95,"column":6},"end":{"line":95,"column":60}},"60":{"start":{"line":96,"column":6},"end":{"line":96,"column":91}},"61":{"start":{"line":100,"column":23},"end":{"line":123,"column":4}},"62":{"start":{"line":100,"column":48},"end":{"line":123,"column":4}},"63":{"start":{"line":101,"column":4},"end":{"line":103,"column":null}},"64":{"start":{"line":102,"column":6},"end":{"line":102,"column":13}},"65":{"start":{"line":106,"column":23},"end":{"line":109,"column":null}},"66":{"start":{"line":106,"column":12},"end":{"line":109,"column":null}},"67":{"start":{"line":111,"column":10},"end":{"line":111,"column":11}},"68":{"start":{"line":112,"column":26},"end":{"line":112,"column":null}},"69":{"start":{"line":112,"column":14},"end":{"line":112,"column":null}},"70":{"start":{"line":113,"column":8},"end":{"line":113,"column":83}},"71":{"start":{"line":117,"column":6},"end":{"line":117,"column":67}},"72":{"start":{"line":117,"column":43},"end":{"line":117,"column":65}},"73":{"start":{"line":118,"column":6},"end":{"line":118,"column":56}},"74":{"start":{"line":120,"column":6},"end":{"line":120,"column":59}},"75":{"start":{"line":121,"column":6},"end":{"line":121,"column":90}},"76":{"start":{"line":125,"column":31},"end":{"line":138,"column":3}},"77":{"start":{"line":126,"column":4},"end":{"line":137,"column":null}},"78":{"start":{"line":128,"column":8},"end":{"line":128,"column":20}},"79":{"start":{"line":130,"column":8},"end":{"line":130,"column":39}},"80":{"start":{"line":132,"column":8},"end":{"line":132,"column":29}},"81":{"start":{"line":134,"column":8},"end":{"line":134,"column":22}},"82":{"start":{"line":136,"column":8},"end":{"line":136,"column":20}},"83":{"start":{"line":140,"column":26},"end":{"line":152,"column":3}},"84":{"start":{"line":141,"column":4},"end":{"line":151,"column":null}},"85":{"start":{"line":143,"column":8},"end":{"line":143,"column":20}},"86":{"start":{"line":146,"column":8},"end":{"line":146,"column":20}},"87":{"start":{"line":148,"column":8},"end":{"line":148,"column":20}},"88":{"start":{"line":150,"column":8},"end":{"line":150,"column":20}},"89":{"start":{"line":154,"column":2},"end":{"line":156,"column":null}},"90":{"start":{"line":155,"column":4},"end":{"line":155,"column":74}},"91":{"start":{"line":158,"column":2},"end":{"line":167,"column":null}},"92":{"start":{"line":159,"column":4},"end":{"line":166,"column":6}},"93":{"start":{"line":162,"column":31},"end":{"line":162,"column":57}},"94":{"start":{"line":169,"column":2},"end":{"line":175,"column":null}},"95":{"start":{"line":170,"column":4},"end":{"line":174,"column":6}},"96":{"start":{"line":177,"column":2},"end":{"line":268,"column":4}},"97":{"start":{"line":205,"column":36},"end":{"line":263,"column":14}},"98":{"start":{"line":239,"column":39},"end":{"line":239,"column":null}},"99":{"start":{"line":247,"column":37},"end":{"line":247,"column":null}},"100":{"start":{"line":254,"column":37},"end":{"line":254,"column":null}},"101":{"start":{"line":271,"column":0},"end":{"line":271,"column":28}}},"fnMap":{"0":{"name":"(anonymous_15)","decl":{"start":{"line":20,"column":50},"end":{"line":20,"column":51}},"loc":{"start":{"line":20,"column":86},"end":{"line":269,"column":1}}},"1":{"name":"(anonymous_16)","decl":{"start":{"line":25,"column":12},"end":{"line":25,"column":null}},"loc":{"start":{"line":25,"column":12},"end":{"line":51,"column":3}}},"2":{"name":"(anonymous_17)","decl":{"start":{"line":26,"column":27},"end":{"line":26,"column":null}},"loc":{"start":{"line":26,"column":27},"end":{"line":48,"column":6}}},"3":{"name":"(anonymous_20)","decl":{"start":{"line":53,"column":25},"end":{"line":53,"column":32}},"loc":{"start":{"line":53,"column":76},"end":{"line":98,"column":4}}},"4":{"name":"(anonymous_23)","decl":{"start":{"line":100,"column":23},"end":{"line":100,"column":30}},"loc":{"start":{"line":100,"column":48},"end":{"line":123,"column":4}}},"5":{"name":"(anonymous_24)","decl":{"start":{"line":100,"column":48},"end":{"line":100,"column":null}},"loc":{"start":{"line":100,"column":48},"end":{"line":123,"column":4}}},"6":{"name":"(anonymous_26)","decl":{"start":{"line":117,"column":36},"end":{"line":117,"column":39}},"loc":{"start":{"line":117,"column":39},"end":{"line":117,"column":46}}},"7":{"name":"(anonymous_27)","decl":{"start":{"line":125,"column":31},"end":{"line":125,"column":32}},"loc":{"start":{"line":125,"column":44},"end":{"line":138,"column":3}}},"8":{"name":"(anonymous_28)","decl":{"start":{"line":140,"column":26},"end":{"line":140,"column":27}},"loc":{"start":{"line":140,"column":43},"end":{"line":152,"column":3}}},"9":{"name":"(anonymous_29)","decl":{"start":{"line":162,"column":25},"end":{"line":162,"column":31}},"loc":{"start":{"line":162,"column":25},"end":{"line":162,"column":37}}},"10":{"name":"(anonymous_30)","decl":{"start":{"line":205,"column":27},"end":{"line":205,"column":28}},"loc":{"start":{"line":205,"column":31},"end":{"line":205,"column":null}}},"11":{"name":"(anonymous_31)","decl":{"start":{"line":239,"column":33},"end":{"line":239,"column":39}},"loc":{"start":{"line":239,"column":33},"end":{"line":239,"column":53}}},"12":{"name":"(anonymous_32)","decl":{"start":{"line":247,"column":31},"end":{"line":247,"column":37}},"loc":{"start":{"line":247,"column":31},"end":{"line":247,"column":51}}},"13":{"name":"(anonymous_33)","decl":{"start":{"line":254,"column":31},"end":{"line":254,"column":37}},"loc":{"start":{"line":254,"column":31},"end":{"line":254,"column":49}}}},"branchMap":{"0":{"loc":{"start":{"line":20,"column":80},"end":{"line":20,"column":86}},"type":"cond-expr","locations":[{"start":{"line":20,"column":83},"end":{"line":20,"column":84}},{"start":{"line":20,"column":84},"end":{"line":20,"column":86}}]},"1":{"loc":{"start":{"line":40,"column":21},"end":{"line":40,"column":null}},"type":"switch","locations":[{"start":{"line":40,"column":21},"end":{"line":40,"column":null}}]},"2":{"loc":{"start":{"line":35,"column":12},"end":{"line":35,"column":13}},"type":"if","locations":[{"start":{"line":35,"column":12},"end":{"line":35,"column":13}}]},"3":{"loc":{"start":{"line":37,"column":26},"end":{"line":37,"column":83}},"type":"binary-expr","locations":[{"start":{"line":37,"column":26},"end":{"line":37,"column":50}},{"start":{"line":37,"column":54},"end":{"line":37,"column":83}}]},"4":{"loc":{"start":{"line":37,"column":26},"end":{"line":37,"column":50}},"type":"cond-expr","locations":[{"start":{"line":37,"column":41},"end":{"line":37,"column":43}},{"start":{"line":37,"column":41},"end":{"line":37,"column":50}}]},"5":{"loc":{"start":{"line":37,"column":26},"end":{"line":37,"column":43}},"type":"binary-expr","locations":[{"start":{"line":37,"column":26},"end":{"line":37,"column":43}},{"start":{"line":37,"column":41},"end":{"line":37,"column":43}}]},"6":{"loc":{"start":{"line":41,"column":21},"end":{"line":41,"column":36}},"type":"binary-expr","locations":[{"start":{"line":41,"column":21},"end":{"line":41,"column":30}},{"start":{"line":41,"column":34},"end":{"line":41,"column":36}}]},"7":{"loc":{"start":{"line":44,"column":17},"end":{"line":44,"column":87}},"type":"cond-expr","locations":[{"start":{"line":44,"column":42},"end":{"line":44,"column":55}},{"start":{"line":44,"column":58},"end":{"line":44,"column":87}}]},"8":{"loc":{"start":{"line":53,"column":52},"end":{"line":53,"column":null}},"type":"if","locations":[{"start":{"line":53,"column":52},"end":{"line":53,"column":null}}]},"9":{"loc":{"start":{"line":68,"column":19},"end":{"line":68,"column":null}},"type":"switch","locations":[{"start":{"line":68,"column":19},"end":{"line":68,"column":null}}]},"10":{"loc":{"start":{"line":62,"column":10},"end":{"line":62,"column":11}},"type":"if","locations":[{"start":{"line":62,"column":10},"end":{"line":62,"column":11}}]},"11":{"loc":{"start":{"line":64,"column":24},"end":{"line":64,"column":82}},"type":"binary-expr","locations":[{"start":{"line":64,"column":24},"end":{"line":64,"column":48}},{"start":{"line":64,"column":52},"end":{"line":64,"column":82}}]},"12":{"loc":{"start":{"line":64,"column":24},"end":{"line":64,"column":48}},"type":"cond-expr","locations":[{"start":{"line":64,"column":39},"end":{"line":64,"column":41}},{"start":{"line":64,"column":39},"end":{"line":64,"column":48}}]},"13":{"loc":{"start":{"line":64,"column":24},"end":{"line":64,"column":41}},"type":"binary-expr","locations":[{"start":{"line":64,"column":24},"end":{"line":64,"column":41}},{"start":{"line":64,"column":39},"end":{"line":64,"column":41}}]},"14":{"loc":{"start":{"line":74,"column":6},"end":{"line":79,"column":null}},"type":"if","locations":[{"start":{"line":74,"column":6},"end":{"line":79,"column":null}}]},"15":{"loc":{"start":{"line":76,"column":8},"end":{"line":78,"column":null}},"type":"if","locations":[{"start":{"line":76,"column":8},"end":{"line":78,"column":null}}]},"16":{"loc":{"start":{"line":76,"column":12},"end":{"line":76,"column":45}},"type":"binary-expr","locations":[{"start":{"line":76,"column":12},"end":{"line":76,"column":25}},{"start":{"line":76,"column":29},"end":{"line":76,"column":45}}]},"17":{"loc":{"start":{"line":96,"column":18},"end":{"line":96,"column":89}},"type":"cond-expr","locations":[{"start":{"line":96,"column":43},"end":{"line":96,"column":56}},{"start":{"line":96,"column":59},"end":{"line":96,"column":89}}]},"18":{"loc":{"start":{"line":101,"column":4},"end":{"line":103,"column":null}},"type":"if","locations":[{"start":{"line":101,"column":4},"end":{"line":103,"column":null}}]},"19":{"loc":{"start":{"line":111,"column":10},"end":{"line":111,"column":11}},"type":"if","locations":[{"start":{"line":111,"column":10},"end":{"line":111,"column":11}}]},"20":{"loc":{"start":{"line":113,"column":24},"end":{"line":113,"column":81}},"type":"binary-expr","locations":[{"start":{"line":113,"column":24},"end":{"line":113,"column":48}},{"start":{"line":113,"column":52},"end":{"line":113,"column":81}}]},"21":{"loc":{"start":{"line":113,"column":24},"end":{"line":113,"column":48}},"type":"cond-expr","locations":[{"start":{"line":113,"column":39},"end":{"line":113,"column":41}},{"start":{"line":113,"column":39},"end":{"line":113,"column":48}}]},"22":{"loc":{"start":{"line":113,"column":24},"end":{"line":113,"column":41}},"type":"binary-expr","locations":[{"start":{"line":113,"column":24},"end":{"line":113,"column":41}},{"start":{"line":113,"column":39},"end":{"line":113,"column":41}}]},"23":{"loc":{"start":{"line":121,"column":18},"end":{"line":121,"column":88}},"type":"cond-expr","locations":[{"start":{"line":121,"column":43},"end":{"line":121,"column":56}},{"start":{"line":121,"column":59},"end":{"line":121,"column":88}}]},"24":{"loc":{"start":{"line":126,"column":4},"end":{"line":137,"column":null}},"type":"switch","locations":[{"start":{"line":127,"column":6},"end":{"line":128,"column":20}},{"start":{"line":129,"column":6},"end":{"line":130,"column":39}},{"start":{"line":131,"column":6},"end":{"line":132,"column":29}},{"start":{"line":133,"column":6},"end":{"line":134,"column":22}},{"start":{"line":135,"column":6},"end":{"line":136,"column":20}}]},"25":{"loc":{"start":{"line":141,"column":4},"end":{"line":151,"column":null}},"type":"switch","locations":[{"start":{"line":142,"column":6},"end":{"line":143,"column":20}},{"start":{"line":144,"column":6},"end":{"line":144,"column":17}},{"start":{"line":145,"column":6},"end":{"line":146,"column":20}},{"start":{"line":147,"column":6},"end":{"line":148,"column":20}},{"start":{"line":149,"column":6},"end":{"line":150,"column":20}}]},"26":{"loc":{"start":{"line":154,"column":2},"end":{"line":156,"column":null}},"type":"if","locations":[{"start":{"line":154,"column":2},"end":{"line":156,"column":null}}]},"27":{"loc":{"start":{"line":158,"column":2},"end":{"line":167,"column":null}},"type":"if","locations":[{"start":{"line":158,"column":2},"end":{"line":167,"column":null}}]},"28":{"loc":{"start":{"line":169,"column":2},"end":{"line":175,"column":null}},"type":"if","locations":[{"start":{"line":169,"column":2},"end":{"line":175,"column":null}}]},"29":{"loc":{"start":{"line":225,"column":19},"end":{"line":232,"column":null}},"type":"cond-expr","locations":[{"start":{"line":226,"column":20},"end":{"line":226,"column":null}},{"start":{"line":230,"column":20},"end":{"line":230,"column":null}}]},"30":{"loc":{"start":{"line":237,"column":21},"end":{"line":244,"column":null}},"type":"binary-expr","locations":[{"start":{"line":237,"column":21},"end":{"line":237,"column":36}},{"start":{"line":238,"column":22},"end":{"line":243,"column":null}}]}},"s":{"0":2,"1":2,"2":2,"3":2,"4":2,"5":7,"6":7,"7":7,"8":7,"9":7,"10":7,"11":7,"12":7,"13":7,"14":7,"15":7,"16":7,"17":7,"18":8,"19":4,"20":4,"21":4,"22":3,"23":5,"24":1,"25":1,"26":1,"27":2,"28":2,"29":2,"30":1,"31":1,"32":3,"33":4,"34":7,"35":0,"36":0,"37":0,"38":0,"39":0,"40":0,"41":0,"42":0,"43":0,"44":0,"45":0,"46":0,"47":0,"48":0,"49":0,"50":0,"51":0,"52":0,"53":0,"54":0,"55":0,"56":0,"57":0,"58":0,"59":0,"60":0,"61":7,"62":0,"63":0,"64":0,"65":0,"66":0,"67":0,"68":0,"69":0,"70":0,"71":0,"72":0,"73":0,"74":0,"75":0,"76":7,"77":2,"78":1,"79":1,"80":0,"81":0,"82":0,"83":7,"84":2,"85":1,"86":1,"87":0,"88":0,"89":7,"90":4,"91":3,"92":1,"93":0,"94":2,"95":1,"96":1,"97":2,"98":0,"99":0,"100":0,"101":2},"f":{"0":7,"1":4,"2":8,"3":0,"4":0,"5":0,"6":0,"7":2,"8":2,"9":0,"10":2,"11":0,"12":0,"13":0},"b":{"0":[7,0],"1":[2],"2":[2],"3":[1,0],"4":[0,1],"5":[1,1],"6":[2,0],"7":[1,0],"8":[0],"9":[0],"10":[0],"11":[0,0],"12":[0,0],"13":[0,0],"14":[0],"15":[0],"16":[0,0],"17":[0,0],"18":[0],"19":[0],"20":[0,0],"21":[0,0],"22":[0,0],"23":[0,0],"24":[1,1,0,0,0],"25":[1,0,1,0,0],"26":[4],"27":[1],"28":[1],"29":[1,1],"30":[2,1]}}
,"/Users/xavierfernandez/Documents/workspace/masterDevIA/AI4Devs-lab-ides/frontend/src/components/candidates/DocumentUpload.tsx": {"path":"/Users/xavierfernandez/Documents/workspace/masterDevIA/AI4Devs-lab-ides/frontend/src/components/candidates/DocumentUpload.tsx","statementMap":{"0":{"start":{"line":1,"column":0},"end":{"line":1,"column":40}},"1":{"start":{"line":2,"column":0},"end":{"line":2,"column":39}},"2":{"start":{"line":3,"column":0},"end":{"line":3,"column":38}},"3":{"start":{"line":10,"column":54},"end":{"line":178,"column":1}},"4":{"start":{"line":10,"column":68},"end":{"line":10,"column":70}},"5":{"start":{"line":10,"column":85},"end":{"line":10,"column":87}},"6":{"start":{"line":11,"column":26},"end":{"line":11,"column":53}},"7":{"start":{"line":11,"column":13},"end":{"line":11,"column":15}},"8":{"start":{"line":11,"column":22},"end":{"line":11,"column":26}},"9":{"start":{"line":12,"column":26},"end":{"line":12,"column":38}},"10":{"start":{"line":12,"column":13},"end":{"line":12,"column":15}},"11":{"start":{"line":12,"column":22},"end":{"line":12,"column":26}},"12":{"start":{"line":13,"column":26},"end":{"line":13,"column":40}},"13":{"start":{"line":13,"column":13},"end":{"line":13,"column":15}},"14":{"start":{"line":13,"column":22},"end":{"line":13,"column":26}},"15":{"start":{"line":14,"column":40},"end":{"line":14,"column":54}},"16":{"start":{"line":14,"column":20},"end":{"line":14,"column":22}},"17":{"start":{"line":14,"column":36},"end":{"line":14,"column":40}},"18":{"start":{"line":15,"column":40},"end":{"line":15,"column":55}},"19":{"start":{"line":15,"column":20},"end":{"line":15,"column":22}},"20":{"start":{"line":15,"column":36},"end":{"line":15,"column":40}},"21":{"start":{"line":17,"column":27},"end":{"line":28,"column":3}},"22":{"start":{"line":18,"column":4},"end":{"line":27,"column":null}},"23":{"start":{"line":19,"column":27},"end":{"line":19,"column":44}},"24":{"start":{"line":20,"column":6},"end":{"line":20,"column":28}},"25":{"start":{"line":23,"column":23},"end":{"line":23,"column":74}},"26":{"start":{"line":24,"column":6},"end":{"line":26,"column":null}},"27":{"start":{"line":25,"column":8},"end":{"line":25,"column":26}},"28":{"start":{"line":30,"column":22},"end":{"line":44,"column":3}},"29":{"start":{"line":31,"column":22},"end":{"line":31,"column":69}},"30":{"start":{"line":32,"column":4},"end":{"line":43,"column":null}},"31":{"start":{"line":34,"column":8},"end":{"line":34,"column":21}},"32":{"start":{"line":36,"column":8},"end":{"line":36,"column":21}},"33":{"start":{"line":38,"column":8},"end":{"line":38,"column":22}},"34":{"start":{"line":40,"column":8},"end":{"line":40,"column":21}},"35":{"start":{"line":42,"column":8},"end":{"line":42,"column":18}},"36":{"start":{"line":46,"column":23},"end":{"line":97,"column":4}},"37":{"start":{"line":46,"column":48},"end":{"line":97,"column":4}},"38":{"start":{"line":47,"column":4},"end":{"line":47,"column":23}},"39":{"start":{"line":49,"column":4},"end":{"line":52,"column":null}},"40":{"start":{"line":50,"column":6},"end":{"line":50,"column":53}},"41":{"start":{"line":51,"column":6},"end":{"line":51,"column":13}},"42":{"start":{"line":54,"column":4},"end":{"line":57,"column":null}},"43":{"start":{"line":55,"column":6},"end":{"line":55,"column":67}},"44":{"start":{"line":56,"column":6},"end":{"line":56,"column":13}},"45":{"start":{"line":59,"column":10},"end":{"line":59,"column":39}},"46":{"start":{"line":60,"column":4},"end":{"line":63,"column":null}},"47":{"start":{"line":61,"column":6},"end":{"line":61,"column":89}},"48":{"start":{"line":62,"column":6},"end":{"line":62,"column":13}},"49":{"start":{"line":66,"column":6},"end":{"line":66,"column":27}},"50":{"start":{"line":68,"column":12},"end":{"line":68,"column":38}},"51":{"start":{"line":69,"column":6},"end":{"line":69,"column":36}},"52":{"start":{"line":70,"column":6},"end":{"line":70,"column":36}},"53":{"start":{"line":71,"column":6},"end":{"line":71,"column":36}},"54":{"start":{"line":72,"column":6},"end":{"line":72,"column":44}},"55":{"start":{"line":73,"column":6},"end":{"line":73,"column":61}},"56":{"start":{"line":75,"column":23},"end":{"line":79,"column":null}},"57":{"start":{"line":75,"column":12},"end":{"line":79,"column":null}},"58":{"start":{"line":81,"column":10},"end":{"line":81,"column":11}},"59":{"start":{"line":82,"column":26},"end":{"line":82,"column":null}},"60":{"start":{"line":82,"column":14},"end":{"line":82,"column":null}},"61":{"start":{"line":83,"column":8},"end":{"line":83,"column":83}},"62":{"start":{"line":86,"column":6},"end":{"line":86,"column":53}},"63":{"start":{"line":87,"column":6},"end":{"line":87,"column":20}},"64":{"start":{"line":88,"column":6},"end":{"line":88,"column":18}},"65":{"start":{"line":89,"column":6},"end":{"line":89,"column":20}},"66":{"start":{"line":90,"column":6},"end":{"line":90,"column":24}},"67":{"start":{"line":92,"column":6},"end":{"line":92,"column":56}},"68":{"start":{"line":93,"column":6},"end":{"line":93,"column":90}},"69":{"start":{"line":95,"column":6},"end":{"line":95,"column":28}},"70":{"start":{"line":99,"column":2},"end":{"line":177,"column":4}},"71":{"start":{"line":128,"column":29},"end":{"line":128,"column":null}},"72":{"start":{"line":142,"column":29},"end":{"line":142,"column":null}},"73":{"start":{"line":158,"column":29},"end":{"line":158,"column":null}},"74":{"start":{"line":180,"column":0},"end":{"line":180,"column":30}}},"fnMap":{"0":{"name":"(anonymous_15)","decl":{"start":{"line":10,"column":54},"end":{"line":10,"column":55}},"loc":{"start":{"line":10,"column":87},"end":{"line":178,"column":1}}},"1":{"name":"(anonymous_16)","decl":{"start":{"line":17,"column":27},"end":{"line":17,"column":28}},"loc":{"start":{"line":17,"column":66},"end":{"line":28,"column":3}}},"2":{"name":"(anonymous_17)","decl":{"start":{"line":30,"column":22},"end":{"line":30,"column":23}},"loc":{"start":{"line":30,"column":33},"end":{"line":44,"column":3}}},"3":{"name":"(anonymous_18)","decl":{"start":{"line":46,"column":23},"end":{"line":46,"column":30}},"loc":{"start":{"line":46,"column":48},"end":{"line":97,"column":4}}},"4":{"name":"(anonymous_19)","decl":{"start":{"line":46,"column":48},"end":{"line":46,"column":null}},"loc":{"start":{"line":46,"column":48},"end":{"line":97,"column":4}}},"5":{"name":"(anonymous_21)","decl":{"start":{"line":128,"column":22},"end":{"line":128,"column":23}},"loc":{"start":{"line":128,"column":24},"end":{"line":128,"column":36}}},"6":{"name":"(anonymous_22)","decl":{"start":{"line":142,"column":22},"end":{"line":142,"column":23}},"loc":{"start":{"line":142,"column":24},"end":{"line":142,"column":36}}},"7":{"name":"(anonymous_23)","decl":{"start":{"line":158,"column":22},"end":{"line":158,"column":23}},"loc":{"start":{"line":158,"column":24},"end":{"line":158,"column":43}}}},"branchMap":{"0":{"loc":{"start":{"line":18,"column":4},"end":{"line":27,"column":null}},"type":"if","locations":[{"start":{"line":18,"column":4},"end":{"line":27,"column":null}}]},"1":{"loc":{"start":{"line":18,"column":8},"end":{"line":18,"column":43}},"type":"binary-expr","locations":[{"start":{"line":18,"column":8},"end":{"line":18,"column":22}},{"start":{"line":18,"column":26},"end":{"line":18,"column":43}}]},"2":{"loc":{"start":{"line":24,"column":6},"end":{"line":26,"column":null}},"type":"if","locations":[{"start":{"line":24,"column":6},"end":{"line":26,"column":null}}]},"3":{"loc":{"start":{"line":31,"column":22},"end":{"line":31,"column":69}},"type":"binary-expr","locations":[{"start":{"line":31,"column":22},"end":{"line":31,"column":63}},{"start":{"line":31,"column":67},"end":{"line":31,"column":69}}]},"4":{"loc":{"start":{"line":31,"column":22},"end":{"line":31,"column":63}},"type":"cond-expr","locations":[{"start":{"line":31,"column":48},"end":{"line":31,"column":50}},{"start":{"line":31,"column":48},"end":{"line":31,"column":63}}]},"5":{"loc":{"start":{"line":31,"column":22},"end":{"line":31,"column":50}},"type":"binary-expr","locations":[{"start":{"line":31,"column":22},"end":{"line":31,"column":50}},{"start":{"line":31,"column":48},"end":{"line":31,"column":50}}]},"6":{"loc":{"start":{"line":32,"column":4},"end":{"line":43,"column":null}},"type":"switch","locations":[{"start":{"line":33,"column":6},"end":{"line":34,"column":21}},{"start":{"line":35,"column":6},"end":{"line":36,"column":21}},{"start":{"line":37,"column":6},"end":{"line":38,"column":22}},{"start":{"line":39,"column":6},"end":{"line":40,"column":21}},{"start":{"line":41,"column":6},"end":{"line":42,"column":18}}]},"7":{"loc":{"start":{"line":49,"column":4},"end":{"line":52,"column":null}},"type":"if","locations":[{"start":{"line":49,"column":4},"end":{"line":52,"column":null}}]},"8":{"loc":{"start":{"line":54,"column":4},"end":{"line":57,"column":null}},"type":"if","locations":[{"start":{"line":54,"column":4},"end":{"line":57,"column":null}}]},"9":{"loc":{"start":{"line":60,"column":4},"end":{"line":63,"column":null}},"type":"if","locations":[{"start":{"line":60,"column":4},"end":{"line":63,"column":null}}]},"10":{"loc":{"start":{"line":81,"column":10},"end":{"line":81,"column":11}},"type":"if","locations":[{"start":{"line":81,"column":10},"end":{"line":81,"column":11}}]},"11":{"loc":{"start":{"line":83,"column":24},"end":{"line":83,"column":81}},"type":"binary-expr","locations":[{"start":{"line":83,"column":24},"end":{"line":83,"column":48}},{"start":{"line":83,"column":52},"end":{"line":83,"column":81}}]},"12":{"loc":{"start":{"line":83,"column":24},"end":{"line":83,"column":48}},"type":"cond-expr","locations":[{"start":{"line":83,"column":39},"end":{"line":83,"column":41}},{"start":{"line":83,"column":39},"end":{"line":83,"column":48}}]},"13":{"loc":{"start":{"line":83,"column":24},"end":{"line":83,"column":41}},"type":"binary-expr","locations":[{"start":{"line":83,"column":24},"end":{"line":83,"column":41}},{"start":{"line":83,"column":39},"end":{"line":83,"column":41}}]},"14":{"loc":{"start":{"line":93,"column":18},"end":{"line":93,"column":88}},"type":"cond-expr","locations":[{"start":{"line":93,"column":43},"end":{"line":93,"column":56}},{"start":{"line":93,"column":59},"end":{"line":93,"column":88}}]},"15":{"loc":{"start":{"line":114,"column":11},"end":{"line":117,"column":null}},"type":"binary-expr","locations":[{"start":{"line":114,"column":11},"end":{"line":114,"column":15}},{"start":{"line":115,"column":12},"end":{"line":116,"column":null}}]},"16":{"loc":{"start":{"line":172,"column":13},"end":{"line":172,"column":60}},"type":"cond-expr","locations":[{"start":{"line":172,"column":27},"end":{"line":172,"column":40}},{"start":{"line":172,"column":43},"end":{"line":172,"column":60}}]}},"s":{"0":2,"1":2,"2":2,"3":2,"4":28,"5":28,"6":28,"7":28,"8":28,"9":28,"10":28,"11":28,"12":28,"13":28,"14":28,"15":28,"16":28,"17":28,"18":28,"19":28,"20":28,"21":28,"22":7,"23":7,"24":7,"25":7,"26":7,"27":7,"28":28,"29":4,"30":4,"31":3,"32":0,"33":0,"34":0,"35":1,"36":28,"37":6,"38":6,"39":6,"40":1,"41":1,"42":5,"43":1,"44":1,"45":4,"46":4,"47":1,"48":1,"49":3,"50":3,"51":3,"52":3,"53":3,"54":3,"55":3,"56":3,"57":3,"58":3,"59":1,"60":1,"61":1,"62":1,"63":1,"64":1,"65":1,"66":1,"67":2,"68":2,"69":3,"70":28,"71":2,"72":1,"73":1,"74":2},"f":{"0":28,"1":7,"2":4,"3":6,"4":6,"5":2,"6":1,"7":1},"b":{"0":[7],"1":[7,7],"2":[7],"3":[4,0],"4":[0,4],"5":[4,4],"6":[3,0,0,0,1],"7":[1],"8":[1],"9":[1],"10":[1],"11":[1,0],"12":[0,1],"13":[1,1],"14":[2,0],"15":[28,13],"16":[3,25]}}
,"/Users/xavierfernandez/Documents/workspace/masterDevIA/AI4Devs-lab-ides/frontend/src/components/ui/Alert.tsx": {"path":"/Users/xavierfernandez/Documents/workspace/masterDevIA/AI4Devs-lab-ides/frontend/src/components/ui/Alert.tsx","statementMap":{"0":{"start":{"line":2,"column":0},"end":{"line":2,"column":81}},"1":{"start":{"line":13,"column":36},"end":{"line":48,"column":1}},"2":{"start":{"line":13,"column":43},"end":{"line":13,"column":45}},"3":{"start":{"line":13,"column":52},"end":{"line":13,"column":54}},"4":{"start":{"line":13,"column":54},"end":{"line":13,"column":63}},"5":{"start":{"line":13,"column":63},"end":{"line":13,"column":70}},"6":{"start":{"line":13,"column":77},"end":{"line":13,"column":79}},"7":{"start":{"line":14,"column":22},"end":{"line":19,"column":4}},"8":{"start":{"line":21,"column":16},"end":{"line":26,"column":4}},"9":{"start":{"line":28,"column":2},"end":{"line":47,"column":4}},"10":{"start":{"line":50,"column":0},"end":{"line":50,"column":21}}},"fnMap":{"0":{"name":"(anonymous_2)","decl":{"start":{"line":13,"column":36},"end":{"line":13,"column":37}},"loc":{"start":{"line":13,"column":79},"end":{"line":48,"column":1}}}},"branchMap":{"0":{"loc":{"start":{"line":13,"column":63},"end":{"line":13,"column":70}},"type":"cond-expr","locations":[{"start":{"line":13,"column":66},"end":{"line":13,"column":68}},{"start":{"line":13,"column":68},"end":{"line":13,"column":70}}]},"1":{"loc":{"start":{"line":35,"column":7},"end":{"line":44,"column":null}},"type":"binary-expr","locations":[{"start":{"line":35,"column":7},"end":{"line":35,"column":14}},{"start":{"line":36,"column":8},"end":{"line":43,"column":null}}]}},"s":{"0":1,"1":1,"2":0,"3":0,"4":0,"5":0,"6":0,"7":0,"8":0,"9":0,"10":1},"f":{"0":0},"b":{"0":[0,0],"1":[0,0]}}
,"/Users/xavierfernandez/Documents/workspace/masterDevIA/AI4Devs-lab-ides/frontend/src/components/ui/Button.tsx": {"path":"/Users/xavierfernandez/Documents/workspace/masterDevIA/AI4Devs-lab-ides/frontend/src/components/ui/Button.tsx","statementMap":{"0":{"start":{"line":2,"column":0},"end":{"line":2,"column":32}},"1":{"start":{"line":13,"column":45},"end":{"line":56,"column":1}},"2":{"start":{"line":14,"column":10},"end":{"line":14,"column":null}},"3":{"start":{"line":15,"column":2},"end":{"line":15,"column":9}},"4":{"start":{"line":15,"column":9},"end":{"line":15,"column":null}},"5":{"start":{"line":16,"column":2},"end":{"line":16,"column":6}},"6":{"start":{"line":16,"column":6},"end":{"line":16,"column":null}},"7":{"start":{"line":17,"column":2},"end":{"line":17,"column":11}},"8":{"start":{"line":17,"column":11},"end":{"line":17,"column":null}},"9":{"start":{"line":18,"column":2},"end":{"line":18,"column":11}},"10":{"start":{"line":18,"column":11},"end":{"line":18,"column":null}},"11":{"start":{"line":19,"column":10},"end":{"line":19,"column":null}},"12":{"start":{"line":20,"column":11},"end":{"line":20,"column":null}},"13":{"start":{"line":21,"column":2},"end":{"line":21,"column":11}},"14":{"start":{"line":21,"column":11},"end":{"line":21,"column":null}},"15":{"start":{"line":22,"column":10},"end":{"line":22,"column":null}},"16":{"start":{"line":23,"column":10},"end":{"line":24,"column":null}},"17":{"start":{"line":25,"column":21},"end":{"line":25,"column":155}},"18":{"start":{"line":27,"column":24},"end":{"line":33,"column":4}},"19":{"start":{"line":35,"column":21},"end":{"line":39,"column":4}},"20":{"start":{"line":41,"column":22},"end":{"line":41,"column":47}},"21":{"start":{"line":42,"column":25},"end":{"line":42,"column":85}},"22":{"start":{"line":44,"column":2},"end":{"line":55,"column":4}},"23":{"start":{"line":13,"column":13},"end":{"line":13,"column":45}}},"fnMap":{"0":{"name":"(anonymous_4)","decl":{"start":{"line":13,"column":45},"end":{"line":13,"column":46}},"loc":{"start":{"line":24,"column":1},"end":{"line":56,"column":1}}}},"branchMap":{"0":{"loc":{"start":{"line":15,"column":9},"end":{"line":15,"column":null}},"type":"cond-expr","locations":[{"start":{"line":15,"column":12},"end":{"line":15,"column":21}},{"start":{"line":15,"column":21},"end":{"line":15,"column":null}}]},"1":{"loc":{"start":{"line":16,"column":6},"end":{"line":16,"column":null}},"type":"cond-expr","locations":[{"start":{"line":16,"column":9},"end":{"line":16,"column":13}},{"start":{"line":16,"column":13},"end":{"line":16,"column":null}}]},"2":{"loc":{"start":{"line":17,"column":11},"end":{"line":17,"column":null}},"type":"cond-expr","locations":[{"start":{"line":17,"column":14},"end":{"line":17,"column":19}},{"start":{"line":17,"column":19},"end":{"line":17,"column":null}}]},"3":{"loc":{"start":{"line":18,"column":11},"end":{"line":18,"column":null}},"type":"cond-expr","locations":[{"start":{"line":18,"column":14},"end":{"line":18,"column":19}},{"start":{"line":18,"column":19},"end":{"line":18,"column":null}}]},"4":{"loc":{"start":{"line":21,"column":11},"end":{"line":21,"column":null}},"type":"cond-expr","locations":[{"start":{"line":21,"column":14},"end":{"line":21,"column":16}},{"start":{"line":21,"column":16},"end":{"line":21,"column":null}}]},"5":{"loc":{"start":{"line":41,"column":22},"end":{"line":41,"column":47}},"type":"cond-expr","locations":[{"start":{"line":41,"column":34},"end":{"line":41,"column":42}},{"start":{"line":41,"column":45},"end":{"line":41,"column":47}}]},"6":{"loc":{"start":{"line":42,"column":25},"end":{"line":42,"column":85}},"type":"cond-expr","locations":[{"start":{"line":42,"column":49},"end":{"line":42,"column":80}},{"start":{"line":42,"column":83},"end":{"line":42,"column":85}}]},"7":{"loc":{"start":{"line":42,"column":25},"end":{"line":42,"column":46}},"type":"binary-expr","locations":[{"start":{"line":42,"column":25},"end":{"line":42,"column":33}},{"start":{"line":42,"column":37},"end":{"line":42,"column":46}}]},"8":{"loc":{"start":{"line":47,"column":16},"end":{"line":47,"column":37}},"type":"binary-expr","locations":[{"start":{"line":47,"column":16},"end":{"line":47,"column":24}},{"start":{"line":47,"column":28},"end":{"line":47,"column":37}}]},"9":{"loc":{"start":{"line":50,"column":7},"end":{"line":50,"column":56}},"type":"binary-expr","locations":[{"start":{"line":50,"column":7},"end":{"line":50,"column":16}},{"start":{"line":50,"column":20},"end":{"line":50,"column":56}}]},"10":{"loc":{"start":{"line":51,"column":7},"end":{"line":51,"column":73}},"type":"binary-expr","locations":[{"start":{"line":51,"column":7},"end":{"line":51,"column":17}},{"start":{"line":51,"column":21},"end":{"line":51,"column":29}},{"start":{"line":51,"column":33},"end":{"line":51,"column":73}}]},"11":{"loc":{"start":{"line":53,"column":7},"end":{"line":53,"column":75}},"type":"binary-expr","locations":[{"start":{"line":53,"column":7},"end":{"line":53,"column":17}},{"start":{"line":53,"column":21},"end":{"line":53,"column":30}},{"start":{"line":53,"column":34},"end":{"line":53,"column":75}}]}},"s":{"0":4,"1":4,"2":34,"3":34,"4":34,"5":34,"6":34,"7":34,"8":34,"9":34,"10":34,"11":34,"12":34,"13":34,"14":34,"15":34,"16":34,"17":34,"18":34,"19":34,"20":34,"21":34,"22":34,"23":4},"f":{"0":34},"b":{"0":[31,3],"1":[34,0],"2":[34,0],"3":[34,0],"4":[2,32],"5":[0,34],"6":[3,31],"7":[34,31],"8":[34,31],"9":[34,0],"10":[34,34,0],"11":[34,34,0]}}
,"/Users/xavierfernandez/Documents/workspace/masterDevIA/AI4Devs-lab-ides/frontend/src/components/ui/Spinner.tsx": {"path":"/Users/xavierfernandez/Documents/workspace/masterDevIA/AI4Devs-lab-ides/frontend/src/components/ui/Spinner.tsx","statementMap":{"0":{"start":{"line":8,"column":40},"end":{"line":22,"column":1}},"1":{"start":{"line":8,"column":43},"end":{"line":8,"column":47}},"2":{"start":{"line":8,"column":47},"end":{"line":8,"column":56}},"3":{"start":{"line":8,"column":56},"end":{"line":8,"column":65}},"4":{"start":{"line":8,"column":65},"end":{"line":8,"column":72}},"5":{"start":{"line":9,"column":22},"end":{"line":13,"column":4}},"6":{"start":{"line":15,"column":2},"end":{"line":21,"column":4}},"7":{"start":{"line":24,"column":0},"end":{"line":24,"column":23}}},"fnMap":{"0":{"name":"(anonymous_2)","decl":{"start":{"line":8,"column":40},"end":{"line":8,"column":41}},"loc":{"start":{"line":8,"column":72},"end":{"line":22,"column":1}}}},"branchMap":{"0":{"loc":{"start":{"line":8,"column":47},"end":{"line":8,"column":56}},"type":"cond-expr","locations":[{"start":{"line":8,"column":50},"end":{"line":8,"column":54}},{"start":{"line":8,"column":54},"end":{"line":8,"column":56}}]},"1":{"loc":{"start":{"line":8,"column":65},"end":{"line":8,"column":72}},"type":"cond-expr","locations":[{"start":{"line":8,"column":68},"end":{"line":8,"column":70}},{"start":{"line":8,"column":70},"end":{"line":8,"column":72}}]}},"s":{"0":4,"1":0,"2":0,"3":0,"4":0,"5":0,"6":0,"7":4},"f":{"0":0},"b":{"0":[0,0],"1":[0,0]}}
,"/Users/xavierfernandez/Documents/workspace/masterDevIA/AI4Devs-lab-ides/frontend/src/features/auth/index.ts": {"path":"/Users/xavierfernandez/Documents/workspace/masterDevIA/AI4Devs-lab-ides/frontend/src/features/auth/index.ts","statementMap":{"0":{"start":{"line":2,"column":0},"end":{"line":2,"column":9}},"1":{"start":{"line":2,"column":9},"end":{"line":2,"column":34}},"2":{"start":{"line":3,"column":0},"end":{"line":3,"column":9}},"3":{"start":{"line":3,"column":9},"end":{"line":3,"column":29}},"4":{"start":{"line":6,"column":0},"end":{"line":6,"column":9}},"5":{"start":{"line":6,"column":9},"end":{"line":6,"column":31}},"6":{"start":{"line":6,"column":33},"end":{"line":6,"column":47}},"7":{"start":{"line":6,"column":47},"end":{"line":6,"column":86}},"8":{"start":{"line":9,"column":0},"end":{"line":9,"column":9}},"9":{"start":{"line":9,"column":9},"end":{"line":9,"column":53}},"10":{"start":{"line":10,"column":0},"end":{"line":10,"column":9}},"11":{"start":{"line":10,"column":9},"end":{"line":10,"column":23}}},"fnMap":{"0":{"name":"(anonymous_1)","decl":{"start":{"line":2,"column":9},"end":{"line":2,"column":16}},"loc":{"start":{"line":2,"column":9},"end":{"line":2,"column":34}}},"1":{"name":"(anonymous_2)","decl":{"start":{"line":3,"column":9},"end":{"line":3,"column":16}},"loc":{"start":{"line":3,"column":9},"end":{"line":3,"column":29}}},"2":{"name":"(anonymous_3)","decl":{"start":{"line":6,"column":9},"end":{"line":6,"column":16}},"loc":{"start":{"line":6,"column":9},"end":{"line":6,"column":31}}},"3":{"name":"(anonymous_4)","decl":{"start":{"line":6,"column":33},"end":{"line":6,"column":45}},"loc":{"start":{"line":6,"column":33},"end":{"line":6,"column":47}}},"4":{"name":"(anonymous_5)","decl":{"start":{"line":6,"column":47},"end":{"line":6,"column":54}},"loc":{"start":{"line":6,"column":47},"end":{"line":6,"column":86}}},"5":{"name":"(anonymous_6)","decl":{"start":{"line":9,"column":9},"end":{"line":9,"column":20}},"loc":{"start":{"line":9,"column":9},"end":{"line":9,"column":53}}},"6":{"name":"(anonymous_7)","decl":{"start":{"line":10,"column":9},"end":{"line":10,"column":16}},"loc":{"start":{"line":10,"column":9},"end":{"line":10,"column":23}}}},"branchMap":{},"s":{"0":1,"1":2,"2":1,"3":1,"4":1,"5":1,"6":1,"7":1,"8":1,"9":1,"10":1,"11":1},"f":{"0":1,"1":0,"2":0,"3":0,"4":0,"5":0,"6":0},"b":{}}
,"/Users/xavierfernandez/Documents/workspace/masterDevIA/AI4Devs-lab-ides/frontend/src/features/auth/components/LoginForm.tsx": {"path":"/Users/xavierfernandez/Documents/workspace/masterDevIA/AI4Devs-lab-ides/frontend/src/features/auth/components/LoginForm.tsx","statementMap":{"0":{"start":{"line":1,"column":0},"end":{"line":1,"column":51}},"1":{"start":{"line":2,"column":0},"end":{"line":2,"column":42}},"2":{"start":{"line":3,"column":0},"end":{"line":3,"column":54}},"3":{"start":{"line":4,"column":0},"end":{"line":4,"column":24}},"4":{"start":{"line":5,"column":0},"end":{"line":5,"column":65}},"5":{"start":{"line":6,"column":0},"end":{"line":6,"column":29}},"6":{"start":{"line":7,"column":0},"end":{"line":7,"column":49}},"7":{"start":{"line":8,"column":0},"end":{"line":8,"column":53}},"8":{"start":{"line":9,"column":0},"end":{"line":9,"column":60}},"9":{"start":{"line":12,"column":20},"end":{"line":21,"column":2}},"10":{"start":{"line":25,"column":28},"end":{"line":190,"column":1}},"11":{"start":{"line":26,"column":38},"end":{"line":26,"column":47}},"12":{"start":{"line":26,"column":15},"end":{"line":26,"column":17}},"13":{"start":{"line":26,"column":26},"end":{"line":26,"column":28}},"14":{"start":{"line":26,"column":33},"end":{"line":26,"column":38}},"15":{"start":{"line":27,"column":42},"end":{"line":27,"column":57}},"16":{"start":{"line":27,"column":21},"end":{"line":27,"column":23}},"17":{"start":{"line":27,"column":38},"end":{"line":27,"column":42}},"18":{"start":{"line":28,"column":38},"end":{"line":28,"column":68}},"19":{"start":{"line":28,"column":19},"end":{"line":28,"column":21}},"20":{"start":{"line":28,"column":34},"end":{"line":28,"column":38}},"21":{"start":{"line":29,"column":60},"end":{"line":29,"column":89}},"22":{"start":{"line":29,"column":30},"end":{"line":29,"column":32}},"23":{"start":{"line":29,"column":56},"end":{"line":29,"column":60}},"24":{"start":{"line":30,"column":19},"end":{"line":30,"column":32}},"25":{"start":{"line":31,"column":19},"end":{"line":31,"column":32}},"26":{"start":{"line":37,"column":6},"end":{"line":43,"column":4}},"27":{"start":{"line":34,"column":12},"end":{"line":34,"column":null}},"28":{"start":{"line":35,"column":16},"end":{"line":35,"column":null}},"29":{"start":{"line":36,"column":23},"end":{"line":36,"column":null}},"30":{"start":{"line":46,"column":2},"end":{"line":58,"column":9}},"31":{"start":{"line":47,"column":28},"end":{"line":47,"column":75}},"32":{"start":{"line":48,"column":23},"end":{"line":48,"column":60}},"33":{"start":{"line":51,"column":4},"end":{"line":53,"column":null}},"34":{"start":{"line":52,"column":6},"end":{"line":52,"column":48}},"35":{"start":{"line":56,"column":4},"end":{"line":56,"column":55}},"36":{"start":{"line":57,"column":4},"end":{"line":57,"column":45}},"37":{"start":{"line":60,"column":19},"end":{"line":82,"column":4}},"38":{"start":{"line":60,"column":47},"end":{"line":82,"column":4}},"39":{"start":{"line":61,"column":4},"end":{"line":61,"column":24}},"40":{"start":{"line":62,"column":4},"end":{"line":62,"column":35}},"41":{"start":{"line":63,"column":20},"end":{"line":63,"column":null}},"42":{"start":{"line":63,"column":10},"end":{"line":63,"column":null}},"43":{"start":{"line":64,"column":4},"end":{"line":81,"column":null}},"44":{"start":{"line":66,"column":12},"end":{"line":66,"column":72}},"45":{"start":{"line":69,"column":12},"end":{"line":69,"column":58}},"46":{"start":{"line":72,"column":12},"end":{"line":72,"column":70}},"47":{"start":{"line":75,"column":6},"end":{"line":75,"column":54}},"48":{"start":{"line":78,"column":6},"end":{"line":78,"column":46}},"49":{"start":{"line":80,"column":6},"end":{"line":80,"column":78}},"50":{"start":{"line":84,"column":35},"end":{"line":86,"column":3}},"51":{"start":{"line":85,"column":4},"end":{"line":85,"column":35}},"52":{"start":{"line":88,"column":2},"end":{"line":189,"column":4}},"53":{"start":{"line":95,"column":27},"end":{"line":95,"column":null}},"54":{"start":{"line":103,"column":27},"end":{"line":103,"column":null}},"55":{"start":{"line":192,"column":0},"end":{"line":192,"column":25}}},"fnMap":{"0":{"name":"(anonymous_16)","decl":{"start":{"line":25,"column":28},"end":{"line":25,"column":null}},"loc":{"start":{"line":25,"column":28},"end":{"line":190,"column":1}}},"1":{"name":"(anonymous_17)","decl":{"start":{"line":46,"column":12},"end":{"line":46,"column":null}},"loc":{"start":{"line":46,"column":12},"end":{"line":58,"column":3}}},"2":{"name":"(anonymous_18)","decl":{"start":{"line":60,"column":19},"end":{"line":60,"column":26}},"loc":{"start":{"line":60,"column":47},"end":{"line":82,"column":4}}},"3":{"name":"(anonymous_19)","decl":{"start":{"line":60,"column":47},"end":{"line":60,"column":null}},"loc":{"start":{"line":60,"column":47},"end":{"line":82,"column":4}}},"4":{"name":"(anonymous_21)","decl":{"start":{"line":84,"column":35},"end":{"line":84,"column":null}},"loc":{"start":{"line":84,"column":35},"end":{"line":86,"column":3}}},"5":{"name":"(anonymous_22)","decl":{"start":{"line":95,"column":21},"end":{"line":95,"column":27}},"loc":{"start":{"line":95,"column":21},"end":{"line":95,"column":40}}},"6":{"name":"(anonymous_23)","decl":{"start":{"line":103,"column":21},"end":{"line":103,"column":27}},"loc":{"start":{"line":103,"column":21},"end":{"line":103,"column":51}}}},"branchMap":{"0":{"loc":{"start":{"line":51,"column":4},"end":{"line":53,"column":null}},"type":"if","locations":[{"start":{"line":51,"column":4},"end":{"line":53,"column":null}}]},"1":{"loc":{"start":{"line":51,"column":8},"end":{"line":51,"column":38}},"type":"binary-expr","locations":[{"start":{"line":51,"column":8},"end":{"line":51,"column":23}},{"start":{"line":51,"column":27},"end":{"line":51,"column":38}}]},"2":{"loc":{"start":{"line":64,"column":4},"end":{"line":81,"column":null}},"type":"if","locations":[{"start":{"line":64,"column":4},"end":{"line":81,"column":null}},{"start":{"line":79,"column":11},"end":{"line":81,"column":null}}]},"3":{"loc":{"start":{"line":69,"column":27},"end":{"line":69,"column":57}},"type":"cond-expr","locations":[{"start":{"line":69,"column":47},"end":{"line":69,"column":49}},{"start":{"line":69,"column":47},"end":{"line":69,"column":57}}]},"4":{"loc":{"start":{"line":69,"column":27},"end":{"line":69,"column":49}},"type":"binary-expr","locations":[{"start":{"line":69,"column":27},"end":{"line":69,"column":49}},{"start":{"line":69,"column":47},"end":{"line":69,"column":49}}]},"5":{"loc":{"start":{"line":69,"column":27},"end":{"line":69,"column":47}},"type":"cond-expr","locations":[{"start":{"line":69,"column":41},"end":{"line":69,"column":43}},{"start":{"line":69,"column":41},"end":{"line":69,"column":47}}]},"6":{"loc":{"start":{"line":69,"column":27},"end":{"line":69,"column":43}},"type":"binary-expr","locations":[{"start":{"line":69,"column":27},"end":{"line":69,"column":43}},{"start":{"line":69,"column":41},"end":{"line":69,"column":43}}]},"7":{"loc":{"start":{"line":72,"column":25},"end":{"line":72,"column":69}},"type":"binary-expr","locations":[{"start":{"line":72,"column":25},"end":{"line":72,"column":37}},{"start":{"line":72,"column":41},"end":{"line":72,"column":53}},{"start":{"line":72,"column":57},"end":{"line":72,"column":69}}]},"8":{"loc":{"start":{"line":91,"column":9},"end":{"line":96,"column":null}},"type":"binary-expr","locations":[{"start":{"line":91,"column":9},"end":{"line":91,"column":19}},{"start":{"line":92,"column":10},"end":{"line":95,"column":null}}]},"9":{"loc":{"start":{"line":99,"column":9},"end":{"line":104,"column":null}},"type":"binary-expr","locations":[{"start":{"line":99,"column":9},"end":{"line":99,"column":30}},{"start":{"line":100,"column":10},"end":{"line":103,"column":null}}]},"10":{"loc":{"start":{"line":120,"column":16},"end":{"line":120,"column":69}},"type":"cond-expr","locations":[{"start":{"line":120,"column":31},"end":{"line":120,"column":64}},{"start":{"line":120,"column":67},"end":{"line":120,"column":69}}]},"11":{"loc":{"start":{"line":127,"column":11},"end":{"line":128,"column":null}},"type":"binary-expr","locations":[{"start":{"line":127,"column":11},"end":{"line":127,"column":23}},{"start":{"line":128,"column":12},"end":{"line":128,"column":67}}]},"12":{"loc":{"start":{"line":142,"column":20},"end":{"line":142,"column":54}},"type":"cond-expr","locations":[{"start":{"line":142,"column":35},"end":{"line":142,"column":41}},{"start":{"line":142,"column":44},"end":{"line":142,"column":54}}]},"13":{"loc":{"start":{"line":145,"column":16},"end":{"line":145,"column":72}},"type":"cond-expr","locations":[{"start":{"line":145,"column":34},"end":{"line":145,"column":67}},{"start":{"line":145,"column":70},"end":{"line":145,"column":72}}]},"14":{"loc":{"start":{"line":158,"column":17},"end":{"line":161,"column":null}},"type":"cond-expr","locations":[{"start":{"line":159,"column":18},"end":{"line":159,"column":50}},{"start":{"line":161,"column":18},"end":{"line":161,"column":47}}]},"15":{"loc":{"start":{"line":166,"column":11},"end":{"line":167,"column":null}},"type":"binary-expr","locations":[{"start":{"line":166,"column":11},"end":{"line":166,"column":26}},{"start":{"line":167,"column":12},"end":{"line":167,"column":70}}]},"16":{"loc":{"start":{"line":177,"column":13},"end":{"line":183,"column":null}},"type":"cond-expr","locations":[{"start":{"line":178,"column":14},"end":{"line":179,"column":null}},{"start":{"line":183,"column":14},"end":{"line":183,"column":30}}]}},"s":{"0":1,"1":1,"2":1,"3":1,"4":1,"5":1,"6":1,"7":1,"8":1,"9":1,"10":1,"11":0,"12":0,"13":0,"14":0,"15":0,"16":0,"17":0,"18":0,"19":0,"20":0,"21":0,"22":0,"23":0,"24":0,"25":0,"26":0,"27":0,"28":0,"29":0,"30":0,"31":0,"32":0,"33":0,"34":0,"35":0,"36":0,"37":0,"38":0,"39":0,"40":0,"41":0,"42":0,"43":0,"44":0,"45":0,"46":0,"47":0,"48":0,"49":0,"50":0,"51":0,"52":0,"53":0,"54":0,"55":1},"f":{"0":0,"1":0,"2":0,"3":0,"4":0,"5":0,"6":0},"b":{"0":[0],"1":[0,0],"2":[0,0],"3":[0,0],"4":[0,0],"5":[0,0],"6":[0,0],"7":[0,0,0],"8":[0,0],"9":[0,0],"10":[0,0],"11":[0,0],"12":[0,0],"13":[0,0],"14":[0,0],"15":[0,0],"16":[0,0]}}
,"/Users/xavierfernandez/Documents/workspace/masterDevIA/AI4Devs-lab-ides/frontend/src/features/auth/components/ProtectedRoute.tsx": {"path":"/Users/xavierfernandez/Documents/workspace/masterDevIA/AI4Devs-lab-ides/frontend/src/features/auth/components/ProtectedRoute.tsx","statementMap":{"0":{"start":{"line":2,"column":0},"end":{"line":2,"column":65}},"1":{"start":{"line":3,"column":0},"end":{"line":3,"column":29}},"2":{"start":{"line":8,"column":33},"end":{"line":34,"column":1}},"3":{"start":{"line":9,"column":41},"end":{"line":9,"column":50}},"4":{"start":{"line":9,"column":25},"end":{"line":9,"column":27}},"5":{"start":{"line":9,"column":36},"end":{"line":9,"column":41}},"6":{"start":{"line":10,"column":19},"end":{"line":10,"column":32}},"7":{"start":{"line":13,"column":2},"end":{"line":19,"column":null}},"8":{"start":{"line":14,"column":4},"end":{"line":18,"column":6}},"9":{"start":{"line":22,"column":2},"end":{"line":30,"column":null}},"10":{"start":{"line":24,"column":4},"end":{"line":24,"column":68}},"11":{"start":{"line":27,"column":4},"end":{"line":27,"column":104}},"12":{"start":{"line":29,"column":4},"end":{"line":29,"column":71}},"13":{"start":{"line":33,"column":2},"end":{"line":33,"column":20}},"14":{"start":{"line":36,"column":0},"end":{"line":36,"column":30}}},"fnMap":{"0":{"name":"(anonymous_2)","decl":{"start":{"line":8,"column":33},"end":{"line":8,"column":null}},"loc":{"start":{"line":8,"column":33},"end":{"line":34,"column":1}}}},"branchMap":{"0":{"loc":{"start":{"line":13,"column":2},"end":{"line":19,"column":null}},"type":"if","locations":[{"start":{"line":13,"column":2},"end":{"line":19,"column":null}}]},"1":{"loc":{"start":{"line":22,"column":2},"end":{"line":30,"column":null}},"type":"if","locations":[{"start":{"line":22,"column":2},"end":{"line":30,"column":null}}]}},"s":{"0":1,"1":1,"2":1,"3":0,"4":0,"5":0,"6":0,"7":0,"8":0,"9":0,"10":0,"11":0,"12":0,"13":0,"14":1},"f":{"0":0},"b":{"0":[0],"1":[0]}}
,"/Users/xavierfernandez/Documents/workspace/masterDevIA/AI4Devs-lab-ides/frontend/src/features/auth/context/AuthContext.tsx": {"path":"/Users/xavierfernandez/Documents/workspace/masterDevIA/AI4Devs-lab-ides/frontend/src/features/auth/context/AuthContext.tsx","statementMap":{"0":{"start":{"line":1,"column":0},"end":{"line":1,"column":89}},"1":{"start":{"line":2,"column":0},"end":{"line":2,"column":68}},"2":{"start":{"line":6,"column":32},"end":{"line":11,"column":2}},"3":{"start":{"line":14,"column":20},"end":{"line":14,"column":73}},"4":{"start":{"line":17,"column":23},"end":{"line":23,"column":1}},"5":{"start":{"line":18,"column":18},"end":{"line":18,"column":41}},"6":{"start":{"line":19,"column":2},"end":{"line":21,"column":null}},"7":{"start":{"line":20,"column":4},"end":{"line":20,"column":72}},"8":{"start":{"line":22,"column":2},"end":{"line":22,"column":17}},"9":{"start":{"line":17,"column":13},"end":{"line":17,"column":23}},"10":{"start":{"line":26,"column":63},"end":{"line":259,"column":1}},"11":{"start":{"line":26,"column":74},"end":{"line":26,"column":76}},"12":{"start":{"line":27,"column":28},"end":{"line":27,"column":61}},"13":{"start":{"line":27,"column":14},"end":{"line":27,"column":16}},"14":{"start":{"line":27,"column":24},"end":{"line":27,"column":28}},"15":{"start":{"line":30,"column":2},"end":{"line":97,"column":9}},"16":{"start":{"line":31,"column":22},"end":{"line":94,"column":6}},"17":{"start":{"line":33,"column":8},"end":{"line":33,"column":52}},"18":{"start":{"line":35,"column":25},"end":{"line":35,"column":null}},"19":{"start":{"line":35,"column":14},"end":{"line":35,"column":null}},"20":{"start":{"line":36,"column":8},"end":{"line":36,"column":60}},"21":{"start":{"line":38,"column":12},"end":{"line":38,"column":20}},"22":{"start":{"line":39,"column":10},"end":{"line":39,"column":66}},"23":{"start":{"line":41,"column":10},"end":{"line":43,"column":null}},"24":{"start":{"line":42,"column":12},"end":{"line":42,"column":46}},"25":{"start":{"line":45,"column":10},"end":{"line":50,"column":13}},"26":{"start":{"line":52,"column":10},"end":{"line":52,"column":77}},"27":{"start":{"line":54,"column":34},"end":{"line":54,"column":null}},"28":{"start":{"line":54,"column":16},"end":{"line":54,"column":null}},"29":{"start":{"line":55,"column":10},"end":{"line":55,"column":64}},"30":{"start":{"line":57,"column":10},"end":{"line":80,"column":null}},"31":{"start":{"line":58,"column":12},"end":{"line":58,"column":58}},"32":{"start":{"line":60,"column":12},"end":{"line":62,"column":null}},"33":{"start":{"line":61,"column":14},"end":{"line":61,"column":55}},"34":{"start":{"line":64,"column":12},"end":{"line":69,"column":15}},"35":{"start":{"line":71,"column":12},"end":{"line":71,"column":61}},"36":{"start":{"line":73,"column":12},"end":{"line":73,"column":31}},"37":{"start":{"line":74,"column":12},"end":{"line":77,"column":15}},"38":{"start":{"line":83,"column":8},"end":{"line":83,"column":52}},"39":{"start":{"line":85,"column":8},"end":{"line":85,"column":27}},"40":{"start":{"line":86,"column":8},"end":{"line":90,"column":11}},"41":{"start":{"line":96,"column":4},"end":{"line":96,"column":16}},"42":{"start":{"line":100,"column":16},"end":{"line":149,"column":4}},"43":{"start":{"line":100,"column":48},"end":{"line":149,"column":4}},"44":{"start":{"line":101,"column":4},"end":{"line":105,"column":7}},"45":{"start":{"line":108,"column":6},"end":{"line":108,"column":56}},"46":{"start":{"line":109,"column":23},"end":{"line":109,"column":null}},"47":{"start":{"line":109,"column":12},"end":{"line":109,"column":null}},"48":{"start":{"line":110,"column":6},"end":{"line":110,"column":51}},"49":{"start":{"line":112,"column":6},"end":{"line":137,"column":null}},"50":{"start":{"line":113,"column":8},"end":{"line":113,"column":67}},"51":{"start":{"line":116,"column":8},"end":{"line":118,"column":null}},"52":{"start":{"line":117,"column":10},"end":{"line":117,"column":44}},"53":{"start":{"line":120,"column":8},"end":{"line":125,"column":11}},"54":{"start":{"line":126,"column":8},"end":{"line":126,"column":20}},"55":{"start":{"line":128,"column":8},"end":{"line":128,"column":54}},"56":{"start":{"line":130,"column":8},"end":{"line":130,"column":27}},"57":{"start":{"line":131,"column":8},"end":{"line":135,"column":11}},"58":{"start":{"line":136,"column":8},"end":{"line":136,"column":21}},"59":{"start":{"line":139,"column":6},"end":{"line":139,"column":46}},"60":{"start":{"line":141,"column":6},"end":{"line":141,"column":25}},"61":{"start":{"line":142,"column":6},"end":{"line":146,"column":9}},"62":{"start":{"line":147,"column":6},"end":{"line":147,"column":19}},"63":{"start":{"line":152,"column":17},"end":{"line":192,"column":4}},"64":{"start":{"line":153,"column":4},"end":{"line":156,"column":7}},"65":{"start":{"line":159,"column":6},"end":{"line":159,"column":33}},"66":{"start":{"line":161,"column":6},"end":{"line":161,"column":25}},"67":{"start":{"line":164,"column":6},"end":{"line":164,"column":52}},"68":{"start":{"line":167,"column":6},"end":{"line":167,"column":57}},"69":{"start":{"line":169,"column":6},"end":{"line":174,"column":9}},"70":{"start":{"line":176,"column":6},"end":{"line":176,"column":47}},"71":{"start":{"line":178,"column":6},"end":{"line":178,"column":25}},"72":{"start":{"line":181,"column":6},"end":{"line":181,"column":52}},"73":{"start":{"line":184,"column":6},"end":{"line":184,"column":57}},"74":{"start":{"line":186,"column":6},"end":{"line":190,"column":9}},"75":{"start":{"line":195,"column":23},"end":{"line":249,"column":4}},"76":{"start":{"line":197,"column":6},"end":{"line":197,"column":42}},"77":{"start":{"line":198,"column":23},"end":{"line":198,"column":null}},"78":{"start":{"line":198,"column":12},"end":{"line":198,"column":null}},"79":{"start":{"line":199,"column":6},"end":{"line":199,"column":59}},"80":{"start":{"line":201,"column":6},"end":{"line":215,"column":null}},"81":{"start":{"line":202,"column":8},"end":{"line":202,"column":54}},"82":{"start":{"line":204,"column":8},"end":{"line":206,"column":null}},"83":{"start":{"line":205,"column":10},"end":{"line":205,"column":44}},"84":{"start":{"line":208,"column":8},"end":{"line":213,"column":11}},"85":{"start":{"line":214,"column":8},"end":{"line":214,"column":20}},"86":{"start":{"line":217,"column":6},"end":{"line":217,"column":37}},"87":{"start":{"line":219,"column":6},"end":{"line":219,"column":25}},"88":{"start":{"line":222,"column":6},"end":{"line":227,"column":9}},"89":{"start":{"line":231,"column":6},"end":{"line":231,"column":19}},"90":{"start":{"line":233,"column":6},"end":{"line":233,"column":53}},"91":{"start":{"line":235,"column":6},"end":{"line":235,"column":25}},"92":{"start":{"line":238,"column":6},"end":{"line":243,"column":9}},"93":{"start":{"line":247,"column":6},"end":{"line":247,"column":19}},"94":{"start":{"line":251,"column":13},"end":{"line":255,"column":null}},"95":{"start":{"line":258,"column":2},"end":{"line":258,"column":79}},"96":{"start":{"line":26,"column":13},"end":{"line":26,"column":63}},"97":{"start":{"line":261,"column":0},"end":{"line":261,"column":27}}},"fnMap":{"0":{"name":"(anonymous_15)","decl":{"start":{"line":17,"column":23},"end":{"line":17,"column":null}},"loc":{"start":{"line":17,"column":23},"end":{"line":23,"column":1}}},"1":{"name":"(anonymous_16)","decl":{"start":{"line":26,"column":63},"end":{"line":26,"column":64}},"loc":{"start":{"line":26,"column":76},"end":{"line":259,"column":1}}},"2":{"name":"(anonymous_17)","decl":{"start":{"line":30,"column":12},"end":{"line":30,"column":null}},"loc":{"start":{"line":30,"column":12},"end":{"line":97,"column":3}}},"3":{"name":"(anonymous_18)","decl":{"start":{"line":31,"column":22},"end":{"line":31,"column":null}},"loc":{"start":{"line":31,"column":22},"end":{"line":94,"column":6}}},"4":{"name":"(anonymous_21)","decl":{"start":{"line":100,"column":16},"end":{"line":100,"column":23}},"loc":{"start":{"line":100,"column":48},"end":{"line":149,"column":4}}},"5":{"name":"(anonymous_22)","decl":{"start":{"line":100,"column":48},"end":{"line":100,"column":null}},"loc":{"start":{"line":100,"column":48},"end":{"line":149,"column":4}}},"6":{"name":"(anonymous_24)","decl":{"start":{"line":152,"column":17},"end":{"line":152,"column":null}},"loc":{"start":{"line":152,"column":17},"end":{"line":192,"column":4}}},"7":{"name":"(anonymous_27)","decl":{"start":{"line":195,"column":23},"end":{"line":195,"column":null}},"loc":{"start":{"line":195,"column":23},"end":{"line":249,"column":4}}}},"branchMap":{"0":{"loc":{"start":{"line":19,"column":2},"end":{"line":21,"column":null}},"type":"if","locations":[{"start":{"line":19,"column":2},"end":{"line":21,"column":null}}]},"1":{"loc":{"start":{"line":38,"column":12},"end":{"line":38,"column":20}},"type":"if","locations":[{"start":{"line":38,"column":12},"end":{"line":38,"column":20}}]},"2":{"loc":{"start":{"line":38,"column":12},"end":{"line":38,"column":45}},"type":"binary-expr","locations":[{"start":{"line":38,"column":12},"end":{"line":38,"column":28}},{"start":{"line":38,"column":32},"end":{"line":38,"column":45}}]},"3":{"loc":{"start":{"line":41,"column":10},"end":{"line":43,"column":null}},"type":"if","locations":[{"start":{"line":41,"column":10},"end":{"line":43,"column":null}}]},"4":{"loc":{"start":{"line":57,"column":10},"end":{"line":80,"column":null}},"type":"if","locations":[{"start":{"line":57,"column":10},"end":{"line":80,"column":null}},{"start":{"line":70,"column":17},"end":{"line":80,"column":null}}]},"5":{"loc":{"start":{"line":57,"column":14},"end":{"line":57,"column":61}},"type":"binary-expr","locations":[{"start":{"line":57,"column":14},"end":{"line":57,"column":37}},{"start":{"line":57,"column":41},"end":{"line":57,"column":61}}]},"6":{"loc":{"start":{"line":60,"column":12},"end":{"line":62,"column":null}},"type":"if","locations":[{"start":{"line":60,"column":12},"end":{"line":62,"column":null}}]},"7":{"loc":{"start":{"line":112,"column":6},"end":{"line":137,"column":null}},"type":"if","locations":[{"start":{"line":112,"column":6},"end":{"line":137,"column":null}},{"start":{"line":127,"column":13},"end":{"line":137,"column":null}}]},"8":{"loc":{"start":{"line":112,"column":10},"end":{"line":112,"column":43}},"type":"binary-expr","locations":[{"start":{"line":112,"column":10},"end":{"line":112,"column":26}},{"start":{"line":112,"column":30},"end":{"line":112,"column":43}}]},"9":{"loc":{"start":{"line":116,"column":8},"end":{"line":118,"column":null}},"type":"if","locations":[{"start":{"line":116,"column":8},"end":{"line":118,"column":null}}]},"10":{"loc":{"start":{"line":134,"column":17},"end":{"line":134,"column":60}},"type":"binary-expr","locations":[{"start":{"line":134,"column":17},"end":{"line":134,"column":31}},{"start":{"line":134,"column":35},"end":{"line":134,"column":60}}]},"11":{"loc":{"start":{"line":201,"column":6},"end":{"line":215,"column":null}},"type":"if","locations":[{"start":{"line":201,"column":6},"end":{"line":215,"column":null}}]},"12":{"loc":{"start":{"line":201,"column":10},"end":{"line":201,"column":43}},"type":"binary-expr","locations":[{"start":{"line":201,"column":10},"end":{"line":201,"column":26}},{"start":{"line":201,"column":30},"end":{"line":201,"column":43}}]},"13":{"loc":{"start":{"line":204,"column":8},"end":{"line":206,"column":null}},"type":"if","locations":[{"start":{"line":204,"column":8},"end":{"line":206,"column":null}}]}},"s":{"0":1,"1":1,"2":1,"3":1,"4":1,"5":0,"6":0,"7":0,"8":0,"9":1,"10":1,"11":0,"12":0,"13":0,"14":0,"15":0,"16":0,"17":0,"18":0,"19":0,"20":0,"21":0,"22":0,"23":0,"24":0,"25":0,"26":0,"27":0,"28":0,"29":0,"30":0,"31":0,"32":0,"33":0,"34":0,"35":0,"36":0,"37":0,"38":0,"39":0,"40":0,"41":0,"42":0,"43":0,"44":0,"45":0,"46":0,"47":0,"48":0,"49":0,"50":0,"51":0,"52":0,"53":0,"54":0,"55":0,"56":0,"57":0,"58":0,"59":0,"60":0,"61":0,"62":0,"63":0,"64":0,"65":0,"66":0,"67":0,"68":0,"69":0,"70":0,"71":0,"72":0,"73":0,"74":0,"75":0,"76":0,"77":0,"78":0,"79":0,"80":0,"81":0,"82":0,"83":0,"84":0,"85":0,"86":0,"87":0,"88":0,"89":0,"90":0,"91":0,"92":0,"93":0,"94":0,"95":0,"96":1,"97":1},"f":{"0":0,"1":0,"2":0,"3":0,"4":0,"5":0,"6":0,"7":0},"b":{"0":[0],"1":[0],"2":[0,0],"3":[0],"4":[0,0],"5":[0,0],"6":[0],"7":[0,0],"8":[0,0],"9":[0],"10":[0,0],"11":[0],"12":[0,0],"13":[0]}}
,"/Users/xavierfernandez/Documents/workspace/masterDevIA/AI4Devs-lab-ides/frontend/src/features/auth/services/authService.ts": {"path":"/Users/xavierfernandez/Documents/workspace/masterDevIA/AI4Devs-lab-ides/frontend/src/features/auth/services/authService.ts","statementMap":{"0":{"start":{"line":1,"column":0},"end":{"line":1,"column":26}},"1":{"start":{"line":5,"column":16},"end":{"line":5,"column":72}},"2":{"start":{"line":7,"column":12},"end":{"line":13,"column":2}},"3":{"start":{"line":16,"column":31},"end":{"line":16,"column":35}},"4":{"start":{"line":19,"column":27},"end":{"line":19,"column":32}},"5":{"start":{"line":22,"column":21},"end":{"line":22,"column":36}},"6":{"start":{"line":25,"column":25},"end":{"line":34,"column":1}},"7":{"start":{"line":27,"column":25},"end":{"line":27,"column":70}},"8":{"start":{"line":30,"column":2},"end":{"line":33,"column":5}},"9":{"start":{"line":31,"column":28},"end":{"line":31,"column":76}},"10":{"start":{"line":32,"column":4},"end":{"line":32,"column":98}},"11":{"start":{"line":37,"column":28},"end":{"line":40,"column":1}},"12":{"start":{"line":38,"column":2},"end":{"line":38,"column":20}},"13":{"start":{"line":39,"column":2},"end":{"line":39,"column":96}},"14":{"start":{"line":37,"column":13},"end":{"line":37,"column":28}},"15":{"start":{"line":43,"column":31},"end":{"line":71,"column":1}},"16":{"start":{"line":45,"column":22},"end":{"line":45,"column":46}},"17":{"start":{"line":47,"column":2},"end":{"line":50,"column":null}},"18":{"start":{"line":48,"column":4},"end":{"line":48,"column":88}},"19":{"start":{"line":49,"column":4},"end":{"line":49,"column":11}},"20":{"start":{"line":52,"column":2},"end":{"line":70,"column":null}},"21":{"start":{"line":53,"column":4},"end":{"line":53,"column":32}},"22":{"start":{"line":54,"column":4},"end":{"line":54,"column":66}},"23":{"start":{"line":57,"column":4},"end":{"line":57,"column":23}},"24":{"start":{"line":60,"column":20},"end":{"line":60,"column":79}},"25":{"start":{"line":63,"column":4},"end":{"line":63,
[...]
mn":0},"end":{"line":5,"column":86}},"5":{"start":{"line":6,"column":0},"end":{"line":6,"column":74}},"6":{"start":{"line":8,"column":39},"end":{"line":228,"column":1}},"7":{"start":{"line":9,"column":27},"end":{"line":9,"column":36}},"8":{"start":{"line":9,"column":14},"end":{"line":9,"column":16}},"9":{"start":{"line":9,"column":22},"end":{"line":9,"column":27}},"10":{"start":{"line":10,"column":19},"end":{"line":10,"column":32}},"11":{"start":{"line":11,"column":19},"end":{"line":11,"column":32}},"12":{"start":{"line":12,"column":46},"end":{"line":12,"column":61}},"13":{"start":{"line":12,"column":23},"end":{"line":12,"column":25}},"14":{"start":{"line":12,"column":42},"end":{"line":12,"column":46}},"15":{"start":{"line":13,"column":44},"end":{"line":13,"column":59}},"16":{"start":{"line":13,"column":22},"end":{"line":13,"column":24}},"17":{"start":{"line":13,"column":40},"end":{"line":13,"column":44}},"18":{"start":{"line":14,"column":44},"end":{"line":14,"column":59}},"19":{"start":{"line":14,"column":22},"end":{"line":14,"column":24}},"20":{"start":{"line":14,"column":40},"end":{"line":14,"column":44}},"21":{"start":{"line":15,"column":50},"end":{"line":15,"column":61}},"22":{"start":{"line":15,"column":25},"end":{"line":15,"column":27}},"23":{"start":{"line":15,"column":46},"end":{"line":15,"column":50}},"24":{"start":{"line":17,"column":2},"end":{"line":17,"column":49}},"25":{"start":{"line":20,"column":27},"end":{"line":20,"column":69}},"26":{"start":{"line":23,"column":30},"end":{"line":23,"column":44}},"27":{"start":{"line":25,"column":2},"end":{"line":38,"column":null}},"28":{"start":{"line":26,"column":4},"end":{"line":37,"column":null}},"29":{"start":{"line":27,"column":6},"end":{"line":27,"column":51}},"30":{"start":{"line":28,"column":6},"end":{"line":28,"column":77}},"31":{"start":{"line":29,"column":6},"end":{"line":33,"column":null}},"32":{"start":{"line":30,"column":8},"end":{"line":30,"column":79}},"33":{"start":{"line":31,"column":13},"end":{"line":33,"column":null}},"34":{"start":{"line":32,"column":8},"end":{"line":32,"column":48}},"35":{"start":{"line":34,"column":6},"end":{"line":34,"column":85}},"36":{"start":{"line":36,"column":6},"end":{"line":36,"column":56}},"37":{"start":{"line":41,"column":2},"end":{"line":47,"column":null}},"38":{"start":{"line":42,"column":4},"end":{"line":42,"column":53}},"39":{"start":{"line":43,"column":4},"end":{"line":45,"column":null}},"40":{"start":{"line":44,"column":6},"end":{"line":44,"column":51}},"41":{"start":{"line":46,"column":4},"end":{"line":46,"column":84}},"42":{"start":{"line":49,"column":2},"end":{"line":49,"column":44}},"43":{"start":{"line":50,"column":2},"end":{"line":50,"column":48}},"44":{"start":{"line":53,"column":2},"end":{"line":58,"column":25}},"45":{"start":{"line":54,"column":4},"end":{"line":57,"column":null}},"46":{"start":{"line":61,"column":2},"end":{"line":69,"column":45}},"47":{"start":{"line":62,"column":4},"end":{"line":68,"column":null}},"48":{"start":{"line":63,"column":6},"end":{"line":63,"column":82}},"49":{"start":{"line":64,"column":6},"end":{"line":64,"column":29}},"50":{"start":{"line":65,"column":6},"end":{"line":67,"column":14}},"51":{"start":{"line":66,"column":8},"end":{"line":66,"column":31}},"52":{"start":{"line":71,"column":23},"end":{"line":73,"column":3}},"53":{"start":{"line":72,"column":4},"end":{"line":72,"column":13}},"54":{"start":{"line":75,"column":21},"end":{"line":77,"column":3}},"55":{"start":{"line":76,"column":4},"end":{"line":76,"column":27}},"56":{"start":{"line":79,"column":28},"end":{"line":81,"column":3}},"57":{"start":{"line":80,"column":4},"end":{"line":80,"column":28}},"58":{"start":{"line":83,"column":30},"end":{"line":89,"column":3}},"59":{"start":{"line":84,"column":4},"end":{"line":84,"column":46}},"60":{"start":{"line":85,"column":4},"end":{"line":85,"column":29}},"61":{"start":{"line":86,"column":4},"end":{"line":86,"column":27}},"62":{"start":{"line":88,"column":4},"end":{"line":88,"column":42}},"63":{"start":{"line":88,"column":32},"end":{"line":88,"column":41}},"64":{"start":{"line":91,"column":29},"end":{"line":94,"column":3}},"65":{"start":{"line":92,"column":4},"end":{"line":92,"column":50}},"66":{"start":{"line":93,"column":4},"end":{"line":93,"column":29}},"67":{"start":{"line":97,"column":2},"end":{"line":103,"column":null}},"68":{"start":{"line":98,"column":4},"end":{"line":102,"column":6}},"69":{"start":{"line":105,"column":2},"end":{"line":227,"column":4}},"70":{"start":{"line":230,"column":0},"end":{"line":230,"column":36}}},"fnMap":{"0":{"name":"(anonymous_3)","decl":{"start":{"line":8,"column":39},"end":{"line":8,"column":null}},"loc":{"start":{"line":8,"column":39},"end":{"line":228,"column":1}}},"1":{"name":"(anonymous_4)","decl":{"start":{"line":53,"column":12},"end":{"line":53,"column":null}},"loc":{"start":{"line":53,"column":12},"end":{"line":58,"column":3}}},"2":{"name":"(anonymous_5)","decl":{"start":{"line":61,"column":12},"end":{"line":61,"column":null}},"loc":{"start":{"line":61,"column":12},"end":{"line":69,"column":3}}},"3":{"name":"(anonymous_6)","decl":{"start":{"line":65,"column":17},"end":{"line":65,"column":null}},"loc":{"start":{"line":65,"column":17},"end":{"line":67,"column":7}}},"4":{"name":"(anonymous_7)","decl":{"start":{"line":71,"column":23},"end":{"line":71,"column":null}},"loc":{"start":{"line":71,"column":23},"end":{"line":73,"column":3}}},"5":{"name":"(anonymous_8)","decl":{"start":{"line":75,"column":21},"end":{"line":75,"column":null}},"loc":{"start":{"line":75,"column":21},"end":{"line":77,"column":3}}},"6":{"name":"(anonymous_9)","decl":{"start":{"line":79,"column":28},"end":{"line":79,"column":null}},"loc":{"start":{"line":79,"column":28},"end":{"line":81,"column":3}}},"7":{"name":"(anonymous_10)","decl":{"start":{"line":83,"column":30},"end":{"line":83,"column":null}},"loc":{"start":{"line":83,"column":30},"end":{"line":89,"column":3}}},"8":{"name":"(anonymous_11)","decl":{"start":{"line":88,"column":24},"end":{"line":88,"column":28}},"loc":{"start":{"line":88,"column":28},"end":{"line":88,"column":36}}},"9":{"name":"(anonymous_12)","decl":{"start":{"line":91,"column":29},"end":{"line":91,"column":null}},"loc":{"start":{"line":91,"column":29},"end":{"line":94,"column":3}}}},"branchMap":{"0":{"loc":{"start":{"line":25,"column":2},"end":{"line":38,"column":null}},"type":"if","locations":[{"start":{"line":25,"column":2},"end":{"line":38,"column":null}}]},"1":{"loc":{"start":{"line":28,"column":20},"end":{"line":28,"column":76}},"type":"cond-expr","locations":[{"start":{"line":28,"column":40},"end":{"line":28,"column":64}},{"start":{"line":28,"column":67},"end":{"line":28,"column":76}}]},"2":{"loc":{"start":{"line":28,"column":20},"end":{"line":28,"column":37}},"type":"cond-expr","locations":[{"start":{"line":28,"column":33},"end":{"line":28,"column":35}},{"start":{"line":28,"column":20},"end":{"line":28,"column":37}}]},"3":{"loc":{"start":{"line":28,"column":20},"end":{"line":28,"column":35}},"type":"binary-expr","locations":[{"start":{"line":28,"column":20},"end":{"line":28,"column":35}},{"start":{"line":28,"column":20},"end":{"line":28,"column":35}}]},"4":{"loc":{"start":{"line":29,"column":6},"end":{"line":33,"column":null}},"type":"if","locations":[{"start":{"line":29,"column":6},"end":{"line":33,"column":null}},{"start":{"line":31,"column":13},"end":{"line":33,"column":null}}]},"5":{"loc":{"start":{"line":29,"column":10},"end":{"line":29,"column":63}},"type":"binary-expr","locations":[{"start":{"line":29,"column":10},"end":{"line":29,"column":34}},{"start":{"line":29,"column":38},"end":{"line":29,"column":61}}]},"6":{"loc":{"start":{"line":29,"column":10},"end":{"line":29,"column":34}},"type":"cond-expr","locations":[{"start":{"line":29,"column":23},"end":{"line":29,"column":25}},{"start":{"line":29,"column":10},"end":{"line":29,"column":34}}]},"7":{"loc":{"start":{"line":29,"column":10},"end":{"line":29,"column":25}},"type":"binary-expr","locations":[{"start":{"line":29,"column":10},"end":{"line":29,"column":25}},{"start":{"line":29,"column":10},"end":{"line":29,"column":25}}]},"8":{"loc":{"start":{"line":29,"column":38},"end":{"line":29,"column":61}},"type":"cond-expr","locations":[{"start":{"line":29,"column":51},"end":{"line":29,"column":53}},{"start":{"line":29,"column":38},"end":{"line":29,"column":61}}]},"9":{"loc":{"start":{"line":29,"column":38},"end":{"line":29,"column":53}},"type":"binary-expr","locations":[{"start":{"line":29,"column":38},"end":{"line":29,"column":53}},{"start":{"line":29,"column":38},"end":{"line":29,"column":53}}]},"10":{"loc":{"start":{"line":31,"column":13},"end":{"line":33,"column":null}},"type":"if","locations":[{"start":{"line":31,"column":13},"end":{"line":33,"column":null}}]},"11":{"loc":{"start":{"line":31,"column":17},"end":{"line":31,"column":41}},"type":"cond-expr","locations":[{"start":{"line":31,"column":30},"end":{"line":31,"column":32}},{"start":{"line":31,"column":17},"end":{"line":31,"column":41}}]},"12":{"loc":{"start":{"line":31,"column":17},"end":{"line":31,"column":32}},"type":"binary-expr","locations":[{"start":{"line":31,"column":17},"end":{"line":31,"column":32}},{"start":{"line":31,"column":17},"end":{"line":31,"column":32}}]},"13":{"loc":{"start":{"line":41,"column":2},"end":{"line":47,"column":null}},"type":"if","locations":[{"start":{"line":41,"column":2},"end":{"line":47,"column":null}}]},"14":{"loc":{"start":{"line":41,"column":6},"end":{"line":41,"column":51}},"type":"binary-expr","locations":[{"start":{"line":41,"column":6},"end":{"line":41,"column":18}},{"start":{"line":41,"column":22},"end":{"line":41,"column":49}}]},"15":{"loc":{"start":{"line":41,"column":22},"end":{"line":41,"column":49}},"type":"cond-expr","locations":[{"start":{"line":41,"column":36},"end":{"line":41,"column":38}},{"start":{"line":41,"column":36},"end":{"line":41,"column":49}}]},"16":{"loc":{"start":{"line":41,"column":22},"end":{"line":41,"column":38}},"type":"binary-expr","locations":[{"start":{"line":41,"column":22},"end":{"line":41,"column":38}},{"start":{"line":41,"column":36},"end":{"line":41,"column":38}}]},"17":{"loc":{"start":{"line":43,"column":4},"end":{"line":45,"column":null}},"type":"if","locations":[{"start":{"line":43,"column":4},"end":{"line":45,"column":null}}]},"18":{"loc":{"start":{"line":54,"column":4},"end":{"line":57,"column":null}},"type":"if","locations":[{"start":{"line":54,"column":4},"end":{"line":57,"column":null}}]},"19":{"loc":{"start":{"line":62,"column":4},"end":{"line":68,"column":null}},"type":"if","locations":[{"start":{"line":62,"column":4},"end":{"line":68,"column":null}}]},"20":{"loc":{"start":{"line":62,"column":8},"end":{"line":62,"column":38}},"type":"binary-expr","locations":[{"start":{"line":62,"column":8},"end":{"line":62,"column":20}},{"start":{"line":62,"column":24},"end":{"line":62,"column":38}}]},"21":{"loc":{"start":{"line":97,"column":2},"end":{"line":103,"column":null}},"type":"if","locations":[{"start":{"line":97,"column":2},"end":{"line":103,"column":null}}]},"22":{"loc":{"start":{"line":114,"column":21},"end":{"line":114,"column":54}},"type":"binary-expr","locations":[{"start":{"line":114,"column":21},"end":{"line":114,"column":31}},{"start":{"line":114,"column":35},"end":{"line":114,"column":46}}]},"23":{"loc":{"start":{"line":114,"column":21},"end":{"line":114,"column":31}},"type":"cond-expr","locations":[{"start":{"line":114,"column":25},"end":{"line":114,"column":27}},{"start":{"line":114,"column":21},"end":{"line":114,"column":31}}]},"24":{"loc":{"start":{"line":114,"column":21},"end":{"line":114,"column":27}},"type":"binary-expr","locations":[{"start":{"line":114,"column":21},"end":{"line":114,"column":27}},{"start":{"line":114,"column":21},"end":{"line":114,"column":27}}]},"25":{"loc":{"start":{"line":114,"column":35},"end":{"line":114,"column":46}},"type":"cond-expr","locations":[{"start":{"line":114,"column":39},"end":{"line":114,"column":41}},{"start":{"line":114,"column":35},"end":{"line":114,"column":46}}]},"26":{"loc":{"start":{"line":114,"column":35},"end":{"line":114,"column":41}},"type":"binary-expr","locations":[{"start":{"line":114,"column":35},"end":{"line":114,"column":41}},{"start":{"line":114,"column":35},"end":{"line":114,"column":41}}]},"27":{"loc":{"start":{"line":139,"column":9},"end":{"line":223,"column":null}},"type":"cond-expr","locations":[{"start":{"line":140,"column":10},"end":{"line":204,"column":null}},{"start":{"line":206,"column":12},"end":{"line":223,"column":null}}]},"28":{"loc":{"start":{"line":155,"column":13},"end":{"line":173,"column":20}},"type":"cond-expr","locations":[{"start":{"line":156,"column":14},"end":{"line":171,"column":null}},{"start":{"line":173,"column":16},"end":{"line":173,"column":20}}]},"29":{"loc":{"start":{"line":176,"column":13},"end":{"line":180,"column":null}},"type":"binary-expr","locations":[{"start":{"line":176,"column":13},"end":{"line":176,"column":24}},{"start":{"line":177,"column":14},"end":{"line":179,"column":null}}]},"30":{"loc":{"start":{"line":184,"column":15},"end":{"line":195,"column":null}},"type":"cond-expr","locations":[{"start":{"line":185,"column":16},"end":{"line":189,"column":null}},{"start":{"line":193,"column":16},"end":{"line":193,"column":null}}]},"31":{"loc":{"start":{"line":206,"column":12},"end":{"line":223,"column":null}},"type":"cond-expr","locations":[{"start":{"line":207,"column":10},"end":{"line":210,"column":null}},{"start":{"line":213,"column":10},"end":{"line":222,"column":null}}]}},"s":{"0":1,"1":1,"2":1,"3":1,"4":1,"5":1,"6":1,"7":0,"8":0,"9":0,"10":0,"11":0,"12":0,"13":0,"14":0,"15":0,"16":0,"17":0,"18":0,"19":0,"20":0,"21":0,"22":0,"23":0,"24":0,"25":0,"26":0,"27":0,"28":0,"29":0,"30":0,"31":0,"32":0,"33":0,"34":0,"35":0,"36":0,"37":0,"38":0,"39":0,"40":0,"41":0,"42":0,"43":0,"44":0,"45":0,"46":0,"47":0,"48":0,"49":0,"50":0,"51":0,"52":0,"53":0,"54":0,"55":0,"56":0,"57":0,"58":0,"59":0,"60":0,"61":0,"62":0,"63":0,"64":0,"65":0,"66":0,"67":0,"68":0,"69":0,"70":1},"f":{"0":0,"1":0,"2":0,"3":0,"4":0,"5":0,"6":0,"7":0,"8":0,"9":0},"b":{"0":[0],"1":[0,0],"2":[0,0],"3":[0,0],"4":[0,0],"5":[0,0],"6":[0,0],"7":[0,0],"8":[0,0],"9":[0,0],"10":[0],"11":[0,0],"12":[0,0],"13":[0],"14":[0,0],"15":[0,0],"16":[0,0],"17":[0],"18":[0],"19":[0],"20":[0,0],"21":[0],"22":[0,0],"23":[0,0],"24":[0,0],"25":[0,0],"26":[0,0],"27":[0,0],"28":[0,0],"29":[0,0],"30":[0,0],"31":[0,0]}}
,"/Users/xavierfernandez/Documents/workspace/masterDevIA/AI4Devs-lab-ides/frontend/src/pages/DashboardPage.tsx": {"path":"/Users/xavierfernandez/Documents/workspace/masterDevIA/AI4Devs-lab-ides/frontend/src/pages/DashboardPage.tsx","statementMap":{"0":{"start":{"line":2,"column":0},"end":{"line":2,"column":43}},"1":{"start":{"line":3,"column":0},"end":{"line":3,"column":62}},"2":{"start":{"line":4,"column":0},"end":{"line":4,"column":47}},"3":{"start":{"line":5,"column":0},"end":{"line":5,"column":55}},"4":{"start":{"line":7,"column":32},"end":{"line":72,"column":1}},"5":{"start":{"line":8,"column":27},"end":{"line":8,"column":36}},"6":{"start":{"line":8,"column":14},"end":{"line":8,"column":16}},"7":{"start":{"line":8,"column":22},"end":{"line":8,"column":27}},"8":{"start":{"line":9,"column":19},"end":{"line":9,"column":32}},"9":{"start":{"line":11,"column":23},"end":{"line":13,"column":3}},"10":{"start":{"line":12,"column":4},"end":{"line":12,"column":13}},"11":{"start":{"line":15,"column":29},"end":{"line":17,"column":3}},"12":{"start":{"line":16,"column":4},"end":{"line":16,"column":32}},"13":{"start":{"line":19,"column":2},"end":{"line":71,"column":4}},"14":{"start":{"line":74,"column":0},"end":{"line":74,"column":29}}},"fnMap":{"0":{"name":"(anonymous_2)","decl":{"start":{"line":7,"column":32},"end":{"line":7,"column":null}},"loc":{"start":{"line":7,"column":32},"end":{"line":72,"column":1}}},"1":{"name":"(anonymous_3)","decl":{"start":{"line":11,"column":23},"end":{"line":11,"column":null}},"loc":{"start":{"line":11,"column":23},"end":{"line":13,"column":3}}},"2":{"name":"(anonymous_4)","decl":{"start":{"line":15,"column":29},"end":{"line":15,"column":null}},"loc":{"start":{"line":15,"column":29},"end":{"line":17,"column":3}}}},"branchMap":{"0":{"loc":{"start":{"line":28,"column":21},"end":{"line":28,"column":54}},"type":"binary-expr","locations":[{"start":{"line":28,"column":21},"end":{"line":28,"column":31}},{"start":{"line":28,"column":35},"end":{"line":28,"column":46}}]},"1":{"loc":{"start":{"line":28,"column":21},"end":{"line":28,"column":31}},"type":"cond-expr","locations":[{"start":{"line":28,"column":25},"end":{"line":28,"column":27}},{"start":{"line":28,"column":21},"end":{"line":28,"column":31}}]},"2":{"loc":{"start":{"line":28,"column":21},"end":{"line":28,"column":27}},"type":"binary-expr","locations":[{"start":{"line":28,"column":21},"end":{"line":28,"column":27}},{"start":{"line":28,"column":21},"end":{"line":28,"column":27}}]},"3":{"loc":{"start":{"line":28,"column":35},"end":{"line":28,"column":46}},"type":"cond-expr","locations":[{"start":{"line":28,"column":39},"end":{"line":28,"column":41}},{"start":{"line":28,"column":35},"end":{"line":28,"column":46}}]},"4":{"loc":{"start":{"line":28,"column":35},"end":{"line":28,"column":41}},"type":"binary-expr","locations":[{"start":{"line":28,"column":35},"end":{"line":28,"column":41}},{"start":{"line":28,"column":35},"end":{"line":28,"column":41}}]}},"s":{"0":1,"1":1,"2":1,"3":1,"4":1,"5":0,"6":0,"7":0,"8":0,"9":0,"10":0,"11":0,"12":0,"13":0,"14":1},"f":{"0":0,"1":0,"2":0},"b":{"0":[0,0],"1":[0,0],"2":[0,0],"3":[0,0],"4":[0,0]}}
,"/Users/xavierfernandez/Documents/workspace/masterDevIA/AI4Devs-lab-ides/frontend/src/pages/LandingPage.tsx": {"path":"/Users/xavierfernandez/Documents/workspace/masterDevIA/AI4Devs-lab-ides/frontend/src/pages/LandingPage.tsx","statementMap":{"0":{"start":{"line":2,"column":0},"end":{"line":2,"column":40}},"1":{"start":{"line":3,"column":0},"end":{"line":3,"column":89}},"2":{"start":{"line":5,"column":30},"end":{"line":274,"column":1}},"3":{"start":{"line":6,"column":2},"end":{"line":273,"column":4}},"4":{"start":{"line":276,"column":0},"end":{"line":276,"column":27}}},"fnMap":{"0":{"name":"(anonymous_2)","decl":{"start":{"line":5,"column":30},"end":{"line":5,"column":null}},"loc":{"start":{"line":5,"column":30},"end":{"line":274,"column":1}}}},"branchMap":{},"s":{"0":2,"1":2,"2":2,"3":2,"4":2},"f":{"0":2},"b":{}}
,"/Users/xavierfernandez/Documents/workspace/masterDevIA/AI4Devs-lab-ides/frontend/src/pages/LoginPage.tsx": {"path":"/Users/xavierfernandez/Documents/workspace/masterDevIA/AI4Devs-lab-ides/frontend/src/pages/LoginPage.tsx","statementMap":{"0":{"start":{"line":1,"column":0},"end":{"line":1,"column":41}},"1":{"start":{"line":2,"column":0},"end":{"line":2,"column":47}},"2":{"start":{"line":3,"column":0},"end":{"line":3,"column":54}},"3":{"start":{"line":5,"column":28},"end":{"line":66,"column":1}},"4":{"start":{"line":6,"column":30},"end":{"line":6,"column":40}},"5":{"start":{"line":7,"column":19},"end":{"line":7,"column":32}},"6":{"start":{"line":10,"column":2},"end":{"line":14,"column":34}},"7":{"start":{"line":11,"column":4},"end":{"line":13,"column":null}},"8":{"start":{"line":12,"column":6},"end":{"line":12,"column":29}},"9":{"start":{"line":16,"column":2},"end":{"line":65,"column":4}},"10":{"start":{"line":68,"column":0},"end":{"line":68,"column":25}}},"fnMap":{"0":{"name":"(anonymous_2)","decl":{"start":{"line":5,"column":28},"end":{"line":5,"column":null}},"loc":{"start":{"line":5,"column":28},"end":{"line":66,"column":1}}},"1":{"name":"(anonymous_3)","decl":{"start":{"line":10,"column":12},"end":{"line":10,"column":null}},"loc":{"start":{"line":10,"column":12},"end":{"line":14,"column":3}}}},"branchMap":{"0":{"loc":{"start":{"line":11,"column":4},"end":{"line":13,"column":null}},"type":"if","locations":[{"start":{"line":11,"column":4},"end":{"line":13,"column":null}}]}},"s":{"0":1,"1":1,"2":1,"3":1,"4":0,"5":0,"6":0,"7":0,"8":0,"9":0,"10":1},"f":{"0":0,"1":0},"b":{"0":[0]}}
}
