TN:
SF:src/App.tsx
FN:14,App
FNF:1
FNH:1
FNDA:1,App
DA:2,1
DA:3,1
DA:4,1
DA:5,1
DA:6,1
DA:7,1
DA:8,1
DA:9,1
DA:10,1
DA:11,1
DA:12,1
DA:15,1
DA:39,1
LF:13
LH:13
BRF:0
BRH:0
end_of_record
TN:
SF:src/setupTests.ts
FNF:0
FNH:0
DA:5,0
LF:1
LH:0
BRF:0
BRH:0
end_of_record
TN:
SF:src/components/ConfirmationModal.tsx
FN:15,(anonymous_2)
FNF:1
FNH:1
FNDA:11,(anonymous_2)
DA:2,2
DA:15,2
DA:16,11
DA:17,11
DA:18,11
DA:19,11
DA:20,11
DA:21,11
DA:22,11
DA:23,11
DA:25,11
DA:27,4
DA:88,2
LF:13
LH:13
BRDA:19,0,0,0
BRDA:19,0,1,11
BRDA:20,1,0,0
BRDA:20,1,1,11
BRDA:23,2,0,11
BRDA:23,2,1,0
BRDA:25,3,0,7
BRDA:67,4,0,0
BRDA:67,4,1,4
BRDA:71,5,0,0
BRDA:71,5,1,4
BRF:11
BRH:6
end_of_record
TN:
SF:src/components/index.ts
FN:2,(anonymous_1)
FNF:1
FNH:0
FNDA:0,(anonymous_1)
DA:2,0
LF:1
LH:0
BRF:0
BRH:0
end_of_record
TN:
SF:src/components/candidates/CandidateList.tsx
FN:7,(anonymous_2)
FN:12,(anonymous_3)
FN:54,(anonymous_4)
FN:81,(anonymous_5)
FN:102,(anonymous_6)
FN:122,(anonymous_7)
FNF:6
FNH:0
FNDA:0,(anonymous_2)
FNDA:0,(anonymous_3)
FNDA:0,(anonymous_4)
FNDA:0,(anonymous_5)
FNDA:0,(anonymous_6)
FNDA:0,(anonymous_7)
DA:2,0
DA:3,0
DA:5,0
DA:7,0
DA:8,0
DA:10,0
DA:12,0
DA:13,0
DA:16,0
DA:17,0
DA:24,0
DA:25,0
DA:33,0
DA:34,0
DA:41,0
DA:54,0
DA:81,0
DA:102,0
DA:103,0
DA:105,0
DA:107,0
DA:109,0
DA:111,0
DA:113,0
DA:115,0
DA:117,0
DA:122,0
DA:123,0
DA:125,0
DA:127,0
DA:129,0
DA:131,0
DA:133,0
DA:135,0
DA:137,0
DA:141,0
LF:36
LH:0
BRDA:16,0,0,0
BRDA:24,1,0,0
BRDA:28,2,0,0
BRDA:28,2,1,0
BRDA:28,3,0,0
BRDA:28,3,1,0
BRDA:28,4,0,0
BRDA:28,4,1,0
BRDA:33,5,0,0
BRDA:33,6,0,0
BRDA:33,6,1,0
BRDA:33,6,2,0
BRDA:33,7,0,0
BRDA:33,7,1,0
BRDA:33,8,0,0
BRDA:33,8,1,0
BRDA:103,9,0,0
BRDA:103,9,1,0
BRDA:103,9,2,0
BRDA:103,9,3,0
BRDA:103,9,4,0
BRDA:103,9,5,0
BRDA:103,9,6,0
BRDA:123,10,0,0
BRDA:123,10,1,0
BRDA:123,10,2,0
BRDA:123,10,3,0
BRDA:123,10,4,0
BRDA:123,10,5,0
BRDA:123,10,6,0
BRF:30
BRH:0
end_of_record
TN:
SF:src/components/candidates/DocumentList.tsx
FN:20,(anonymous_15)
FN:25,(anonymous_16)
FN:26,(anonymous_17)
FN:53,(anonymous_20)
FN:100,(anonymous_23)
FN:100,(anonymous_24)
FN:117,(anonymous_26)
FN:125,(anonymous_27)
FN:140,(anonymous_28)
FN:162,(anonymous_29)
FN:205,(anonymous_30)
FN:239,(anonymous_31)
FN:247,(anonymous_32)
FN:254,(anonymous_33)
FNF:14
FNH:6
FNDA:7,(anonymous_15)
FNDA:4,(anonymous_16)
FNDA:8,(anonymous_17)
FNDA:0,(anonymous_20)
FNDA:0,(anonymous_23)
FNDA:0,(anonymous_24)
FNDA:0,(anonymous_26)
FNDA:2,(anonymous_27)
FNDA:2,(anonymous_28)
FNDA:0,(anonymous_29)
FNDA:2,(anonymous_30)
FNDA:0,(anonymous_31)
FNDA:0,(anonymous_32)
FNDA:0,(anonymous_33)
DA:1,2
DA:2,2
DA:3,2
DA:4,2
DA:20,7
DA:21,7
DA:22,7
DA:23,7
DA:25,7
DA:26,8
DA:28,4
DA:29,4
DA:31,4
DA:35,5
DA:36,1
DA:37,1
DA:40,2
DA:41,2
DA:43,1
DA:44,1
DA:46,3
DA:50,4
DA:53,7
DA:55,0
DA:62,0
DA:63,0
DA:64,0
DA:68,0
DA:71,0
DA:72,0
DA:74,0
DA:75,0
DA:76,0
DA:77,0
DA:82,0
DA:83,0
DA:84,0
DA:85,0
DA:86,0
DA:87,0
DA:90,0
DA:91,0
DA:93,0
DA:95,0
DA:96,0
DA:100,7
DA:101,0
DA:102,0
DA:106,0
DA:111,0
DA:112,0
DA:113,0
DA:117,0
DA:118,0
DA:120,0
DA:121,0
DA:125,7
DA:126,2
DA:128,1
DA:130,1
DA:132,0
DA:134,0
DA:136,0
DA:140,7
DA:141,2
DA:143,1
DA:146,1
DA:148,0
DA:150,0
DA:154,7
DA:155,4
DA:158,3
DA:159,1
DA:162,0
DA:169,2
DA:170,1
DA:177,1
DA:205,2
DA:239,0
DA:247,0
DA:254,0
DA:271,2
LF:82
LH:41
BRDA:20,0,0,7
BRDA:20,0,1,0
BRDA:40,1,0,2
BRDA:35,2,0,2
BRDA:37,3,0,1
BRDA:37,3,1,0
BRDA:37,4,0,0
BRDA:37,4,1,1
BRDA:37,5,0,1
BRDA:37,5,1,1
BRDA:41,6,0,2
BRDA:41,6,1,0
BRDA:44,7,0,1
BRDA:44,7,1,0
BRDA:53,8,0,0
BRDA:68,9,0,0
BRDA:62,10,0,0
BRDA:64,11,0,0
BRDA:64,11,1,0
BRDA:64,12,0,0
BRDA:64,12,1,0
BRDA:64,13,0,0
BRDA:64,13,1,0
BRDA:74,14,0,0
BRDA:76,15,0,0
BRDA:76,16,0,0
BRDA:76,16,1,0
BRDA:96,17,0,0
BRDA:96,17,1,0
BRDA:101,18,0,0
BRDA:111,19,0,0
BRDA:113,20,0,0
BRDA:113,20,1,0
BRDA:113,21,0,0
BRDA:113,21,1,0
BRDA:113,22,0,0
BRDA:113,22,1,0
BRDA:121,23,0,0
BRDA:121,23,1,0
BRDA:126,24,0,1
BRDA:126,24,1,1
BRDA:126,24,2,0
BRDA:126,24,3,0
BRDA:126,24,4,0
BRDA:141,25,0,1
BRDA:141,25,1,0
BRDA:141,25,2,1
BRDA:141,25,3,0
BRDA:141,25,4,0
BRDA:154,26,0,4
BRDA:158,27,0,1
BRDA:169,28,0,1
BRDA:225,29,0,1
BRDA:225,29,1,1
BRDA:237,30,0,2
BRDA:237,30,1,1
BRF:56
BRH:20
end_of_record
TN:
SF:src/components/candidates/DocumentUpload.tsx
FN:10,(anonymous_15)
FN:17,(anonymous_16)
FN:30,(anonymous_17)
FN:46,(anonymous_18)
FN:46,(anonymous_19)
FN:128,(anonymous_21)
FN:142,(anonymous_22)
FN:158,(anonymous_23)
FNF:8
FNH:8
FNDA:28,(anonymous_15)
FNDA:7,(anonymous_16)
FNDA:4,(anonymous_17)
FNDA:6,(anonymous_18)
FNDA:6,(anonymous_19)
FNDA:2,(anonymous_21)
FNDA:1,(anonymous_22)
FNDA:1,(anonymous_23)
DA:1,2
DA:2,2
DA:3,2
DA:10,28
DA:11,28
DA:12,28
DA:13,28
DA:14,28
DA:15,28
DA:17,28
DA:18,7
DA:19,7
DA:20,7
DA:23,7
DA:24,7
DA:25,7
DA:30,28
DA:31,4
DA:32,4
DA:34,3
DA:36,0
DA:38,0
DA:40,0
DA:42,1
DA:46,28
DA:47,6
DA:49,6
DA:50,1
DA:51,1
DA:54,5
DA:55,1
DA:56,1
DA:59,4
DA:60,4
DA:61,1
DA:62,1
DA:66,3
DA:68,3
DA:69,3
DA:70,3
DA:71,3
DA:72,3
DA:73,3
DA:75,3
DA:81,3
DA:82,1
DA:83,1
DA:86,1
DA:87,1
DA:88,1
DA:89,1
DA:90,1
DA:92,2
DA:93,2
DA:95,3
DA:99,28
DA:128,2
DA:142,1
DA:158,1
DA:180,2
LF:60
LH:57
BRDA:18,0,0,7
BRDA:18,1,0,7
BRDA:18,1,1,7
BRDA:24,2,0,7
BRDA:31,3,0,4
BRDA:31,3,1,0
BRDA:31,4,0,0
BRDA:31,4,1,4
BRDA:31,5,0,4
BRDA:31,5,1,4
BRDA:32,6,0,3
BRDA:32,6,1,0
BRDA:32,6,2,0
BRDA:32,6,3,0
BRDA:32,6,4,1
BRDA:49,7,0,1
BRDA:54,8,0,1
BRDA:60,9,0,1
BRDA:81,10,0,1
BRDA:83,11,0,1
BRDA:83,11,1,0
BRDA:83,12,0,0
BRDA:83,12,1,1
BRDA:83,13,0,1
BRDA:83,13,1,1
BRDA:93,14,0,2
BRDA:93,14,1,0
BRDA:114,15,0,28
BRDA:114,15,1,13
BRDA:172,16,0,3
BRDA:172,16,1,25
BRF:31
BRH:23
end_of_record
TN:
SF:src/components/ui/Alert.tsx
FN:13,(anonymous_2)
FNF:1
FNH:0
FNDA:0,(anonymous_2)
DA:2,1
DA:13,1
DA:14,0
DA:21,0
DA:28,0
DA:50,1
LF:6
LH:3
BRDA:13,0,0,0
BRDA:13,0,1,0
BRDA:35,1,0,0
BRDA:35,1,1,0
BRF:4
BRH:0
end_of_record
TN:
SF:src/components/ui/Button.tsx
FN:13,(anonymous_4)
FNF:1
FNH:1
FNDA:34,(anonymous_4)
DA:2,4
DA:13,4
DA:14,34
DA:15,34
DA:16,34
DA:17,34
DA:18,34
DA:19,34
DA:20,34
DA:21,34
DA:22,34
DA:23,34
DA:25,34
DA:27,34
DA:35,34
DA:41,34
DA:42,34
DA:44,34
LF:18
LH:18
BRDA:15,0,0,31
BRDA:15,0,1,3
BRDA:16,1,0,34
BRDA:16,1,1,0
BRDA:17,2,0,34
BRDA:17,2,1,0
BRDA:18,3,0,34
BRDA:18,3,1,0
BRDA:21,4,0,2
BRDA:21,4,1,32
BRDA:41,5,0,0
BRDA:41,5,1,34
BRDA:42,6,0,3
BRDA:42,6,1,31
BRDA:42,7,0,34
BRDA:42,7,1,31
BRDA:47,8,0,34
BRDA:47,8,1,31
BRDA:50,9,0,34
BRDA:50,9,1,0
BRDA:51,10,0,34
BRDA:51,10,1,34
BRDA:51,10,2,0
BRDA:53,11,0,34
BRDA:53,11,1,34
BRDA:53,11,2,0
BRF:26
BRH:19
end_of_record
TN:
SF:src/components/ui/Spinner.tsx
FN:8,(anonymous_2)
FNF:1
FNH:0
FNDA:0,(anonymous_2)
DA:8,4
DA:9,0
DA:15,0
DA:24,4
LF:4
LH:2
BRDA:8,0,0,0
BRDA:8,0,1,0
BRDA:8,1,0,0
BRDA:8,1,1,0
BRF:4
BRH:0
end_of_record
TN:
SF:src/features/auth/index.ts
FN:2,(anonymous_1)
FN:3,(anonymous_2)
FN:6,(anonymous_3)
FN:6,(anonymous_4)
FN:6,(anonymous_5)
FN:9,(anonymous_6)
FN:10,(anonymous_7)
FNF:7
FNH:1
FNDA:1,(anonymous_1)
FNDA:0,(anonymous_2)
FNDA:0,(anonymous_3)
FNDA:0,(anonymous_4)
FNDA:0,(anonymous_5)
FNDA:0,(anonymous_6)
FNDA:0,(anonymous_7)
DA:2,2
DA:3,1
DA:6,1
DA:9,1
DA:10,1
LF:5
LH:5
BRF:0
BRH:0
end_of_record
TN:
SF:src/features/auth/components/LoginForm.tsx
FN:25,(anonymous_16)
FN:46,(anonymous_17)
FN:60,(anonymous_18)
FN:60,(anonymous_19)
FN:84,(anonymous_21)
FN:95,(anonymous_22)
FN:103,(anonymous_23)
FNF:7
FNH:0
FNDA:0,(anonymous_16)
FNDA:0,(anonymous_17)
FNDA:0,(anonymous_18)
FNDA:0,(anonymous_19)
FNDA:0,(anonymous_21)
FNDA:0,(anonymous_22)
FNDA:0,(anonymous_23)
DA:1,1
DA:2,1
DA:3,1
DA:4,1
DA:5,1
DA:6,1
DA:7,1
DA:8,1
DA:9,1
DA:12,1
DA:25,1
DA:26,0
DA:27,0
DA:28,0
DA:29,0
DA:30,0
DA:31,0
DA:34,0
DA:35,0
DA:36,0
DA:37,0
DA:46,0
DA:47,0
DA:48,0
DA:51,0
DA:52,0
DA:56,0
DA:57,0
DA:60,0
DA:61,0
DA:62,0
DA:63,0
DA:64,0
DA:66,0
DA:69,0
DA:72,0
DA:75,0
DA:78,0
DA:80,0
DA:84,0
DA:85,0
DA:88,0
DA:95,0
DA:103,0
DA:192,1
LF:45
LH:12
BRDA:51,0,0,0
BRDA:51,1,0,0
BRDA:51,1,1,0
BRDA:64,2,0,0
BRDA:64,2,1,0
BRDA:69,3,0,0
BRDA:69,3,1,0
BRDA:69,4,0,0
BRDA:69,4,1,0
BRDA:69,5,0,0
BRDA:69,5,1,0
BRDA:69,6,0,0
BRDA:69,6,1,0
BRDA:72,7,0,0
BRDA:72,7,1,0
BRDA:72,7,2,0
BRDA:91,8,0,0
BRDA:91,8,1,0
BRDA:99,9,0,0
BRDA:99,9,1,0
BRDA:120,10,0,0
BRDA:120,10,1,0
BRDA:127,11,0,0
BRDA:127,11,1,0
BRDA:142,12,0,0
BRDA:142,12,1,0
BRDA:145,13,0,0
BRDA:145,13,1,0
BRDA:158,14,0,0
BRDA:158,14,1,0
BRDA:166,15,0,0
BRDA:166,15,1,0
BRDA:177,16,0,0
BRDA:177,16,1,0
BRF:34
BRH:0
end_of_record
TN:
SF:src/features/auth/components/ProtectedRoute.tsx
FN:8,(anonymous_2)
FNF:1
FNH:0
FNDA:0,(anonymous_2)
DA:2,1
DA:3,1
DA:8,1
DA:9,0
DA:10,0
DA:13,0
DA:14,0
DA:22,0
DA:24,0
DA:27,0
DA:29,0
DA:33,0
DA:36,1
LF:13
LH:4
BRDA:13,0,0,0
BRDA:22,1,0,0
BRF:2
BRH:0
end_of_record
TN:
SF:src/features/auth/context/AuthContext.tsx
FN:17,(anonymous_15)
FN:26,(anonymous_16)
FN:30,(anonymous_17)
FN:31,(anonymous_18)
FN:100,(anonymous_21)
FN:100,(anonymous_22)
FN:152,(anonymous_24)
FN:195,(anonymous_27)
FNF:8
FNH:0
FNDA:0,(anonymous_15)
FNDA:0,(anonymous_16)
FNDA:0,(anonymous_17)
FNDA:0,(anonymous_18)
FNDA:0,(anonymous_21)
FNDA:0,(anonymous_22)
FNDA:0,(anonymous_24)
FNDA:0,(anonymous_27)
DA:1,1
DA:2,1
DA:6,1
DA:14,1
DA:17,1
DA:18,0
DA:19,0
DA:20,0
DA:22,0
DA:26,1
DA:27,0
DA:30,0
DA:31,0
DA:33,0
DA:35,0
DA:36,0
DA:38,0
DA:39,0
DA:41,0
DA:42,0
DA:45,0
DA:52,0
DA:54,0
DA:55,0
DA:57,0
DA:58,0
DA:60,0
DA:61,0
DA:64,0
DA:71,0
DA:73,0
DA:74,0
DA:83,0
DA:85,0
DA:86,0
DA:96,0
DA:100,0
DA:101,0
DA:108,0
DA:109,0
DA:110,0
DA:112,0
DA:113,0
DA:116,0
DA:117,0
DA:120,0
DA:126,0
DA:128,0
DA:130,0
DA:131,0
DA:136,0
DA:139,0
DA:141,0
DA:142,0
DA:147,0
DA:152,0
DA:153,0
DA:159,0
DA:161,0
DA:164,0
DA:167,0
DA:169,0
DA:176,0
DA:178,0
DA:181,0
DA:184,0
DA:186,0
DA:195,0
DA:197,0
DA:198,0
DA:199,0
DA:201,0
DA:202,0
DA:204,0
DA:205,0
DA:208,0
DA:214,0
DA:217,0
DA:219,0
DA:222,0
DA:231,0
DA:233,0
DA:235,0
DA:238,0
DA:247,0
DA:251,0
DA:258,0
DA:261,1
LF:88
LH:7
BRDA:19,0,0,0
BRDA:38,1,0,0
BRDA:38,2,0,0
BRDA:38,2,1,0
BRDA:41,3,0,0
BRDA:57,4,0,0
BRDA:57,4,1,0
BRDA:57,5,0,0
BRDA:57,5,1,0
BRDA:60,6,0,0
BRDA:112,7,0,0
BRDA:112,7,1,0
BRDA:112,8,0,0
BRDA:112,8,1,0
BRDA:116,9,0,0
BRDA:134,10,0,0
BRDA:134,10,1,0
BRDA:201,11,0,0
BRDA:201,12,0,0
BRDA:201,12,1,0
BRDA:204,13,0,0
BRF:21
BRH:0
end_of_record
TN:
SF:src/features/auth/services/authService.ts
FN:25,(anonymous_14)
FN:30,(anonymous_15)
FN:37,(anonymous_16)
FN:43,(anonymous_17)
FN:75,(anonymous_18)
FN:85,(anonymous_19)
FN:96,(anonymous_20)
FN:149,(anonymous_23)
FN:187,(anonymous_26)
FN:207,(anonymous_29)
FN:232,(anonymous_32)
FN:233,(anonymous_33)
FN:233,(anonymous_34)
FNF:13
FNH:0
FNDA:0,(anonymous_14)
FNDA:0,(anonymous_15)
FNDA:0,(anonymous_16)
FNDA:0,(anonymous_17)
FNDA:0,(anonymous_18)
FNDA:0,(anonymous_19)
FNDA:0,(anonymous_20)
FNDA:0,(anonymous_23)
FNDA:0,(anonymous_26)
FNDA:0,(anonymous_29)
FNDA:0,(anonymous_32)
FNDA:0,(anonymous_33)
FNDA:0,(anonymous_34)
DA:1,1
DA:5,1
DA:7,1
DA:16,1
DA:19,1
DA:22,1
DA:25,1
DA:27,0
DA:30,0
DA:31,0
DA:32,0
DA:37,1
DA:38,0
DA:39,0
DA:43,1
DA:45,0
DA:47,0
DA:48,0
DA:49,0
DA:52,0
DA:53,0
DA:54,0
DA:57,0
DA:60,0
DA:63,0
DA:66,0
DA:69,0
DA:74,1
DA:77,0
DA:78,0
DA:79,0
DA:81,0
DA:83,0
DA:86,0
DA:90,1
DA:98,0
DA:99,0
DA:100,0
DA:103,0
DA:104,0
DA:105,0
DA:107,0
DA:111,0
DA:112,0
DA:113,0
DA:129,0
DA:131,0
DA:133,0
DA:134,0
DA:135,0
DA:136,0
DA:138,0
DA:151,0
DA:153,0
DA:156,0
DA:159,0
DA:161,0
DA:163,0
DA:165,0
DA:168,0
DA:171,0
DA:173,0
DA:174,0
DA:176,0
DA:189,0
DA:190,0
DA:192,0
DA:193,0
DA:194,0
DA:196,0
DA:209,0
DA:212,0
DA:213,0
DA:216,0
DA:218,0
DA:219,0
DA:220,0
DA:222,0
DA:231,1
DA:232,0
DA:233,0
DA:234,0
DA:237,0
DA:238,0
DA:241,0
DA:248,0
DA:252,0
DA:254,0
DA:256,0
DA:257,0
DA:259,0
DA:262,0
DA:264,0
DA:265,0
DA:271,0
DA:274,0
DA:277,0
DA:281,1
LF:98
LH:13
BRDA:5,0,0,1
BRDA:5,0,1,0
BRDA:27,1,0,0
BRDA:27,1,1,0
BRDA:31,2,0,0
BRDA:31,2,1,0
BRDA:32,3,0,0
BRDA:32,3,1,0
BRDA:39,4,0,0
BRDA:39,4,1,0
BRDA:47,5,0,0
BRDA:52,6,0,0
BRDA:77,7,0,0
BRDA:77,7,1,0
BRDA:103,8,0,0
BRDA:103,8,1,0
BRDA:103,9,0,0
BRDA:103,9,1,0
BRDA:103,10,0,0
BRDA:103,10,1,0
BRDA:103,11,0,0
BRDA:103,11,1,0
BRDA:103,12,0,0
BRDA:103,12,1,0
BRDA:111,13,0,0
BRDA:111,14,0,0
BRDA:111,14,1,0
BRDA:116,15,0,0
BRDA:116,15,1,0
BRDA:116,16,0,0
BRDA:116,16,1,0
BRDA:116,17,0,0
BRDA:116,17,1,0
BRDA:122,18,0,0
BRDA:122,18,1,0
BRDA:122,19,0,0
BRDA:122,19,1,0
BRDA:122,20,0,0
BRDA:122,20,1,0
BRDA:134,21,0,0
BRDA:134,22,0,0
BRDA:134,22,1,0
BRDA:173,23,0,0
BRDA:173,24,0,0
BRDA:173,24,1,0
BRDA:193,25,0,0
BRDA:193,26,0,0
BRDA:193,26,1,0
BRDA:212,27,0,0
BRDA:212,28,0,0
BRDA:212,28,1,0
BRDA:212,29,0,0
BRDA:212,29,1,0
BRDA:212,30,0,0
BRDA:212,30,1,0
BRDA:212,31,0,0
BRDA:212,31,1,0
BRDA:219,32,0,0
BRDA:219,33,0,0
BRDA:219,33,1,0
BRDA:237,34,0,0
BRDA:237,34,1,0
BRDA:241,35,0,0
BRDA:241,36,0,0
BRDA:241,36,1,0
BRDA:241,36,2,0
BRDA:241,36,3,0
BRDA:241,36,4,0
BRDA:241,36,5,0
BRDA:242,37,0,0
BRDA:242,37,1,0
BRDA:242,38,0,0
BRDA:242,38,1,0
BRDA:254,39,0,0
BRDA:254,39,1,0
BRDA:254,40,0,0
BRDA:254,40,1,0
BRDA:254,41,0,0
BRDA:254,41,1,0
BRDA:254,42,0,0
BRDA:254,42,1,0
BRDA:257,43,0,0
BRDA:264,44,0,0
BRDA:271,45,0,0
BRDA:271,46,0,0
BRDA:271,46,1,0
BRDA:271,46,2,0
BRDA:272,47,0,0
BRDA:272,47,1,0
BRDA:272,48,0,0
BRDA:272,48,1,0
BRF:91
BRH:1
end_of_record
TN:
SF:src/features/candidates/index.ts
FN:2,(anonymous_1)
FN:3,(anonymous_2)
FN:4,(anonymous_3)
FN:5,(anonymous_4)
FN:9,(anonymous_5)
FN:10,(anonymous_6)
FN:11,(anonymous_7)
FN:12,(anonymous_8)
FN:13,(anonymous_9)
FN:17,(anonymous_10)
FNF:10
FNH:0
FNDA:0,(anonymous_1)
FNDA:0,(anonymous_2)
FNDA:0,(anonymous_3)
FNDA:0,(anonymous_4)
FNDA:0,(anonymous_5)
FNDA:0,(anonymous_6)
FNDA:0,(anonymous_7)
FNDA:0,(anonymous_8)
FNDA:0,(anonymous_9)
FNDA:0,(anonymous_10)
DA:2,1
DA:3,1
DA:4,1
DA:5,1
DA:8,1
DA:9,1
DA:10,1
DA:11,1
DA:12,1
DA:13,1
DA:17,1
LF:11
LH:11
BRF:0
BRH:0
end_of_record
TN:
SF:src/features/candidates/components/CandidateDetail.tsx
FN:10,(anonymous_16)
FN:28,(anonymous_17)
FN:36,(anonymous_18)
FN:57,(anonymous_19)
FN:73,(anonymous_20)
FN:89,(anonymous_21)
FN:97,(anonymous_22)
FN:101,(anonymous_23)
FN:116,(anonymous_26)
FN:120,(anonymous_27)
FN:124,(anonymous_28)
FN:129,(anonymous_29)
FN:132,(anonymous_30)
FN:282,(anonymous_31)
FN:318,(anonymous_32)
FN:351,(anonymous_33)
FNF:16
FNH:0
FNDA:0,(anonymous_16)
FNDA:0,(anonymous_17)
FNDA:0,(anonymous_18)
FNDA:0,(anonymous_19)
FNDA:0,(anonymous_20)
FNDA:0,(anonymous_21)
FNDA:0,(anonymous_22)
FNDA:0,(anonymous_23)
FNDA:0,(anonymous_26)
FNDA:0,(anonymous_27)
FNDA:0,(anonymous_28)
FNDA:0,(anonymous_29)
FNDA:0,(anonymous_30)
FNDA:0,(anonymous_31)
FNDA:0,(anonymous_32)
FNDA:0,(anonymous_33)
DA:1,1
DA:2,1
DA:3,1
DA:6,1
DA:7,1
DA:8,1
DA:10,1
DA:11,0
DA:12,0
DA:13,0
DA:14,0
DA:15,0
DA:16,0
DA:19,0
DA:28,0
DA:29,0
DA:36,0
DA:37,0
DA:39,0
DA:40,0
DA:41,0
DA:42,0
DA:45,0
DA:51,0
DA:52,0
DA:57,0
DA:58,0
DA:60,0
DA:61,0
DA:62,0
DA:63,0
DA:64,0
DA:65,0
DA:66,0
DA:67,0
DA:68,0
DA:73,0
DA:74,0
DA:76,0
DA:77,0
DA:78,0
DA:79,0
DA:80,0
DA:81,0
DA:82,0
DA:83,0
DA:84,0
DA:89,0
DA:90,0
DA:91,0
DA:92,0
DA:93,0
DA:94,0
DA:97,0
DA:98,0
DA:101,0
DA:103,0
DA:105,0
DA:107,0
DA:109,0
DA:112,0
DA:116,0
DA:117,0
DA:120,0
DA:121,0
DA:124,0
DA:125,0
DA:129,0
DA:132,0
DA:141,0
DA:142,0
DA:149,0
DA:150,0
DA:158,0
DA:161,0
DA:166,0
DA:171,0
DA:173,0
DA:282,0
DA:318,0
DA:351,0
DA:400,1
LF:82
LH:8
BRDA:12,0,0,0
BRDA:12,0,1,0
BRDA:37,1,0,0
BRDA:41,2,0,0
BRDA:58,3,0,0
BRDA:60,4,0,0
BRDA:60,4,1,0
BRDA:60,4,2,0
BRDA:60,4,3,0
BRDA:60,4,4,0
BRDA:60,4,5,0
BRDA:60,4,6,0
BRDA:60,4,7,0
BRDA:74,5,0,0
BRDA:76,6,0,0
BRDA:76,6,1,0
BRDA:76,6,2,0
BRDA:76,6,3,0
BRDA:76,6,4,0
BRDA:76,6,5,0
BRDA:76,6,6,0
BRDA:76,6,7,0
BRDA:90,7,0,0
BRDA:90,8,0,0
BRDA:90,8,1,0
BRDA:91,9,0,0
BRDA:92,10,0,0
BRDA:93,11,0,0
BRDA:93,12,0,0
BRDA:93,12,1,0
BRDA:105,13,0,0
BRDA:105,13,1,0
BRDA:136,14,0,0
BRDA:136,14,1,0
BRDA:141,15,0,0
BRDA:149,16,0,0
BRDA:149,17,0,0
BRDA:149,17,1,0
BRDA:149,17,2,0
BRDA:149,18,0,0
BRDA:149,18,1,0
BRDA:149,19,0,0
BRDA:149,19,1,0
BRDA:161,20,0,0
BRDA:161,20,1,0
BRDA:163,21,0,0
BRDA:163,21,1,0
BRDA:166,22,0,0
BRDA:166,22,1,0
BRDA:168,23,0,0
BRDA:168,23,1,0
BRDA:168,24,0,0
BRDA:168,24,1,0
BRDA:171,25,0,0
BRDA:171,25,1,0
BRDA:223,26,0,0
BRDA:223,26,1,0
BRDA:239,27,0,0
BRDA:239,27,1,0
BRDA:276,28,0,0
BRDA:276,28,1,0
BRDA:280,29,0,0
BRDA:280,29,1,0
BRDA:290,30,0,0
BRDA:290,30,1,0
BRDA:290,31,0,0
BRDA:290,31,1,0
BRDA:294,32,0,0
BRDA:294,32,1,0
BRDA:309,33,0,0
BRDA:309,33,1,0
BRDA:328,34,0,0
BRDA:328,34,1,0
BRDA:345,35,0,0
BRDA:345,35,1,0
BRDA:349,36,0,0
BRDA:349,36,1,0
BRDA:357,37,0,0
BRDA:357,37,1,0
BRDA:362,38,0,0
BRDA:362,38,1,0
BRDA:362,39,0,0
BRDA:362,39,1,0
BRDA:366,40,0,0
BRDA:366,40,1,0
BRDA:382,41,0,0
BRDA:382,41,1,0
BRF:87
BRH:0
end_of_record
TN:
SF:src/features/candidates/components/CandidateEdit.tsx
FN:58,(anonymous_16)
FN:94,(anonymous_17)
FN:102,(anonymous_18)
FN:126,(anonymous_19)
FN:135,(anonymous_20)
FN:155,(anonymous_21)
FN:208,(anonymous_22)
FN:259,(anonymous_23)
FN:260,(anonymous_24)
FN:268,(anonymous_25)
FN:276,(anonymous_26)
FN:276,(anonymous_27)
FN:288,(anonymous_29)
FN:315,(anonymous_30)
FN:331,(anonymous_31)
FN:331,(anonymous_32)
FN:346,(anonymous_34)
FN:349,(anonymous_35)
FN:393,(anonymous_36)
FN:453,(anonymous_37)
FN:498,(anonymous_38)
FN:543,(anonymous_39)
FN:588,(anonymous_40)
FNF:23
FNH:13
FNDA:18,(anonymous_16)
FNDA:3,(anonymous_17)
FNDA:7,(anonymous_18)
FNDA:9,(anonymous_19)
FNDA:9,(anonymous_20)
FNDA:0,(anonymous_21)
FNDA:0,(anonymous_22)
FNDA:0,(anonymous_23)
FNDA:0,(anonymous_24)
FNDA:1,(anonymous_25)
FNDA:2,(anonymous_26)
FNDA:2,(anonymous_27)
FNDA:6,(anonymous_29)
FNDA:0,(anonymous_30)
FNDA:0,(anonymous_31)
FNDA:0,(anonymous_32)
FNDA:52,(anonymous_34)
FNDA:0,(anonymous_35)
FNDA:0,(anonymous_36)
FNDA:1,(anonymous_37)
FNDA:1,(anonymous_38)
FNDA:1,(anonymous_39)
FNDA:0,(anonymous_40)
DA:1,2
DA:2,2
DA:3,2
DA:4,2
DA:5,2
DA:6,2
DA:7,2
DA:8,2
DA:9,2
DA:11,2
DA:14,2
DA:24,2
DA:33,2
DA:58,2
DA:59,18
DA:60,18
DA:61,18
DA:62,18
DA:63,18
DA:64,18
DA:65,18
DA:73,18
DA:74,18
DA:75,18
DA:76,18
DA:77,18
DA:78,18
DA:79,18
DA:80,18
DA:81,18
DA:94,18
DA:95,3
DA:96,3
DA:97,3
DA:102,18
DA:103,7
DA:104,3
DA:105,3
DA:108,3
DA:109,3
DA:110,3
DA:111,3
DA:115,3
DA:118,3
DA:119,3
DA:122,3
DA:123,3
DA:126,3
DA:127,9
DA:128,9
DA:129,0
DA:131,0
DA:132,0
DA:134,0
DA:135,9
DA:137,3
DA:140,3
DA:146,0
DA:147,0
DA:151,3
DA:152,3
DA:155,3
DA:157,0
DA:158,0
DA:161,0
DA:162,0
DA:163,0
DA:164,0
DA:165,0
DA:168,0
DA:172,0
DA:173,0
DA:174,0
DA:175,0
DA:176,0
DA:179,0
DA:183,0
DA:193,3
DA:194,3
DA:196,0
DA:198,0
DA:202,3
DA:204,3
DA:205,3
DA:208,3
DA:210,0
DA:211,0
DA:214,0
DA:215,0
DA:216,0
DA:217,0
DA:218,0
DA:221,0
DA:225,0
DA:226,0
DA:227,0
DA:228,0
DA:229,0
DA:232,0
DA:236,0
DA:245,3
DA:246,3
DA:248,0
DA:253,0
DA:259,18
DA:260,0
DA:267,18
DA:269,1
DA:271,1
DA:276,18
DA:278,2
DA:279,2
DA:282,2
DA:288,6
DA:297,2
DA:301,4
DA:306,1
DA:309,1
DA:310,0
DA:311,0
DA:312,1
DA:314,0
DA:315,0
DA:316,0
DA:318,0
DA:321,1
DA:331,18
DA:333,0
DA:335,0
DA:336,0
DA:338,0
DA:339,0
DA:340,0
DA:346,52
DA:349,0
DA:358,18
DA:359,4
DA:366,14
DA:367,1
DA:375,13
DA:393,0
DA:453,1
DA:498,1
DA:543,1
DA:588,0
DA:738,2
LF:146
LH:90
BRDA:60,0,0,18
BRDA:60,0,1,0
BRDA:96,1,0,3
BRDA:96,2,0,3
BRDA:96,2,1,3
BRDA:103,3,0,3
BRDA:103,4,0,7
BRDA:103,4,1,3
BRDA:103,5,0,4
BRDA:103,5,1,3
BRDA:103,6,0,7
BRDA:103,6,1,7
BRDA:108,7,0,3
BRDA:108,7,1,0
BRDA:109,8,0,3
BRDA:109,8,1,0
BRDA:110,9,0,3
BRDA:110,9,1,0
BRDA:111,10,0,3
BRDA:111,10,1,0
BRDA:115,11,0,0
BRDA:115,11,1,3
BRDA:119,12,0,3
BRDA:119,12,1,3
BRDA:122,13,0,3
BRDA:122,13,1,0
BRDA:122,14,0,3
BRDA:122,14,1,3
BRDA:127,15,0,9
BRDA:127,15,1,0
BRDA:129,16,0,0
BRDA:129,17,0,0
BRDA:129,17,1,0
BRDA:132,18,0,0
BRDA:132,18,1,0
BRDA:151,19,0,3
BRDA:151,19,1,0
BRDA:151,20,0,3
BRDA:151,20,1,3
BRDA:157,21,0,0
BRDA:157,21,1,0
BRDA:158,22,0,0
BRDA:158,22,1,0
BRDA:161,23,0,0
BRDA:164,24,0,0
BRDA:172,25,0,0
BRDA:175,26,0,0
BRDA:184,27,0,0
BRDA:184,27,1,0
BRDA:185,28,0,0
BRDA:185,28,1,0
BRDA:186,29,0,0
BRDA:186,29,1,0
BRDA:186,29,2,0
BRDA:189,30,0,0
BRDA:189,30,1,0
BRDA:202,31,0,3
BRDA:202,31,1,0
BRDA:204,32,0,3
BRDA:204,32,1,0
BRDA:204,33,0,3
BRDA:204,33,1,3
BRDA:210,34,0,0
BRDA:210,34,1,0
BRDA:211,35,0,0
BRDA:211,35,1,0
BRDA:214,36,0,0
BRDA:217,37,0,0
BRDA:225,38,0,0
BRDA:228,39,0,0
BRDA:237,40,0,0
BRDA:237,40,1,0
BRDA:238,41,0,0
BRDA:238,41,1,0
BRDA:241,42,0,0
BRDA:241,42,1,0
BRDA:269,43,0,1
BRDA:309,44,0,0
BRDA:309,44,1,1
BRDA:309,45,0,1
BRDA:309,45,1,1
BRDA:309,46,0,0
BRDA:309,46,1,1
BRDA:309,47,0,1
BRDA:309,47,1,1
BRDA:309,48,0,0
BRDA:309,48,1,1
BRDA:309,49,0,1
BRDA:309,49,1,1
BRDA:312,50,0,0
BRDA:312,50,1,1
BRDA:312,51,0,0
BRDA:312,51,1,1
BRDA:312,52,0,1
BRDA:312,52,1,1
BRDA:312,53,0,0
BRDA:312,53,1,1
BRDA:312,54,0,1
BRDA:312,54,1,1
BRDA:322,55,0,1
BRDA:322,55,1,0
BRDA:322,55,2,0
BRDA:322,56,0,0
BRDA:322,56,1,1
BRDA:322,57,0,1
BRDA:322,57,1,1
BRDA:322,58,0,0
BRDA:322,58,1,1
BRDA:322,59,0,1
BRDA:322,59,1,1
BRDA:333,60,0,0
BRDA:335,61,0,0
BRDA:339,62,0,0
BRDA:353,63,0,52
BRDA:353,63,1,0
BRDA:358,64,0,4
BRDA:366,65,0,1
BRDA:366,66,0,14
BRDA:366,66,1,13
BRDA:366,66,2,13
BRDA:366,67,0,0
BRDA:366,67,1,13
BRDA:366,68,0,13
BRDA:366,68,1,13
BRDA:383,69,0,13
BRDA:383,69,1,1
BRDA:390,70,0,1
BRDA:390,70,1,0
BRDA:403,71,0,13
BRDA:403,71,1,0
BRDA:411,72,0,13
BRDA:411,72,1,2
BRDA:411,72,2,0
BRDA:421,73,0,0
BRDA:421,73,1,0
BRDA:425,74,0,0
BRDA:425,74,1,0
BRDA:426,75,0,0
BRDA:426,75,1,0
BRDA:427,76,0,0
BRDA:427,76,1,0
BRDA:428,77,0,0
BRDA:428,77,1,0
BRDA:440,78,0,13
BRDA:440,78,1,13
BRDA:456,79,0,0
BRDA:456,79,1,13
BRDA:456,80,0,13
BRDA:456,80,1,5
BRDA:458,81,0,5
BRDA:458,81,1,8
BRDA:458,82,0,13
BRDA:458,82,1,5
BRDA:458,82,2,5
BRDA:463,83,0,0
BRDA:463,83,1,13
BRDA:466,84,0,13
BRDA:466,84,1,5
BRDA:466,84,2,0
BRDA:473,85,0,13
BRDA:473,85,1,5
BRDA:473,85,2,5
BRDA:473,85,3,5
BRDA:481,86,0,0
BRDA:481,86,1,13
BRDA:481,87,0,13
BRDA:481,87,1,5
BRDA:501,88,0,0
BRDA:501,88,1,13
BRDA:501,89,0,13
BRDA:501,89,1,4
BRDA:503,90,0,4
BRDA:503,90,1,9
BRDA:503,91,0,13
BRDA:503,91,1,4
BRDA:503,91,2,4
BRDA:508,92,0,0
BRDA:508,92,1,13
BRDA:511,93,0,13
BRDA:511,93,1,4
BRDA:511,93,2,0
BRDA:518,94,0,13
BRDA:518,94,1,4
BRDA:518,94,2,4
BRDA:518,94,3,4
BRDA:526,95,0,0
BRDA:526,95,1,13
BRDA:526,96,0,13
BRDA:526,96,1,4
BRDA:546,97,0,0
BRDA:546,97,1,13
BRDA:546,98,0,13
BRDA:546,98,1,3
BRDA:548,99,0,3
BRDA:548,99,1,10
BRDA:548,100,0,13
BRDA:548,100,1,3
BRDA:548,100,2,3
BRDA:553,101,0,0
BRDA:553,101,1,13
BRDA:556,102,0,13
BRDA:556,102,1,3
BRDA:556,102,2,0
BRDA:563,103,0,13
BRDA:563,103,1,3
BRDA:563,103,2,3
BRDA:563,103,3,3
BRDA:571,104,0,0
BRDA:571,104,1,13
BRDA:571,105,0,13
BRDA:571,105,1,3
BRDA:591,106,0,0
BRDA:591,106,1,13
BRDA:591,107,0,13
BRDA:591,107,1,0
BRDA:593,108,0,0
BRDA:593,108,1,13
BRDA:593,109,0,13
BRDA:593,109,1,0
BRDA:593,109,2,0
BRDA:598,110,0,0
BRDA:598,110,1,13
BRDA:601,111,0,13
BRDA:601,111,1,0
BRDA:601,111,2,0
BRDA:608,112,0,13
BRDA:608,112,1,0
BRDA:608,112,2,0
BRDA:608,112,3,0
BRDA:616,113,0,0
BRDA:616,113,1,13
BRDA:616,114,0,13
BRDA:616,114,1,0
BRDA:651,115,0,13
BRDA:651,115,1,13
BRDA:666,116,0,13
BRDA:666,116,1,13
BRDA:681,117,0,13
BRDA:681,117,1,13
BRDA:715,118,0,0
BRDA:715,118,1,13
BRDA:720,119,0,0
BRDA:720,119,1,13
BRF:243
BRH:141
end_of_record
TN:
SF:src/features/candidates/components/CandidateForm.tsx
FN:57,(anonymous_16)
FN:90,(anonymous_17)
FN:98,(anonymous_18)
FN:99,(anonymous_19)
FN:105,(anonymous_20)
FN:105,(anonymous_21)
FN:117,(anonymous_23)
FN:129,(anonymous_24)
FN:142,(anonymous_25)
FN:152,(anonymous_26)
FN:173,(anonymous_27)
FN:173,(anonymous_28)
FN:188,(anonymous_30)
FN:191,(anonymous_31)
FN:215,(anonymous_32)
FN:275,(anonymous_33)
FN:320,(anonymous_34)
FN:365,(anonymous_35)
FN:410,(anonymous_36)
FN:534,(anonymous_37)
FNF:20
FNH:12
FNDA:18,(anonymous_16)
FNDA:6,(anonymous_17)
FNDA:0,(anonymous_18)
FNDA:0,(anonymous_19)
FNDA:2,(anonymous_20)
FNDA:2,(anonymous_21)
FNDA:0,(anonymous_23)
FNDA:1,(anonymous_24)
FNDA:1,(anonymous_25)
FNDA:0,(anonymous_26)
FNDA:3,(anonymous_27)
FNDA:3,(anonymous_28)
FNDA:72,(anonymous_30)
FNDA:0,(anonymous_31)
FNDA:0,(anonymous_32)
FNDA:2,(anonymous_33)
FNDA:2,(anonymous_34)
FNDA:2,(anonymous_35)
FNDA:0,(anonymous_36)
FNDA:0,(anonymous_37)
DA:1,2
DA:2,2
DA:3,2
DA:4,2
DA:5,2
DA:6,2
DA:7,2
DA:8,2
DA:9,2
DA:10,2
DA:13,2
DA:23,2
DA:32,2
DA:57,2
DA:58,18
DA:59,18
DA:60,18
DA:61,18
DA:62,18
DA:70,18
DA:71,18
DA:72,18
DA:73,18
DA:74,18
DA:75,18
DA:76,18
DA:77,18
DA:90,18
DA:91,6
DA:92,6
DA:93,6
DA:98,18
DA:99,0
DA:105,18
DA:107,2
DA:108,2
DA:111,2
DA:117,0
DA:128,4
DA:130,1
DA:132,1
DA:134,1
DA:136,1
DA:139,0
DA:143,1
DA:146,1
DA:147,0
DA:148,0
DA:149,1
DA:151,0
DA:152,0
DA:153,0
DA:155,0
DA:158,1
DA:167,0
DA:168,0
DA:173,18
DA:175,3
DA:177,3
DA:178,1
DA:180,1
DA:181,1
DA:182,0
DA:188,72
DA:191,0
DA:200,18
DA:215,0
DA:275,2
DA:320,2
DA:365,2
DA:410,0
DA:534,0
DA:567,2
LF:73
LH:57
BRDA:92,0,0,6
BRDA:92,1,0,6
BRDA:92,1,1,6
BRDA:132,2,0,1
BRDA:132,2,1,0
BRDA:132,3,0,1
BRDA:132,3,1,1
BRDA:132,3,2,1
BRDA:139,4,0,0
BRDA:139,4,1,0
BRDA:146,5,0,0
BRDA:146,5,1,1
BRDA:146,6,0,1
BRDA:146,6,1,1
BRDA:146,7,0,1
BRDA:146,7,1,0
BRDA:146,8,0,1
BRDA:146,8,1,1
BRDA:146,9,0,1
BRDA:146,9,1,0
BRDA:146,10,0,1
BRDA:146,10,1,1
BRDA:149,11,0,0
BRDA:149,11,1,1
BRDA:149,12,0,1
BRDA:149,12,1,0
BRDA:149,13,0,1
BRDA:149,13,1,1
BRDA:149,14,0,1
BRDA:149,14,1,0
BRDA:149,15,0,1
BRDA:149,15,1,1
BRDA:159,16,0,1
BRDA:159,16,1,1
BRDA:159,16,2,0
BRDA:159,17,0,1
BRDA:159,17,1,0
BRDA:159,18,0,1
BRDA:159,18,1,1
BRDA:159,19,0,1
BRDA:159,19,1,0
BRDA:159,20,0,1
BRDA:159,20,1,1
BRDA:168,21,0,0
BRDA:168,21,1,0
BRDA:175,22,0,3
BRDA:177,23,0,1
BRDA:181,24,0,0
BRDA:195,25,0,72
BRDA:195,25,1,0
BRDA:205,26,0,18
BRDA:205,26,1,1
BRDA:212,27,0,1
BRDA:212,27,1,0
BRDA:225,28,0,18
BRDA:225,28,1,0
BRDA:233,29,0,18
BRDA:233,29,1,3
BRDA:233,29,2,1
BRDA:243,30,0,0
BRDA:243,30,1,1
BRDA:247,31,0,1
BRDA:247,31,1,1
BRDA:248,32,0,1
BRDA:248,32,1,1
BRDA:249,33,0,1
BRDA:249,33,1,1
BRDA:250,34,0,1
BRDA:250,34,1,1
BRDA:262,35,0,18
BRDA:262,35,1,18
BRDA:278,36,0,0
BRDA:278,36,1,18
BRDA:278,37,0,18
BRDA:278,37,1,10
BRDA:280,38,0,10
BRDA:280,38,1,8
BRDA:280,39,0,18
BRDA:280,39,1,10
BRDA:280,39,2,10
BRDA:285,40,0,1
BRDA:285,40,1,17
BRDA:288,41,0,18
BRDA:288,41,1,10
BRDA:288,41,2,0
BRDA:295,42,0,18
BRDA:295,42,1,10
BRDA:295,42,2,10
BRDA:295,42,3,10
BRDA:303,43,0,0
BRDA:303,43,1,18
BRDA:303,44,0,18
BRDA:303,44,1,10
BRDA:323,45,0,0
BRDA:323,45,1,18
BRDA:323,46,0,18
BRDA:323,46,1,8
BRDA:325,47,0,8
BRDA:325,47,1,10
BRDA:325,48,0,18
BRDA:325,48,1,8
BRDA:325,48,2,8
BRDA:330,49,0,1
BRDA:330,49,1,17
BRDA:333,50,0,18
BRDA:333,50,1,8
BRDA:333,50,2,0
BRDA:340,51,0,18
BRDA:340,51,1,8
BRDA:340,51,2,8
BRDA:340,51,3,8
BRDA:348,52,0,0
BRDA:348,52,1,18
BRDA:348,53,0,18
BRDA:348,53,1,8
BRDA:368,54,0,0
BRDA:368,54,1,18
BRDA:368,55,0,18
BRDA:368,55,1,6
BRDA:370,56,0,6
BRDA:370,56,1,12
BRDA:370,57,0,18
BRDA:370,57,1,6
BRDA:370,57,2,6
BRDA:375,58,0,1
BRDA:375,58,1,17
BRDA:378,59,0,18
BRDA:378,59,1,6
BRDA:378,59,2,0
BRDA:385,60,0,18
BRDA:385,60,1,6
BRDA:385,60,2,6
BRDA:385,60,3,6
BRDA:393,61,0,0
BRDA:393,61,1,18
BRDA:393,62,0,18
BRDA:393,62,1,6
BRDA:413,63,0,0
BRDA:413,63,1,18
BRDA:413,64,0,18
BRDA:413,64,1,0
BRDA:415,65,0,0
BRDA:415,65,1,18
BRDA:415,66,0,18
BRDA:415,66,1,0
BRDA:415,66,2,0
BRDA:420,67,0,1
BRDA:420,67,1,17
BRDA:423,68,0,18
BRDA:423,68,1,0
BRDA:423,68,2,0
BRDA:430,69,0,18
BRDA:430,69,1,0
BRDA:430,69,2,0
BRDA:430,69,3,0
BRDA:438,70,0,0
BRDA:438,70,1,18
BRDA:438,71,0,18
BRDA:438,71,1,0
BRDA:472,72,0,18
BRDA:472,72,1,18
BRDA:487,73,0,18
BRDA:487,73,1,18
BRDA:502,74,0,18
BRDA:502,74,1,18
BRDA:544,75,0,0
BRDA:544,75,1,18
BRDA:549,76,0,0
BRDA:549,76,1,18
BRF:169
BRH:127
end_of_record
TN:
SF:src/features/candidates/components/CandidateList.tsx
FN:7,(anonymous_16)
FN:16,(anonymous_17)
FN:33,(anonymous_18)
FN:68,(anonymous_19)
FN:107,(anonymous_20)
FN:123,(anonymous_21)
FN:138,(anonymous_22)
FN:143,(anonymous_23)
FN:161,(anonymous_26)
FN:166,(anonymous_27)
FN:170,(anonymous_28)
FN:226,(anonymous_29)
FN:240,(anonymous_30)
FN:246,(anonymous_31)
FN:252,(anonymous_32)
FNF:15
FNH:8
FNDA:11,(anonymous_16)
FNDA:0,(anonymous_17)
FNDA:0,(anonymous_18)
FNDA:0,(anonymous_19)
FNDA:22,(anonymous_20)
FNDA:22,(anonymous_21)
FNDA:4,(anonymous_22)
FNDA:4,(anonymous_23)
FNDA:1,(anonymous_26)
FNDA:0,(anonymous_27)
FNDA:0,(anonymous_28)
FNDA:22,(anonymous_29)
FNDA:0,(anonymous_30)
FNDA:0,(anonymous_31)
FNDA:4,(anonymous_32)
DA:1,2
DA:2,2
DA:3,2
DA:5,2
DA:7,2
DA:9,11
DA:10,11
DA:11,11
DA:12,11
DA:13,11
DA:16,11
DA:17,0
DA:19,0
DA:22,0
DA:23,0
DA:24,0
DA:25,0
DA:26,0
DA:29,0
DA:33,11
DA:35,0
DA:36,0
DA:40,0
DA:41,0
DA:42,0
DA:43,0
DA:48,0
DA:49,0
DA:53,0
DA:54,0
DA:58,0
DA:59,0
DA:60,0
DA:64,0
DA:68,11
DA:69,0
DA:72,0
DA:73,0
DA:77,0
DA:78,0
DA:82,0
DA:83,0
DA:87,0
DA:88,0
DA:92,0
DA:93,0
DA:97,0
DA:98,0
DA:99,0
DA:103,0
DA:107,11
DA:108,22
DA:110,22
DA:111,0
DA:112,11
DA:113,0
DA:114,0
DA:115,0
DA:116,0
DA:117,0
DA:118,11
DA:123,11
DA:124,22
DA:126,22
DA:127,0
DA:128,11
DA:129,0
DA:130,0
DA:131,0
DA:132,0
DA:133,0
DA:134,11
DA:138,11
DA:139,4
DA:140,4
DA:143,13
DA:144,2
DA:147,2
DA:149,1
DA:151,1
DA:152,1
DA:154,0
DA:157,1
DA:161,11
DA:162,1
DA:163,1
DA:166,11
DA:167,0
DA:170,11
DA:171,0
DA:174,11
DA:175,0
DA:182,11
DA:183,0
DA:191,11
DA:192,0
DA:199,11
DA:227,22
DA:228,22
DA:240,0
DA:246,0
DA:252,4
DA:266,2
LF:103
LH:46
BRDA:17,0,0,0
BRDA:23,1,0,0
BRDA:23,2,0,0
BRDA:23,2,1,0
BRDA:35,3,0,0
BRDA:35,4,0,0
BRDA:35,4,1,0
BRDA:40,5,0,0
BRDA:40,6,0,0
BRDA:40,6,1,0
BRDA:42,7,0,0
BRDA:42,8,0,0
BRDA:42,8,1,0
BRDA:48,9,0,0
BRDA:53,10,0,0
BRDA:53,11,0,0
BRDA:53,11,1,0
BRDA:58,12,0,0
BRDA:58,13,0,0
BRDA:58,13,1,0
BRDA:72,14,0,0
BRDA:72,15,0,0
BRDA:72,15,1,0
BRDA:77,16,0,0
BRDA:77,17,0,0
BRDA:77,17,1,0
BRDA:82,18,0,0
BRDA:82,19,0,0
BRDA:82,19,1,0
BRDA:87,20,0,0
BRDA:92,21,0,0
BRDA:92,22,0,0
BRDA:92,22,1,0
BRDA:97,23,0,0
BRDA:97,24,0,0
BRDA:97,24,1,0
BRDA:108,25,0,0
BRDA:110,26,0,0
BRDA:110,26,1,11
BRDA:110,26,2,0
BRDA:110,26,3,0
BRDA:110,26,4,0
BRDA:110,26,5,0
BRDA:110,26,6,0
BRDA:110,26,7,11
BRDA:124,27,0,0
BRDA:126,28,0,0
BRDA:126,28,1,11
BRDA:126,28,2,0
BRDA:126,28,3,0
BRDA:126,28,4,0
BRDA:126,28,5,0
BRDA:126,28,6,0
BRDA:126,28,7,11
BRDA:144,29,0,0
BRDA:149,30,0,1
BRDA:149,30,1,0
BRDA:174,31,0,0
BRDA:182,32,0,0
BRDA:191,33,0,0
BRDA:191,34,0,11
BRDA:191,34,1,11
BRDA:191,34,2,11
BRDA:191,35,0,0
BRDA:191,35,1,11
BRDA:191,36,0,11
BRDA:191,36,1,11
BRDA:201,37,0,11
BRDA:201,37,1,0
BRDA:202,38,0,11
BRDA:202,38,1,0
BRDA:208,39,0,7
BRDA:208,39,1,4
BRDA:208,40,0,11
BRDA:208,40,1,4
BRDA:208,41,0,7
BRDA:208,41,1,4
BRDA:208,42,0,11
BRDA:208,42,1,4
BRF:79
BRH:21
end_of_record
TN:
SF:src/features/candidates/components/DocumentList.tsx
FN:22,(anonymous_16)
FN:32,(anonymous_17)
FN:33,(anonymous_18)
FN:56,(anonymous_21)
FN:62,(anonymous_22)
FN:73,(anonymous_25)
FN:73,(anonymous_26)
FN:87,(anonymous_27)
FN:93,(anonymous_28)
FN:93,(anonymous_29)
FN:167,(anonymous_31)
FN:200,(anonymous_32)
FN:208,(anonymous_33)
FNF:13
FNH:0
FNDA:0,(anonymous_16)
FNDA:0,(anonymous_17)
FNDA:0,(anonymous_18)
FNDA:0,(anonymous_21)
FNDA:0,(anonymous_22)
FNDA:0,(anonymous_25)
FNDA:0,(anonymous_26)
FNDA:0,(anonymous_27)
FNDA:0,(anonymous_28)
FNDA:0,(anonymous_29)
FNDA:0,(anonymous_31)
FNDA:0,(anonymous_32)
FNDA:0,(anonymous_33)
DA:1,1
DA:2,1
DA:3,1
DA:4,1
DA:5,1
DA:22,1
DA:23,0
DA:24,0
DA:25,0
DA:26,0
DA:27,0
DA:28,0
DA:29,0
DA:30,0
DA:32,0
DA:33,0
DA:34,0
DA:35,0
DA:38,0
DA:40,0
DA:41,0
DA:43,0
DA:46,0
DA:47,0
DA:49,0
DA:53,0
DA:56,0
DA:57,0
DA:58,0
DA:59,0
DA:62,0
DA:63,0
DA:65,0
DA:66,0
DA:69,0
DA:71,0
DA:73,0
DA:74,0
DA:75,0
DA:77,0
DA:80,0
DA:81,0
DA:83,0
DA:87,0
DA:88,0
DA:89,0
DA:90,0
DA:93,0
DA:95,0
DA:98,0
DA:103,0
DA:106,0
DA:107,0
DA:108,0
DA:111,0
DA:112,0
DA:113,0
DA:116,0
DA:118,0
DA:119,0
DA:121,0
DA:125,0
DA:126,0
DA:133,0
DA:134,0
DA:149,0
DA:150,0
DA:157,0
DA:167,0
DA:200,0
DA:208,0
DA:237,1
LF:72
LH:7
BRDA:22,0,0,0
BRDA:22,0,1,0
BRDA:40,1,0,0
BRDA:40,1,1,0
BRDA:43,2,0,0
BRDA:43,2,1,0
BRDA:63,3,0,0
BRDA:71,4,0,0
BRDA:71,4,1,0
BRDA:77,5,0,0
BRDA:77,5,1,0
BRDA:125,6,0,0
BRDA:133,7,0,0
BRDA:149,8,0,0
BRDA:160,9,0,0
BRDA:160,9,1,0
BRDA:181,10,0,0
BRDA:181,10,1,0
BRDA:202,11,0,0
BRDA:202,11,1,0
BRDA:205,12,0,0
BRDA:205,12,1,0
BRDA:226,13,0,0
BRDA:226,13,1,0
BRDA:226,14,0,0
BRDA:226,14,1,0
BRF:26
BRH:0
end_of_record
TN:
SF:src/features/candidates/components/DocumentListReadOnly.tsx
FN:21,(anonymous_16)
FN:27,(anonymous_17)
FN:28,(anonymous_18)
FN:51,(anonymous_21)
FN:51,(anonymous_22)
FN:119,(anonymous_24)
FN:152,(anonymous_25)
FNF:7
FNH:4
FNDA:14,(anonymous_16)
FNDA:7,(anonymous_17)
FNDA:14,(anonymous_18)
FNDA:0,(anonymous_21)
FNDA:0,(anonymous_22)
FNDA:10,(anonymous_24)
FNDA:0,(anonymous_25)
DA:1,2
DA:2,2
DA:3,2
DA:4,2
DA:21,14
DA:22,14
DA:23,14
DA:24,14
DA:25,14
DA:27,14
DA:28,14
DA:29,7
DA:30,7
DA:33,7
DA:35,5
DA:36,5
DA:38,0
DA:41,1
DA:42,1
DA:44,6
DA:48,7
DA:51,14
DA:53,0
DA:56,0
DA:61,0
DA:64,0
DA:65,0
DA:66,0
DA:69,0
DA:70,0
DA:71,0
DA:74,0
DA:76,0
DA:77,0
DA:79,0
DA:83,14
DA:84,7
DA:91,7
DA:92,1
DA:107,6
DA:108,1
DA:115,5
DA:119,10
DA:152,0
DA:171,2
LF:45
LH:30
BRDA:21,0,0,9
BRDA:21,0,1,5
BRDA:35,1,0,5
BRDA:35,1,1,0
BRDA:83,2,0,7
BRDA:91,3,0,1
BRDA:107,4,0,1
BRDA:133,5,0,10
BRDA:133,5,1,5
BRDA:154,6,0,0
BRDA:154,6,1,10
BRDA:157,7,0,0
BRDA:157,7,1,10
BRF:13
BRH:10
end_of_record
TN:
SF:src/features/candidates/components/DocumentUploadForm.tsx
FN:14,(anonymous_15)
FN:42,(anonymous_16)
FN:69,(anonymous_17)
FN:95,(anonymous_18)
FN:103,(anonymous_19)
FN:105,(anonymous_20)
FN:117,(anonymous_21)
FN:117,(anonymous_22)
FN:172,(anonymous_24)
FNF:9
FNH:7
FNDA:0,(anonymous_15)
FNDA:15,(anonymous_16)
FNDA:4,(anonymous_17)
FNDA:1,(anonymous_18)
FNDA:2,(anonymous_19)
FNDA:0,(anonymous_20)
FNDA:3,(anonymous_21)
FNDA:3,(anonymous_22)
FNDA:1,(anonymous_24)
DA:1,2
DA:2,2
DA:3,2
DA:4,2
DA:5,2
DA:6,2
DA:7,2
DA:8,2
DA:11,2
DA:14,0
DA:23,2
DA:31,2
DA:34,2
DA:42,2
DA:43,15
DA:44,15
DA:45,15
DA:47,15
DA:48,15
DA:49,15
DA:50,15
DA:51,15
DA:52,15
DA:53,15
DA:54,15
DA:57,15
DA:58,15
DA:59,15
DA:60,15
DA:61,15
DA:69,15
DA:70,4
DA:71,4
DA:73,4
DA:74,0
DA:75,0
DA:79,4
DA:80,1
DA:81,1
DA:82,1
DA:86,3
DA:87,1
DA:88,1
DA:89,1
DA:92,2
DA:95,15
DA:96,1
DA:97,1
DA:98,1
DA:99,0
DA:103,15
DA:104,2
DA:105,2
DA:106,0
DA:107,0
DA:108,0
DA:110,0
DA:111,0
DA:114,2
DA:117,15
DA:118,3
DA:119,1
DA:120,1
DA:123,2
DA:124,2
DA:127,2
DA:130,2
DA:131,2
DA:132,2
DA:133,2
DA:134,2
DA:135,2
DA:137,2
DA:138,2
DA:139,2
DA:140,2
DA:141,2
DA:142,2
DA:145,2
DA:149,2
DA:151,2
DA:153,2
DA:155,2
DA:156,1
DA:158,1
DA:159,1
DA:160,1
DA:161,0
DA:162,0
DA:166,1
DA:170,1
DA:171,1
DA:172,1
DA:173,1
DA:174,1
DA:175,1
DA:176,1
DA:177,1
DA:180,1
DA:181,1
DA:182,1
DA:183,1
DA:184,1
DA:187,0
DA:188,0
DA:189,0
DA:190,0
DA:194,15
DA:364,2
LF:109
LH:94
BRDA:70,0,0,4
BRDA:70,0,1,0
BRDA:70,1,0,0
BRDA:70,1,1,4
BRDA:70,2,0,4
BRDA:70,2,1,4
BRDA:73,3,0,0
BRDA:79,4,0,1
BRDA:86,5,0,1
BRDA:98,6,0,0
BRDA:107,7,0,0
BRDA:110,8,0,0
BRDA:118,9,0,1
BRDA:133,10,0,2
BRDA:133,10,1,0
BRDA:140,11,0,2
BRDA:140,11,1,0
BRDA:155,12,0,1
BRDA:158,13,0,1
BRDA:159,14,0,1
BRDA:159,14,1,0
BRDA:161,15,0,0
BRDA:182,16,0,1
BRDA:182,16,1,0
BRDA:188,17,0,0
BRDA:188,17,1,0
BRDA:198,18,0,15
BRDA:198,18,1,1
BRDA:207,19,0,15
BRDA:207,19,1,4
BRDA:223,20,0,0
BRDA:223,20,1,15
BRDA:227,21,0,15
BRDA:227,21,1,0
BRDA:248,22,0,15
BRDA:248,22,1,0
BRDA:273,23,0,11
BRDA:273,23,1,4
BRDA:325,24,0,15
BRDA:325,24,1,2
BRDA:334,25,0,1
BRDA:334,25,1,1
BRDA:353,26,0,15
BRDA:353,26,1,13
BRDA:356,27,0,2
BRDA:356,27,1,13
BRF:46
BRH:30
end_of_record
TN:
SF:src/features/candidates/components/EducationFormSection.tsx
FN:22,(anonymous_2)
FN:34,(anonymous_3)
FN:65,(anonymous_4)
FN:71,(anonymous_5)
FNF:4
FNH:1
FNDA:31,(anonymous_2)
FNDA:0,(anonymous_3)
FNDA:0,(anonymous_4)
FNDA:0,(anonymous_5)
DA:2,3
DA:3,3
DA:22,3
DA:23,31
DA:24,31
DA:25,31
DA:28,31
DA:34,31
DA:35,0
DA:45,31
DA:65,0
DA:71,0
DA:176,3
LF:13
LH:10
BRDA:59,0,0,31
BRDA:59,0,1,31
BRDA:88,1,0,0
BRDA:88,1,1,0
BRDA:88,2,0,0
BRDA:88,2,1,0
BRDA:88,3,0,0
BRDA:88,3,1,0
BRDA:88,4,0,0
BRDA:88,4,1,0
BRDA:88,5,0,0
BRDA:88,5,1,0
BRDA:92,6,0,0
BRDA:92,6,1,0
BRDA:92,7,0,0
BRDA:92,7,1,0
BRDA:92,8,0,0
BRDA:92,8,1,0
BRDA:92,9,0,0
BRDA:92,9,1,0
BRDA:92,10,0,0
BRDA:92,10,1,0
BRDA:106,11,0,0
BRDA:106,11,1,0
BRDA:106,12,0,0
BRDA:106,12,1,0
BRDA:106,13,0,0
BRDA:106,13,1,0
BRDA:106,14,0,0
BRDA:106,14,1,0
BRDA:106,15,0,0
BRDA:106,15,1,0
BRDA:110,16,0,0
BRDA:110,16,1,0
BRDA:110,17,0,0
BRDA:110,17,1,0
BRDA:110,18,0,0
BRDA:110,18,1,0
BRDA:110,19,0,0
BRDA:110,19,1,0
BRDA:110,20,0,0
BRDA:110,20,1,0
BRDA:137,21,0,0
BRDA:137,21,1,0
BRDA:137,22,0,0
BRDA:137,22,1,0
BRDA:137,23,0,0
BRDA:137,23,1,0
BRDA:137,24,0,0
BRDA:137,24,1,0
BRDA:137,25,0,0
BRDA:137,25,1,0
BRDA:140,26,0,0
BRDA:140,26,1,0
BRDA:140,27,0,0
BRDA:140,27,1,0
BRDA:140,28,0,0
BRDA:140,28,1,0
BRDA:140,29,0,0
BRDA:140,29,1,0
BRDA:140,30,0,0
BRDA:140,30,1,0
BRF:62
BRH:2
end_of_record
TN:
SF:src/features/candidates/components/SkillsInput.tsx
FN:20,(anonymous_22)
FN:48,(anonymous_23)
FN:48,(anonymous_24)
FN:58,(anonymous_26)
FN:59,(anonymous_27)
FN:69,(anonymous_28)
FN:70,(anonymous_29)
FN:76,(anonymous_30)
FN:82,(anonymous_31)
FN:96,(anonymous_32)
FN:103,(anonymous_33)
FN:111,(anonymous_34)
FN:112,(anonymous_35)
FN:116,(anonymous_36)
FN:135,(anonymous_37)
FN:143,(anonymous_38)
FN:165,(anonymous_39)
FN:177,(anonymous_40)
FN:191,(anonymous_41)
FNF:19
FNH:18
FNDA:78,(anonymous_22)
FNDA:2,(anonymous_23)
FNDA:2,(anonymous_24)
FNDA:6,(anonymous_26)
FNDA:6,(anonymous_27)
FNDA:16,(anonymous_28)
FNDA:16,(anonymous_29)
FNDA:33,(anonymous_30)
FNDA:3,(anonymous_31)
FNDA:2,(anonymous_32)
FNDA:32,(anonymous_33)
FNDA:1,(anonymous_34)
FNDA:1,(anonymous_35)
FNDA:0,(anonymous_36)
FNDA:46,(anonymous_37)
FNDA:1,(anonymous_38)
FNDA:43,(anonymous_39)
FNDA:90,(anonymous_40)
FNDA:3,(anonymous_41)
DA:1,4
DA:2,4
DA:3,4
DA:4,4
DA:5,4
DA:6,4
DA:20,4
DA:21,78
DA:22,78
DA:23,78
DA:24,78
DA:26,78
DA:27,78
DA:28,78
DA:29,78
DA:33,78
DA:34,78
DA:41,78
DA:44,78
DA:47,78
DA:48,2
DA:49,2
DA:50,0
DA:51,0
DA:54,2
DA:56,2
DA:58,6
DA:59,6
DA:61,0
DA:63,2
DA:69,78
DA:70,16
DA:71,16
DA:76,78
DA:77,33
DA:78,33
DA:82,78
DA:83,3
DA:84,3
DA:85,2
DA:86,2
DA:87,2
DA:89,2
DA:90,2
DA:96,78
DA:97,2
DA:98,0
DA:103,78
DA:104,32
DA:105,0
DA:106,0
DA:111,78
DA:112,1
DA:116,78
DA:117,0
DA:126,78
DA:135,46
DA:143,1
DA:166,43
DA:177,90
DA:191,3
DA:203,4
LF:62
LH:55
BRDA:23,0,0,0
BRDA:23,0,1,78
BRDA:24,1,0,0
BRDA:24,1,1,78
BRDA:44,2,0,78
BRDA:44,2,1,0
BRDA:49,3,0,0
BRDA:84,4,0,2
BRDA:84,5,0,3
BRDA:84,5,1,3
BRDA:89,6,0,2
BRDA:97,7,0,0
BRDA:97,8,0,2
BRDA:97,8,1,0
BRDA:104,9,0,0
BRDA:104,10,0,32
BRDA:104,10,1,0
BRDA:134,11,0,25
BRDA:134,11,1,53
BRDA:166,12,0,32
BRDA:166,12,1,11
BRDA:191,13,0,3
BRDA:191,13,1,3
BRF:23
BRH:15
end_of_record
TN:
SF:src/features/candidates/components/WorkExperienceFormSection.tsx
FN:21,(anonymous_2)
FN:33,(anonymous_3)
FN:63,(anonymous_4)
FN:69,(anonymous_5)
FNF:4
FNH:1
FNDA:31,(anonymous_2)
FNDA:0,(anonymous_3)
FNDA:0,(anonymous_4)
FNDA:0,(anonymous_5)
DA:2,3
DA:3,3
DA:21,3
DA:22,31
DA:23,31
DA:24,31
DA:27,31
DA:33,31
DA:34,0
DA:43,31
DA:63,0
DA:69,0
DA:162,3
LF:13
LH:10
BRDA:57,0,0,31
BRDA:57,0,1,31
BRDA:86,1,0,0
BRDA:86,1,1,0
BRDA:86,2,0,0
BRDA:86,2,1,0
BRDA:86,3,0,0
BRDA:86,3,1,0
BRDA:86,4,0,0
BRDA:86,4,1,0
BRDA:86,5,0,0
BRDA:86,5,1,0
BRDA:90,6,0,0
BRDA:90,6,1,0
BRDA:90,7,0,0
BRDA:90,7,1,0
BRDA:90,8,0,0
BRDA:90,8,1,0
BRDA:90,9,0,0
BRDA:90,9,1,0
BRDA:90,10,0,0
BRDA:90,10,1,0
BRDA:104,11,0,0
BRDA:104,11,1,0
BRDA:104,12,0,0
BRDA:104,12,1,0
BRDA:104,13,0,0
BRDA:104,13,1,0
BRDA:104,14,0,0
BRDA:104,14,1,0
BRDA:104,15,0,0
BRDA:104,15,1,0
BRDA:108,16,0,0
BRDA:108,16,1,0
BRDA:108,17,0,0
BRDA:108,17,1,0
BRDA:108,18,0,0
BRDA:108,18,1,0
BRDA:108,19,0,0
BRDA:108,19,1,0
BRDA:108,20,0,0
BRDA:108,20,1,0
BRDA:122,21,0,0
BRDA:122,21,1,0
BRDA:122,22,0,0
BRDA:122,22,1,0
BRDA:122,23,0,0
BRDA:122,23,1,0
BRDA:122,24,0,0
BRDA:122,24,1,0
BRDA:122,25,0,0
BRDA:122,25,1,0
BRDA:125,26,0,0
BRDA:125,26,1,0
BRDA:125,27,0,0
BRDA:125,27,1,0
BRDA:125,28,0,0
BRDA:125,28,1,0
BRDA:125,29,0,0
BRDA:125,29,1,0
BRDA:125,30,0,0
BRDA:125,30,1,0
BRF:62
BRH:2
end_of_record
TN:
SF:src/features/candidates/hooks/useCandidates.ts
FN:13,(anonymous_13)
FN:16,(anonymous_14)
FN:23,(anonymous_17)
FN:47,(anonymous_18)
FN:50,(anonymous_19)
FN:58,(anonymous_20)
FN:62,(anonymous_21)
FN:62,(anonymous_22)
FN:90,(anonymous_24)
FN:96,(anonymous_25)
FN:106,(anonymous_26)
FN:112,(anonymous_27)
FN:114,(anonymous_28)
FN:130,(anonymous_29)
FN:134,(anonymous_30)
FN:135,(anonymous_31)
FN:146,(anonymous_32)
FN:150,(anonymous_33)
FN:150,(anonymous_34)
FNF:19
FNH:16
FNDA:0,(anonymous_13)
FNDA:0,(anonymous_14)
FNDA:0,(anonymous_17)
FNDA:18,(anonymous_18)
FNDA:5,(anonymous_19)
FNDA:22,(anonymous_20)
FNDA:5,(anonymous_21)
FNDA:5,(anonymous_22)
FNDA:3,(anonymous_24)
FNDA:2,(anonymous_25)
FNDA:21,(anonymous_26)
FNDA:5,(anonymous_27)
FNDA:3,(anonymous_28)
FNDA:4,(anonymous_29)
FNDA:3,(anonymous_30)
FNDA:2,(anonymous_31)
FNDA:42,(anonymous_32)
FNDA:5,(anonymous_33)
FNDA:5,(anonymous_34)
DA:1,4
DA:2,4
DA:4,4
DA:7,4
DA:8,4
DA:13,4
DA:14,0
DA:16,0
DA:18,0
DA:19,0
DA:21,0
DA:22,0
DA:23,0
DA:24,0
DA:34,0
DA:36,0
DA:37,0
DA:47,4
DA:48,18
DA:50,5
DA:58,4
DA:59,22
DA:61,22
DA:62,5
DA:64,5
DA:65,5
DA:66,3
DA:69,3
DA:70,0
DA:73,3
DA:75,2
DA:78,2
DA:79,0
DA:80,2
DA:81,0
DA:82,2
DA:83,1
DA:87,1
DA:91,3
DA:93,3
DA:94,3
DA:97,2
DA:98,2
DA:106,4
DA:109,21
DA:111,21
DA:112,5
DA:113,5
DA:116,3
DA:117,3
DA:120,3
DA:121,1
DA:130,4
DA:131,4
DA:133,4
DA:134,3
DA:137,2
DA:146,4
DA:147,42
DA:148,42
DA:150,42
DA:152,5
DA:153,5
DA:155,5
DA:157,4
DA:158,2
DA:161,2
DA:163,3
DA:164,3
DA:165,3
DA:167,5
DA:171,42
LF:72
LH:58
BRDA:21,0,0,0
BRDA:21,1,0,0
BRDA:21,1,1,0
BRDA:69,2,0,0
BRDA:70,3,0,0
BRDA:70,3,1,0
BRDA:78,4,0,0
BRDA:78,4,1,2
BRDA:78,5,0,2
BRDA:78,5,1,1
BRDA:80,6,0,0
BRDA:80,6,1,2
BRDA:80,7,0,2
BRDA:80,7,1,1
BRDA:82,8,0,1
BRDA:82,9,0,2
BRDA:82,9,1,1
BRDA:82,9,2,1
BRDA:120,10,0,1
BRDA:120,11,0,2
BRDA:120,11,1,1
BRDA:120,12,0,3
BRDA:120,12,1,3
BRDA:157,13,0,2
BRDA:158,14,0,2
BRDA:158,14,1,1
BRDA:161,15,0,2
BRDA:161,15,1,0
BRDA:163,16,0,3
BRDA:163,16,1,0
BRF:30
BRH:20
end_of_record
TN:
SF:src/features/candidates/services/candidateService.ts
FN:23,(anonymous_16)
FN:30,(anonymous_19)
FN:96,(anonymous_20)
FN:117,(anonymous_21)
FN:159,(anonymous_24)
FN:170,(anonymous_27)
FN:180,(anonymous_28)
FN:232,(anonymous_29)
FN:254,(anonymous_30)
FN:271,(anonymous_33)
FN:289,(anonymous_36)
FN:332,(anonymous_39)
FN:380,(anonymous_42)
FN:419,(anonymous_45)
FNF:14
FNH:13
FNDA:3,(anonymous_16)
FNDA:1,(anonymous_19)
FNDA:1,(anonymous_20)
FNDA:2,(anonymous_21)
FNDA:3,(anonymous_24)
FNDA:1,(anonymous_27)
FNDA:1,(anonymous_28)
FNDA:0,(anonymous_29)
FNDA:2,(anonymous_30)
FNDA:2,(anonymous_33)
FNDA:2,(anonymous_36)
FNDA:2,(anonymous_39)
FNDA:2,(anonymous_42)
FNDA:4,(anonymous_45)
DA:3,2
DA:6,2
DA:18,2
DA:25,3
DA:26,1
DA:29,1
DA:30,1
DA:31,1
DA:32,1
DA:35,1
DA:36,1
DA:38,1
DA:39,1
DA:40,0
DA:42,0
DA:43,1
DA:44,1
DA:49,1
DA:50,1
DA:51,1
DA:52,0
DA:56,1
DA:75,1
DA:76,1
DA:77,1
DA:81,1
DA:83,2
DA:84,2
DA:97,1
DA:99,0
DA:102,0
DA:103,0
DA:104,0
DA:105,0
DA:106,0
DA:109,0
DA:119,2
DA:120,1
DA:123,1
DA:125,1
DA:140,1
DA:141,1
DA:144,1
DA:146,1
DA:147,1
DA:161,3
DA:164,3
DA:165,3
DA:168,3
DA:169,3
DA:170,1
DA:178,3
DA:179,3
DA:180,1
DA:188,3
DA:202,3
DA:204,3
DA:205,1
DA:207,1
DA:209,2
DA:212,2
DA:213,1
DA:220,2
DA:233,0
DA:235,0
DA:238,0
DA:239,0
DA:240,0
DA:241,0
DA:242,0
DA:245,0
DA:256,2
DA:257,1
DA:259,1
DA:273,2
DA:274,1
DA:276,1
DA:291,2
DA:293,2
DA:299,1
DA:300,1
DA:305,1
DA:307,1
DA:308,0
DA:314,0
DA:320,1
DA:334,2
DA:337,2
DA:339,1
DA:340,1
DA:345,1
DA:347,1
DA:348,0
DA:355,0
DA:356,0
DA:362,0
DA:368,1
DA:382,2
DA:384,2
DA:386,1
DA:387,1
DA:392,1
DA:394,1
DA:395,0
DA:401,0
DA:407,1
DA:421,4
DA:422,1
DA:425,3
DA:426,1
DA:428,1
DA:430,2
DA:431,2
LF:113
LH:87
BRDA:6,0,0,2
BRDA:6,0,1,0
BRDA:29,1,0,1
BRDA:29,2,0,1
BRDA:29,2,1,1
BRDA:38,3,0,1
BRDA:39,4,0,0
BRDA:39,4,1,1
BRDA:43,5,0,1
BRDA:51,6,0,0
BRDA:51,7,0,1
BRDA:51,7,1,1
BRDA:61,8,0,1
BRDA:61,8,1,1
BRDA:63,9,0,1
BRDA:63,9,1,1
BRDA:63,10,0,1
BRDA:63,10,1,1
BRDA:63,10,2,1
BRDA:64,11,0,1
BRDA:64,11,1,1
BRDA:64,11,2,1
BRDA:65,12,0,1
BRDA:65,12,1,1
BRDA:68,13,0,1
BRDA:68,13,1,1
BRDA:69,14,0,1
BRDA:69,14,1,0
BRDA:72,15,0,1
BRDA:72,15,1,0
BRDA:86,16,0,2
BRDA:86,16,1,1
BRDA:86,17,0,1
BRDA:86,17,1,1
BRDA:86,18,0,2
BRDA:86,18,1,2
BRDA:86,19,0,1
BRDA:86,19,1,1
BRDA:86,20,0,2
BRDA:86,20,1,2
BRDA:97,21,0,1
BRDA:103,22,0,0
BRDA:103,23,0,0
BRDA:103,23,1,0
BRDA:123,24,0,1
BRDA:123,25,0,1
BRDA:123,25,1,1
BRDA:128,26,0,1
BRDA:128,26,1,1
BRDA:128,27,0,0
BRDA:128,27,1,1
BRDA:130,28,0,1
BRDA:130,28,1,1
BRDA:130,29,0,1
BRDA:130,29,1,1
BRDA:130,30,0,0
BRDA:130,30,1,1
BRDA:130,31,0,1
BRDA:130,31,1,0
BRDA:132,32,0,1
BRDA:132,32,1,0
BRDA:134,33,0,1
BRDA:134,33,1,1
BRDA:135,34,0,1
BRDA:135,34,1,0
BRDA:136,35,0,1
BRDA:136,35,1,1
BRDA:137,36,0,1
BRDA:137,36,1,0
BRDA:149,37,0,1
BRDA:149,37,1,1
BRDA:149,38,0,1
BRDA:149,38,1,0
BRDA:149,39,0,1
BRDA:149,39,1,1
BRDA:149,40,0,1
BRDA:149,40,1,0
BRDA:149,41,0,1
BRDA:149,41,1,1
BRDA:169,42,0,1
BRDA:172,43,0,0
BRDA:172,43,1,1
BRDA:173,44,0,0
BRDA:173,44,1,1
BRDA:173,45,0,0
BRDA:173,45,1,0
BRDA:179,46,0,1
BRDA:182,47,0,0
BRDA:182,47,1,1
BRDA:183,48,0,0
BRDA:183,48,1,1
BRDA:183,49,0,0
BRDA:183,49,1,0
BRDA:192,50,0,3
BRDA:192,50,1,2
BRDA:192,51,0,2
BRDA:192,51,1,1
BRDA:192,52,0,3
BRDA:192,52,1,3
BRDA:193,53,0,3
BRDA:193,53,1,2
BRDA:194,54,0,3
BRDA:194,54,1,3
BRDA:194,55,0,3
BRDA:194,55,1,0
BRDA:194,56,0,3
BRDA:194,56,1,3
BRDA:199,57,0,3
BRDA:199,57,1,2
BRDA:212,58,0,1
BRDA:222,59,0,2
BRDA:222,59,1,1
BRDA:222,60,0,1
BRDA:222,60,1,1
BRDA:222,61,0,2
BRDA:222,61,1,2
BRDA:222,62,0,1
BRDA:222,62,1,1
BRDA:222,63,0,2
BRDA:222,63,1,2
BRDA:233,64,0,0
BRDA:239,65,0,0
BRDA:239,66,0,0
BRDA:239,66,1,0
BRDA:261,67,0,1
BRDA:261,67,1,1
BRDA:261,68,0,1
BRDA:261,68,1,0
BRDA:261,69,0,1
BRDA:261,69,1,1
BRDA:261,70,0,1
BRDA:261,70,1,0
BRDA:261,71,0,1
BRDA:261,71,1,1
BRDA:278,72,0,1
BRDA:278,72,1,1
BRDA:278,73,0,1
BRDA:278,73,1,0
BRDA:278,74,0,1
BRDA:278,74,1,1
BRDA:278,75,0,1
BRDA:278,75,1,0
BRDA:278,76,0,1
BRDA:278,76,1,1
BRDA:307,77,0,0
BRDA:316,78,0,0
BRDA:316,78,1,0
BRDA:316,79,0,0
BRDA:316,79,1,0
BRDA:316,80,0,0
BRDA:316,80,1,0
BRDA:342,81,0,1
BRDA:342,81,1,0
BRDA:347,82,0,0
BRDA:355,83,0,0
BRDA:364,84,0,0
BRDA:364,84,1,0
BRDA:364,85,0,0
BRDA:364,85,1,0
BRDA:364,86,0,0
BRDA:364,86,1,0
BRDA:394,87,0,0
BRDA:403,88,0,0
BRDA:403,88,1,0
BRDA:403,89,0,0
BRDA:403,89,1,0
BRDA:403,90,0,0
BRDA:403,90,1,0
BRDA:421,91,0,1
BRDA:421,92,0,4
BRDA:421,92,1,3
BRDA:433,93,0,2
BRDA:433,93,1,1
BRDA:433,94,0,1
BRDA:433,94,1,1
BRDA:433,95,0,2
BRDA:433,95,1,2
BRDA:433,96,0,1
BRDA:433,96,1,1
BRDA:433,97,0,2
BRDA:433,97,1,2
BRF:181
BRH:125
end_of_record
TN:
SF:src/pages/AddCandidatePage.tsx
FN:7,(anonymous_2)
FN:11,(anonymous_3)
FN:15,(anonymous_4)
FNF:3
FNH:0
FNDA:0,(anonymous_2)
FNDA:0,(anonymous_3)
FNDA:0,(anonymous_4)
DA:2,1
DA:3,1
DA:4,1
DA:5,1
DA:7,1
DA:8,0
DA:9,0
DA:11,0
DA:12,0
DA:15,0
DA:16,0
DA:19,0
DA:59,1
LF:13
LH:6
BRDA:28,0,0,0
BRDA:28,0,1,0
BRDA:28,1,0,0
BRDA:28,1,1,0
BRDA:28,2,0,0
BRDA:28,2,1,0
BRDA:28,3,0,0
BRDA:28,3,1,0
BRDA:28,4,0,0
BRDA:28,4,1,0
BRF:10
BRH:0
end_of_record
TN:
SF:src/pages/CandidateDetailPage.tsx
FN:7,(anonymous_3)
FN:11,(anonymous_4)
FN:15,(anonymous_5)
FN:19,(anonymous_6)
FNF:4
FNH:0
FNDA:0,(anonymous_3)
FNDA:0,(anonymous_4)
FNDA:0,(anonymous_5)
FNDA:0,(anonymous_6)
DA:2,1
DA:3,1
DA:4,1
DA:5,1
DA:7,1
DA:8,0
DA:9,0
DA:11,0
DA:12,0
DA:15,0
DA:16,0
DA:19,0
DA:20,0
DA:23,0
DA:62,1
LF:15
LH:6
BRDA:32,0,0,0
BRDA:32,0,1,0
BRDA:32,1,0,0
BRDA:32,1,1,0
BRDA:32,2,0,0
BRDA:32,2,1,0
BRDA:32,3,0,0
BRDA:32,3,1,0
BRDA:32,4,0,0
BRDA:32,4,1,0
BRF:10
BRH:0
end_of_record
TN:
SF:src/pages/CandidateDocumentsPage.tsx
FN:17,(anonymous_16)
FN:25,(anonymous_17)
FN:26,(anonymous_18)
FN:55,(anonymous_21)
FN:57,(anonymous_22)
FN:60,(anonymous_23)
FNF:6
FNH:5
FNDA:10,(anonymous_16)
FNDA:5,(anonymous_17)
FNDA:10,(anonymous_18)
FNDA:1,(anonymous_21)
FNDA:1,(anonymous_22)
FNDA:0,(anonymous_23)
DA:1,2
DA:2,2
DA:3,2
DA:4,2
DA:5,2
DA:6,2
DA:7,2
DA:8,2
DA:17,2
DA:18,10
DA:19,10
DA:20,10
DA:21,10
DA:22,10
DA:23,10
DA:25,10
DA:26,10
DA:27,5
DA:30,5
DA:31,5
DA:33,5
DA:37,5
DA:38,1
DA:39,1
DA:42,2
DA:43,2
DA:45,2
DA:46,2
DA:48,4
DA:52,5
DA:55,10
DA:56,1
DA:57,1
DA:60,10
DA:61,0
DA:64,10
DA:65,5
DA:79,5
DA:80,2
DA:96,3
DA:142,2
LF:41
LH:40
BRDA:42,0,0,2
BRDA:27,1,0,0
BRDA:37,2,0,2
BRDA:39,3,0,1
BRDA:39,3,1,0
BRDA:39,4,0,0
BRDA:39,4,1,1
BRDA:39,5,0,1
BRDA:39,5,1,1
BRDA:46,6,0,2
BRDA:46,6,1,0
BRDA:64,7,0,5
BRDA:79,8,0,2
BRDA:79,9,0,5
BRDA:79,9,1,3
BRDA:86,10,0,2
BRDA:86,10,1,0
BRF:17
BRH:12
end_of_record
TN:
SF:src/pages/CandidateEditPage.tsx
FN:7,(anonymous_3)
FN:11,(anonymous_4)
FN:15,(anonymous_5)
FN:19,(anonymous_6)
FNF:4
FNH:0
FNDA:0,(anonymous_3)
FNDA:0,(anonymous_4)
FNDA:0,(anonymous_5)
FNDA:0,(anonymous_6)
DA:2,1
DA:3,1
DA:4,1
DA:5,1
DA:7,1
DA:8,0
DA:9,0
DA:11,0
DA:12,0
DA:15,0
DA:16,0
DA:19,0
DA:20,0
DA:23,0
DA:62,1
LF:15
LH:6
BRDA:32,0,0,0
BRDA:32,0,1,0
BRDA:32,1,0,0
BRDA:32,1,1,0
BRDA:32,2,0,0
BRDA:32,2,1,0
BRDA:32,3,0,0
BRDA:32,3,1,0
BRDA:32,4,0,0
BRDA:32,4,1,0
BRF:10
BRH:0
end_of_record
TN:
SF:src/pages/CandidateEditSuccessPage.tsx
FN:9,(anonymous_3)
FN:26,(anonymous_4)
FN:36,(anonymous_5)
FN:40,(anonymous_6)
FN:44,(anonymous_7)
FN:48,(anonymous_8)
FN:52,(anonymous_9)
FN:55,(anonymous_10)
FNF:8
FNH:0
FNDA:0,(anonymous_3)
FNDA:0,(anonymous_4)
FNDA:0,(anonymous_5)
FNDA:0,(anonymous_6)
FNDA:0,(anonymous_7)
FNDA:0,(anonymous_8)
FNDA:0,(anonymous_9)
FNDA:0,(anonymous_10)
DA:1,1
DA:2,1
DA:3,1
DA:4,1
DA:5,1
DA:6,1
DA:7,1
DA:9,1
DA:10,0
DA:11,0
DA:12,0
DA:13,0
DA:14,0
DA:16,0
DA:17,0
DA:18,0
DA:21,0
DA:23,0
DA:26,0
DA:27,0
DA:28,0
DA:29,0
DA:30,0
DA:31,0
DA:36,0
DA:37,0
DA:40,0
DA:41,0
DA:44,0
DA:45,0
DA:48,0
DA:49,0
DA:50,0
DA:52,0
DA:55,0
DA:56,0
DA:60,0
DA:61,0
DA:69,0
DA:70,0
DA:80,0
DA:187,1
LF:42
LH:9
BRDA:14,0,0,0
BRDA:14,0,1,0
BRDA:21,1,0,0
BRDA:21,1,1,0
BRDA:27,2,0,0
BRDA:27,3,0,0
BRDA:27,3,1,0
BRDA:27,4,0,0
BRDA:27,4,1,0
BRDA:27,5,0,0
BRDA:27,5,1,0
BRDA:28,6,0,0
BRDA:28,6,1,0
BRDA:28,7,0,0
BRDA:28,7,1,0
BRDA:30,8,0,0
BRDA:60,9,0,0
BRDA:69,10,0,0
BRDA:69,11,0,0
BRDA:69,11,1,0
BRDA:89,12,0,0
BRDA:89,12,1,0
BRDA:89,13,0,0
BRDA:89,13,1,0
BRDA:89,14,0,0
BRDA:89,14,1,0
BRDA:89,15,0,0
BRDA:89,15,1,0
BRDA:89,16,0,0
BRDA:89,16,1,0
BRDA:114,17,0,0
BRDA:114,17,1,0
BRDA:130,18,0,0
BRDA:130,18,1,0
BRDA:151,19,0,0
BRDA:151,19,1,0
BRF:36
BRH:0
end_of_record
TN:
SF:src/pages/CandidateSuccessPage.tsx
FN:8,(anonymous_3)
FN:53,(anonymous_4)
FN:61,(anonymous_5)
FN:65,(anonymous_6)
FN:71,(anonymous_7)
FN:75,(anonymous_8)
FN:79,(anonymous_9)
FN:83,(anonymous_10)
FN:88,(anonymous_11)
FN:91,(anonymous_12)
FNF:10
FNH:0
FNDA:0,(anonymous_3)
FNDA:0,(anonymous_4)
FNDA:0,(anonymous_5)
FNDA:0,(anonymous_6)
FNDA:0,(anonymous_7)
FNDA:0,(anonymous_8)
FNDA:0,(anonymous_9)
FNDA:0,(anonymous_10)
FNDA:0,(anonymous_11)
FNDA:0,(anonymous_12)
DA:1,1
DA:2,1
DA:3,1
DA:4,1
DA:5,1
DA:6,1
DA:8,1
DA:9,0
DA:10,0
DA:11,0
DA:12,0
DA:13,0
DA:14,0
DA:15,0
DA:17,0
DA:20,0
DA:23,0
DA:25,0
DA:26,0
DA:27,0
DA:28,0
DA:29,0
DA:30,0
DA:31,0
DA:32,0
DA:34,0
DA:36,0
DA:41,0
DA:42,0
DA:43,0
DA:44,0
DA:46,0
DA:49,0
DA:50,0
DA:53,0
DA:54,0
DA:61,0
DA:62,0
DA:63,0
DA:64,0
DA:65,0
DA:66,0
DA:71,0
DA:72,0
DA:75,0
DA:76,0
DA:79,0
DA:80,0
DA:83,0
DA:84,0
DA:85,0
DA:86,0
DA:88,0
DA:91,0
DA:92,0
DA:93,0
DA:97,0
DA:98,0
DA:105,0
DA:230,1
LF:60
LH:8
BRDA:25,0,0,0
BRDA:28,1,0,0
BRDA:28,1,1,0
BRDA:28,2,0,0
BRDA:28,2,1,0
BRDA:28,3,0,0
BRDA:28,3,1,0
BRDA:29,4,0,0
BRDA:29,4,1,0
BRDA:29,5,0,0
BRDA:29,5,1,0
BRDA:29,6,0,0
BRDA:29,6,1,0
BRDA:29,7,0,0
BRDA:29,7,1,0
BRDA:29,8,0,0
BRDA:29,8,1,0
BRDA:29,9,0,0
BRDA:29,9,1,0
BRDA:31,10,0,0
BRDA:31,11,0,0
BRDA:31,11,1,0
BRDA:31,12,0,0
BRDA:31,12,1,0
BRDA:41,13,0,0
BRDA:41,14,0,0
BRDA:41,14,1,0
BRDA:41,15,0,0
BRDA:41,15,1,0
BRDA:41,16,0,0
BRDA:41,16,1,0
BRDA:43,17,0,0
BRDA:54,18,0,0
BRDA:62,19,0,0
BRDA:62,20,0,0
BRDA:62,20,1,0
BRDA:97,21,0,0
BRDA:114,22,0,0
BRDA:114,22,1,0
BRDA:114,23,0,0
BRDA:114,23,1,0
BRDA:114,24,0,0
BRDA:114,24,1,0
BRDA:114,25,0,0
BRDA:114,25,1,0
BRDA:114,26,0,0
BRDA:114,26,1,0
BRDA:139,27,0,0
BRDA:139,27,1,0
BRDA:155,28,0,0
BRDA:155,28,1,0
BRDA:176,29,0,0
BRDA:176,29,1,0
BRDA:184,30,0,0
BRDA:184,30,1,0
BRDA:206,31,0,0
BRDA:206,31,1,0
BRF:57
BRH:0
end_of_record
TN:
SF:src/pages/DashboardPage.tsx
FN:7,(anonymous_2)
FN:11,(anonymous_3)
FN:15,(anonymous_4)
FNF:3
FNH:0
FNDA:0,(anonymous_2)
FNDA:0,(anonymous_3)
FNDA:0,(anonymous_4)
DA:2,1
DA:3,1
DA:4,1
DA:5,1
DA:7,1
DA:8,0
DA:9,0
DA:11,0
DA:12,0
DA:15,0
DA:16,0
DA:19,0
DA:74,1
LF:13
LH:6
BRDA:28,0,0,0
BRDA:28,0,1,0
BRDA:28,1,0,0
BRDA:28,1,1,0
BRDA:28,2,0,0
BRDA:28,2,1,0
BRDA:28,3,0,0
BRDA:28,3,1,0
BRDA:28,4,0,0
BRDA:28,4,1,0
BRF:10
BRH:0
end_of_record
TN:
SF:src/pages/LandingPage.tsx
FN:5,(anonymous_2)
FNF:1
FNH:1
FNDA:2,(anonymous_2)
DA:2,2
DA:3,2
DA:5,2
DA:6,2
DA:276,2
LF:5
LH:5
BRF:0
BRH:0
end_of_record
TN:
SF:src/pages/LoginPage.tsx
FN:5,(anonymous_2)
FN:10,(anonymous_3)
FNF:2
FNH:0
FNDA:0,(anonymous_2)
FNDA:0,(anonymous_3)
DA:1,1
DA:2,1
DA:3,1
DA:5,1
DA:6,0
DA:7,0
DA:10,0
DA:11,0
DA:12,0
DA:16,0
DA:68,1
LF:11
LH:5
BRDA:11,0,0,0
BRF:1
BRH:0
end_of_record
