TN:
SF:src/App.tsx
FN:14,App
FNF:1
FNH:1
FNDA:1,App
DA:2,1
DA:3,1
DA:4,1
DA:5,1
DA:6,1
DA:7,1
DA:8,1
DA:9,1
DA:10,1
DA:11,1
DA:12,1
DA:15,1
DA:39,1
LF:13
LH:13
BRF:0
BRH:0
end_of_record
TN:
SF:src/setupTests.ts
FNF:0
FNH:0
DA:5,0
LF:1
LH:0
BRF:0
BRH:0
end_of_record
TN:
SF:src/components/ConfirmationModal.tsx
FN:15,(anonymous_2)
FNF:1
FNH:1
FNDA:11,(anonymous_2)
DA:2,2
DA:15,2
DA:16,11
DA:17,11
DA:18,11
DA:19,11
DA:20,11
DA:21,11
DA:22,11
DA:23,11
DA:25,11
DA:27,4
DA:88,2
LF:13
LH:13
BRDA:19,0,0,0
BRDA:19,0,1,11
BRDA:20,1,0,0
BRDA:20,1,1,11
BRDA:23,2,0,11
BRDA:23,2,1,0
BRDA:25,3,0,7
BRDA:67,4,0,0
BRDA:67,4,1,4
BRDA:71,5,0,0
BRDA:71,5,1,4
BRF:11
BRH:6
end_of_record
TN:
SF:src/components/index.ts
FN:2,(anonymous_1)
FNF:1
FNH:0
FNDA:0,(anonymous_1)
DA:2,0
LF:1
LH:0
BRF:0
BRH:0
end_of_record
TN:
SF:src/components/candidates/CandidateList.tsx
FN:7,(anonymous_2)
FN:12,(anonymous_3)
FN:54,(anonymous_4)
FN:81,(anonymous_5)
FN:102,(anonymous_6)
FN:122,(anonymous_7)
FNF:6
FNH:0
FNDA:0,(anonymous_2)
FNDA:0,(anonymous_3)
FNDA:0,(anonymous_4)
FNDA:0,(anonymous_5)
FNDA:0,(anonymous_6)
FNDA:0,(anonymous_7)
DA:2,0
DA:3,0
DA:5,0
DA:7,0
DA:8,0
DA:10,0
DA:12,0
DA:13,0
DA:16,0
DA:17,0
DA:24,0
DA:25,0
DA:33,0
DA:34,0
DA:41,0
DA:54,0
DA:81,0
DA:102,0
DA:103,0
DA:105,0
DA:107,0
DA:109,0
DA:111,0
DA:113,0
DA:115,0
DA:117,0
DA:122,0
DA:123,0
DA:125,0
DA:127,0
DA:129,0
DA:131,0
DA:133,0
DA:135,0
DA:137,0
DA:141,0
LF:36
LH:0
BRDA:16,0,0,0
BRDA:24,1,0,0
BRDA:28,2,0,0
BRDA:28,2,1,0
BRDA:28,3,0,0
BRDA:28,3,1,0
BRDA:28,4,0,0
BRDA:28,4,1,0
BRDA:33,5,0,0
BRDA:33,6,0,0
BRDA:33,6,1,0
BRDA:33,6,2,0
BRDA:33,7,0,0
BRDA:33,7,1,0
BRDA:33,8,0,0
BRDA:33,8,1,0
BRDA:103,9,0,0
BRDA:103,9,1,0
BRDA:103,9,2,0
BRDA:103,9,3,0
BRDA:103,9,4,0
BRDA:103,9,5,0
BRDA:103,9,6,0
BRDA:123,10,0,0
BRDA:123,10,1,0
BRDA:123,10,2,0
BRDA:123,10,3,0
BRDA:123,10,4,0
BRDA:123,10,5,0
BRDA:123,10,6,0
BRF:30
BRH:0
end_of_record
TN:
SF:src/components/candidates/DocumentList.tsx
FN:20,(anonymous_15)
FN:25,(anonymous_16)
FN:26,(anonymous_17)
FN:53,(anonymous_20)
FN:100,(anonymous_23)
FN:100,(anonymous_24)
FN:117,(anonymous_26)
FN:125,(anonymous_27)
FN:140,(anonymous_28)
FN:162,(anonymous_29)
FN:205,(anonymous_30)
FN:239,(anonymous_31)
FN:247,(anonymous_32)
FN:254,(anonymous_33)
FNF:14
FNH:6
FNDA:7,(anonymous_15)
FNDA:4,(anonymous_16)
FNDA:8,(anonymous_17)
FNDA:0,(anonymous_20)
FNDA:0,(anonymous_23)
FNDA:0,(anonymous_24)
FNDA:0,(anonymous_26)
FNDA:2,(anonymous_27)
FNDA:2,(anonymous_28)
FNDA:0,(anonymous_29)
FNDA:2,(anonymous_30)
FNDA:0,(anonymous_31)
FNDA:0,(anonymous_32)
FNDA:0,(anonymous_33)
DA:1,2
DA:2,2
DA:3,2
DA:4,2
DA:20,7
DA:21,7
DA:22,7
DA:23,7
DA:25,7
DA:26,8
DA:28,4
DA:29,4
DA:31,4
DA:35,5
DA:36,1
DA:37,1
DA:40,2
DA:41,2
DA:43,1
DA:44,1
DA:46,3
DA:50,4
DA:53,7
DA:55,0
DA:62,0
DA:63,0
DA:64,0
DA:68,0
DA:71,0
DA:72,0
DA:74,0
DA:75,0
DA:76,0
DA:77,0
DA:82,0
DA:83,0
DA:84,0
DA:85,0
DA:86,0
DA:87,0
DA:90,0
DA:91,0
DA:93,0
DA:95,0
DA:96,0
DA:100,7
DA:101,0
DA:102,0
DA:106,0
DA:111,0
DA:112,0
DA:113,0
DA:117,0
DA:118,0
DA:120,0
DA:121,0
DA:125,7
DA:126,2
DA:128,1
DA:130,1
DA:132,0
DA:134,0
DA:136,0
DA:140,7
DA:141,2
DA:143,1
DA:146,1
DA:148,0
DA:150,0
DA:154,7
DA:155,4
DA:158,3
DA:159,1
DA:162,0
DA:169,2
DA:170,1
DA:177,1
DA:205,2
DA:239,0
DA:247,0
DA:254,0
DA:271,2
LF:82
LH:41
BRDA:20,0,0,7
BRDA:20,0,1,0
BRDA:40,1,0,2
BRDA:35,2,0,2
BRDA:37,3,0,1
BRDA:37,3,1,0
BRDA:37,4,0,0
BRDA:37,4,1,1
BRDA:37,5,0,1
BRDA:37,5,1,1
BRDA:41,6,0,2
BRDA:41,6,1,0
BRDA:44,7,0,1
BRDA:44,7,1,0
BRDA:53,8,0,0
BRDA:68,9,0,0
BRDA:62,10,0,0
BRDA:64,11,0,0
BRDA:64,11,1,0
BRDA:64,12,0,0
BRDA:64,12,1,0
BRDA:64,13,0,0
BRDA:64,13,1,0
BRDA:74,14,0,0
BRDA:76,15,0,0
BRDA:76,16,0,0
BRDA:76,16,1,0
BRDA:96,17,0,0
BRDA:96,17,1,0
BRDA:101,18,0,0
BRDA:111,19,0,0
BRDA:113,20,0,0
BRDA:113,20,1,0
BRDA:113,21,0,0
BRDA:113,21,1,0
BRDA:113,22,0,0
BRDA:113,22,1,0
BRDA:121,23,0,0
BRDA:121,23,1,0
BRDA:126,24,0,1
BRDA:126,24,1,1
BRDA:126,24,2,0
BRDA:126,24,3,0
BRDA:126,24,4,0
BRDA:141,25,0,1
BRDA:141,25,1,0
BRDA:141,25,2,1
BRDA:141,25,3,0
BRDA:141,25,4,0
BRDA:154,26,0,4
BRDA:158,27,0,1
BRDA:169,28,0,1
BRDA:225,29,0,1
BRDA:225,29,1,1
BRDA:237,30,0,2
BRDA:237,30,1,1
BRF:56
BRH:20
end_of_record
TN:
SF:src/components/candidates/DocumentUpload.tsx
FN:10,(anonymous_15)
FN:17,(anonymous_16)
FN:30,(anonymous_17)
FN:46,(anonymous_18)
FN:46,(anonymous_19)
FN:128,(anonymous_21)
FN:142,(anonymous_22)
FN:158,(anonymous_23)
FNF:8
FNH:8
FNDA:28,(anonymous_15)
FNDA:7,(anonymous_16)
FNDA:4,(anonymous_17)
FNDA:6,(anonymous_18)
FNDA:6,(anonymous_19)
FNDA:2,(anonymous_21)
FNDA:1,(anonymous_22)
FNDA:1,(anonymous_23)
DA:1,2
DA:2,2
DA:3,2
DA:10,28
DA:11,28
DA:12,28
DA:13,28
DA:14,28
DA:15,28
DA:17,28
DA:18,7
DA:19,7
DA:20,7
DA:23,7
DA:24,7
DA:25,7
DA:30,28
DA:31,4
DA:32,4
DA:34,3
DA:36,0
DA:38,0
DA:40,0
DA:42,1
DA:46,28
DA:47,6
DA:49,6
DA:50,1
DA:51,1
DA:54,5
DA:55,1
DA:56,1
DA:59,4
DA:60,4
DA:61,1
DA:62,1
DA:66,3
DA:68,3
DA:69,3
DA:70,3
DA:71,3
DA:72,3
DA:73,3
DA:75,3
DA:81,3
DA:82,1
DA:83,1
DA:86,1
DA:87,1
DA:88,1
DA:89,1
DA:90,1
DA:92,2
DA:93,2
DA:95,3
DA:99,28
DA:128,2
DA:142,1
DA:158,1
DA:180,2
LF:60
LH:57
BRDA:18,0,0,7
BRDA:18,1,0,7
BRDA:18,1,1,7
BRDA:24,2,0,7
BRDA:31,3,0,4
BRDA:31,3,1,0
BRDA:31,4,0,0
BRDA:31,4,1,4
BRDA:31,5,0,4
BRDA:31,5,1,4
BRDA:32,6,0,3
BRDA:32,6,1,0
BRDA:32,6,2,0
BRDA:32,6,3,0
BRDA:32,6,4,1
BRDA:49,7,0,1
BRDA:54,8,0,1
BRDA:60,9,0,1
BRDA:81,10,0,1
BRDA:83,11,0,1
BRDA:83,11,1,0
BRDA:83,12,0,0
BRDA:83,12,1,1
BRDA:83,13,0,1
BRDA:83,13,1,1
BRDA:93,14,0,2
BRDA:93,14,1,0
BRDA:114,15,0,28
BRDA:114,15,1,13
BRDA:172,16,0,3
BRDA:172,16,1,25
BRF:31
BRH:23
end_of_record
TN:
SF:src/components/ui/Alert.tsx
FN:13,(anonymous_2)
FNF:1
FNH:0
FNDA:0,(anonymous_2)
DA:2,1
DA:13,1
DA:14,0
DA:21,0
DA:28,0
DA:50,1
LF:6
LH:3
BRDA:13,0,0,0
BRDA:13,0,1,0
BRDA:35,1,0,0
BRDA:35,1,1,0
BRF:4
BRH:0
end_of_record
TN:
SF:src/components/ui/Button.tsx
FN:13,(anonymous_4)
FNF:1
FNH:1
FNDA:34,(anonymous_4)
DA:2,4
DA:13,4
DA:14,34
DA:15,34
DA:16,34
DA:17,34
DA:18,34
DA:19,34
DA:20,34
DA:21,34
DA:22,34
DA:23,34
DA:25,34
DA:27,34
DA:35,34
DA:41,34
DA:42,34
DA:44,34
LF:18
LH:18
BRDA:15,0,0,31
BRDA:15,0,1,3
BRDA:16,1,0,34
BRDA:16,1,1,0
BRDA:17,2,0,34
BRDA:17,2,1,0
BRDA:18,3,0,34
BRDA:18,3,1,0
BRDA:21,4,0,2
BRDA:21,4,1,32
BRDA:41,5,0,0
BRDA:41,5,1,34
BRDA:42,6,0,3
BRDA:42,6,1,31
BRDA:42,7,0,34
BRDA:42,7,1,31
BRDA:47,8,0,34
BRDA:47,8,1,31
BRDA:50,9,0,34
BRDA:50,9,1,0
BRDA:51,10,0,34
BRDA:51,10,1,34
BRDA:51,10,2,0
BRDA:53,11,0,34
BRDA:53,11,1,34
BRDA:53,11,2,0
BRF:26
BRH:19
end_of_record
TN:
SF:src/components/ui/Spinner.tsx
FN:8,(anonymous_2)
FNF:1
FNH:0
FNDA:0,(anonymous_2)
DA:8,4
DA:9,0
DA:15,0
DA:24,4
LF:4
LH:2
BRDA:8,0,0,0
BRDA:8,0,1,0
BRDA:8,1,0,0
BRDA:8,1,1,0
BRF:4
BRH:0
end_of_record
TN:
SF:src/features/auth/index.ts
FN:2,(anonymous_1)
FN:3,(anonymous_2)
FN:6,(anonymous_3)
FN:6,(anonymous_4)
FN:6,(anonymous_5)
FN:9,(anonymous_6)
FN:10,(anonymous_7)
FNF:7
FNH:1
FNDA:1,(anonymous_1)
FNDA:0,(anonymous_2)
FNDA:0,(anonymous_3)
FNDA:0,(anonymous_4)
FNDA:0,(anonymous_5)
FNDA:0,(anonymous_6)
FNDA:0,(anonymous_7)
DA:2,2
DA:3,1
DA:6,1
DA:9,1
DA:10,1
LF:5
LH:5
BRF:0
BRH:0
end_of_record
TN:
SF:src/features/auth/components/LoginForm.tsx
FN:24,(anonymous_16)
FN:41,(anonymous_17)
FN:41,(anonymous_18)
FN:49,(anonymous_20)
FN:60,(anonymous_21)
FNF:5
FNH:0
FNDA:0,(anonymous_16)
FNDA:0,(anonymous_17)
FNDA:0,(anonymous_18)
FNDA:0,(anonymous_20)
FNDA:0,(anonymous_21)
DA:1,1
DA:2,1
DA:3,1
DA:4,1
DA:5,1
DA:6,1
DA:7,1
DA:8,1
DA:11,1
DA:24,1
DA:25,0
DA:26,0
DA:27,0
DA:30,0
DA:31,0
DA:32,0
DA:33,0
DA:41,0
DA:42,0
DA:43,0
DA:44,0
DA:45,0
DA:49,0
DA:50,0
DA:53,0
DA:60,0
DA:149,1
LF:27
LH:11
BRDA:44,0,0,0
BRDA:56,1,0,0
BRDA:56,1,1,0
BRDA:77,2,0,0
BRDA:77,2,1,0
BRDA:84,3,0,0
BRDA:84,3,1,0
BRDA:99,4,0,0
BRDA:99,4,1,0
BRDA:102,5,0,0
BRDA:102,5,1,0
BRDA:115,6,0,0
BRDA:115,6,1,0
BRDA:123,7,0,0
BRDA:123,7,1,0
BRDA:134,8,0,0
BRDA:134,8,1,0
BRF:17
BRH:0
end_of_record
TN:
SF:src/features/auth/components/ProtectedRoute.tsx
FN:8,(anonymous_2)
FNF:1
FNH:0
FNDA:0,(anonymous_2)
DA:2,1
DA:3,1
DA:8,1
DA:9,0
DA:12,0
DA:13,0
DA:21,0
DA:22,0
DA:26,0
DA:29,1
LF:10
LH:4
BRDA:12,0,0,0
BRDA:21,1,0,0
BRF:2
BRH:0
end_of_record
TN:
SF:src/features/auth/context/AuthContext.tsx
FN:17,(anonymous_15)
FN:26,(anonymous_16)
FN:30,(anonymous_17)
FN:31,(anonymous_18)
FN:96,(anonymous_21)
FN:96,(anonymous_22)
FN:148,(anonymous_24)
FN:179,(anonymous_27)
FNF:8
FNH:0
FNDA:0,(anonymous_15)
FNDA:0,(anonymous_16)
FNDA:0,(anonymous_17)
FNDA:0,(anonymous_18)
FNDA:0,(anonymous_21)
FNDA:0,(anonymous_22)
FNDA:0,(anonymous_24)
FNDA:0,(anonymous_27)
DA:1,1
DA:2,1
DA:6,1
DA:14,1
DA:17,1
DA:18,0
DA:19,0
DA:20,0
DA:22,0
DA:26,1
DA:27,0
DA:30,0
DA:31,0
DA:33,0
DA:35,0
DA:36,0
DA:38,0
DA:39,0
DA:41,0
DA:42,0
DA:45,0
DA:52,0
DA:54,0
DA:55,0
DA:57,0
DA:58,0
DA:60,0
DA:61,0
DA:64,0
DA:71,0
DA:73,0
DA:74,0
DA:81,0
DA:83,0
DA:84,0
DA:92,0
DA:96,0
DA:97,0
DA:104,0
DA:105,0
DA:106,0
DA:108,0
DA:109,0
DA:112,0
DA:113,0
DA:116,0
DA:122,0
DA:124,0
DA:126,0
DA:127,0
DA:132,0
DA:135,0
DA:137,0
DA:138,0
DA:143,0
DA:148,0
DA:149,0
DA:155,0
DA:157,0
DA:159,0
DA:166,0
DA:168,0
DA:170,0
DA:179,0
DA:181,0
DA:182,0
DA:183,0
DA:185,0
DA:186,0
DA:188,0
DA:189,0
DA:192,0
DA:198,0
DA:201,0
DA:203,0
DA:204,0
DA:206,0
DA:208,0
DA:209,0
DA:213,0
DA:220,0
DA:223,1
LF:82
LH:7
BRDA:19,0,0,0
BRDA:38,1,0,0
BRDA:38,2,0,0
BRDA:38,2,1,0
BRDA:41,3,0,0
BRDA:57,4,0,0
BRDA:57,4,1,0
BRDA:57,5,0,0
BRDA:57,5,1,0
BRDA:60,6,0,0
BRDA:108,7,0,0
BRDA:108,7,1,0
BRDA:108,8,0,0
BRDA:108,8,1,0
BRDA:112,9,0,0
BRDA:130,10,0,0
BRDA:130,10,1,0
BRDA:185,11,0,0
BRDA:185,12,0,0
BRDA:185,12,1,0
BRDA:188,13,0,0
BRF:21
BRH:0
end_of_record
TN:
SF:src/features/auth/services/authService.ts
FN:19,(anonymous_14)
FN:26,(anonymous_15)
FN:35,(anonymous_16)
FN:46,(anonymous_17)
FN:96,(anonymous_20)
FN:120,(anonymous_23)
FN:140,(anonymous_26)
FN:165,(anonymous_29)
FN:166,(anonymous_30)
FN:166,(anonymous_31)
FNF:10
FNH:0
FNDA:0,(anonymous_14)
FNDA:0,(anonymous_15)
FNDA:0,(anonymous_16)
FNDA:0,(anonymous_17)
FNDA:0,(anonymous_20)
FNDA:0,(anonymous_23)
FNDA:0,(anonymous_26)
FNDA:0,(anonymous_29)
FNDA:0,(anonymous_30)
FNDA:0,(anonymous_31)
DA:1,1
DA:5,1
DA:7,1
DA:16,1
DA:19,1
DA:20,0
DA:21,0
DA:25,1
DA:27,0
DA:28,0
DA:29,0
DA:31,0
DA:33,0
DA:36,0
DA:40,1
DA:48,0
DA:49,0
DA:50,0
DA:53,0
DA:54,0
DA:55,0
DA:57,0
DA:61,0
DA:62,0
DA:63,0
DA:78,0
DA:80,0
DA:81,0
DA:82,0
DA:83,0
DA:85,0
DA:98,0
DA:100,0
DA:101,0
DA:103,0
DA:105,0
DA:106,0
DA:107,0
DA:109,0
DA:122,0
DA:123,0
DA:125,0
DA:126,0
DA:127,0
DA:129,0
DA:142,0
DA:145,0
DA:146,0
DA:149,0
DA:151,0
DA:152,0
DA:153,0
DA:155,0
DA:164,1
DA:165,0
DA:166,0
DA:167,0
DA:170,0
DA:176,0
DA:180,0
DA:182,0
DA:184,0
DA:187,0
DA:194,0
DA:198,1
LF:65
LH:9
BRDA:5,0,0,1
BRDA:5,0,1,0
BRDA:21,1,0,0
BRDA:21,1,1,0
BRDA:27,2,0,0
BRDA:27,2,1,0
BRDA:53,3,0,0
BRDA:53,3,1,0
BRDA:53,4,0,0
BRDA:53,4,1,0
BRDA:53,5,0,0
BRDA:53,5,1,0
BRDA:53,6,0,0
BRDA:53,6,1,0
BRDA:53,7,0,0
BRDA:53,7,1,0
BRDA:61,8,0,0
BRDA:61,9,0,0
BRDA:61,9,1,0
BRDA:66,10,0,0
BRDA:66,10,1,0
BRDA:66,11,0,0
BRDA:66,11,1,0
BRDA:66,12,0,0
BRDA:66,12,1,0
BRDA:72,13,0,0
BRDA:72,13,1,0
BRDA:72,14,0,0
BRDA:72,14,1,0
BRDA:72,15,0,0
BRDA:72,15,1,0
BRDA:81,16,0,0
BRDA:81,17,0,0
BRDA:81,17,1,0
BRDA:106,18,0,0
BRDA:106,19,0,0
BRDA:106,19,1,0
BRDA:126,20,0,0
BRDA:126,21,0,0
BRDA:126,21,1,0
BRDA:145,22,0,0
BRDA:145,23,0,0
BRDA:145,23,1,0
BRDA:145,24,0,0
BRDA:145,24,1,0
BRDA:145,25,0,0
BRDA:145,25,1,0
BRDA:145,26,0,0
BRDA:145,26,1,0
BRDA:152,27,0,0
BRDA:152,28,0,0
BRDA:152,28,1,0
BRDA:194,29,0,0
BRDA:170,30,0,0
BRDA:170,31,0,0
BRDA:170,31,1,0
BRDA:170,31,2,0
BRDA:170,31,3,0
BRDA:170,31,4,0
BRDA:171,32,0,0
BRDA:171,32,1,0
BRDA:171,33,0,0
BRDA:171,33,1,0
BRDA:182,34,0,0
BRF:64
BRH:1
end_of_record
TN:
SF:src/features/candidates/index.ts
FN:2,(anonymous_1)
FN:3,(anonymous_2)
FN:4,(anonymous_3)
FN:5,(anonymous_4)
FN:9,(anonymous_5)
FN:10,(anonymous_6)
FN:11,(anonymous_7)
FN:12,(anonymous_8)
FN:13,(anonymous_9)
FN:17,(anonymous_10)
FNF:10
FNH:0
FNDA:0,(anonymous_1)
FNDA:0,(anonymous_2)
FNDA:0,(anonymous_3)
FNDA:0,(anonymous_4)
FNDA:0,(anonymous_5)
FNDA:0,(anonymous_6)
FNDA:0,(anonymous_7)
FNDA:0,(anonymous_8)
FNDA:0,(anonymous_9)
FNDA:0,(anonymous_10)
DA:2,1
DA:3,1
DA:4,1
DA:5,1
DA:8,1
DA:9,1
DA:10,1
DA:11,1
DA:12,1
DA:13,1
DA:17,1
LF:11
LH:11
BRF:0
BRH:0
end_of_record
TN:
SF:src/features/candidates/components/CandidateDetail.tsx
FN:10,(anonymous_16)
FN:28,(anonymous_17)
FN:36,(anonymous_18)
FN:57,(anonymous_19)
FN:73,(anonymous_20)
FN:89,(anonymous_21)
FN:97,(anonymous_22)
FN:101,(anonymous_23)
FN:116,(anonymous_26)
FN:120,(anonymous_27)
FN:124,(anonymous_28)
FN:129,(anonymous_29)
FN:132,(anonymous_30)
FN:282,(anonymous_31)
FN:318,(anonymous_32)
FN:351,(anonymous_33)
FNF:16
FNH:0
FNDA:0,(anonymous_16)
FNDA:0,(anonymous_17)
FNDA:0,(anonymous_18)
FNDA:0,(anonymous_19)
FNDA:0,(anonymous_20)
FNDA:0,(anonymous_21)
FNDA:0,(anonymous_22)
FNDA:0,(anonymous_23)
FNDA:0,(anonymous_26)
FNDA:0,(anonymous_27)
FNDA:0,(anonymous_28)
FNDA:0,(anonymous_29)
FNDA:0,(anonymous_30)
FNDA:0,(anonymous_31)
FNDA:0,(anonymous_32)
FNDA:0,(anonymous_33)
DA:1,1
DA:2,1
DA:3,1
DA:6,1
DA:7,1
DA:8,1
DA:10,1
DA:11,0
DA:12,0
DA:13,0
DA:14,0
DA:15,0
DA:16,0
DA:19,0
DA:28,0
DA:29,0
DA:36,0
DA:37,0
DA:39,0
DA:40,0
DA:41,0
DA:42,0
DA:45,0
DA:51,0
DA:52,0
DA:57,0
DA:58,0
DA:60,0
DA:61,0
DA:62,0
DA:63,0
DA:64,0
DA:65,0
DA:66,0
DA:67,0
DA:68,0
DA:73,0
DA:74,0
DA:76,0
DA:77,0
DA:78,0
DA:79,0
DA:80,0
DA:81,0
DA:82,0
DA:83,0
DA:84,0
DA:89,0
DA:90,0
DA:91,0
DA:92,0
DA:93,0
DA:94,0
DA:97,0
DA:98,0
DA:101,0
DA:103,0
DA:105,0
DA:107,0
DA:109,0
DA:112,0
DA:116,0
DA:117,0
DA:120,0
DA:121,0
DA:124,0
DA:125,0
DA:129,0
DA:132,0
DA:141,0
DA:142,0
DA:149,0
DA:150,0
DA:158,0
DA:161,0
DA:166,0
DA:171,0
DA:173,0
DA:282,0
DA:318,0
DA:351,0
DA:400,1
LF:82
LH:8
BRDA:12,0,0,0
BRDA:12,0,1,0
BRDA:37,1,0,0
BRDA:41,2,0,0
BRDA:58,3,0,0
BRDA:60,4,0,0
BRDA:60,4,1,0
BRDA:60,4,2,0
BRDA:60,4,3,0
BRDA:60,4,4,0
BRDA:60,4,5,0
BRDA:60,4,6,0
BRDA:60,4,7,0
BRDA:74,5,0,0
BRDA:76,6,0,0
BRDA:76,6,1,0
BRDA:76,6,2,0
BRDA:76,6,3,0
BRDA:76,6,4,0
BRDA:76,6,5,0
BRDA:76,6,6,0
BRDA:76,6,7,0
BRDA:90,7,0,0
BRDA:90,8,0,0
BRDA:90,8,1,0
BRDA:91,9,0,0
BRDA:92,10,0,0
BRDA:93,11,0,0
BRDA:93,12,0,0
BRDA:93,12,1,0
BRDA:105,13,0,0
BRDA:105,13,1,0
BRDA:136,14,0,0
BRDA:136,14,1,0
BRDA:141,15,0,0
BRDA:149,16,0,0
BRDA:149,17,0,0
BRDA:149,17,1,0
BRDA:149,17,2,0
BRDA:149,18,0,0
BRDA:149,18,1,0
BRDA:149,19,0,0
BRDA:149,19,1,0
BRDA:161,20,0,0
BRDA:161,20,1,0
BRDA:163,21,0,0
BRDA:163,21,1,0
BRDA:166,22,0,0
BRDA:166,22,1,0
BRDA:168,23,0,0
BRDA:168,23,1,0
BRDA:168,24,0,0
BRDA:168,24,1,0
BRDA:171,25,0,0
BRDA:171,25,1,0
BRDA:223,26,0,0
BRDA:223,26,1,0
BRDA:239,27,0,0
BRDA:239,27,1,0
BRDA:276,28,0,0
BRDA:276,28,1,0
BRDA:280,29,0,0
BRDA:280,29,1,0
BRDA:290,30,0,0
BRDA:290,30,1,0
BRDA:290,31,0,0
BRDA:290,31,1,0
BRDA:294,32,0,0
BRDA:294,32,1,0
BRDA:309,33,0,0
BRDA:309,33,1,0
BRDA:328,34,0,0
BRDA:328,34,1,0
BRDA:345,35,0,0
BRDA:345,35,1,0
BRDA:349,36,0,0
BRDA:349,36,1,0
BRDA:357,37,0,0
BRDA:357,37,1,0
BRDA:362,38,0,0
BRDA:362,38,1,0
BRDA:362,39,0,0
BRDA:362,39,1,0
BRDA:366,40,0,0
BRDA:366,40,1,0
BRDA:382,41,0,0
BRDA:382,41,1,0
BRF:87
BRH:0
end_of_record
TN:
SF:src/features/candidates/components/CandidateEdit.tsx
FN:57,(anonymous_16)
FN:93,(anonymous_17)
FN:101,(anonymous_18)
FN:130,(anonymous_19)
FN:183,(anonymous_20)
FN:234,(anonymous_21)
FN:235,(anonymous_22)
FN:243,(anonymous_23)
FN:251,(anonymous_24)
FN:251,(anonymous_25)
FN:265,(anonymous_27)
FN:267,(anonymous_28)
FN:295,(anonymous_29)
FN:311,(anonymous_30)
FN:311,(anonymous_31)
FN:326,(anonymous_33)
FN:329,(anonymous_34)
FN:373,(anonymous_35)
FN:433,(anonymous_36)
FN:478,(anonymous_37)
FN:523,(anonymous_38)
FN:568,(anonymous_39)
FNF:22
FNH:12
FNDA:17,(anonymous_16)
FNDA:3,(anonymous_17)
FNDA:7,(anonymous_18)
FNDA:0,(anonymous_19)
FNDA:0,(anonymous_20)
FNDA:0,(anonymous_21)
FNDA:0,(anonymous_22)
FNDA:1,(anonymous_23)
FNDA:2,(anonymous_24)
FNDA:2,(anonymous_25)
FNDA:6,(anonymous_27)
FNDA:6,(anonymous_28)
FNDA:0,(anonymous_29)
FNDA:0,(anonymous_30)
FNDA:0,(anonymous_31)
FNDA:48,(anonymous_33)
FNDA:0,(anonymous_34)
FNDA:0,(anonymous_35)
FNDA:1,(anonymous_36)
FNDA:1,(anonymous_37)
FNDA:1,(anonymous_38)
FNDA:0,(anonymous_39)
DA:1,2
DA:2,2
DA:3,2
DA:4,2
DA:5,2
DA:6,2
DA:7,2
DA:8,2
DA:9,2
DA:13,2
DA:23,2
DA:32,2
DA:57,2
DA:58,17
DA:59,17
DA:60,17
DA:61,17
DA:62,17
DA:63,17
DA:64,17
DA:72,17
DA:73,17
DA:74,17
DA:75,17
DA:76,17
DA:77,17
DA:78,17
DA:79,17
DA:80,17
DA:93,17
DA:94,3
DA:95,3
DA:96,3
DA:101,17
DA:102,7
DA:103,3
DA:104,3
DA:107,3
DA:108,3
DA:109,3
DA:110,3
DA:114,3
DA:117,3
DA:118,3
DA:121,3
DA:122,3
DA:126,3
DA:127,3
DA:130,3
DA:132,0
DA:133,0
DA:136,0
DA:137,0
DA:138,0
DA:139,0
DA:140,0
DA:143,0
DA:147,0
DA:148,0
DA:149,0
DA:150,0
DA:151,0
DA:154,0
DA:158,0
DA:168,3
DA:169,3
DA:171,0
DA:173,0
DA:177,3
DA:179,3
DA:180,3
DA:183,3
DA:185,0
DA:186,0
DA:189,0
DA:190,0
DA:191,0
DA:192,0
DA:193,0
DA:196,0
DA:200,0
DA:201,0
DA:202,0
DA:203,0
DA:204,0
DA:207,0
DA:211,0
DA:220,3
DA:221,3
DA:223,0
DA:228,0
DA:234,17
DA:235,0
DA:242,17
DA:244,1
DA:246,1
DA:251,17
DA:253,2
DA:254,2
DA:257,2
DA:265,6
DA:267,6
DA:277,2
DA:281,4
DA:286,1
DA:289,1
DA:290,0
DA:291,0
DA:292,1
DA:294,0
DA:295,0
DA:296,0
DA:298,0
DA:301,1
DA:311,17
DA:313,0
DA:315,0
DA:316,0
DA:318,0
DA:319,0
DA:320,0
DA:326,48
DA:329,0
DA:338,17
DA:339,4
DA:346,13
DA:347,1
DA:355,12
DA:373,0
DA:433,1
DA:478,1
DA:523,1
DA:568,0
DA:722,2
LF:134
LH:84
BRDA:59,0,0,17
BRDA:59,0,1,0
BRDA:95,1,0,3
BRDA:95,2,0,3
BRDA:95,2,1,3
BRDA:102,3,0,3
BRDA:102,4,0,7
BRDA:102,4,1,3
BRDA:102,5,0,4
BRDA:102,5,1,3
BRDA:102,6,0,7
BRDA:102,6,1,7
BRDA:107,7,0,3
BRDA:107,7,1,0
BRDA:108,8,0,3
BRDA:108,8,1,0
BRDA:109,9,0,3
BRDA:109,9,1,0
BRDA:110,10,0,3
BRDA:110,10,1,0
BRDA:114,11,0,0
BRDA:114,11,1,3
BRDA:118,12,0,3
BRDA:118,12,1,3
BRDA:121,13,0,3
BRDA:121,14,0,3
BRDA:121,14,1,3
BRDA:126,15,0,3
BRDA:126,15,1,0
BRDA:126,16,0,3
BRDA:126,16,1,3
BRDA:132,17,0,0
BRDA:132,17,1,0
BRDA:133,18,0,0
BRDA:133,18,1,0
BRDA:136,19,0,0
BRDA:139,20,0,0
BRDA:147,21,0,0
BRDA:150,22,0,0
BRDA:159,23,0,0
BRDA:159,23,1,0
BRDA:160,24,0,0
BRDA:160,24,1,0
BRDA:161,25,0,0
BRDA:161,25,1,0
BRDA:161,25,2,0
BRDA:164,26,0,0
BRDA:164,26,1,0
BRDA:177,27,0,3
BRDA:177,27,1,0
BRDA:179,28,0,3
BRDA:179,28,1,0
BRDA:179,29,0,3
BRDA:179,29,1,3
BRDA:185,30,0,0
BRDA:185,30,1,0
BRDA:186,31,0,0
BRDA:186,31,1,0
BRDA:189,32,0,0
BRDA:192,33,0,0
BRDA:200,34,0,0
BRDA:203,35,0,0
BRDA:212,36,0,0
BRDA:212,36,1,0
BRDA:213,37,0,0
BRDA:213,37,1,0
BRDA:216,38,0,0
BRDA:216,38,1,0
BRDA:244,39,0,1
BRDA:263,40,0,2
BRDA:263,40,1,0
BRDA:263,41,0,2
BRDA:263,41,1,2
BRDA:289,42,0,0
BRDA:289,42,1,1
BRDA:289,43,0,1
BRDA:289,43,1,1
BRDA:289,44,0,0
BRDA:289,44,1,1
BRDA:289,45,0,1
BRDA:289,45,1,1
BRDA:289,46,0,0
BRDA:289,46,1,1
BRDA:289,47,0,1
BRDA:289,47,1,1
BRDA:292,48,0,0
BRDA:292,48,1,1
BRDA:292,49,0,0
BRDA:292,49,1,1
BRDA:292,50,0,1
BRDA:292,50,1,1
BRDA:292,51,0,0
BRDA:292,51,1,1
BRDA:292,52,0,1
BRDA:292,52,1,1
BRDA:302,53,0,1
BRDA:302,53,1,0
BRDA:302,53,2,0
BRDA:302,54,0,0
BRDA:302,54,1,1
BRDA:302,55,0,1
BRDA:302,55,1,1
BRDA:302,56,0,0
BRDA:302,56,1,1
BRDA:302,57,0,1
BRDA:302,57,1,1
BRDA:313,58,0,0
BRDA:315,59,0,0
BRDA:319,60,0,0
BRDA:333,61,0,48
BRDA:333,61,1,0
BRDA:338,62,0,4
BRDA:346,63,0,1
BRDA:346,64,0,13
BRDA:346,64,1,12
BRDA:346,64,2,12
BRDA:346,65,0,0
BRDA:346,65,1,12
BRDA:346,66,0,12
BRDA:346,66,1,12
BRDA:363,67,0,12
BRDA:363,67,1,1
BRDA:370,68,0,1
BRDA:370,68,1,0
BRDA:383,69,0,12
BRDA:383,69,1,0
BRDA:391,70,0,12
BRDA:391,70,1,2
BRDA:391,70,2,0
BRDA:401,71,0,0
BRDA:401,71,1,0
BRDA:405,72,0,0
BRDA:405,72,1,0
BRDA:406,73,0,0
BRDA:406,73,1,0
BRDA:407,74,0,0
BRDA:407,74,1,0
BRDA:408,75,0,0
BRDA:408,75,1,0
BRDA:420,76,0,12
BRDA:420,76,1,12
BRDA:436,77,0,0
BRDA:436,77,1,12
BRDA:436,78,0,12
BRDA:436,78,1,5
BRDA:438,79,0,5
BRDA:438,79,1,7
BRDA:438,80,0,12
BRDA:438,80,1,5
BRDA:438,80,2,5
BRDA:443,81,0,0
BRDA:443,81,1,12
BRDA:446,82,0,12
BRDA:446,82,1,5
BRDA:446,82,2,0
BRDA:453,83,0,12
BRDA:453,83,1,5
BRDA:453,83,2,5
BRDA:453,83,3,5
BRDA:461,84,0,0
BRDA:461,84,1,12
BRDA:461,85,0,12
BRDA:461,85,1,5
BRDA:481,86,0,0
BRDA:481,86,1,12
BRDA:481,87,0,12
BRDA:481,87,1,4
BRDA:483,88,0,4
BRDA:483,88,1,8
BRDA:483,89,0,12
BRDA:483,89,1,4
BRDA:483,89,2,4
BRDA:488,90,0,0
BRDA:488,90,1,12
BRDA:491,91,0,12
BRDA:491,91,1,4
BRDA:491,91,2,0
BRDA:498,92,0,12
BRDA:498,92,1,4
BRDA:498,92,2,4
BRDA:498,92,3,4
BRDA:506,93,0,0
BRDA:506,93,1,12
BRDA:506,94,0,12
BRDA:506,94,1,4
BRDA:526,95,0,0
BRDA:526,95,1,12
BRDA:526,96,0,12
BRDA:526,96,1,3
BRDA:528,97,0,3
BRDA:528,97,1,9
BRDA:528,98,0,12
BRDA:528,98,1,3
BRDA:528,98,2,3
BRDA:533,99,0,0
BRDA:533,99,1,12
BRDA:536,100,0,12
BRDA:536,100,1,3
BRDA:536,100,2,0
BRDA:543,101,0,12
BRDA:543,101,1,3
BRDA:543,101,2,3
BRDA:543,101,3,3
BRDA:551,102,0,0
BRDA:551,102,1,12
BRDA:551,103,0,12
BRDA:551,103,1,3
BRDA:571,104,0,0
BRDA:571,104,1,12
BRDA:571,105,0,12
BRDA:571,105,1,0
BRDA:573,106,0,0
BRDA:573,106,1,12
BRDA:573,107,0,12
BRDA:573,107,1,0
BRDA:573,107,2,0
BRDA:578,108,0,0
BRDA:578,108,1,12
BRDA:581,109,0,12
BRDA:581,109,1,0
BRDA:581,109,2,0
BRDA:588,110,0,12
BRDA:588,110,1,0
BRDA:588,110,2,0
BRDA:588,110,3,0
BRDA:596,111,0,0
BRDA:596,111,1,12
BRDA:596,112,0,12
BRDA:596,112,1,0
BRDA:631,113,0,12
BRDA:631,113,1,12
BRDA:646,114,0,12
BRDA:646,114,1,12
BRDA:661,115,0,12
BRDA:661,115,1,12
BRDA:699,116,0,0
BRDA:699,116,1,12
BRDA:704,117,0,0
BRDA:704,117,1,12
BRF:239
BRH:143
end_of_record
TN:
SF:src/features/candidates/components/CandidateForm.tsx
FN:56,(anonymous_16)
FN:89,(anonymous_17)
FN:97,(anonymous_18)
FN:98,(anonymous_19)
FN:104,(anonymous_20)
FN:104,(anonymous_21)
FN:118,(anonymous_23)
FN:120,(anonymous_24)
FN:133,(anonymous_25)
FN:146,(anonymous_26)
FN:156,(anonymous_27)
FN:177,(anonymous_28)
FN:177,(anonymous_29)
FN:192,(anonymous_31)
FN:195,(anonymous_32)
FN:219,(anonymous_33)
FN:279,(anonymous_34)
FN:324,(anonymous_35)
FN:369,(anonymous_36)
FN:414,(anonymous_37)
FN:542,(anonymous_38)
FNF:21
FNH:15
FNDA:19,(anonymous_16)
FNDA:7,(anonymous_17)
FNDA:0,(anonymous_18)
FNDA:0,(anonymous_19)
FNDA:2,(anonymous_20)
FNDA:2,(anonymous_21)
FNDA:3,(anonymous_23)
FNDA:3,(anonymous_24)
FNDA:1,(anonymous_25)
FNDA:1,(anonymous_26)
FNDA:0,(anonymous_27)
FNDA:3,(anonymous_28)
FNDA:3,(anonymous_29)
FNDA:76,(anonymous_31)
FNDA:0,(anonymous_32)
FNDA:0,(anonymous_33)
FNDA:2,(anonymous_34)
FNDA:2,(anonymous_35)
FNDA:2,(anonymous_36)
FNDA:1,(anonymous_37)
FNDA:0,(anonymous_38)
DA:1,2
DA:2,2
DA:3,2
DA:4,2
DA:5,2
DA:6,2
DA:7,2
DA:8,2
DA:9,2
DA:12,2
DA:22,2
DA:31,2
DA:56,2
DA:57,19
DA:58,19
DA:59,19
DA:60,19
DA:61,19
DA:69,19
DA:70,19
DA:71,19
DA:72,19
DA:73,19
DA:74,19
DA:75,19
DA:76,19
DA:89,19
DA:90,7
DA:91,7
DA:92,7
DA:97,19
DA:98,0
DA:104,19
DA:106,2
DA:107,2
DA:110,2
DA:118,3
DA:120,3
DA:132,4
DA:134,1
DA:136,1
DA:138,1
DA:140,1
DA:143,0
DA:147,1
DA:150,1
DA:151,0
DA:152,0
DA:153,1
DA:155,0
DA:156,0
DA:157,0
DA:159,0
DA:162,1
DA:171,0
DA:172,0
DA:177,19
DA:179,3
DA:181,3
DA:182,1
DA:184,1
DA:185,1
DA:186,0
DA:192,76
DA:195,0
DA:204,19
DA:219,0
DA:279,2
DA:324,2
DA:369,2
DA:414,1
DA:542,0
DA:575,2
LF:73
LH:59
BRDA:91,0,0,7
BRDA:91,1,0,7
BRDA:91,1,1,7
BRDA:116,2,0,1
BRDA:116,2,1,1
BRDA:116,3,0,2
BRDA:116,3,1,1
BRDA:136,4,0,1
BRDA:136,4,1,0
BRDA:136,5,0,1
BRDA:136,5,1,1
BRDA:136,5,2,1
BRDA:143,6,0,0
BRDA:143,6,1,0
BRDA:150,7,0,0
BRDA:150,7,1,1
BRDA:150,8,0,1
BRDA:150,8,1,1
BRDA:150,9,0,1
BRDA:150,9,1,0
BRDA:150,10,0,1
BRDA:150,10,1,1
BRDA:150,11,0,1
BRDA:150,11,1,0
BRDA:150,12,0,1
BRDA:150,12,1,1
BRDA:153,13,0,0
BRDA:153,13,1,1
BRDA:153,14,0,1
BRDA:153,14,1,0
BRDA:153,15,0,1
BRDA:153,15,1,1
BRDA:153,16,0,1
BRDA:153,16,1,0
BRDA:153,17,0,1
BRDA:153,17,1,1
BRDA:163,18,0,1
BRDA:163,18,1,1
BRDA:163,18,2,0
BRDA:163,19,0,1
BRDA:163,19,1,0
BRDA:163,20,0,1
BRDA:163,20,1,1
BRDA:163,21,0,1
BRDA:163,21,1,0
BRDA:163,22,0,1
BRDA:163,22,1,1
BRDA:172,23,0,0
BRDA:172,23,1,0
BRDA:179,24,0,3
BRDA:181,25,0,1
BRDA:185,26,0,0
BRDA:199,27,0,76
BRDA:199,27,1,0
BRDA:209,28,0,19
BRDA:209,28,1,1
BRDA:216,29,0,1
BRDA:216,29,1,0
BRDA:229,30,0,19
BRDA:229,30,1,0
BRDA:237,31,0,19
BRDA:237,31,1,3
BRDA:237,31,2,1
BRDA:247,32,0,0
BRDA:247,32,1,1
BRDA:251,33,0,1
BRDA:251,33,1,1
BRDA:252,34,0,1
BRDA:252,34,1,1
BRDA:253,35,0,1
BRDA:253,35,1,1
BRDA:254,36,0,1
BRDA:254,36,1,1
BRDA:266,37,0,19
BRDA:266,37,1,19
BRDA:282,38,0,0
BRDA:282,38,1,19
BRDA:282,39,0,19
BRDA:282,39,1,11
BRDA:284,40,0,11
BRDA:284,40,1,8
BRDA:284,41,0,19
BRDA:284,41,1,11
BRDA:284,41,2,11
BRDA:289,42,0,1
BRDA:289,42,1,18
BRDA:292,43,0,19
BRDA:292,43,1,11
BRDA:292,43,2,0
BRDA:299,44,0,19
BRDA:299,44,1,11
BRDA:299,44,2,11
BRDA:299,44,3,11
BRDA:307,45,0,0
BRDA:307,45,1,19
BRDA:307,46,0,19
BRDA:307,46,1,11
BRDA:327,47,0,0
BRDA:327,47,1,19
BRDA:327,48,0,19
BRDA:327,48,1,9
BRDA:329,49,0,9
BRDA:329,49,1,10
BRDA:329,50,0,19
BRDA:329,50,1,9
BRDA:329,50,2,9
BRDA:334,51,0,1
BRDA:334,51,1,18
BRDA:337,52,0,19
BRDA:337,52,1,9
BRDA:337,52,2,0
BRDA:344,53,0,19
BRDA:344,53,1,9
BRDA:344,53,2,9
BRDA:344,53,3,9
BRDA:352,54,0,0
BRDA:352,54,1,19
BRDA:352,55,0,19
BRDA:352,55,1,9
BRDA:372,56,0,0
BRDA:372,56,1,19
BRDA:372,57,0,19
BRDA:372,57,1,7
BRDA:374,58,0,7
BRDA:374,58,1,12
BRDA:374,59,0,19
BRDA:374,59,1,7
BRDA:374,59,2,7
BRDA:379,60,0,1
BRDA:379,60,1,18
BRDA:382,61,0,19
BRDA:382,61,1,7
BRDA:382,61,2,0
BRDA:389,62,0,19
BRDA:389,62,1,7
BRDA:389,62,2,7
BRDA:389,62,3,7
BRDA:397,63,0,0
BRDA:397,63,1,19
BRDA:397,64,0,19
BRDA:397,64,1,7
BRDA:417,65,0,0
BRDA:417,65,1,19
BRDA:417,66,0,19
BRDA:417,66,1,3
BRDA:419,67,0,3
BRDA:419,67,1,16
BRDA:419,68,0,19
BRDA:419,68,1,3
BRDA:419,68,2,3
BRDA:424,69,0,1
BRDA:424,69,1,18
BRDA:427,70,0,19
BRDA:427,70,1,3
BRDA:427,70,2,0
BRDA:434,71,0,19
BRDA:434,71,1,3
BRDA:434,71,2,3
BRDA:434,71,3,3
BRDA:442,72,0,0
BRDA:442,72,1,19
BRDA:442,73,0,19
BRDA:442,73,1,3
BRDA:476,74,0,19
BRDA:476,74,1,19
BRDA:491,75,0,19
BRDA:491,75,1,19
BRDA:506,76,0,19
BRDA:506,76,1,19
BRDA:552,77,0,0
BRDA:552,77,1,19
BRDA:557,78,0,0
BRDA:557,78,1,19
BRF:173
BRH:140
end_of_record
TN:
SF:src/features/candidates/components/CandidateList.tsx
FN:7,(anonymous_16)
FN:16,(anonymous_17)
FN:33,(anonymous_18)
FN:68,(anonymous_19)
FN:107,(anonymous_20)
FN:123,(anonymous_21)
FN:138,(anonymous_22)
FN:143,(anonymous_23)
FN:161,(anonymous_26)
FN:166,(anonymous_27)
FN:170,(anonymous_28)
FN:226,(anonymous_29)
FN:240,(anonymous_30)
FN:246,(anonymous_31)
FN:252,(anonymous_32)
FNF:15
FNH:8
FNDA:11,(anonymous_16)
FNDA:0,(anonymous_17)
FNDA:0,(anonymous_18)
FNDA:0,(anonymous_19)
FNDA:22,(anonymous_20)
FNDA:22,(anonymous_21)
FNDA:4,(anonymous_22)
FNDA:4,(anonymous_23)
FNDA:1,(anonymous_26)
FNDA:0,(anonymous_27)
FNDA:0,(anonymous_28)
FNDA:22,(anonymous_29)
FNDA:0,(anonymous_30)
FNDA:0,(anonymous_31)
FNDA:4,(anonymous_32)
DA:1,2
DA:2,2
DA:3,2
DA:5,2
DA:7,2
DA:9,11
DA:10,11
DA:11,11
DA:12,11
DA:13,11
DA:16,11
DA:17,0
DA:19,0
DA:22,0
DA:23,0
DA:24,0
DA:25,0
DA:26,0
DA:29,0
DA:33,11
DA:35,0
DA:36,0
DA:40,0
DA:41,0
DA:42,0
DA:43,0
DA:48,0
DA:49,0
DA:53,0
DA:54,0
DA:58,0
DA:59,0
DA:60,0
DA:64,0
DA:68,11
DA:69,0
DA:72,0
DA:73,0
DA:77,0
DA:78,0
DA:82,0
DA:83,0
DA:87,0
DA:88,0
DA:92,0
DA:93,0
DA:97,0
DA:98,0
DA:99,0
DA:103,0
DA:107,11
DA:108,22
DA:110,22
DA:111,0
DA:112,11
DA:113,0
DA:114,0
DA:115,0
DA:116,0
DA:117,0
DA:118,11
DA:123,11
DA:124,22
DA:126,22
DA:127,0
DA:128,11
DA:129,0
DA:130,0
DA:131,0
DA:132,0
DA:133,0
DA:134,11
DA:138,11
DA:139,4
DA:140,4
DA:143,13
DA:144,2
DA:147,2
DA:149,1
DA:151,1
DA:152,1
DA:154,0
DA:157,1
DA:161,11
DA:162,1
DA:163,1
DA:166,11
DA:167,0
DA:170,11
DA:171,0
DA:174,11
DA:175,0
DA:182,11
DA:183,0
DA:191,11
DA:192,0
DA:199,11
DA:227,22
DA:228,22
DA:240,0
DA:246,0
DA:252,4
DA:266,2
LF:103
LH:46
BRDA:17,0,0,0
BRDA:23,1,0,0
BRDA:23,2,0,0
BRDA:23,2,1,0
BRDA:35,3,0,0
BRDA:35,4,0,0
BRDA:35,4,1,0
BRDA:40,5,0,0
BRDA:40,6,0,0
BRDA:40,6,1,0
BRDA:42,7,0,0
BRDA:42,8,0,0
BRDA:42,8,1,0
BRDA:48,9,0,0
BRDA:53,10,0,0
BRDA:53,11,0,0
BRDA:53,11,1,0
BRDA:58,12,0,0
BRDA:58,13,0,0
BRDA:58,13,1,0
BRDA:72,14,0,0
BRDA:72,15,0,0
BRDA:72,15,1,0
BRDA:77,16,0,0
BRDA:77,17,0,0
BRDA:77,17,1,0
BRDA:82,18,0,0
BRDA:82,19,0,0
BRDA:82,19,1,0
BRDA:87,20,0,0
BRDA:92,21,0,0
BRDA:92,22,0,0
BRDA:92,22,1,0
BRDA:97,23,0,0
BRDA:97,24,0,0
BRDA:97,24,1,0
BRDA:108,25,0,0
BRDA:110,26,0,0
BRDA:110,26,1,11
BRDA:110,26,2,0
BRDA:110,26,3,0
BRDA:110,26,4,0
BRDA:110,26,5,0
BRDA:110,26,6,0
BRDA:110,26,7,11
BRDA:124,27,0,0
BRDA:126,28,0,0
BRDA:126,28,1,11
BRDA:126,28,2,0
BRDA:126,28,3,0
BRDA:126,28,4,0
BRDA:126,28,5,0
BRDA:126,28,6,0
BRDA:126,28,7,11
BRDA:144,29,0,0
BRDA:149,30,0,1
BRDA:149,30,1,0
BRDA:174,31,0,0
BRDA:182,32,0,0
BRDA:191,33,0,0
BRDA:191,34,0,11
BRDA:191,34,1,11
BRDA:191,34,2,11
BRDA:191,35,0,0
BRDA:191,35,1,11
BRDA:191,36,0,11
BRDA:191,36,1,11
BRDA:201,37,0,11
BRDA:201,37,1,0
BRDA:202,38,0,11
BRDA:202,38,1,0
BRDA:208,39,0,7
BRDA:208,39,1,4
BRDA:208,40,0,11
BRDA:208,40,1,4
BRDA:208,41,0,7
BRDA:208,41,1,4
BRDA:208,42,0,11
BRDA:208,42,1,4
BRF:79
BRH:21
end_of_record
TN:
SF:src/features/candidates/components/DocumentList.tsx
FN:22,(anonymous_16)
FN:32,(anonymous_17)
FN:33,(anonymous_18)
FN:56,(anonymous_21)
FN:62,(anonymous_22)
FN:73,(anonymous_25)
FN:73,(anonymous_26)
FN:87,(anonymous_27)
FN:93,(anonymous_28)
FN:93,(anonymous_29)
FN:167,(anonymous_31)
FN:200,(anonymous_32)
FN:208,(anonymous_33)
FNF:13
FNH:0
FNDA:0,(anonymous_16)
FNDA:0,(anonymous_17)
FNDA:0,(anonymous_18)
FNDA:0,(anonymous_21)
FNDA:0,(anonymous_22)
FNDA:0,(anonymous_25)
FNDA:0,(anonymous_26)
FNDA:0,(anonymous_27)
FNDA:0,(anonymous_28)
FNDA:0,(anonymous_29)
FNDA:0,(anonymous_31)
FNDA:0,(anonymous_32)
FNDA:0,(anonymous_33)
DA:1,1
DA:2,1
DA:3,1
DA:4,1
DA:5,1
DA:22,1
DA:23,0
DA:24,0
DA:25,0
DA:26,0
DA:27,0
DA:28,0
DA:29,0
DA:30,0
DA:32,0
DA:33,0
DA:34,0
DA:35,0
DA:38,0
DA:40,0
DA:41,0
DA:43,0
DA:46,0
DA:47,0
DA:49,0
DA:53,0
DA:56,0
DA:57,0
DA:58,0
DA:59,0
DA:62,0
DA:63,0
DA:65,0
DA:66,0
DA:69,0
DA:71,0
DA:73,0
DA:74,0
DA:75,0
DA:77,0
DA:80,0
DA:81,0
DA:83,0
DA:87,0
DA:88,0
DA:89,0
DA:90,0
DA:93,0
DA:95,0
DA:98,0
DA:103,0
DA:106,0
DA:107,0
DA:108,0
DA:111,0
DA:112,0
DA:113,0
DA:116,0
DA:118,0
DA:119,0
DA:121,0
DA:125,0
DA:126,0
DA:133,0
DA:134,0
DA:149,0
DA:150,0
DA:157,0
DA:167,0
DA:200,0
DA:208,0
DA:238,1
LF:72
LH:7
BRDA:22,0,0,0
BRDA:22,0,1,0
BRDA:40,1,0,0
BRDA:40,1,1,0
BRDA:43,2,0,0
BRDA:43,2,1,0
BRDA:63,3,0,0
BRDA:71,4,0,0
BRDA:71,4,1,0
BRDA:77,5,0,0
BRDA:77,5,1,0
BRDA:125,6,0,0
BRDA:133,7,0,0
BRDA:149,8,0,0
BRDA:160,9,0,0
BRDA:160,9,1,0
BRDA:181,10,0,0
BRDA:181,10,1,0
BRDA:202,11,0,0
BRDA:202,11,1,0
BRDA:205,12,0,0
BRDA:205,12,1,0
BRDA:227,13,0,0
BRDA:227,13,1,0
BRDA:227,14,0,0
BRDA:227,14,1,0
BRF:26
BRH:0
end_of_record
TN:
SF:src/features/candidates/components/DocumentListReadOnly.tsx
FN:21,(anonymous_16)
FN:27,(anonymous_17)
FN:28,(anonymous_18)
FN:51,(anonymous_21)
FN:51,(anonymous_22)
FN:119,(anonymous_24)
FN:152,(anonymous_25)
FNF:7
FNH:4
FNDA:14,(anonymous_16)
FNDA:7,(anonymous_17)
FNDA:14,(anonymous_18)
FNDA:0,(anonymous_21)
FNDA:0,(anonymous_22)
FNDA:10,(anonymous_24)
FNDA:0,(anonymous_25)
DA:1,2
DA:2,2
DA:3,2
DA:4,2
DA:21,14
DA:22,14
DA:23,14
DA:24,14
DA:25,14
DA:27,14
DA:28,14
DA:29,7
DA:30,7
DA:33,7
DA:35,6
DA:36,5
DA:38,1
DA:41,0
DA:42,0
DA:44,6
DA:48,7
DA:51,14
DA:53,0
DA:56,0
DA:61,0
DA:64,0
DA:65,0
DA:66,0
DA:69,0
DA:70,0
DA:71,0
DA:74,0
DA:76,0
DA:77,0
DA:79,0
DA:83,14
DA:84,7
DA:91,7
DA:92,1
DA:107,6
DA:108,1
DA:115,5
DA:119,10
DA:152,0
DA:171,2
LF:45
LH:29
BRDA:21,0,0,9
BRDA:21,0,1,5
BRDA:35,1,0,5
BRDA:35,1,1,1
BRDA:38,2,0,1
BRDA:38,2,1,0
BRDA:83,3,0,7
BRDA:91,4,0,1
BRDA:107,5,0,1
BRDA:133,6,0,10
BRDA:133,6,1,5
BRDA:154,7,0,0
BRDA:154,7,1,10
BRDA:157,8,0,0
BRDA:157,8,1,10
BRF:15
BRH:12
end_of_record
TN:
SF:src/features/candidates/components/DocumentUploadForm.tsx
FN:14,(anonymous_15)
FN:42,(anonymous_16)
FN:69,(anonymous_17)
FN:95,(anonymous_18)
FN:103,(anonymous_19)
FN:105,(anonymous_20)
FN:117,(anonymous_21)
FN:117,(anonymous_22)
FN:172,(anonymous_24)
FN:276,(anonymous_25)
FNF:10
FNH:7
FNDA:0,(anonymous_15)
FNDA:15,(anonymous_16)
FNDA:4,(anonymous_17)
FNDA:1,(anonymous_18)
FNDA:2,(anonymous_19)
FNDA:0,(anonymous_20)
FNDA:3,(anonymous_21)
FNDA:3,(anonymous_22)
FNDA:1,(anonymous_24)
FNDA:0,(anonymous_25)
DA:1,2
DA:2,2
DA:3,2
DA:4,2
DA:5,2
DA:6,2
DA:7,2
DA:8,2
DA:11,2
DA:14,0
DA:23,2
DA:31,2
DA:34,2
DA:42,2
DA:43,15
DA:44,15
DA:45,15
DA:47,15
DA:48,15
DA:49,15
DA:50,15
DA:51,15
DA:52,15
DA:53,15
DA:54,15
DA:57,15
DA:58,15
DA:59,15
DA:60,15
DA:61,15
DA:69,15
DA:70,4
DA:71,4
DA:73,4
DA:74,0
DA:75,0
DA:79,4
DA:80,1
DA:81,1
DA:82,1
DA:86,3
DA:87,1
DA:88,1
DA:89,1
DA:92,2
DA:95,15
DA:96,1
DA:97,1
DA:98,1
DA:99,0
DA:103,15
DA:104,2
DA:105,2
DA:106,0
DA:107,0
DA:108,0
DA:110,0
DA:111,0
DA:114,2
DA:117,15
DA:118,3
DA:119,1
DA:120,1
DA:123,2
DA:124,2
DA:127,2
DA:130,2
DA:131,2
DA:132,2
DA:133,2
DA:134,2
DA:135,2
DA:137,2
DA:138,2
DA:139,2
DA:140,2
DA:141,2
DA:142,2
DA:145,2
DA:149,2
DA:151,2
DA:153,2
DA:155,2
DA:156,1
DA:158,1
DA:159,1
DA:160,1
DA:161,0
DA:162,0
DA:166,1
DA:170,1
DA:171,1
DA:172,1
DA:173,1
DA:174,1
DA:175,1
DA:176,1
DA:177,1
DA:180,1
DA:181,1
DA:182,1
DA:183,1
DA:184,1
DA:187,0
DA:188,0
DA:189,0
DA:190,0
DA:194,15
DA:276,0
DA:367,2
LF:110
LH:94
BRDA:70,0,0,4
BRDA:70,0,1,0
BRDA:70,1,0,0
BRDA:70,1,1,4
BRDA:70,2,0,4
BRDA:70,2,1,4
BRDA:73,3,0,0
BRDA:79,4,0,1
BRDA:86,5,0,1
BRDA:98,6,0,0
BRDA:107,7,0,0
BRDA:110,8,0,0
BRDA:118,9,0,1
BRDA:133,10,0,2
BRDA:133,10,1,0
BRDA:140,11,0,2
BRDA:140,11,1,0
BRDA:155,12,0,1
BRDA:158,13,0,1
BRDA:159,14,0,1
BRDA:159,14,1,0
BRDA:161,15,0,0
BRDA:182,16,0,1
BRDA:182,16,1,0
BRDA:188,17,0,0
BRDA:188,17,1,0
BRDA:198,18,0,15
BRDA:198,18,1,1
BRDA:207,19,0,15
BRDA:207,19,1,4
BRDA:223,20,0,0
BRDA:223,20,1,15
BRDA:227,21,0,15
BRDA:227,21,1,0
BRDA:248,22,0,15
BRDA:248,22,1,0
BRDA:273,23,0,11
BRDA:273,23,1,4
BRDA:276,24,0,0
BRDA:276,24,1,0
BRDA:276,25,0,0
BRDA:276,25,1,0
BRDA:328,26,0,15
BRDA:328,26,1,2
BRDA:337,27,0,1
BRDA:337,27,1,1
BRDA:356,28,0,15
BRDA:356,28,1,13
BRDA:359,29,0,2
BRDA:359,29,1,13
BRF:50
BRH:30
end_of_record
TN:
SF:src/features/candidates/components/EducationFormSection.tsx
FN:22,(anonymous_2)
FN:34,(anonymous_3)
FN:65,(anonymous_4)
FN:71,(anonymous_5)
FNF:4
FNH:1
FNDA:34,(anonymous_2)
FNDA:0,(anonymous_3)
FNDA:0,(anonymous_4)
FNDA:0,(anonymous_5)
DA:2,3
DA:3,3
DA:22,3
DA:23,34
DA:24,34
DA:25,34
DA:28,34
DA:34,34
DA:35,0
DA:45,34
DA:65,0
DA:71,0
DA:176,3
LF:13
LH:10
BRDA:59,0,0,34
BRDA:59,0,1,34
BRDA:88,1,0,0
BRDA:88,1,1,0
BRDA:88,2,0,0
BRDA:88,2,1,0
BRDA:88,3,0,0
BRDA:88,3,1,0
BRDA:88,4,0,0
BRDA:88,4,1,0
BRDA:88,5,0,0
BRDA:88,5,1,0
BRDA:92,6,0,0
BRDA:92,6,1,0
BRDA:92,7,0,0
BRDA:92,7,1,0
BRDA:92,8,0,0
BRDA:92,8,1,0
BRDA:92,9,0,0
BRDA:92,9,1,0
BRDA:92,10,0,0
BRDA:92,10,1,0
BRDA:106,11,0,0
BRDA:106,11,1,0
BRDA:106,12,0,0
BRDA:106,12,1,0
BRDA:106,13,0,0
BRDA:106,13,1,0
BRDA:106,14,0,0
BRDA:106,14,1,0
BRDA:106,15,0,0
BRDA:106,15,1,0
BRDA:110,16,0,0
BRDA:110,16,1,0
BRDA:110,17,0,0
BRDA:110,17,1,0
BRDA:110,18,0,0
BRDA:110,18,1,0
BRDA:110,19,0,0
BRDA:110,19,1,0
BRDA:110,20,0,0
BRDA:110,20,1,0
BRDA:137,21,0,0
BRDA:137,21,1,0
BRDA:137,22,0,0
BRDA:137,22,1,0
BRDA:137,23,0,0
BRDA:137,23,1,0
BRDA:137,24,0,0
BRDA:137,24,1,0
BRDA:137,25,0,0
BRDA:137,25,1,0
BRDA:140,26,0,0
BRDA:140,26,1,0
BRDA:140,27,0,0
BRDA:140,27,1,0
BRDA:140,28,0,0
BRDA:140,28,1,0
BRDA:140,29,0,0
BRDA:140,29,1,0
BRDA:140,30,0,0
BRDA:140,30,1,0
BRF:62
BRH:2
end_of_record
TN:
SF:src/features/candidates/components/WorkExperienceFormSection.tsx
FN:21,(anonymous_2)
FN:33,(anonymous_3)
FN:63,(anonymous_4)
FN:69,(anonymous_5)
FNF:4
FNH:1
FNDA:34,(anonymous_2)
FNDA:0,(anonymous_3)
FNDA:0,(anonymous_4)
FNDA:0,(anonymous_5)
DA:2,3
DA:3,3
DA:21,3
DA:22,34
DA:23,34
DA:24,34
DA:27,34
DA:33,34
DA:34,0
DA:43,34
DA:63,0
DA:69,0
DA:162,3
LF:13
LH:10
BRDA:57,0,0,34
BRDA:57,0,1,34
BRDA:86,1,0,0
BRDA:86,1,1,0
BRDA:86,2,0,0
BRDA:86,2,1,0
BRDA:86,3,0,0
BRDA:86,3,1,0
BRDA:86,4,0,0
BRDA:86,4,1,0
BRDA:86,5,0,0
BRDA:86,5,1,0
BRDA:90,6,0,0
BRDA:90,6,1,0
BRDA:90,7,0,0
BRDA:90,7,1,0
BRDA:90,8,0,0
BRDA:90,8,1,0
BRDA:90,9,0,0
BRDA:90,9,1,0
BRDA:90,10,0,0
BRDA:90,10,1,0
BRDA:104,11,0,0
BRDA:104,11,1,0
BRDA:104,12,0,0
BRDA:104,12,1,0
BRDA:104,13,0,0
BRDA:104,13,1,0
BRDA:104,14,0,0
BRDA:104,14,1,0
BRDA:104,15,0,0
BRDA:104,15,1,0
BRDA:108,16,0,0
BRDA:108,16,1,0
BRDA:108,17,0,0
BRDA:108,17,1,0
BRDA:108,18,0,0
BRDA:108,18,1,0
BRDA:108,19,0,0
BRDA:108,19,1,0
BRDA:108,20,0,0
BRDA:108,20,1,0
BRDA:122,21,0,0
BRDA:122,21,1,0
BRDA:122,22,0,0
BRDA:122,22,1,0
BRDA:122,23,0,0
BRDA:122,23,1,0
BRDA:122,24,0,0
BRDA:122,24,1,0
BRDA:122,25,0,0
BRDA:122,25,1,0
BRDA:125,26,0,0
BRDA:125,26,1,0
BRDA:125,27,0,0
BRDA:125,27,1,0
BRDA:125,28,0,0
BRDA:125,28,1,0
BRDA:125,29,0,0
BRDA:125,29,1,0
BRDA:125,30,0,0
BRDA:125,30,1,0
BRF:62
BRH:2
end_of_record
TN:
SF:src/features/candidates/hooks/useCandidates.ts
FN:12,(anonymous_13)
FN:15,(anonymous_14)
FN:22,(anonymous_17)
FN:46,(anonymous_18)
FN:49,(anonymous_19)
FN:57,(anonymous_20)
FN:61,(anonymous_21)
FN:61,(anonymous_22)
FN:89,(anonymous_24)
FN:95,(anonymous_25)
FN:105,(anonymous_26)
FN:111,(anonymous_27)
FN:113,(anonymous_28)
FN:129,(anonymous_29)
FN:133,(anonymous_30)
FN:134,(anonymous_31)
FNF:16
FNH:13
FNDA:0,(anonymous_13)
FNDA:0,(anonymous_14)
FNDA:0,(anonymous_17)
FNDA:17,(anonymous_18)
FNDA:5,(anonymous_19)
FNDA:23,(anonymous_20)
FNDA:5,(anonymous_21)
FNDA:5,(anonymous_22)
FNDA:3,(anonymous_24)
FNDA:2,(anonymous_25)
FNDA:21,(anonymous_26)
FNDA:5,(anonymous_27)
FNDA:3,(anonymous_28)
FNDA:4,(anonymous_29)
FNDA:3,(anonymous_30)
FNDA:2,(anonymous_31)
DA:1,4
DA:2,4
DA:6,4
DA:7,4
DA:12,4
DA:13,0
DA:15,0
DA:17,0
DA:18,0
DA:20,0
DA:21,0
DA:22,0
DA:23,0
DA:33,0
DA:35,0
DA:36,0
DA:46,4
DA:47,17
DA:49,5
DA:57,4
DA:58,23
DA:60,23
DA:61,5
DA:63,5
DA:64,5
DA:65,3
DA:68,3
DA:69,0
DA:72,3
DA:74,2
DA:77,2
DA:78,0
DA:79,2
DA:80,0
DA:81,2
DA:82,1
DA:86,1
DA:90,3
DA:92,3
DA:93,3
DA:96,2
DA:97,2
DA:105,4
DA:108,21
DA:110,21
DA:111,5
DA:112,5
DA:115,3
DA:116,3
DA:119,3
DA:120,1
DA:129,4
DA:130,4
DA:132,4
DA:133,3
DA:136,2
LF:56
LH:42
BRDA:20,0,0,0
BRDA:20,1,0,0
BRDA:20,1,1,0
BRDA:68,2,0,0
BRDA:69,3,0,0
BRDA:69,3,1,0
BRDA:77,4,0,0
BRDA:77,4,1,2
BRDA:77,5,0,2
BRDA:77,5,1,1
BRDA:79,6,0,0
BRDA:79,6,1,2
BRDA:79,7,0,2
BRDA:79,7,1,1
BRDA:81,8,0,1
BRDA:81,9,0,2
BRDA:81,9,1,1
BRDA:81,9,2,1
BRDA:119,10,0,1
BRDA:119,11,0,2
BRDA:119,11,1,1
BRDA:119,12,0,3
BRDA:119,12,1,3
BRF:23
BRH:15
end_of_record
TN:
SF:src/features/candidates/services/candidateService.ts
FN:21,(anonymous_16)
FN:28,(anonymous_19)
FN:94,(anonymous_20)
FN:115,(anonymous_21)
FN:157,(anonymous_24)
FN:168,(anonymous_27)
FN:178,(anonymous_28)
FN:230,(anonymous_29)
FN:252,(anonymous_30)
FN:269,(anonymous_33)
FN:287,(anonymous_36)
FN:330,(anonymous_39)
FN:369,(anonymous_42)
FNF:13
FNH:12
FNDA:3,(anonymous_16)
FNDA:1,(anonymous_19)
FNDA:1,(anonymous_20)
FNDA:2,(anonymous_21)
FNDA:3,(anonymous_24)
FNDA:1,(anonymous_27)
FNDA:1,(anonymous_28)
FNDA:0,(anonymous_29)
FNDA:2,(anonymous_30)
FNDA:2,(anonymous_33)
FNDA:2,(anonymous_36)
FNDA:2,(anonymous_39)
FNDA:2,(anonymous_42)
DA:1,2
DA:3,2
DA:6,2
DA:8,2
DA:16,2
DA:23,3
DA:24,1
DA:27,1
DA:28,1
DA:29,1
DA:30,1
DA:33,1
DA:34,1
DA:36,1
DA:37,1
DA:38,0
DA:40,0
DA:41,1
DA:42,1
DA:47,1
DA:48,1
DA:49,1
DA:50,0
DA:54,1
DA:73,1
DA:74,1
DA:75,1
DA:79,1
DA:81,2
DA:82,2
DA:95,1
DA:97,0
DA:100,0
DA:101,0
DA:102,0
DA:103,0
DA:104,0
DA:107,0
DA:117,2
DA:118,1
DA:121,1
DA:123,1
DA:138,1
DA:139,1
DA:142,1
DA:144,1
DA:145,1
DA:159,3
DA:162,3
DA:163,3
DA:166,3
DA:167,3
DA:168,1
DA:176,3
DA:177,3
DA:178,1
DA:186,3
DA:200,3
DA:202,3
DA:203,1
DA:205,1
DA:207,2
DA:210,2
DA:211,1
DA:218,2
DA:231,0
DA:233,0
DA:236,0
DA:237,0
DA:238,0
DA:239,0
DA:240,0
DA:243,0
DA:254,2
DA:255,1
DA:257,1
DA:271,2
DA:272,1
DA:274,1
DA:289,2
DA:291,2
DA:297,1
DA:298,1
DA:303,1
DA:305,1
DA:306,0
DA:312,0
DA:318,1
DA:332,2
DA:334,2
DA:336,1
DA:337,1
DA:342,1
DA:344,1
DA:345,0
DA:351,0
DA:357,1
DA:371,2
DA:373,2
DA:375,1
DA:376,1
DA:381,1
DA:383,1
DA:384,0
DA:390,0
DA:396,1
LF:106
LH:82
BRDA:6,0,0,2
BRDA:6,0,1,0
BRDA:27,1,0,1
BRDA:27,2,0,1
BRDA:27,2,1,1
BRDA:36,3,0,1
BRDA:37,4,0,0
BRDA:37,4,1,1
BRDA:41,5,0,1
BRDA:49,6,0,0
BRDA:49,7,0,1
BRDA:49,7,1,1
BRDA:59,8,0,1
BRDA:59,8,1,1
BRDA:61,9,0,1
BRDA:61,9,1,1
BRDA:61,10,0,1
BRDA:61,10,1,1
BRDA:61,10,2,1
BRDA:62,11,0,1
BRDA:62,11,1,1
BRDA:62,11,2,1
BRDA:63,12,0,1
BRDA:63,12,1,1
BRDA:66,13,0,1
BRDA:66,13,1,1
BRDA:67,14,0,1
BRDA:67,14,1,0
BRDA:70,15,0,1
BRDA:70,15,1,0
BRDA:84,16,0,2
BRDA:84,16,1,1
BRDA:84,17,0,1
BRDA:84,17,1,1
BRDA:84,18,0,2
BRDA:84,18,1,2
BRDA:84,19,0,1
BRDA:84,19,1,1
BRDA:84,20,0,2
BRDA:84,20,1,2
BRDA:95,21,0,1
BRDA:101,22,0,0
BRDA:101,23,0,0
BRDA:101,23,1,0
BRDA:121,24,0,1
BRDA:121,25,0,1
BRDA:121,25,1,1
BRDA:126,26,0,1
BRDA:126,26,1,1
BRDA:126,27,0,0
BRDA:126,27,1,1
BRDA:128,28,0,1
BRDA:128,28,1,1
BRDA:128,29,0,1
BRDA:128,29,1,1
BRDA:128,30,0,0
BRDA:128,30,1,1
BRDA:128,31,0,1
BRDA:128,31,1,0
BRDA:130,32,0,1
BRDA:130,32,1,0
BRDA:132,33,0,1
BRDA:132,33,1,1
BRDA:133,34,0,1
BRDA:133,34,1,0
BRDA:134,35,0,1
BRDA:134,35,1,1
BRDA:135,36,0,1
BRDA:135,36,1,0
BRDA:147,37,0,1
BRDA:147,37,1,1
BRDA:147,38,0,1
BRDA:147,38,1,0
BRDA:147,39,0,1
BRDA:147,39,1,1
BRDA:147,40,0,1
BRDA:147,40,1,0
BRDA:147,41,0,1
BRDA:147,41,1,1
BRDA:167,42,0,1
BRDA:170,43,0,0
BRDA:170,43,1,1
BRDA:171,44,0,0
BRDA:171,44,1,1
BRDA:171,45,0,0
BRDA:171,45,1,0
BRDA:177,46,0,1
BRDA:180,47,0,0
BRDA:180,47,1,1
BRDA:181,48,0,0
BRDA:181,48,1,1
BRDA:181,49,0,0
BRDA:181,49,1,0
BRDA:190,50,0,3
BRDA:190,50,1,2
BRDA:190,51,0,2
BRDA:190,51,1,1
BRDA:190,52,0,3
BRDA:190,52,1,3
BRDA:191,53,0,3
BRDA:191,53,1,2
BRDA:192,54,0,3
BRDA:192,54,1,3
BRDA:192,55,0,3
BRDA:192,55,1,0
BRDA:192,56,0,3
BRDA:192,56,1,3
BRDA:197,57,0,3
BRDA:197,57,1,2
BRDA:210,58,0,1
BRDA:220,59,0,2
BRDA:220,59,1,1
BRDA:220,60,0,1
BRDA:220,60,1,1
BRDA:220,61,0,2
BRDA:220,61,1,2
BRDA:220,62,0,1
BRDA:220,62,1,1
BRDA:220,63,0,2
BRDA:220,63,1,2
BRDA:231,64,0,0
BRDA:237,65,0,0
BRDA:237,66,0,0
BRDA:237,66,1,0
BRDA:259,67,0,1
BRDA:259,67,1,1
BRDA:259,68,0,1
BRDA:259,68,1,0
BRDA:259,69,0,1
BRDA:259,69,1,1
BRDA:259,70,0,1
BRDA:259,70,1,0
BRDA:259,71,0,1
BRDA:259,71,1,1
BRDA:276,72,0,1
BRDA:276,72,1,1
BRDA:276,73,0,1
BRDA:276,73,1,0
BRDA:276,74,0,1
BRDA:276,74,1,1
BRDA:276,75,0,1
BRDA:276,75,1,0
BRDA:276,76,0,1
BRDA:276,76,1,1
BRDA:305,77,0,0
BRDA:314,78,0,0
BRDA:314,78,1,0
BRDA:314,79,0,0
BRDA:314,79,1,0
BRDA:314,80,0,0
BRDA:314,80,1,0
BRDA:339,81,0,1
BRDA:339,81,1,0
BRDA:344,82,0,0
BRDA:353,83,0,0
BRDA:353,83,1,0
BRDA:353,84,0,0
BRDA:353,84,1,0
BRDA:353,85,0,0
BRDA:353,85,1,0
BRDA:383,86,0,0
BRDA:392,87,0,0
BRDA:392,87,1,0
BRDA:392,88,0,0
BRDA:392,88,1,0
BRDA:392,89,0,0
BRDA:392,89,1,0
BRF:167
BRH:112
end_of_record
TN:
SF:src/pages/AddCandidatePage.tsx
FN:7,(anonymous_2)
FN:11,(anonymous_3)
FN:15,(anonymous_4)
FNF:3
FNH:0
FNDA:0,(anonymous_2)
FNDA:0,(anonymous_3)
FNDA:0,(anonymous_4)
DA:2,1
DA:3,1
DA:4,1
DA:5,1
DA:7,1
DA:8,0
DA:9,0
DA:11,0
DA:12,0
DA:15,0
DA:16,0
DA:19,0
DA:59,1
LF:13
LH:6
BRDA:28,0,0,0
BRDA:28,0,1,0
BRDA:28,1,0,0
BRDA:28,1,1,0
BRDA:28,2,0,0
BRDA:28,2,1,0
BRDA:28,3,0,0
BRDA:28,3,1,0
BRDA:28,4,0,0
BRDA:28,4,1,0
BRF:10
BRH:0
end_of_record
TN:
SF:src/pages/CandidateDetailPage.tsx
FN:7,(anonymous_3)
FN:11,(anonymous_4)
FN:15,(anonymous_5)
FN:19,(anonymous_6)
FNF:4
FNH:0
FNDA:0,(anonymous_3)
FNDA:0,(anonymous_4)
FNDA:0,(anonymous_5)
FNDA:0,(anonymous_6)
DA:2,1
DA:3,1
DA:4,1
DA:5,1
DA:7,1
DA:8,0
DA:9,0
DA:11,0
DA:12,0
DA:15,0
DA:16,0
DA:19,0
DA:20,0
DA:23,0
DA:62,1
LF:15
LH:6
BRDA:32,0,0,0
BRDA:32,0,1,0
BRDA:32,1,0,0
BRDA:32,1,1,0
BRDA:32,2,0,0
BRDA:32,2,1,0
BRDA:32,3,0,0
BRDA:32,3,1,0
BRDA:32,4,0,0
BRDA:32,4,1,0
BRF:10
BRH:0
end_of_record
TN:
SF:src/pages/CandidateDocumentsPage.tsx
FN:17,(anonymous_16)
FN:25,(anonymous_17)
FN:26,(anonymous_18)
FN:55,(anonymous_21)
FN:57,(anonymous_22)
FN:60,(anonymous_23)
FNF:6
FNH:5
FNDA:10,(anonymous_16)
FNDA:5,(anonymous_17)
FNDA:10,(anonymous_18)
FNDA:1,(anonymous_21)
FNDA:1,(anonymous_22)
FNDA:0,(anonymous_23)
DA:1,2
DA:2,2
DA:3,2
DA:4,2
DA:5,2
DA:6,2
DA:7,2
DA:8,2
DA:17,2
DA:18,10
DA:19,10
DA:20,10
DA:21,10
DA:22,10
DA:23,10
DA:25,10
DA:26,10
DA:27,5
DA:30,5
DA:31,5
DA:33,5
DA:37,5
DA:38,1
DA:39,1
DA:42,2
DA:43,2
DA:45,2
DA:46,2
DA:48,4
DA:52,5
DA:55,10
DA:56,1
DA:57,1
DA:60,10
DA:61,0
DA:64,10
DA:65,5
DA:79,5
DA:80,2
DA:96,3
DA:142,2
LF:41
LH:40
BRDA:42,0,0,2
BRDA:27,1,0,0
BRDA:37,2,0,2
BRDA:39,3,0,1
BRDA:39,3,1,0
BRDA:39,4,0,0
BRDA:39,4,1,1
BRDA:39,5,0,1
BRDA:39,5,1,1
BRDA:46,6,0,2
BRDA:46,6,1,0
BRDA:64,7,0,5
BRDA:79,8,0,2
BRDA:79,9,0,5
BRDA:79,9,1,3
BRDA:86,10,0,2
BRDA:86,10,1,0
BRF:17
BRH:12
end_of_record
TN:
SF:src/pages/CandidateEditPage.tsx
FN:7,(anonymous_3)
FN:11,(anonymous_4)
FN:15,(anonymous_5)
FN:19,(anonymous_6)
FNF:4
FNH:0
FNDA:0,(anonymous_3)
FNDA:0,(anonymous_4)
FNDA:0,(anonymous_5)
FNDA:0,(anonymous_6)
DA:2,1
DA:3,1
DA:4,1
DA:5,1
DA:7,1
DA:8,0
DA:9,0
DA:11,0
DA:12,0
DA:15,0
DA:16,0
DA:19,0
DA:20,0
DA:23,0
DA:62,1
LF:15
LH:6
BRDA:32,0,0,0
BRDA:32,0,1,0
BRDA:32,1,0,0
BRDA:32,1,1,0
BRDA:32,2,0,0
BRDA:32,2,1,0
BRDA:32,3,0,0
BRDA:32,3,1,0
BRDA:32,4,0,0
BRDA:32,4,1,0
BRF:10
BRH:0
end_of_record
TN:
SF:src/pages/CandidateEditSuccessPage.tsx
FN:9,(anonymous_3)
FN:26,(anonymous_4)
FN:36,(anonymous_5)
FN:40,(anonymous_6)
FN:44,(anonymous_7)
FN:48,(anonymous_8)
FN:52,(anonymous_9)
FN:55,(anonymous_10)
FNF:8
FNH:0
FNDA:0,(anonymous_3)
FNDA:0,(anonymous_4)
FNDA:0,(anonymous_5)
FNDA:0,(anonymous_6)
FNDA:0,(anonymous_7)
FNDA:0,(anonymous_8)
FNDA:0,(anonymous_9)
FNDA:0,(anonymous_10)
DA:1,1
DA:2,1
DA:3,1
DA:4,1
DA:5,1
DA:6,1
DA:7,1
DA:9,1
DA:10,0
DA:11,0
DA:12,0
DA:13,0
DA:14,0
DA:16,0
DA:17,0
DA:18,0
DA:21,0
DA:23,0
DA:26,0
DA:27,0
DA:28,0
DA:29,0
DA:30,0
DA:31,0
DA:36,0
DA:37,0
DA:40,0
DA:41,0
DA:44,0
DA:45,0
DA:48,0
DA:49,0
DA:50,0
DA:52,0
DA:55,0
DA:56,0
DA:60,0
DA:61,0
DA:69,0
DA:70,0
DA:80,0
DA:187,1
LF:42
LH:9
BRDA:14,0,0,0
BRDA:14,0,1,0
BRDA:21,1,0,0
BRDA:21,1,1,0
BRDA:27,2,0,0
BRDA:27,3,0,0
BRDA:27,3,1,0
BRDA:27,4,0,0
BRDA:27,4,1,0
BRDA:27,5,0,0
BRDA:27,5,1,0
BRDA:28,6,0,0
BRDA:28,6,1,0
BRDA:28,7,0,0
BRDA:28,7,1,0
BRDA:30,8,0,0
BRDA:60,9,0,0
BRDA:69,10,0,0
BRDA:69,11,0,0
BRDA:69,11,1,0
BRDA:89,12,0,0
BRDA:89,12,1,0
BRDA:89,13,0,0
BRDA:89,13,1,0
BRDA:89,14,0,0
BRDA:89,14,1,0
BRDA:89,15,0,0
BRDA:89,15,1,0
BRDA:89,16,0,0
BRDA:89,16,1,0
BRDA:114,17,0,0
BRDA:114,17,1,0
BRDA:130,18,0,0
BRDA:130,18,1,0
BRDA:151,19,0,0
BRDA:151,19,1,0
BRF:36
BRH:0
end_of_record
TN:
SF:src/pages/CandidateSuccessPage.tsx
FN:8,(anonymous_3)
FN:53,(anonymous_4)
FN:61,(anonymous_5)
FN:65,(anonymous_6)
FN:71,(anonymous_7)
FN:75,(anonymous_8)
FN:79,(anonymous_9)
FN:83,(anonymous_10)
FN:88,(anonymous_11)
FN:91,(anonymous_12)
FNF:10
FNH:0
FNDA:0,(anonymous_3)
FNDA:0,(anonymous_4)
FNDA:0,(anonymous_5)
FNDA:0,(anonymous_6)
FNDA:0,(anonymous_7)
FNDA:0,(anonymous_8)
FNDA:0,(anonymous_9)
FNDA:0,(anonymous_10)
FNDA:0,(anonymous_11)
FNDA:0,(anonymous_12)
DA:1,1
DA:2,1
DA:3,1
DA:4,1
DA:5,1
DA:6,1
DA:8,1
DA:9,0
DA:10,0
DA:11,0
DA:12,0
DA:13,0
DA:14,0
DA:15,0
DA:17,0
DA:20,0
DA:23,0
DA:25,0
DA:26,0
DA:27,0
DA:28,0
DA:29,0
DA:30,0
DA:31,0
DA:32,0
DA:34,0
DA:36,0
DA:41,0
DA:42,0
DA:43,0
DA:44,0
DA:46,0
DA:49,0
DA:50,0
DA:53,0
DA:54,0
DA:61,0
DA:62,0
DA:63,0
DA:64,0
DA:65,0
DA:66,0
DA:71,0
DA:72,0
DA:75,0
DA:76,0
DA:79,0
DA:80,0
DA:83,0
DA:84,0
DA:85,0
DA:86,0
DA:88,0
DA:91,0
DA:92,0
DA:93,0
DA:97,0
DA:98,0
DA:105,0
DA:230,1
LF:60
LH:8
BRDA:25,0,0,0
BRDA:28,1,0,0
BRDA:28,1,1,0
BRDA:28,2,0,0
BRDA:28,2,1,0
BRDA:28,3,0,0
BRDA:28,3,1,0
BRDA:29,4,0,0
BRDA:29,4,1,0
BRDA:29,5,0,0
BRDA:29,5,1,0
BRDA:29,6,0,0
BRDA:29,6,1,0
BRDA:29,7,0,0
BRDA:29,7,1,0
BRDA:29,8,0,0
BRDA:29,8,1,0
BRDA:29,9,0,0
BRDA:29,9,1,0
BRDA:31,10,0,0
BRDA:31,11,0,0
BRDA:31,11,1,0
BRDA:31,12,0,0
BRDA:31,12,1,0
BRDA:41,13,0,0
BRDA:41,14,0,0
BRDA:41,14,1,0
BRDA:41,15,0,0
BRDA:41,15,1,0
BRDA:41,16,0,0
BRDA:41,16,1,0
BRDA:43,17,0,0
BRDA:54,18,0,0
BRDA:62,19,0,0
BRDA:62,20,0,0
BRDA:62,20,1,0
BRDA:97,21,0,0
BRDA:114,22,0,0
BRDA:114,22,1,0
BRDA:114,23,0,0
BRDA:114,23,1,0
BRDA:114,24,0,0
BRDA:114,24,1,0
BRDA:114,25,0,0
BRDA:114,25,1,0
BRDA:114,26,0,0
BRDA:114,26,1,0
BRDA:139,27,0,0
BRDA:139,27,1,0
BRDA:155,28,0,0
BRDA:155,28,1,0
BRDA:176,29,0,0
BRDA:176,29,1,0
BRDA:184,30,0,0
BRDA:184,30,1,0
BRDA:206,31,0,0
BRDA:206,31,1,0
BRF:57
BRH:0
end_of_record
TN:
SF:src/pages/DashboardPage.tsx
FN:7,(anonymous_2)
FN:11,(anonymous_3)
FN:15,(anonymous_4)
FNF:3
FNH:0
FNDA:0,(anonymous_2)
FNDA:0,(anonymous_3)
FNDA:0,(anonymous_4)
DA:2,1
DA:3,1
DA:4,1
DA:5,1
DA:7,1
DA:8,0
DA:9,0
DA:11,0
DA:12,0
DA:15,0
DA:16,0
DA:19,0
DA:74,1
LF:13
LH:6
BRDA:28,0,0,0
BRDA:28,0,1,0
BRDA:28,1,0,0
BRDA:28,1,1,0
BRDA:28,2,0,0
BRDA:28,2,1,0
BRDA:28,3,0,0
BRDA:28,3,1,0
BRDA:28,4,0,0
BRDA:28,4,1,0
BRF:10
BRH:0
end_of_record
TN:
SF:src/pages/LandingPage.tsx
FN:5,(anonymous_2)
FNF:1
FNH:1
FNDA:2,(anonymous_2)
DA:2,2
DA:3,2
DA:5,2
DA:6,2
DA:276,2
LF:5
LH:5
BRF:0
BRH:0
end_of_record
TN:
SF:src/pages/LoginPage.tsx
FN:5,(anonymous_2)
FN:10,(anonymous_3)
FNF:2
FNH:0
FNDA:0,(anonymous_2)
FNDA:0,(anonymous_3)
DA:1,1
DA:2,1
DA:3,1
DA:5,1
DA:6,0
DA:7,0
DA:10,0
DA:11,0
DA:12,0
DA:16,0
DA:68,1
LF:11
LH:5
BRDA:11,0,0,0
BRF:1
BRH:0
end_of_record
