{"/Users/yobertyalej/code/ai4devs/AI4Devs-lab-ides/backend/src/index.ts": {"path":"/Users/yobertyalej/code/ai4devs/AI4Devs-lab-ides/backend/src/index.ts","statementMap":{"0":{"start":{"line":2,"column":0},"end":{"line":2,"column":30}},"1":{"start":{"line":3,"column":0},"end":{"line":3,"column":28}},"2":{"start":{"line":4,"column":0},"end":{"line":4,"column":24}},"3":{"start":{"line":5,"column":0},"end":{"line":5,"column":28}},"4":{"start":{"line":6,"column":0},"end":{"line":6,"column":28}},"5":{"start":{"line":7,"column":0},"end":{"line":7,"column":33}},"6":{"start":{"line":8,"column":0},"end":{"line":8,"column":71}},"7":{"start":{"line":9,"column":0},"end":{"line":9,"column":47}},"8":{"start":{"line":10,"column":0},"end":{"line":10,"column":7}},"9":{"start":{"line":19,"column":9},"end":{"line":10,"column":34}},"10":{"start":{"line":13,"column":0},"end":{"line":13,"column":16}},"11":{"start":{"line":16,"column":13},"end":{"line":16,"column":29}},"12":{"start":{"line":22,"column":13},"end":{"line":22,"column":37}},"13":{"start":{"line":25,"column":0},"end":{"line":25,"column":24}},"14":{"start":{"line":26,"column":0},"end":{"line":26,"column":48}},"15":{"start":{"line":27,"column":0},"end":{"line":27,"column":16}},"16":{"start":{"line":28,"column":0},"end":{"line":28,"column":18}},"17":{"start":{"line":29,"column":0},"end":{"line":29,"column":23}},"18":{"start":{"line":30,"column":0},"end":{"line":30,"column":28}},"19":{"start":{"line":33,"column":0},"end":{"line":33,"column":27}},"20":{"start":{"line":36,"column":0},"end":{"line":40,"column":3}},"21":{"start":{"line":37,"column":2},"end":{"line":39,"column":5}},"22":{"start":{"line":43,"column":0},"end":{"line":50,"column":3}},"23":{"start":{"line":44,"column":2},"end":{"line":44,"column":27}},"24":{"start":{"line":45,"column":2},"end":{"line":49,"column":5}},"25":{"start":{"line":53,"column":0},"end":{"line":57,"column":null}},"26":{"start":{"line":54,"column":2},"end":{"line":56,"column":5}},"27":{"start":{"line":55,"column":4},"end":{"line":55,"column":65}}},"fnMap":{"0":{"name":"(anonymous_1)","decl":{"start":{"line":36,"column":13},"end":{"line":36,"column":14}},"loc":{"start":{"line":36,"column":45},"end":{"line":40,"column":1}}},"1":{"name":"(anonymous_2)","decl":{"start":{"line":43,"column":8},"end":{"line":43,"column":9}},"loc":{"start":{"line":43,"column":70},"end":{"line":50,"column":1}}},"2":{"name":"(anonymous_3)","decl":{"start":{"line":54,"column":19},"end":{"line":54,"column":22}},"loc":{"start":{"line":54,"column":24},"end":{"line":56,"column":3}}}},"branchMap":{"0":{"loc":{"start":{"line":22,"column":13},"end":{"line":22,"column":37}},"type":"binary-expr","locations":[{"start":{"line":22,"column":13},"end":{"line":22,"column":29}},{"start":{"line":22,"column":33},"end":{"line":22,"column":37}}]},"1":{"loc":{"start":{"line":48,"column":11},"end":{"line":48,"column":75}},"type":"cond-expr","locations":[{"start":{"line":48,"column":52},"end":{"line":48,"column":63}},{"start":{"line":48,"column":66},"end":{"line":48,"column":75}}]},"2":{"loc":{"start":{"line":53,"column":0},"end":{"line":57,"column":null}},"type":"if","locations":[{"start":{"line":53,"column":0},"end":{"line":57,"column":null}}]}},"s":{"0":2,"1":2,"2":2,"3":2,"4":2,"5":2,"6":2,"7":2,"8":2,"9":2,"10":2,"11":2,"12":2,"13":2,"14":2,"15":2,"16":2,"17":2,"18":2,"19":2,"20":2,"21":1,"22":2,"23":0,"24":0,"25":2,"26":0,"27":0},"f":{"0":1,"1":0,"2":0},"b":{"0":[2,2],"1":[0,0],"2":[0]}}
,"/Users/yobertyalej/code/ai4devs/AI4Devs-lab-ides/backend/src/controllers/candidate.controller.ts": {"path":"/Users/yobertyalej/code/ai4devs/AI4Devs-lab-ides/backend/src/controllers/candidate.controller.ts","statementMap":{"0":{"start":{"line":3,"column":0},"end":{"line":3,"column":35}},"1":{"start":{"line":4,"column":0},"end":{"line":4,"column":70}},"2":{"start":{"line":5,"column":0},"end":{"line":5,"column":48}},"3":{"start":{"line":11,"column":31},"end":{"line":137,"column":2}},"4":{"start":{"line":11,"column":69},"end":{"line":137,"column":2}},"5":{"start":{"line":12,"column":2},"end":{"line":136,"column":null}},"6":{"start":{"line":26,"column":8},"end":{"line":26,"column":16}},"7":{"start":{"line":29,"column":30},"end":{"line":31,"column":6}},"8":{"start":{"line":33,"column":4},"end":{"line":37,"column":null}},"9":{"start":{"line":34,"column":6},"end":{"line":36,"column":81}},"10":{"start":{"line":40,"column":22},"end":{"line":125,"column":6}},"11":{"start":{"line":61,"column":25},"end":{"line":67,"column":20}},"12":{"start":{"line":83,"column":25},"end":{"line":89,"column":20}},"13":{"start":{"line":98,"column":55},"end":{"line":100,"column":18}},"14":{"start":{"line":109,"column":62},"end":{"line":112,"column":20}},"15":{"start":{"line":127,"column":4},"end":{"line":127,"column":119}},"16":{"start":{"line":129,"column":4},"end":{"line":129,"column":54}},"17":{"start":{"line":130,"column":4},"end":{"line":134,"column":null}},"18":{"start":{"line":131,"column":6},"end":{"line":133,"column":81}},"19":{"start":{"line":135,"column":4},"end":{"line":135,"column":102}},"20":{"start":{"line":11,"column":13},"end":{"line":11,"column":31}},"21":{"start":{"line":143,"column":29},"end":{"line":169,"column":2}},"22":{"start":{"line":143,"column":67},"end":{"line":169,"column":2}},"23":{"start":{"line":144,"column":2},"end":{"line":168,"column":null}},"24":{"start":{"line":145,"column":23},"end":{"line":163,"column":6}},"25":{"start":{"line":164,"column":4},"end":{"line":164,"column":123}},"26":{"start":{"line":166,"column":4},"end":{"line":166,"column":54}},"27":{"start":{"line":167,"column":4},"end":{"line":167,"column":106}},"28":{"start":{"line":143,"column":13},"end":{"line":143,"column":29}},"29":{"start":{"line":175,"column":32},"end":{"line":210,"column":2}},"30":{"start":{"line":175,"column":70},"end":{"line":210,"column":2}},"31":{"start":{"line":176,"column":2},"end":{"line":209,"column":null}},"32":{"start":{"line":177,"column":19},"end":{"line":177,"column":29}},"33":{"start":{"line":178,"column":24},"end":{"line":178,"column":36}},"34":{"start":{"line":180,"column":22},"end":{"line":199,"column":6}},"35":{"start":{"line":201,"column":4},"end":{"line":203,"column":null}},"36":{"start":{"line":202,"column":6},"end":{"line":202,"column":107}},"37":{"start":{"line":205,"column":4},"end":{"line":205,"column":122}},"38":{"start":{"line":207,"column":4},"end":{"line":207,"column":53}},"39":{"start":{"line":208,"column":4},"end":{"line":208,"column":106}},"40":{"start":{"line":175,"column":13},"end":{"line":175,"column":32}},"41":{"start":{"line":216,"column":31},"end":{"line":271,"column":2}},"42":{"start":{"line":216,"column":69},"end":{"line":271,"column":2}},"43":{"start":{"line":217,"column":2},"end":{"line":270,"column":null}},"44":{"start":{"line":218,"column":19},"end":{"line":218,"column":29}},"45":{"start":{"line":219,"column":24},"end":{"line":219,"column":36}},"46":{"start":{"line":220,"column":23},"end":{"line":220,"column":31}},"47":{"start":{"line":223,"column":30},"end":{"line":228,"column":6}},"48":{"start":{"line":230,"column":4},"end":{"line":232,"column":null}},"49":{"start":{"line":231,"column":6},"end":{"line":231,"column":107}},"50":{"start":{"line":243,"column":8},"end":{"line":243,"column":18}},"51":{"start":{"line":242,"column":22},"end":{"line":243,"column":8}},"52":{"start":{"line":245,"column":29},"end":{"line":264,"column":6}},"53":{"start":{"line":266,"column":4},"end":{"line":266,"column":126}},"54":{"start":{"line":268,"column":4},"end":{"line":268,"column":54}},"55":{"start":{"line":269,"column":4},"end":{"line":269,"column":102}},"56":{"start":{"line":216,"column":13},"end":{"line":216,"column":31}},"57":{"start":{"line":277,"column":31},"end":{"line":311,"column":2}},"58":{"start":{"line":277,"column":69},"end":{"line":311,"column":2}},"59":{"start":{"line":278,"column":2},"end":{"line":310,"column":null}},"60":{"start":{"line":279,"column":19},"end":{"line":279,"column":29}},"61":{"start":{"line":280,"column":24},"end":{"line":280,"column":36}},"62":{"start":{"line":283,"column":30},"end":{"line":288,"column":6}},"63":{"start":{"line":290,"column":4},"end":{"line":292,"column":null}},"64":{"start":{"line":291,"column":6},"end":{"line":291,"column":107}},"65":{"start":{"line":295,"column":4},"end":{"line":302,"column":7}},"66":{"start":{"line":304,"column":4},"end":{"line":306,"column":94}},"67":{"start":{"line":308,"column":4},"end":{"line":308,"column":54}},"68":{"start":{"line":309,"column":4},"end":{"line":309,"column":102}},"69":{"start":{"line":277,"column":13},"end":{"line":277,"column":31}},"70":{"start":{"line":317,"column":39},"end":{"line":378,"column":2}},"71":{"start":{"line":317,"column":77},"end":{"line":378,"column":2}},"72":{"start":{"line":318,"column":2},"end":{"line":377,"column":null}},"73":{"start":{"line":319,"column":19},"end":{"line":319,"column":29}},"74":{"start":{"line":320,"column":24},"end":{"line":320,"column":36}},"75":{"start":{"line":321,"column":29},"end":{"line":321,"column":37}},"76":{"start":{"line":324,"column":30},"end":{"line":329,"column":6}},"77":{"start":{"line":331,"column":4},"end":{"line":333,"column":null}},"78":{"start":{"line":332,"column":6},"end":{"line":332,"column":107}},"79":{"start":{"line":336,"column":4},"end":{"line":338,"column":null}},"80":{"start":{"line":337,"column":6},"end":{"line":337,"column":104}},"81":{"start":{"line":341,"column":4},"end":{"line":343,"column":null}},"82":{"start":{"line":342,"column":6},"end":{"line":342,"column":105}},"83":{"start":{"line":346,"column":22},"end":{"line":346,"column":32}},"84":{"start":{"line":347,"column":21},"end":{"line":347,"column":69}},"85":{"start":{"line":350,"column":4},"end":{"line":359,"column":null}},"86":{"start":{"line":351,"column":6},"end":{"line":358,"column":9}},"87":{"start":{"line":362,"column":21},"end":{"line":369,"column":6}},"88":{"start":{"line":372,"column":45},"end":{"line":372,"column":53}},"89":{"start":{"line":372,"column":40},"end":{"line":372,"column":45}},"90":{"start":{"line":373,"column":4},"end":{"line":373,"column":122}},"91":{"start":{"line":375,"column":4},"end":{"line":375,"column":54}},"92":{"start":{"line":376,"column":4},"end":{"line":376,"column":102}},"93":{"start":{"line":317,"column":13},"end":{"line":317,"column":39}}},"fnMap":{"0":{"name":"(anonymous_9)","decl":{"start":{"line":11,"column":31},"end":{"line":11,"column":38}},"loc":{"start":{"line":11,"column":69},"end":{"line":137,"column":2}}},"1":{"name":"(anonymous_10)","decl":{"start":{"line":11,"column":69},"end":{"line":11,"column":null}},"loc":{"start":{"line":11,"column":69},"end":{"line":137,"column":1}}},"2":{"name":"(anonymous_11)","decl":{"start":{"line":55,"column":18},"end":{"line":55,"column":19}},"loc":{"start":{"line":61,"column":25},"end":{"line":67,"column":20}}},"3":{"name":"(anonymous_12)","decl":{"start":{"line":77,"column":18},"end":{"line":77,"column":19}},"loc":{"start":{"line":83,"column":25},"end":{"line":89,"column":20}}},"4":{"name":"(anonymous_13)","decl":{"start":{"line":98,"column":35},"end":{"line":98,"column":36}},"loc":{"start":{"line":98,"column":55},"end":{"line":100,"column":18}}},"5":{"name":"(anonymous_14)","decl":{"start":{"line":109,"column":18},"end":{"line":109,"column":19}},"loc":{"start":{"line":109,"column":62},"end":{"line":112,"column":20}}},"6":{"name":"(anonymous_15)","decl":{"start":{"line":143,"column":29},"end":{"line":143,"column":36}},"loc":{"start":{"line":143,"column":67},"end":{"line":169,"column":2}}},"7":{"name":"(anonymous_16)","decl":{"start":{"line":143,"column":67},"end":{"line":143,"column":null}},"loc":{"start":{"line":143,"column":67},"end":{"line":169,"column":1}}},"8":{"name":"(anonymous_17)","decl":{"start":{"line":175,"column":32},"end":{"line":175,"column":39}},"loc":{"start":{"line":175,"column":70},"end":{"line":210,"column":2}}},"9":{"name":"(anonymous_18)","decl":{"start":{"line":175,"column":70},"end":{"line":175,"column":null}},"loc":{"start":{"line":175,"column":70},"end":{"line":210,"column":1}}},"10":{"name":"(anonymous_19)","decl":{"start":{"line":216,"column":31},"end":{"line":216,"column":38}},"loc":{"start":{"line":216,"column":69},"end":{"line":271,"column":2}}},"11":{"name":"(anonymous_20)","decl":{"start":{"line":216,"column":69},"end":{"line":216,"column":null}},"loc":{"start":{"line":216,"column":69},"end":{"line":271,"column":1}}},"12":{"name":"(anonymous_21)","decl":{"start":{"line":277,"column":31},"end":{"line":277,"column":38}},"loc":{"start":{"line":277,"column":69},"end":{"line":311,"column":2}}},"13":{"name":"(anonymous_22)","decl":{"start":{"line":277,"column":69},"end":{"line":277,"column":null}},"loc":{"start":{"line":277,"column":69},"end":{"line":311,"column":1}}},"14":{"name":"(anonymous_23)","decl":{"start":{"line":317,"column":39},"end":{"line":317,"column":46}},"loc":{"start":{"line":317,"column":77},"end":{"line":378,"column":2}}},"15":{"name":"(anonymous_24)","decl":{"start":{"line":317,"column":77},"end":{"line":317,"column":null}},"loc":{"start":{"line":317,"column":77},"end":{"line":378,"column":1}}}},"branchMap":{"0":{"loc":{"start":{"line":33,"column":4},"end":{"line":37,"column":null}},"type":"if","locations":[{"start":{"line":33,"column":4},"end":{"line":37,"column":null}}]},"1":{"loc":{"start":{"line":49,"column":22},"end":{"line":49,"column":43}},"type":"binary-expr","locations":[{"start":{"line":49,"column":22},"end":{"line":49,"column":34}},{"start":{"line":49,"column":38},"end":{"line":49,"column":43}}]},"2":{"loc":{"start":{"line":51,"column":12},"end":{"line":71,"column":14}},"type":"cond-expr","locations":[{"start":{"line":52,"column":12},"end":{"line":70,"column":null}},{"start":{"line":71,"column":12},"end":{"line":71,"column":14}}]},"3":{"loc":{"start":{"line":51,"column":12},"end":{"line":51,"column":45}},"type":"binary-expr","locations":[{"start":{"line":51,"column":12},"end":{"line":51,"column":21}},{"start":{"line":51,"column":25},"end":{"line":51,"column":45}}]},"4":{"loc":{"start":{"line":65,"column":29},"end":{"line":65,"column":71}},"type":"cond-expr","locations":[{"start":{"line":65,"column":43},"end":{"line":65,"column":64}},{"start":{"line":65,"column":67},"end":{"line":65,"column":71}}]},"5":{"loc":{"start":{"line":66,"column":29},"end":{"line":66,"column":48}},"type":"binary-expr","locations":[{"start":{"line":66,"column":29},"end":{"line":66,"column":40}},{"start":{"line":66,"column":44},"end":{"line":66,"column":48}}]},"6":{"loc":{"start":{"line":73,"column":12},"end":{"line":93,"column":14}},"type":"cond-expr","locations":[{"start":{"line":74,"column":12},"end":{"line":92,"column":null}},{"start":{"line":93,"column":12},"end":{"line":93,"column":14}}]},"7":{"loc":{"start":{"line":73,"column":12},"end":{"line":73,"column":55}},"type":"binary-expr","locations":[{"start":{"line":73,"column":12},"end":{"line":73,"column":26}},{"start":{"line":73,"column":30},"end":{"line":73,"column":55}}]},"8":{"loc":{"start":{"line":87,"column":29},"end":{"line":87,"column":71}},"type":"cond-expr","locations":[{"start":{"line":87,"column":43},"end":{"line":87,"column":64}},{"start":{"line":87,"column":67},"end":{"line":87,"column":71}}]},"9":{"loc":{"start":{"line":88,"column":29},"end":{"line":88,"column":48}},"type":"binary-expr","locations":[{"start":{"line":88,"column":29},"end":{"line":88,"column":40}},{"start":{"line":88,"column":44},"end":{"line":88,"column":48}}]},"10":{"loc":{"start":{"line":95,"column":12},"end":{"line":103,"column":14}},"type":"cond-expr","locations":[{"start":{"line":96,"column":12},"end":{"line":102,"column":null}},{"start":{"line":103,"column":12},"end":{"line":103,"column":14}}]},"11":{"loc":{"start":{"line":95,"column":12},"end":{"line":95,"column":39}},"type":"binary-expr","locations":[{"start":{"line":95,"column":12},"end":{"line":95,"column":18}},{"start":{"line":95,"column":22},"end":{"line":95,"column":39}}]},"12":{"loc":{"start":{"line":105,"column":12},"end":{"line":116,"column":14}},"type":"cond-expr","locations":[{"start":{"line":106,"column":12},"end":{"line":115,"column":null}},{"start":{"line":116,"column":12},"end":{"line":116,"column":14}}]},"13":{"loc":{"start":{"line":105,"column":12},"end":{"line":105,"column":45}},"type":"binary-expr","locations":[{"start":{"line":105,"column":12},"end":{"line":105,"column":21}},{"start":{"line":105,"column":25},"end":{"line":105,"column":45}}]},"14":{"loc":{"start":{"line":130,"column":4},"end":{"line":134,"column":null}},"type":"if","locations":[{"start":{"line":130,"column":4},"end":{"line":134,"column":null}}]},"15":{"loc":{"start":{"line":201,"column":4},"end":{"line":203,"column":null}},"type":"if","locations":[{"start":{"line":201,"column":4},"end":{"line":203,"column":null}}]},"16":{"loc":{"start":{"line":230,"column":4},"end":{"line":232,"column":null}},"type":"if","locations":[{"start":{"line":230,"column":4},"end":{"line":232,"column":null}}]},"17":{"loc":{"start":{"line":290,"column":4},"end":{"line":292,"column":null}},"type":"if","locations":[{"start":{"line":290,"column":4},"end":{"line":292,"column":null}}]},"18":{"loc":{"start":{"line":331,"column":4},"end":{"line":333,"column":null}},"type":"if","locations":[{"start":{"line":331,"column":4},"end":{"line":333,"column":null}}]},"19":{"loc":{"start":{"line":336,"column":4},"end":{"line":338,"column":null}},"type":"if","locations":[{"start":{"line":336,"column":4},"end":{"line":338,"column":null}}]},"20":{"loc":{"start":{"line":341,"column":4},"end":{"line":343,"column":null}},"type":"if","locations":[{"start":{"line":341,"column":4},"end":{"line":343,"column":null}}]},"21":{"loc":{"start":{"line":350,"column":4},"end":{"line":359,"column":null}},"type":"if","locations":[{"start":{"line":350,"column":4},"end":{"line":359,"column":null}}]}},"s":{"0":3,"1":3,"2":3,"3":3,"4":2,"5":2,"6":2,"7":2,"8":2,"9":1,"10":1,"11":0,"12":0,"13":3,"14":0,"15":1,"16":0,"17":0,"18":0,"19":0,"20":3,"21":3,"22":1,"23":1,"24":1,"25":1,"26":0,"27":0,"28":3,"29":3,"30":0,"31":0,"32":0,"33":0,"34":0,"35":0,"36":0,"37":0,"38":0,"39":0,"40":3,"41":3,"42":0,"43":0,"44":0,"45":0,"46":0,"47":0,"48":0,"49":0,"50":0,"51":0,"52":0,"53":0,"54":0,"55":0,"56":3,"57":3,"58":0,"59":0,"60":0,"61":0,"62":0,"63":0,"64":0,"65":0,"66":0,"67":0,"68":0,"69":3,"70":3,"71":0,"72":0,"73":0,"74":0,"75":0,"76":0,"77":0,"78":0,"79":0,"80":0,"81":0,"82":0,"83":0,"84":0,"85":0,"86":0,"87":0,"88":0,"89":0,"90":0,"91":0,"92":0,"93":3},"f":{"0":2,"1":2,"2":0,"3":0,"4":3,"5":0,"6":1,"7":1,"8":0,"9":0,"10":0,"11":0,"12":0,"13":0,"14":0,"15":0},"b":{"0":[1],"1":[1,1],"2":[0,1],"3":[1,0],"4":[0,0],"5":[0,0],"6":[0,1],"7":[1,0],"8":[0,0],"9":[0,0],"10":[1,0],"11":[1,1],"12":[0,1],"13":[1,0],"14":[0],"15":[0],"16":[0],"17":[0],"18":[0],"19":[0],"20":[0],"21":[0]}}
,"/Users/yobertyalej/code/ai4devs/AI4Devs-lab-ides/backend/src/lib/prisma.ts": {"path":"/Users/yobertyalej/code/ai4devs/AI4Devs-lab-ides/backend/src/lib/prisma.ts","statementMap":{"0":{"start":{"line":1,"column":0},"end":{"line":1,"column":46}},"1":{"start":{"line":9,"column":15},"end":{"line":9,"column":50}},"2":{"start":{"line":12,"column":0},"end":{"line":14,"column":null}},"3":{"start":{"line":13,"column":2},"end":{"line":13,"column":25}},"4":{"start":{"line":17,"column":21},"end":{"line":17,"column":null}},"5":{"start":{"line":44,"column":0},"end":{"line":44,"column":28}}},"fnMap":{},"branchMap":{"0":{"loc":{"start":{"line":9,"column":15},"end":{"line":9,"column":50}},"type":"binary-expr","locations":[{"start":{"line":9,"column":15},"end":{"line":9,"column":28}},{"start":{"line":9,"column":32},"end":{"line":9,"column":50}}]},"1":{"loc":{"start":{"line":12,"column":0},"end":{"line":14,"column":null}},"type":"if","locations":[{"start":{"line":12,"column":0},"end":{"line":14,"column":null}}]}},"s":{"0":2,"1":2,"2":2,"3":2,"4":2,"5":2},"f":{},"b":{"0":[2,2],"1":[2]}}
,"/Users/yobertyalej/code/ai4devs/AI4Devs-lab-ides/backend/src/middlewares/language.middleware.ts": {"path":"/Users/yobertyalej/code/ai4devs/AI4Devs-lab-ides/backend/src/middlewares/language.middleware.ts","statementMap":{"0":{"start":{"line":2,"column":0},"end":{"line":2,"column":66}},"1":{"start":{"line":7,"column":34},"end":{"line":28,"column":1}},"2":{"start":{"line":10,"column":4},"end":{"line":12,"column":20}},"3":{"start":{"line":15,"column":2},"end":{"line":17,"column":null}},"4":{"start":{"line":16,"column":4},"end":{"line":16,"column":34}},"5":{"start":{"line":20,"column":24},"end":{"line":22,"column":22}},"6":{"start":{"line":25,"column":2},"end":{"line":25,"column":31}},"7":{"start":{"line":27,"column":2},"end":{"line":27,"column":9}},"8":{"start":{"line":7,"column":13},"end":{"line":7,"column":34}}},"fnMap":{"0":{"name":"(anonymous_0)","decl":{"start":{"line":7,"column":34},"end":{"line":7,"column":35}},"loc":{"start":{"line":7,"column":86},"end":{"line":28,"column":1}}}},"branchMap":{"0":{"loc":{"start":{"line":10,"column":4},"end":{"line":12,"column":20}},"type":"binary-expr","locations":[{"start":{"line":10,"column":4},"end":{"line":10,"column":34}},{"start":{"line":11,"column":4},"end":{"line":11,"column":28}},{"start":{"line":12,"column":4},"end":{"line":12,"column":20}}]},"1":{"loc":{"start":{"line":15,"column":2},"end":{"line":17,"column":null}},"type":"if","locations":[{"start":{"line":15,"column":2},"end":{"line":17,"column":null}}]},"2":{"loc":{"start":{"line":15,"column":6},"end":{"line":15,"column":32}},"type":"binary-expr","locations":[{"start":{"line":15,"column":6},"end":{"line":15,"column":10}},{"start":{"line":15,"column":14},"end":{"line":15,"column":32}}]},"3":{"loc":{"start":{"line":20,"column":24},"end":{"line":22,"column":22}},"type":"cond-expr","locations":[{"start":{"line":21,"column":6},"end":{"line":21,"column":10}},{"start":{"line":22,"column":6},"end":{"line":22,"column":22}}]}},"s":{"0":3,"1":3,"2":5,"3":5,"4":3,"5":5,"6":5,"7":5,"8":3},"f":{"0":5},"b":{"0":[5,2,2],"1":[3],"2":[5,5],"3":[4,1]}}
,"/Users/yobertyalej/code/ai4devs/AI4Devs-lab-ides/backend/src/middlewares/upload.middleware.ts": {"path":"/Users/yobertyalej/code/ai4devs/AI4Devs-lab-ides/backend/src/middlewares/upload.middleware.ts","statementMap":{"0":{"start":{"line":1,"column":0},"end":{"line":1,"column":28}},"1":{"start":{"line":4,"column":16},"end":{"line":4,"column":38}},"2":{"start":{"line":7,"column":19},"end":{"line":14,"column":1}},"3":{"start":{"line":9,"column":2},"end":{"line":13,"column":null}},"4":{"start":{"line":10,"column":4},"end":{"line":10,"column":19}},"5":{"start":{"line":12,"column":4},"end":{"line":12,"column":20}},"6":{"start":{"line":17,"column":15},"end":{"line":23,"column":2}},"7":{"start":{"line":25,"column":0},"end":{"line":25,"column":22}}},"fnMap":{"0":{"name":"(anonymous_1)","decl":{"start":{"line":7,"column":19},"end":{"line":7,"column":20}},"loc":{"start":{"line":7,"column":102},"end":{"line":14,"column":1}}}},"branchMap":{"0":{"loc":{"start":{"line":9,"column":2},"end":{"line":13,"column":null}},"type":"if","locations":[{"start":{"line":9,"column":2},"end":{"line":13,"column":null}},{"start":{"line":11,"column":9},"end":{"line":13,"column":null}}]}},"s":{"0":2,"1":2,"2":2,"3":0,"4":0,"5":0,"6":2,"7":2},"f":{"0":0},"b":{"0":[0,0]}}
,"/Users/yobertyalej/code/ai4devs/AI4Devs-lab-ides/backend/src/middlewares/validation.middleware.ts": {"path":"/Users/yobertyalej/code/ai4devs/AI4Devs-lab-ides/backend/src/middlewares/validation.middleware.ts","statementMap":{"0":{"start":{"line":2,"column":0},"end":{"line":2,"column":54}},"1":{"start":{"line":3,"column":0},"end":{"line":3,"column":48}},"2":{"start":{"line":8,"column":33},"end":{"line":42,"column":1}},"3":{"start":{"line":9,"column":57},"end":{"line":9,"column":65}},"4":{"start":{"line":10,"column":41},"end":{"line":10,"column":43}},"5":{"start":{"line":13,"column":2},"end":{"line":15,"column":null}},"6":{"start":{"line":14,"column":4},"end":{"line":14,"column":80}},"7":{"start":{"line":17,"column":2},"end":{"line":19,"column":null}},"8":{"start":{"line":18,"column":4},"end":{"line":18,"column":78}},"9":{"start":{"line":21,"column":2},"end":{"line":25,"column":null}},"10":{"start":{"line":22,"column":4},"end":{"line":22,"column":72}},"11":{"start":{"line":23,"column":9},"end":{"line":25,"column":null}},"12":{"start":{"line":24,"column":4},"end":{"line":24,"column":71}},"13":{"start":{"line":27,"column":2},"end":{"line":29,"column":null}},"14":{"start":{"line":28,"column":4},"end":{"line":28,"column":72}},"15":{"start":{"line":31,"column":2},"end":{"line":33,"column":null}},"16":{"start":{"line":32,"column":4},"end":{"line":32,"column":76}},"17":{"start":{"line":36,"column":2},"end":{"line":38,"column":null}},"18":{"start":{"line":37,"column":4},"end":{"line":37,"column":106}},"19":{"start":{"line":41,"column":2},"end":{"line":41,"column":9}},"20":{"start":{"line":8,"column":13},"end":{"line":8,"column":33}},"21":{"start":{"line":47,"column":21},"end":{"line":50,"column":1}},"22":{"start":{"line":48,"column":21},"end":{"line":48,"column":49}},"23":{"start":{"line":49,"column":2},"end":{"line":49,"column":32}}},"fnMap":{"0":{"name":"(anonymous_0)","decl":{"start":{"line":8,"column":33},"end":{"line":8,"column":34}},"loc":{"start":{"line":8,"column":85},"end":{"line":42,"column":1}}},"1":{"name":"(anonymous_1)","decl":{"start":{"line":47,"column":21},"end":{"line":47,"column":22}},"loc":{"start":{"line":47,"column":48},"end":{"line":50,"column":1}}}},"branchMap":{"0":{"loc":{"start":{"line":13,"column":2},"end":{"line":15,"column":null}},"type":"if","locations":[{"start":{"line":13,"column":2},"end":{"line":15,"column":null}}]},"1":{"loc":{"start":{"line":17,"column":2},"end":{"line":19,"column":null}},"type":"if","locations":[{"start":{"line":17,"column":2},"end":{"line":19,"column":null}}]},"2":{"loc":{"start":{"line":21,"column":2},"end":{"line":25,"column":null}},"type":"if","locations":[{"start":{"line":21,"column":2},"end":{"line":25,"column":null}},{"start":{"line":23,"column":9},"end":{"line":25,"column":null}}]},"3":{"loc":{"start":{"line":23,"column":9},"end":{"line":25,"column":null}},"type":"if","locations":[{"start":{"line":23,"column":9},"end":{"line":25,"column":null}}]},"4":{"loc":{"start":{"line":27,"column":2},"end":{"line":29,"column":null}},"type":"if","locations":[{"start":{"line":27,"column":2},"end":{"line":29,"column":null}}]},"5":{"loc":{"start":{"line":31,"column":2},"end":{"line":33,"column":null}},"type":"if","locations":[{"start":{"line":31,"column":2},"end":{"line":33,"column":null}}]},"6":{"loc":{"start":{"line":36,"column":2},"end":{"line":38,"column":null}},"type":"if","locations":[{"start":{"line":36,"column":2},"end":{"line":38,"column":null}}]}},"s":{"0":2,"1":2,"2":2,"3":0,"4":0,"5":0,"6":0,"7":0,"8":0,"9":0,"10":0,"11":0,"12":0,"13":0,"14":0,"15":0,"16":0,"17":0,"18":0,"19":0,"20":2,"21":2,"22":0,"23":0},"f":{"0":0,"1":0},"b":{"0":[0],"1":[0],"2":[0,0],"3":[0],"4":[0],"5":[0],"6":[0]}}
,"/Users/yobertyalej/code/ai4devs/AI4Devs-lab-ides/backend/src/routes/candidate.routes.ts": {"path":"/Users/yobertyalej/code/ai4devs/AI4Devs-lab-ides/backend/src/routes/candidate.routes.ts","statementMap":{"0":{"start":{"line":1,"column":0},"end":{"line":1,"column":33}},"1":{"start":{"line":2,"column":0},"end":{"line":2,"column":null}},"2":{"start":{"line":10,"column":0},"end":{"line":10,"column":54}},"3":{"start":{"line":11,"column":0},"end":{"line":11,"column":73}},"4":{"start":{"line":13,"column":15},"end":{"line":13,"column":23}},"5":{"start":{"line":16,"column":0},"end":{"line":16,"column":31}},"6":{"start":{"line":19,"column":0},"end":{"line":19,"column":37}},"7":{"start":{"line":22,"column":0},"end":{"line":22,"column":53}},"8":{"start":{"line":25,"column":0},"end":{"line":25,"column":36}},"9":{"start":{"line":28,"column":0},"end":{"line":28,"column":39}},"10":{"start":{"line":31,"column":0},"end":{"line":31,"column":78}},"11":{"start":{"line":33,"column":0},"end":{"line":33,"column":22}}},"fnMap":{},"branchMap":{},"s":{"0":2,"1":2,"2":2,"3":2,"4":2,"5":2,"6":2,"7":2,"8":2,"9":2,"10":2,"11":2},"f":{},"b":{}}
,"/Users/yobertyalej/code/ai4devs/AI4Devs-lab-ides/backend/src/routes/index.ts": {"path":"/Users/yobertyalej/code/ai4devs/AI4Devs-lab-ides/backend/src/routes/index.ts","statementMap":{"0":{"start":{"line":1,"column":0},"end":{"line":1,"column":33}},"1":{"start":{"line":2,"column":0},"end":{"line":2,"column":49}},"2":{"start":{"line":4,"column":15},"end":{"line":4,"column":23}},"3":{"start":{"line":7,"column":0},"end":{"line":7,"column":43}},"4":{"start":{"line":9,"column":0},"end":{"line":9,"column":22}}},"fnMap":{},"branchMap":{},"s":{"0":2,"1":2,"2":2,"3":2,"4":2},"f":{},"b":{}}
,"/Users/yobertyalej/code/ai4devs/AI4Devs-lab-ides/backend/src/utils/i18n.utils.ts": {"path":"/Users/yobertyalej/code/ai4devs/AI4Devs-lab-ides/backend/src/utils/i18n.utils.ts","statementMap":{"0":{"start":{"line":1,"column":0},"end":{"line":1,"column":25}},"1":{"start":{"line":2,"column":0},"end":{"line":2,"column":29}},"2":{"start":{"line":5,"column":13},"end":{"line":8,"column":2}},"3":{"start":{"line":11,"column":13},"end":{"line":11,"column":48}},"4":{"start":{"line":14,"column":61},"end":{"line":14,"column":63}},"5":{"start":{"line":17,"column":32},"end":{"line":62,"column":1}},"6":{"start":{"line":19,"column":2},"end":{"line":61,"column":5}},"7":{"start":{"line":20,"column":21},"end":{"line":20,"column":63}},"8":{"start":{"line":23,"column":4},"end":{"line":26,"column":null}},"9":{"start":{"line":24,"column":6},"end":{"line":24,"column":63}},"10":{"start":{"line":25,"column":6},"end":{"line":25,"column":13}},"11":{"start":{"line":29,"column":4},"end":{"line":60,"column":9}},"12":{"start":{"line":30,"column":24},"end":{"line":30,"column":46}},"13":{"start":{"line":32,"column":25},"end":{"line":32,"column":50}},"14":{"start":{"line":33,"column":26},"end":{"line":33,"column":51}},"15":{"start":{"line":35,"column":8},"end":{"line":59,"column":null}},"16":{"start":{"line":36,"column":26},"end":{"line":36,"column":60}},"17":{"start":{"line":37,"column":30},"end":{"line":37,"column":49}},"18":{"start":{"line":40,"column":10},"end":{"line":42,"column":null}},"19":{"start":{"line":41,"column":12},"end":{"line":41,"column":36}},"20":{"start":{"line":45,"column":10},"end":{"line":56,"column":13}},"21":{"start":{"line":46,"column":12},"end":{"line":55,"column":null}},"22":{"start":{"line":47,"column":14},"end":{"line":47,"column":64}},"23":{"start":{"line":48,"column":19},"end":{"line":55,"column":null}},"24":{"start":{"line":50,"column":14},"end":{"line":54,"column":17}},"25":{"start":{"line":51,"column":16},"end":{"line":53,"column":null}},"26":{"start":{"line":52,"column":18},"end":{"line":52,"column":87}},"27":{"start":{"line":58,"column":10},"end":{"line":58,"column":78}},"28":{"start":{"line":17,"column":13},"end":{"line":17,"column":32}},"29":{"start":{"line":71,"column":25},"end":{"line":85,"column":1}},"30":{"start":{"line":77,"column":20},"end":{"line":77,"column":93}},"31":{"start":{"line":80,"column":2},"end":{"line":82,"column":5}},"32":{"start":{"line":81,"column":4},"end":{"line":81,"column":86}},"33":{"start":{"line":84,"column":2},"end":{"line":84,"column":21}},"34":{"start":{"line":71,"column":13},"end":{"line":71,"column":25}},"35":{"start":{"line":88,"column":0},"end":{"line":88,"column":19}}},"fnMap":{"0":{"name":"(anonymous_6)","decl":{"start":{"line":17,"column":32},"end":{"line":17,"column":35}},"loc":{"start":{"line":17,"column":37},"end":{"line":62,"column":1}}},"1":{"name":"(anonymous_7)","decl":{"start":{"line":19,"column":35},"end":{"line":19,"column":36}},"loc":{"start":{"line":19,"column":44},"end":{"line":61,"column":3}}},"2":{"name":"(anonymous_8)","decl":{"start":{"line":30,"column":14},"end":{"line":30,"column":15}},"loc":{"start":{"line":30,"column":24},"end":{"line":30,"column":46}}},"3":{"name":"(anonymous_9)","decl":{"start":{"line":31,"column":15},"end":{"line":31,"column":16}},"loc":{"start":{"line":31,"column":24},"end":{"line":60,"column":7}}},"4":{"name":"(anonymous_10)","decl":{"start":{"line":45,"column":46},"end":{"line":45,"column":47}},"loc":{"start":{"line":45,"column":63},"end":{"line":56,"column":11}}},"5":{"name":"(anonymous_11)","decl":{"start":{"line":50,"column":67},"end":{"line":50,"column":68}},"loc":{"start":{"line":50,"column":96},"end":{"line":54,"column":15}}},"6":{"name":"(anonymous_12)","decl":{"start":{"line":71,"column":25},"end":{"line":71,"column":null}},"loc":{"start":{"line":75,"column":12},"end":{"line":85,"column":1}}},"7":{"name":"(anonymous_13)","decl":{"start":{"line":80,"column":33},"end":{"line":80,"column":34}},"loc":{"start":{"line":80,"column":52},"end":{"line":82,"column":3}}}},"branchMap":{"0":{"loc":{"start":{"line":23,"column":4},"end":{"line":26,"column":null}},"type":"if","locations":[{"start":{"line":23,"column":4},"end":{"line":26,"column":null}}]},"1":{"loc":{"start":{"line":40,"column":10},"end":{"line":42,"column":null}},"type":"if","locations":[{"start":{"line":40,"column":10},"end":{"line":42,"column":null}}]},"2":{"loc":{"start":{"line":46,"column":12},"end":{"line":55,"column":null}},"type":"if","locations":[{"start":{"line":46,"column":12},"end":{"line":55,"column":null}},{"start":{"line":48,"column":19},"end":{"line":55,"column":null}}]},"3":{"loc":{"start":{"line":48,"column":19},"end":{"line":55,"column":null}},"type":"if","locations":[{"start":{"line":48,"column":19},"end":{"line":55,"column":null}}]},"4":{"loc":{"start":{"line":48,"column":23},"end":{"line":48,"column":66}},"type":"binary-expr","locations":[{"start":{"line":48,"column":23},"end":{"line":48,"column":48}},{"start":{"line":48,"column":52},"end":{"line":48,"column":66}}]},"5":{"loc":{"start":{"line":51,"column":16},"end":{"line":53,"column":null}},"type":"if","locations":[{"start":{"line":51,"column":16},"end":{"line":53,"column":null}}]},"6":{"loc":{"start":{"line":73,"column":2},"end":{"line":73,"column":25}},"type":"default-arg","locations":[{"start":{"line":73,"column":9},"end":{"line":73,"column":25}}]},"7":{"loc":{"start":{"line":74,"column":2},"end":{"line":74,"column":46}},"type":"default-arg","locations":[{"start":{"line":74,"column":44},"end":{"line":74,"column":46}}]},"8":{"loc":{"start":{"line":77,"column":20},"end":{"line":77,"column":93}},"type":"binary-expr","locations":[{"start":{"line":77,"column":20},"end":{"line":77,"column":45}},{"start":{"line":77,"column":49},"end":{"line":77,"column":86}},{"start":{"line":77,"column":90},"end":{"line":77,"column":93}}]},"9":{"loc":{"start":{"line":77,"column":20},"end":{"line":77,"column":45}},"type":"cond-expr","locations":[{"start":{"line":77,"column":38},"end":{"line":77,"column":41}},{"start":{"line":77,"column":38},"end":{"line":77,"column":45}}]},"10":{"loc":{"start":{"line":77,"column":20},"end":{"line":77,"column":41}},"type":"binary-expr","locations":[{"start":{"line":77,"column":20},"end":{"line":77,"column":41}},{"start":{"line":77,"column":38},"end":{"line":77,"column":41}}]},"11":{"loc":{"start":{"line":77,"column":49},"end":{"line":77,"column":86}},"type":"cond-expr","locations":[{"start":{"line":77,"column":79},"end":{"line":77,"column":82}},{"start":{"line":77,"column":79},"end":{"line":77,"column":86}}]},"12":{"loc":{"start":{"line":77,"column":49},"end":{"line":77,"column":82}},"type":"binary-expr","locations":[{"start":{"line":77,"column":49},"end":{"line":77,"column":82}},{"start":{"line":77,"column":79},"end":{"line":77,"column":82}}]}},"s":{"0":5,"1":5,"2":5,"3":5,"4":5,"5":5,"6":5,"7":10,"8":10,"9":0,"10":0,"11":10,"12":20,"13":20,"14":20,"15":20,"16":20,"17":20,"18":20,"19":10,"20":20,"21":80,"22":10,"23":70,"24":70,"25":210,"26":210,"27":0,"28":5,"29":5,"30":8,"31":8,"32":0,"33":8,"34":5,"35":5},"f":{"0":5,"1":10,"2":20,"3":20,"4":80,"5":210,"6":8,"7":0},"b":{"0":[0],"1":[10],"2":[10,70],"3":[70],"4":[70,70],"5":[210],"6":[6],"7":[8],"8":[8,1,1],"9":[0,8],"10":[8,8],"11":[0,1],"12":[1,1]}}
,"/Users/yobertyalej/code/ai4devs/AI4Devs-lab-ides/backend/src/utils/response.utils.ts": {"path":"/Users/yobertyalej/code/ai4devs/AI4Devs-lab-ides/backend/src/utils/response.utils.ts","statementMap":{"0":{"start":{"line":7,"column":30},"end":{"line":13,"column":1}},"1":{"start":{"line":8,"column":2},"end":{"line":12,"column":4}},"2":{"start":{"line":7,"column":13},"end":{"line":7,"column":30}},"3":{"start":{"line":21,"column":27},"end":{"line":27,"column":1}},"4":{"start":{"line":22,"column":2},"end":{"line":25,"column":null}},"5":{"start":{"line":21,"column":13},"end":{"line":21,"column":27}}},"fnMap":{"0":{"name":"(anonymous_0)","decl":{"start":{"line":7,"column":30},"end":{"line":7,"column":31}},"loc":{"start":{"line":7,"column":62},"end":{"line":13,"column":1}}},"1":{"name":"(anonymous_1)","decl":{"start":{"line":21,"column":27},"end":{"line":21,"column":28}},"loc":{"start":{"line":21,"column":61},"end":{"line":27,"column":1}}}},"branchMap":{"0":{"loc":{"start":{"line":10,"column":13},"end":{"line":10,"column":46}},"type":"binary-expr","locations":[{"start":{"line":10,"column":13},"end":{"line":10,"column":20}},{"start":{"line":10,"column":24},"end":{"line":10,"column":46}}]},"1":{"loc":{"start":{"line":25,"column":8},"end":{"line":25,"column":28}},"type":"binary-expr","locations":[{"start":{"line":25,"column":8},"end":{"line":25,"column":14}},{"start":{"line":25,"column":18},"end":{"line":25,"column":28}}]}},"s":{"0":4,"1":4,"2":4,"3":4,"4":3,"5":4},"f":{"0":4,"1":3},"b":{"0":[4,0],"1":[3,1]}}
}
