{"/Users/gelso/workspace/AI4dev/AI4Devs-lab-ides/backend/src/application/candidate/service.ts": {"path":"/Users/gelso/workspace/AI4dev/AI4Devs-lab-ides/backend/src/application/candidate/service.ts","statementMap":{"0":{"start":{"line":1,"column":0},"end":{"line":1,"column":null}},"1":{"start":{"line":11,"column":0},"end":{"line":11,"column":13}},"2":{"start":{"line":13,"column":12},"end":{"line":13,"column":53}},"3":{"start":{"line":14,"column":12},"end":{"line":14,"column":36}},"4":{"start":{"line":17,"column":8},"end":{"line":19,"column":null}},"5":{"start":{"line":18,"column":4},"end":{"line":18,"column":46}},"6":{"start":{"line":21,"column":8},"end":{"line":23,"column":null}},"7":{"start":{"line":22,"column":4},"end":{"line":22,"column":49}},"8":{"start":{"line":25,"column":8},"end":{"line":44,"column":null}},"9":{"start":{"line":30,"column":10},"end":{"line":30,"column":54}},"10":{"start":{"line":32,"column":8},"end":{"line":32,"column":41}},"11":{"start":{"line":35,"column":8},"end":{"line":35,"column":12}},"12":{"start":{"line":36,"column":19},"end":{"line":36,"column":57}},"13":{"start":{"line":36,"column":6},"end":{"line":36,"column":57}},"14":{"start":{"line":40,"column":4},"end":{"line":43,"column":7}},"15":{"start":{"line":46,"column":8},"end":{"line":78,"column":null}},"16":{"start":{"line":52,"column":10},"end":{"line":52,"column":60}},"17":{"start":{"line":55,"column":30},"end":{"line":55,"column":null}},"18":{"start":{"line":55,"column":10},"end":{"line":55,"column":null}},"19":{"start":{"line":56,"column":4},"end":{"line":58,"column":null}},"20":{"start":{"line":57,"column":6},"end":{"line":57,"column":59}},"21":{"start":{"line":60,"column":8},"end":{"line":60,"column":50}},"22":{"start":{"line":63,"column":8},"end":{"line":63,"column":12}},"23":{"start":{"line":65,"column":10},"end":{"line":65,"column":27}},"24":{"start":{"line":66,"column":8},"end":{"line":66,"column":72}},"25":{"start":{"line":70,"column":19},"end":{"line":70,"column":57}},"26":{"start":{"line":70,"column":6},"end":{"line":70,"column":57}},"27":{"start":{"line":74,"column":4},"end":{"line":77,"column":7}},"28":{"start":{"line":80,"column":8},"end":{"line":94,"column":null}},"29":{"start":{"line":82,"column":22},"end":{"line":82,"column":null}},"30":{"start":{"line":82,"column":10},"end":{"line":82,"column":null}},"31":{"start":{"line":83,"column":4},"end":{"line":85,"column":null}},"32":{"start":{"line":84,"column":6},"end":{"line":84,"column":59}},"33":{"start":{"line":88,"column":8},"end":{"line":88,"column":17}},"34":{"start":{"line":89,"column":6},"end":{"line":89,"column":62}},"35":{"start":{"line":93,"column":4},"end":{"line":93,"column":46}},"36":{"start":{"line":96,"column":8},"end":{"line":103,"column":null}},"37":{"start":{"line":102,"column":4},"end":{"line":102,"column":52}},"38":{"start":{"line":105,"column":8},"end":{"line":107,"column":null}},"39":{"start":{"line":106,"column":4},"end":{"line":106,"column":58}},"40":{"start":{"line":109,"column":8},"end":{"line":111,"column":null}},"41":{"start":{"line":110,"column":4},"end":{"line":110,"column":59}},"42":{"start":{"line":113,"column":2},"end":{"line":115,"column":null}},"43":{"start":{"line":114,"column":4},"end":{"line":114,"column":50}},"44":{"start":{"line":116,"column":0},"end":{"line":116,"column":null}},"45":{"start":{"line":11,"column":13},"end":{"line":11,"column":29}}},"fnMap":{"0":{"name":"(anonymous_15)","decl":{"start":{"line":11,"column":0},"end":{"line":11,"column":13}},"loc":{"start":{"line":11,"column":0},"end":{"line":116,"column":null}}},"1":{"name":"CandidateService","decl":{"start":{"line":12,"column":2},"end":{"line":12,"column":null}},"loc":{"start":{"line":14,"column":36},"end":{"line":15,"column":6}}},"2":{"name":"(anonymous_17)","decl":{"start":{"line":17,"column":2},"end":{"line":17,"column":8}},"loc":{"start":{"line":17,"column":2},"end":{"line":19,"column":null}}},"3":{"name":"(anonymous_20)","decl":{"start":{"line":21,"column":2},"end":{"line":21,"column":8}},"loc":{"start":{"line":21,"column":35},"end":{"line":23,"column":null}}},"4":{"name":"(anonymous_23)","decl":{"start":{"line":25,"column":2},"end":{"line":25,"column":8}},"loc":{"start":{"line":27,"column":30},"end":{"line":44,"column":null}}},"5":{"name":"(anonymous_26)","decl":{"start":{"line":46,"column":2},"end":{"line":46,"column":8}},"loc":{"start":{"line":49,"column":30},"end":{"line":78,"column":null}}},"6":{"name":"(anonymous_29)","decl":{"start":{"line":80,"column":2},"end":{"line":80,"column":8}},"loc":{"start":{"line":80,"column":34},"end":{"line":94,"column":null}}},"7":{"name":"(anonymous_32)","decl":{"start":{"line":96,"column":2},"end":{"line":96,"column":8}},"loc":{"start":{"line":96,"column":2},"end":{"line":103,"column":null}}},"8":{"name":"(anonymous_35)","decl":{"start":{"line":105,"column":2},"end":{"line":105,"column":8}},"loc":{"start":{"line":105,"column":2},"end":{"line":107,"column":null}}},"9":{"name":"(anonymous_38)","decl":{"start":{"line":109,"column":2},"end":{"line":109,"column":8}},"loc":{"start":{"line":109,"column":2},"end":{"line":111,"column":null}}},"10":{"name":"(anonymous_41)","decl":{"start":{"line":113,"column":2},"end":{"line":113,"column":15}},"loc":{"start":{"line":113,"column":32},"end":{"line":115,"column":3}}}},"branchMap":{"0":{"loc":{"start":{"line":35,"column":8},"end":{"line":35,"column":12}},"type":"if","locations":[{"start":{"line":35,"column":8},"end":{"line":35,"column":12}}]},"1":{"loc":{"start":{"line":70,"column":19},"end":{"line":70,"column":57}},"type":"switch","locations":[{"start":{"line":70,"column":19},"end":{"line":70,"column":57}}]},"2":{"loc":{"start":{"line":56,"column":4},"end":{"line":58,"column":null}},"type":"if","locations":[{"start":{"line":56,"column":4},"end":{"line":58,"column":null}}]},"3":{"loc":{"start":{"line":63,"column":8},"end":{"line":63,"column":12}},"type":"if","locations":[{"start":{"line":63,"column":8},"end":{"line":63,"column":12}}]},"4":{"loc":{"start":{"line":65,"column":10},"end":{"line":65,"column":27}},"type":"if","locations":[{"start":{"line":65,"column":10},"end":{"line":65,"column":27}}]},"5":{"loc":{"start":{"line":82,"column":22},"end":{"line":82,"column":null}},"type":"switch","locations":[{"start":{"line":82,"column":22},"end":{"line":82,"column":null}}]},"6":{"loc":{"start":{"line":83,"column":4},"end":{"line":85,"column":null}},"type":"if","locations":[{"start":{"line":83,"column":4},"end":{"line":85,"column":null}}]},"7":{"loc":{"start":{"line":88,"column":8},"end":{"line":88,"column":17}},"type":"if","locations":[{"start":{"line":88,"column":8},"end":{"line":88,"column":17}}]}},"s":{"0":2,"1":2,"2":16,"3":16,"4":2,"5":1,"6":2,"7":2,"8":2,"9":2,"10":2,"11":3,"12":1,"13":1,"14":2,"15":2,"16":3,"17":3,"18":3,"19":3,"20":1,"21":2,"22":3,"23":1,"24":2,"25":1,"26":1,"27":2,"28":2,"29":3,"30":3,"31":3,"32":1,"33":3,"34":2,"35":4,"36":2,"37":1,"38":2,"39":1,"40":2,"41":1,"42":2,"43":1,"44":2,"45":2},"f":{"0":2,"1":16,"2":1,"3":2,"4":2,"5":3,"6":3,"7":1,"8":1,"9":1,"10":1},"b":{"0":[1],"1":[1],"2":[1],"3":[1],"4":[0],"5":[3],"6":[1],"7":[1]}}
,"/Users/gelso/workspace/AI4dev/AI4Devs-lab-ides/backend/src/domain/candidate/entity.ts": {"path":"/Users/gelso/workspace/AI4dev/AI4Devs-lab-ides/backend/src/domain/candidate/entity.ts","statementMap":{"0":{"start":{"line":1,"column":0},"end":{"line":1,"column":39}},"1":{"start":{"line":18,"column":0},"end":{"line":18,"column":13}},"2":{"start":{"line":33,"column":4},"end":{"line":33,"column":22}},"3":{"start":{"line":34,"column":4},"end":{"line":34,"column":36}},"4":{"start":{"line":35,"column":4},"end":{"line":35,"column":34}},"5":{"start":{"line":36,"column":4},"end":{"line":36,"column":28}},"6":{"start":{"line":37,"column":4},"end":{"line":37,"column":28}},"7":{"start":{"line":38,"column":4},"end":{"line":38,"column":32}},"8":{"start":{"line":39,"column":4},"end":{"line":39,"column":36}},"9":{"start":{"line":40,"column":4},"end":{"line":40,"column":38}},"10":{"start":{"line":41,"column":4},"end":{"line":41,"column":38}},"11":{"start":{"line":42,"column":4},"end":{"line":42,"column":48}},"12":{"start":{"line":43,"column":4},"end":{"line":43,"column":36}},"13":{"start":{"line":44,"column":4},"end":{"line":44,"column":36}},"14":{"start":{"line":47,"column":2},"end":{"line":49,"column":null}},"15":{"start":{"line":48,"column":4},"end":{"line":48,"column":48}},"16":{"start":{"line":51,"column":2},"end":{"line":66,"column":null}},"17":{"start":{"line":52,"column":4},"end":{"line":65,"column":6}},"18":{"start":{"line":67,"column":0},"end":{"line":67,"column":null}},"19":{"start":{"line":18,"column":13},"end":{"line":18,"column":22}}},"fnMap":{"0":{"name":"(anonymous_0)","decl":{"start":{"line":18,"column":0},"end":{"line":18,"column":13}},"loc":{"start":{"line":18,"column":0},"end":{"line":67,"column":null}}},"1":{"name":"Candidate","decl":{"start":{"line":32,"column":2},"end":{"line":32,"column":14}},"loc":{"start":{"line":32,"column":30},"end":{"line":45,"column":3}}},"2":{"name":"(anonymous_2)","decl":{"start":{"line":47,"column":2},"end":{"line":47,"column":6}},"loc":{"start":{"line":47,"column":2},"end":{"line":49,"column":3}}},"3":{"name":"(anonymous_3)","decl":{"start":{"line":51,"column":2},"end":{"line":51,"column":8}},"loc":{"start":{"line":51,"column":2},"end":{"line":66,"column":3}}}},"branchMap":{"0":{"loc":{"start":{"line":42,"column":18},"end":{"line":42,"column":47}},"type":"binary-expr","locations":[{"start":{"line":42,"column":18},"end":{"line":42,"column":29}},{"start":{"line":42,"column":33},"end":{"line":42,"column":47}}]}},"s":{"0":4,"1":4,"2":21,"3":21,"4":21,"5":21,"6":21,"7":21,"8":21,"9":21,"10":21,"11":21,"12":21,"13":21,"14":4,"15":0,"16":4,"17":0,"18":4,"19":4},"f":{"0":4,"1":21,"2":0,"3":0},"b":{"0":[21,0]}}
,"/Users/gelso/workspace/AI4dev/AI4Devs-lab-ides/backend/src/domain/candidate/schema.ts": {"path":"/Users/gelso/workspace/AI4dev/AI4Devs-lab-ides/backend/src/domain/candidate/schema.ts","statementMap":{"0":{"start":{"line":1,"column":0},"end":{"line":1,"column":24}},"1":{"start":{"line":2,"column":0},"end":{"line":2,"column":39}},"2":{"start":{"line":4,"column":13},"end":{"line":13,"column":3}},"3":{"start":{"line":15,"column":13},"end":{"line":15,"column":63}},"4":{"start":{"line":17,"column":13},"end":{"line":22,"column":3}}},"fnMap":{},"branchMap":{},"s":{"0":4,"1":4,"2":4,"3":4,"4":4},"f":{},"b":{}}
,"/Users/gelso/workspace/AI4dev/AI4Devs-lab-ides/backend/src/domain/candidate/status.enum.ts": {"path":"/Users/gelso/workspace/AI4dev/AI4Devs-lab-ides/backend/src/domain/candidate/status.enum.ts","statementMap":{"0":{"start":{"line":5,"column":0},"end":{"line":5,"column":null}},"1":{"start":{"line":6,"column":2},"end":{"line":6,"column":null}},"2":{"start":{"line":7,"column":2},"end":{"line":7,"column":null}},"3":{"start":{"line":8,"column":2},"end":{"line":8,"column":null}},"4":{"start":{"line":15,"column":2},"end":{"line":15,"column":58}},"5":{"start":{"line":14,"column":0},"end":{"line":14,"column":16}}},"fnMap":{"0":{"name":"(anonymous_0)","decl":{"start":{"line":5,"column":0},"end":{"line":5,"column":12}},"loc":{"start":{"line":5,"column":18},"end":{"line":9,"column":1}}},"1":{"name":"isValidStatus","decl":{"start":{"line":14,"column":16},"end":{"line":14,"column":29}},"loc":{"start":{"line":14,"column":44},"end":{"line":16,"column":1}}}},"branchMap":{"0":{"loc":{"start":{"line":5,"column":12},"end":{"line":5,"column":null}},"type":"binary-expr","locations":[{"start":{"line":5,"column":12},"end":{"line":5,"column":18}},{"start":{"line":5,"column":12},"end":{"line":5,"column":null}}]}},"s":{"0":4,"1":4,"2":4,"3":4,"4":0,"5":4},"f":{"0":4,"1":0},"b":{"0":[4,4]}}
,"/Users/gelso/workspace/AI4dev/AI4Devs-lab-ides/backend/src/infrastructure/file.service.ts": {"path":"/Users/gelso/workspace/AI4dev/AI4Devs-lab-ides/backend/src/infrastructure/file.service.ts","statementMap":{"0":{"start":{"line":1,"column":0},"end":{"line":1,"column":28}},"1":{"start":{"line":2,"column":0},"end":{"line":2,"column":20}},"2":{"start":{"line":3,"column":0},"end":{"line":3,"column":24}},"3":{"start":{"line":4,"column":0},"end":{"line":4,"column":33}},"4":{"start":{"line":6,"column":20},"end":{"line":6,"column":40}},"5":{"start":{"line":7,"column":19},"end":{"line":7,"column":56}},"6":{"start":{"line":9,"column":0},"end":{"line":9,"column":13}},"7":{"start":{"line":12,"column":4},"end":{"line":14,"column":null}},"8":{"start":{"line":13,"column":6},"end":{"line":13,"column":52}},"9":{"start":{"line":20,"column":2},"end":{"line":25,"column":null}},"10":{"start":{"line":21,"column":26},"end":{"line":21,"column":56}},"11":{"start":{"line":22,"column":25},"end":{"line":22,"column":63}},"12":{"start":{"line":23,"column":22},"end":{"line":23,"column":32}},"13":{"start":{"line":24,"column":4},"end":{"line":24,"column":58}},"14":{"start":{"line":30,"column":2},"end":{"line":36,"column":null}},"15":{"start":{"line":31,"column":25},"end":{"line":34,"column":6}},"16":{"start":{"line":35,"column":4},"end":{"line":35,"column":43}},"17":{"start":{"line":41,"column":8},"end":{"line":60,"column":null}},"18":{"start":{"line":42,"column":4},"end":{"line":46,"column":null}},"19":{"start":{"line":43,"column":6},"end":{"line":45,"column":8}},"20":{"start":{"line":48,"column":10},"end":{"line":48,"column":74}},"21":{"start":{"line":49,"column":10},"end":{"line":49,"column":59}},"22":{"start":{"line":52,"column":4},"end":{"line":52,"column":41}},"23":{"start":{"line":55,"column":8},"end":{"line":55,"column":10}},"24":{"start":{"line":56,"column":6},"end":{"line":56,"column":35}},"25":{"start":{"line":59,"column":4},"end":{"line":59,"column":26}},"26":{"start":{"line":65,"column":8},"end":{"line":70,"column":null}},"27":{"start":{"line":66,"column":10},"end":{"line":66,"column":53}},"28":{"start":{"line":67,"column":8},"end":{"line":67,"column":10}},"29":{"start":{"line":68,"column":6},"end":{"line":68,"column":34}},"30":{"start":{"line":75,"column":2},"end":{"line":77,"column":null}},"31":{"start":{"line":76,"column":4},"end":{"line":76,"column":43}},"32":{"start":{"line":78,"column":0},"end":{"line":78,"column":null}},"33":{"start":{"line":9,"column":13},"end":{"line":9,"column":24}}},"fnMap":{"0":{"name":"(anonymous_14)","decl":{"start":{"line":9,"column":0},"end":{"line":9,"column":13}},"loc":{"start":{"line":9,"column":0},"end":{"line":78,"column":null}}},"1":{"name":"FileService","decl":{"start":{"line":10,"column":2},"end":{"line":10,"column":null}},"loc":{"start":{"line":10,"column":2},"end":{"line":15,"column":3}}},"2":{"name":"(anonymous_16)","decl":{"start":{"line":20,"column":2},"end":{"line":20,"column":24}},"loc":{"start":{"line":20,"column":49},"end":{"line":25,"column":3}}},"3":{"name":"(anonymous_17)","decl":{"start":{"line":30,"column":2},"end":{"line":30,"column":18}},"loc":{"start":{"line":30,"column":35},"end":{"line":36,"column":3}}},"4":{"name":"(anonymous_18)","decl":{"start":{"line":41,"column":2},"end":{"line":41,"column":8}},"loc":{"start":{"line":41,"column":42},"end":{"line":60,"column":null}}},"5":{"name":"(anonymous_21)","decl":{"start":{"line":65,"column":2},"end":{"line":65,"column":8}},"loc":{"start":{"line":65,"column":35},"end":{"line":70,"column":null}}},"6":{"name":"(anonymous_24)","decl":{"start":{"line":75,"column":2},"end":{"line":75,"column":13}},"loc":{"start":{"line":75,"column":30},"end":{"line":77,"column":3}}}},"branchMap":{"0":{"loc":{"start":{"line":12,"column":4},"end":{"line":14,"column":null}},"type":"if","locations":[{"start":{"line":12,"column":4},"end":{"line":14,"column":null}}]},"1":{"loc":{"start":{"line":59,"column":4},"end":{"line":59,"column":26}},"type":"switch","locations":[{"start":{"line":59,"column":4},"end":{"line":59,"column":26}}]},"2":{"loc":{"start":{"line":42,"column":4},"end":{"line":46,"column":null}},"type":"if","locations":[{"start":{"line":42,"column":4},"end":{"line":46,"column":null}}]},"3":{"loc":{"start":{"line":55,"column":8},"end":{"line":55,"column":10}},"type":"if","locations":[{"start":{"line":55,"column":8},"end":{"line":55,"column":10}}]},"4":{"loc":{"start":{"line":67,"column":8},"end":{"line":67,"column":10}},"type":"if","locations":[{"start":{"line":67,"column":8},"end":{"line":67,"column":10}}]}},"s":{"0":2,"1":2,"2":2,"3":2,"4":2,"5":2,"6":2,"7":13,"8":2,"9":2,"10":1,"11":1,"12":1,"13":1,"14":2,"15":6,"16":6,"17":2,"18":3,"19":1,"20":2,"21":2,"22":2,"23":2,"24":4,"25":2,"26":2,"27":0,"28":0,"29":0,"30":2,"31":1,"32":2,"33":2},"f":{"0":2,"1":13,"2":1,"3":6,"4":3,"5":0,"6":1},"b":{"0":[2],"1":[2],"2":[1],"3":[0],"4":[0]}}
,"/Users/gelso/workspace/AI4dev/AI4Devs-lab-ides/backend/src/infrastructure/candidate/repository.impl.ts": {"path":"/Users/gelso/workspace/AI4dev/AI4Devs-lab-ides/backend/src/infrastructure/candidate/repository.impl.ts","statementMap":{"0":{"start":{"line":2,"column":0},"end":{"line":2,"column":null}},"1":{"start":{"line":10,"column":29},"end":{"line":15,"column":1}},"2":{"start":{"line":11,"column":2},"end":{"line":13,"column":null}},"3":{"start":{"line":18,"column":32},"end":{"line":21,"column":1}},"4":{"start":{"line":19,"column":2},"end":{"line":19,"column":32}},"5":{"start":{"line":19,"column":15},"end":{"line":19,"column":32}},"6":{"start":{"line":20,"column":2},"end":{"line":20,"column":34}},"7":{"start":{"line":23,"column":0},"end":{"line":23,"column":13}},"8":{"start":{"line":24,"column":22},"end":{"line":24,"column":42}},"9":{"start":{"line":26,"column":8},"end":{"line":31,"column":null}},"10":{"start":{"line":27,"column":23},"end":{"line":27,"column":null}},"11":{"start":{"line":27,"column":10},"end":{"line":27,"column":null}},"12":{"start":{"line":28,"column":4},"end":{"line":30,"column":6}},"13":{"start":{"line":29,"column":21},"end":{"line":29,"column":null}},"14":{"start":{"line":33,"column":8},"end":{"line":38,"column":null}},"15":{"start":{"line":34,"column":22},"end":{"line":36,"column":null}},"16":{"start":{"line":34,"column":10},"end":{"line":36,"column":null}},"17":{"start":{"line":37,"column":4},"end":{"line":37,"column":77}},"18":{"start":{"line":40,"column":8},"end":{"line":51,"column":null}},"19":{"start":{"line":41,"column":10},"end":{"line":44,"column":6}},"20":{"start":{"line":46,"column":22},"end":{"line":48,"column":null}},"21":{"start":{"line":46,"column":10},"end":{"line":48,"column":null}},"22":{"start":{"line":50,"column":4},"end":{"line":50,"column":58}},"23":{"start":{"line":53,"column":8},"end":{"line":68,"column":null}},"24":{"start":{"line":57,"column":10},"end":{"line":57,"column":46}},"25":{"start":{"line":58,"column":4},"end":{"line":60,"column":null}},"26":{"start":{"line":59,"column":6},"end":{"line":59,"column":74}},"27":{"start":{"line":62,"column":22},"end":{"line":65,"column":null}},"28":{"start":{"line":62,"column":10},"end":{"line":65,"column":null}},"29":{"start":{"line":67,"column":4},"end":{"line":67,"column":58}},"30":{"start":{"line":70,"column":8},"end":{"line":74,"column":null}},"31":{"start":{"line":71,"column":4},"end":{"line":73,"column":7}},"32":{"start":{"line":76,"column":8},"end":{"line":98,"column":null}},"33":{"start":{"line":82,"column":18},"end":{"line":82,"column":null}},"34":{"start":{"line":82,"column":10},"end":{"line":82,"column":null}},"35":{"start":{"line":85,"column":20},"end":{"line":87,"column":null}},"36":{"start":{"line":85,"column":10},"end":{"line":87,"column":null}},"37":{"start":{"line":89,"column":21},"end":{"line":91,"column":null}},"38":{"start":{"line":89,"column":10},"end":{"line":91,"column":null}},"39":{"start":{"line":93,"column":22},"end":{"line":95,"column":null}},"40":{"start":{"line":93,"column":10},"end":{"line":95,"column":null}},"41":{"start":{"line":97,"column":4},"end":{"line":97,"column":51}},"42":{"start":{"line":100,"column":8},"end":{"line":106,"column":null}},"43":{"start":{"line":101,"column":20},"end":{"line":104,"column":null}},"44":{"start":{"line":101,"column":10},"end":{"line":104,"column":null}},"45":{"start":{"line":105,"column":4},"end":{"line":105,"column":53}},"46":{"start":{"line":105,"column":35},"end":{"line":105,"column":52}},"47":{"start":{"line":108,"column":8},"end":{"line":114,"column":null}},"48":{"start":{"line":109,"column":20},"end":{"line":112,"column":null}},"49":{"start":{"line":109,"column":10},"end":{"line":112,"column":null}},"50":{"start":{"line":113,"column":4},"end":{"line":113,"column":54}},"51":{"start":{"line":113,"column":35},"end":{"line":113,"column":53}},"52":{"start":{"line":115,"column":0},"end":{"line":115,"column":null}},"53":{"start":{"line":23,"column":13},"end":{"line":23,"column":32}}},"fnMap":{"0":{"name":"(anonymous_15)","decl":{"start":{"line":10,"column":29},"end":{"line":10,"column":30}},"loc":{"start":{"line":10,"column":50},"end":{"line":15,"column":1}}},"1":{"name":"(anonymous_16)","decl":{"start":{"line":18,"column":32},"end":{"line":18,"column":33}},"loc":{"start":{"line":18,"column":59},"end":{"line":21,"column":1}}},"2":{"name":"(anonymous_17)","decl":{"start":{"line":23,"column":0},"end":{"line":23,"column":13}},"loc":{"start":{"line":23,"column":0},"end":{"line":115,"column":null}}},"3":{"name":"CandidateRepository","decl":{"start":{"line":24,"column":2},"end":{"line":24,"column":22}},"loc":{"start":{"line":24,"column":42},"end":{"line":24,"column":46}}},"4":{"name":"(anonymous_19)","decl":{"start":{"line":26,"column":2},"end":{"line":26,"column":8}},"loc":{"start":{"line":26,"column":2},"end":{"line":31,"column":null}}},"5":{"name":"(anonymous_22)","decl":{"start":{"line":29,"column":6},"end":{"line":29,"column":7}},"loc":{"start":{"line":29,"column":16},"end":{"line":29,"column":25}}},"6":{"name":"(anonymous_23)","decl":{"start":{"line":33,"column":2},"end":{"line":33,"column":8}},"loc":{"start":{"line":33,"column":27},"end":{"line":38,"column":null}}},"7":{"name":"(anonymous_26)","decl":{"start":{"line":40,"column":2},"end":{"line":40,"column":8}},"loc":{"start":{"line":40,"column":40},"end":{"line":51,"column":null}}},"8":{"name":"(anonymous_29)","decl":{"start":{"line":53,"column":2},"end":{"line":53,"column":8}},"loc":{"start":{"line":55,"column":38},"end":{"line":68,"column":null}}},"9":{"name":"(anonymous_32)","decl":{"start":{"line":70,"column":2},"end":{"line":70,"column":8}},"loc":{"start":{"line":70,"column":25},"end":{"line":74,"column":null}}},"10":{"name":"(anonymous_35)","decl":{"start":{"line":76,"column":2},"end":{"line":76,"column":8}},"loc":{"start":{"line":76,"column":2},"end":{"line":98,"column":null}}},"11":{"name":"(anonymous_38)","decl":{"start":{"line":100,"column":2},"end":{"line":100,"column":8}},"loc":{"start":{"line":100,"column":2},"end":{"line":106,"column":null}}},"12":{"name":"(anonymous_41)","decl":{"start":{"line":105,"column":23},"end":{"line":105,"column":24}},"loc":{"start":{"line":105,"column":30},"end":{"line":105,"column":41}}},"13":{"name":"(anonymous_42)","decl":{"start":{"line":108,"column":2},"end":{"line":108,"column":8}},"loc":{"start":{"line":108,"column":2},"end":{"line":114,"column":null}}},"14":{"name":"(anonymous_45)","decl":{"start":{"line":113,"column":23},"end":{"line":113,"column":24}},"loc":{"start":{"line":113,"column":30},"end":{"line":113,"column":41}}}},"branchMap":{"0":{"loc":{"start":{"line":19,"column":2},"end":{"line":19,"column":32}},"type":"if","locations":[{"start":{"line":19,"column":2},"end":{"line":19,"column":32}}]},"1":{"loc":{"start":{"line":27,"column":23},"end":{"line":27,"column":null}},"type":"switch","locations":[{"start":{"line":27,"column":23},"end":{"line":27,"column":null}}]},"2":{"loc":{"start":{"line":34,"column":22},"end":{"line":36,"column":null}},"type":"switch","locations":[{"start":{"line":34,"column":22},"end":{"line":36,"column":null}}]},"3":{"loc":{"start":{"line":37,"column":11},"end":{"line":37,"column":76}},"type":"cond-expr","locations":[{"start":{"line":37,"column":23},"end":{"line":37,"column":69}},{"start":{"line":37,"column":72},"end":{"line":37,"column":76}}]},"4":{"loc":{"start":{"line":58,"column":4},"end":{"line":60,"column":null}},"type":"if","locations":[{"start":{"line":58,"column":4},"end":{"line":60,"column":null}}]},"5":{"loc":{"start":{"line":71,"column":4},"end":{"line":73,"column":7}},"type":"switch","locations":[{"start":{"line":71,"column":4},"end":{"line":73,"column":7}}]},"6":{"loc":{"start":{"line":82,"column":18},"end":{"line":82,"column":null}},"type":"switch","locations":[{"start":{"line":82,"column":18},"end":{"line":82,"column":null}}]},"7":{"loc":{"start":{"line":101,"column":20},"end":{"line":104,"column":null}},"type":"switch","locations":[{"start":{"line":101,"column":20},"end":{"line":104,"column":null}}]},"8":{"loc":{"start":{"line":109,"column":20},"end":{"line":112,"column":null}},"type":"switch","locations":[{"start":{"line":109,"column":20},"end":{"line":112,"column":null}}]}},"s":{"0":2,"1":2,"2":5,"3":2,"4":5,"5":0,"6":5,"7":2,"8":10,"9":2,"10":1,"11":1,"12":1,"13":2,"14":2,"15":2,"16":2,"17":2,"18":2,"19":1,"20":1,"21":1,"22":1,"23":2,"24":1,"25":1,"26":1,"27":1,"28":1,"29":1,"30":2,"31":2,"32":2,"33":1,"34":1,"35":1,"36":1,"37":1,"38":1,"39":1,"40":1,"41":1,"42":2,"43":1,"44":1,"45":1,"46":3,"47":2,"48":1,"49":1,"50":1,"51":3,"52":2,"53":2},"f":{"0":5,"1":5,"2":2,"3":10,"4":1,"5":2,"6":2,"7":1,"8":1,"9":1,"10":1,"11":1,"12":3,"13":1,"14":3},"b":{"0":[0],"1":[1],"2":[2],"3":[1,1],"4":[1],"5":[1],"6":[1],"7":[1],"8":[1]}}
,"/Users/gelso/workspace/AI4dev/AI4Devs-lab-ides/backend/src/presentation/middleware.ts": {"path":"/Users/gelso/workspace/AI4dev/AI4Devs-lab-ides/backend/src/presentation/middleware.ts","statementMap":{"0":{"start":{"line":1,"column":0},"end":{"line":1,"column":24}},"1":{"start":{"line":2,"column":0},"end":{"line":2,"column":67}},"2":{"start":{"line":3,"column":0},"end":{"line":3,"column":43}},"3":{"start":{"line":4,"column":0},"end":{"line":4,"column":28}},"4":{"start":{"line":6,"column":35},"end":{"line":45,"column":1}},"5":{"start":{"line":8,"column":2},"end":{"line":8,"column":20}},"6":{"start":{"line":11,"column":2},"end":{"line":17,"column":4}},"7":{"start":{"line":20,"column":2},"end":{"line":20,"column":26}},"8":{"start":{"line":23,"column":2},"end":{"line":23,"column":50}},"9":{"start":{"line":26,"column":21},"end":{"line":31,"column":4}},"10":{"start":{"line":32,"column":2},"end":{"line":32,"column":30}},"11":{"start":{"line":35,"column":2},"end":{"line":44,"column":5}},"12":{"start":{"line":36,"column":4},"end":{"line":36,"column":29}},"13":{"start":{"line":37,"column":4},"end":{"line":43,"column":7}},"14":{"start":{"line":6,"column":13},"end":{"line":6,"column":35}}},"fnMap":{"0":{"name":"(anonymous_1)","decl":{"start":{"line":6,"column":35},"end":{"line":6,"column":36}},"loc":{"start":{"line":6,"column":56},"end":{"line":45,"column":1}}},"1":{"name":"(anonymous_2)","decl":{"start":{"line":35,"column":10},"end":{"line":35,"column":11}},"loc":{"start":{"line":35,"column":70},"end":{"line":44,"column":3}}}},"branchMap":{"0":{"loc":{"start":{"line":13,"column":14},"end":{"line":13,"column":65}},"type":"binary-expr","locations":[{"start":{"line":13,"column":14},"end":{"line":13,"column":38}},{"start":{"line":13,"column":42},"end":{"line":13,"column":65}}]},"1":{"loc":{"start":{"line":40,"column":8},"end":{"line":42,"column":23}},"type":"cond-expr","locations":[{"start":{"line":41,"column":12},"end":{"line":41,"column":34}},{"start":{"line":42,"column":12},"end":{"line":42,"column":23}}]}},"s":{"0":1,"1":1,"2":1,"3":1,"4":1,"5":1,"6":1,"7":1,"8":1,"9":1,"10":1,"11":1,"12":0,"13":0,"14":1},"f":{"0":1,"1":0},"b":{"0":[1,1],"1":[0,0]}}
,"/Users/gelso/workspace/AI4dev/AI4Devs-lab-ides/backend/src/presentation/candidate/controller.ts": {"path":"/Users/gelso/workspace/AI4dev/AI4Devs-lab-ides/backend/src/presentation/candidate/controller.ts","statementMap":{"0":{"start":{"line":2,"column":0},"end":{"line":2,"column":31}},"1":{"start":{"line":5,"column":0},"end":{"line":5,"column":13}},"2":{"start":{"line":6,"column":2},"end":{"line":6,"column":22}},"3":{"start":{"line":6,"column":22},"end":{"line":6,"column":56}},"4":{"start":{"line":8,"column":2},"end":{"line":16,"column":4}},"5":{"start":{"line":8,"column":55},"end":{"line":16,"column":4}},"6":{"start":{"line":10,"column":25},"end":{"line":10,"column":null}},"7":{"start":{"line":10,"column":12},"end":{"line":10,"column":null}},"8":{"start":{"line":11,"column":6},"end":{"line":11,"column":27}},"9":{"start":{"line":13,"column":6},"end":{"line":13,"column":56}},"10":{"start":{"line":14,"column":6},"end":{"line":14,"column":71}},"11":{"start":{"line":18,"column":2},"end":{"line":33,"column":4}},"12":{"start":{"line":18,"column":55},"end":{"line":33,"column":4}},"13":{"start":{"line":20,"column":12},"end":{"line":20,"column":39}},"14":{"start":{"line":21,"column":24},"end":{"line":21,"column":null}},"15":{"start":{"line":21,"column":12},"end":{"line":21,"column":null}},"16":{"start":{"line":23,"column":6},"end":{"line":26,"column":null}},"17":{"start":{"line":24,"column":8},"end":{"line":24,"column":63}},"18":{"start":{"line":25,"column":8},"end":{"line":25,"column":15}},"19":{"start":{"line":28,"column":6},"end":{"line":28,"column":26}},"20":{"start":{"line":30,"column":6},"end":{"line":30,"column":55}},"21":{"start":{"line":31,"column":6},"end":{"line":31,"column":70}},"22":{"start":{"line":35,"column":2},"end":{"line":63,"column":4}},"23":{"start":{"line":35,"column":54},"end":{"line":63,"column":4}},"24":{"start":{"line":37,"column":12},"end":{"line":37,"column":37}},"25":{"start":{"line":38,"column":12},"end":{"line":38,"column":28}},"26":{"start":{"line":40,"column":24},"end":{"line":43,"column":null}},"27":{"start":{"line":40,"column":12},"end":{"line":43,"column":null}},"28":{"start":{"line":45,"column":6},"end":{"line":45,"column":38}},"29":{"start":{"line":47,"column":6},"end":{"line":47,"column":56}},"30":{"start":{"line":49,"column":6},"end":{"line":59,"column":null}},"31":{"start":{"line":53,"column":8},"end":{"line":57,"column":11}},"32":{"start":{"line":58,"column":8},"end":{"line":58,"column":15}},"33":{"start":{"line":61,"column":6},"end":{"line":61,"column":68}},"34":{"start":{"line":65,"column":2},"end":{"line":100,"column":4}},"35":{"start":{"line":65,"column":54},"end":{"line":100,"column":4}},"36":{"start":{"line":67,"column":12},"end":{"line":67,"column":39}},"37":{"start":{"line":68,"column":12},"end":{"line":68,"column":37}},"38":{"start":{"line":69,"column":12},"end":{"line":69,"column":28}},"39":{"start":{"line":71,"column":24},"end":{"line":75,"column":null}},"40":{"start":{"line":71,"column":12},"end":{"line":75,"column":null}},"41":{"start":{"line":77,"column":6},"end":{"line":77,"column":26}},"42":{"start":{"line":79,"column":6},"end":{"line":79,"column":56}},"43":{"start":{"line":81,"column":6},"end":{"line":91,"column":null}},"44":{"start":{"line":85,"column":8},"end":{"line":89,"column":11}},"45":{"start":{"line":90,"column":8},"end":{"line":90,"column":15}},"46":{"start":{"line":93,"column":6},"end":{"line":96,"column":null}},"47":{"start":{"line":94,"column":8},"end":{"line":94,"column":55}},"48":{"start":{"line":95,"column":8},"end":{"line":95,"column":15}},"49":{"start":{"line":98,"column":6},"end":{"line":98,"column":68}},"50":{"start":{"line":102,"column":2},"end":{"line":117,"column":4}},"51":{"start":{"line":102,"column":54},"end":{"line":117,"column":4}},"52":{"start":{"line":104,"column":12},"end":{"line":104,"column":39}},"53":{"start":{"line":105,"column":6},"end":{"line":105,"column":54}},"54":{"start":{"line":106,"column":6},"end":{"line":106,"column":28}},"55":{"start":{"line":108,"column":6},"end":{"line":108,"column":56}},"56":{"start":{"line":110,"column":6},"end":{"line":113,"column":null}},"57":{"start":{"line":111,"column":8},"end":{"line":111,"column":55}},"58":{"start":{"line":112,"column":8},"end":{"line":112,"column":15}},"59":{"start":{"line":115,"column":6},"end":{"line":115,"column":68}},"60":{"start":{"line":119,"column":2},"end":{"line":145,"column":4}},"61":{"start":{"line":119,"column":49},"end":{"line":145,"column":4}},"62":{"start":{"line":121,"column":12},"end":{"line":121,"column":39}},"63":{"start":{"line":122,"column":24},"end":{"line":122,"column":null}},"64":{"start":{"line":122,"column":12},"end":{"line":122,"column":null}},"65":{"start":{"line":124,"column":6},"end":{"line":127,"column":null}},"66":{"start":{"line":125,"column":8},"end":{"line":125,"column":63}},"67":{"start":{"line":126,"column":8},"end":{"line":126,"column":15}},"68":{"start":{"line":129,"column":6},"end":{"line":132,"column":null}},"69":{"start":{"line":130,"column":8},"end":{"line":130,"column":75}},"70":{"start":{"line":131,"column":8},"end":{"line":131,"column":15}},"71":{"start":{"line":134,"column":12},"end":{"line":136,"column":8}},"72":{"start":{"line":137,"column":6},"end":{"line":140,"column":8}},"73":{"start":{"line":142,"column":6},"end":{"line":142,"column":52}},"74":{"start":{"line":143,"column":6},"end":{"line":143,"column":63}},"75":{"start":{"line":147,"column":2},"end":{"line":155,"column":4}},"76":{"start":{"line":147,"column":52},"end":{"line":155,"column":4}},"77":{"start":{"line":149,"column":25},"end":{"line":149,"column":null}},"78":{"start":{"line":149,"column":12},"end":{"line":149,"column":null}},"79":{"start":{"line":150,"column":6},"end":{"line":150,"column":27}},"80":{"start":{"line":152,"column":6},"end":{"line":152,"column":56}},"81":{"start":{"line":153,"column":6},"end":{"line":153,"column":71}},"82":{"start":{"line":157,"column":2},"end":{"line":170,"column":4}},"83":{"start":{"line":159,"column":17},"end":{"line":170,"column":4}},"84":{"start":{"line":162,"column":26},"end":{"line":162,"column":null}},"85":{"start":{"line":162,"column":12},"end":{"line":162,"column":null}},"86":{"start":{"line":163,"column":6},"end":{"line":163,"column":28}},"87":{"start":{"line":165,"column":6},"end":{"line":165,"column":67}},"88":{"start":{"line":166,"column":6},"end":{"line":168,"column":69}},"89":{"start":{"line":172,"column":2},"end":{"line":186,"column":4}},"90":{"start":{"line":174,"column":17},"end":{"line":186,"column":4}},"91":{"start":{"line":178,"column":8},"end":{"line":178,"column":null}},"92":{"start":{"line":177,"column":12},"end":{"line":178,"column":null}},"93":{"start":{"line":179,"column":6},"end":{"line":179,"column":28}},"94":{"start":{"line":181,"column":6},"end":{"line":181,"column":68}},"95":{"start":{"line":182,"column":6},"end":{"line":184,"column":70}},"96":{"start":{"line":187,"column":0},"end":{"line":187,"column":null}},"97":{"start":{"line":5,"column":13},"end":{"line":5,"column":32}}},"fnMap":{"0":{"name":"(anonymous_13)","decl":{"start":{"line":5,"column":0},"end":{"line":5,"column":13}},"loc":{"start":{"line":5,"column":0},"end":{"line":187,"column":null}}},"1":{"name":"CandidateController","decl":{"start":{"line":6,"column":2},"end":{"line":6,"column":22}},"loc":{"start":{"line":6,"column":56},"end":{"line":6,"column":60}}},"2":{"name":"(anonymous_15)","decl":{"start":{"line":8,"column":21},"end":{"line":8,"column":28}},"loc":{"start":{"line":8,"column":55},"end":{"line":16,"column":4}}},"3":{"name":"(anonymous_16)","decl":{"start":{"line":8,"column":55},"end":{"line":8,"column":null}},"loc":{"start":{"line":8,"column":55},"end":{"line":16,"column":4}}},"4":{"name":"(anonymous_18)","decl":{"start":{"line":18,"column":21},"end":{"line":18,"column":28}},"loc":{"start":{"line":18,"column":55},"end":{"line":33,"column":4}}},"5":{"name":"(anonymous_19)","decl":{"start":{"line":18,"column":55},"end":{"line":18,"column":null}},"loc":{"start":{"line":18,"column":55},"end":{"line":33,"column":4}}},"6":{"name":"(anonymous_21)","decl":{"start":{"line":35,"column":20},"end":{"line":35,"column":27}},"loc":{"start":{"line":35,"column":54},"end":{"line":63,"column":4}}},"7":{"name":"(anonymous_22)","decl":{"start":{"line":35,"column":54},"end":{"line":35,"column":null}},"loc":{"start":{"line":35,"column":54},"end":{"line":63,"column":4}}},"8":{"name":"(anonymous_24)","decl":{"start":{"line":65,"column":20},"end":{"line":65,"column":27}},"loc":{"start":{"line":65,"column":54},"end":{"line":100,"column":4}}},"9":{"name":"(anonymous_25)","decl":{"start":{"line":65,"column":54},"end":{"line":65,"column":null}},"loc":{"start":{"line":65,"column":54},"end":{"line":100,"column":4}}},"10":{"name":"(anonymous_27)","decl":{"start":{"line":102,"column":20},"end":{"line":102,"column":27}},"loc":{"start":{"line":102,"column":54},"end":{"line":117,"column":4}}},"11":{"name":"(anonymous_28)","decl":{"start":{"line":102,"column":54},"end":{"line":102,"column":null}},"loc":{"start":{"line":102,"column":54},"end":{"line":117,"column":4}}},"12":{"name":"(anonymous_30)","decl":{"start":{"line":119,"column":15},"end":{"line":119,"column":22}},"loc":{"start":{"line":119,"column":49},"end":{"line":145,"column":4}}},"13":{"name":"(anonymous_31)","decl":{"start":{"line":119,"column":49},"end":{"line":119,"column":null}},"loc":{"start":{"line":119,"column":49},"end":{"line":145,"column":4}}},"14":{"name":"(anonymous_33)","decl":{"start":{"line":147,"column":18},"end":{"line":147,"column":25}},"loc":{"start":{"line":147,"column":52},"end":{"line":155,"column":4}}},"15":{"name":"(anonymous_34)","decl":{"start":{"line":147,"column":52},"end":{"line":147,"column":null}},"loc":{"start":{"line":147,"column":52},"end":{"line":155,"column":4}}},"16":{"name":"(anonymous_36)","decl":{"start":{"line":157,"column":28},"end":{"line":157,"column":null}},"loc":{"start":{"line":159,"column":17},"end":{"line":170,"column":4}}},"17":{"name":"(anonymous_37)","decl":{"start":{"line":159,"column":17},"end":{"line":159,"column":null}},"loc":{"start":{"line":159,"column":17},"end":{"line":170,"column":4}}},"18":{"name":"(anonymous_39)","decl":{"start":{"line":172,"column":29},"end":{"line":172,"column":null}},"loc":{"start":{"line":174,"column":17},"end":{"line":186,"column":4}}},"19":{"name":"(anonymous_40)","decl":{"start":{"line":174,"column":17},"end":{"line":174,"column":null}},"loc":{"start":{"line":174,"column":17},"end":{"line":186,"column":4}}}},"branchMap":{"0":{"loc":{"start":{"line":23,"column":6},"end":{"line":26,"column":null}},"type":"if","locations":[{"start":{"line":23,"column":6},"end":{"line":26,"column":null}}]},"1":{"loc":{"start":{"line":49,"column":6},"end":{"line":59,"column":null}},"type":"if","locations":[{"start":{"line":49,"column":6},"end":{"line":59,"column":null}}]},"2":{"loc":{"start":{"line":50,"column":8},"end":{"line":51,"column":61}},"type":"binary-expr","locations":[{"start":{"line":50,"column":8},"end":{"line":50,"column":33}},{"start":{"line":51,"column":9},"end":{"line":51,"column":31}},{"start":{"line":51,"column":35},"end":{"line":51,"column":60}}]},"3":{"loc":{"start":{"line":56,"column":12},"end":{"line":56,"column":76}},"type":"cond-expr","locations":[{"start":{"line":56,"column":40},"end":{"line":56,"column":52}},{"start":{"line":56,"column":56},"end":{"line":56,"column":76}}]},"4":{"loc":{"start":{"line":81,"column":6},"end":{"line":91,"column":null}},"type":"if","locations":[{"start":{"line":81,"column":6},"end":{"line":91,"column":null}}]},"5":{"loc":{"start":{"line":82,"column":8},"end":{"line":83,"column":61}},"type":"binary-expr","locations":[{"start":{"line":82,"column":8},"end":{"line":82,"column":33}},{"start":{"line":83,"column":9},"end":{"line":83,"column":31}},{"start":{"line":83,"column":35},"end":{"line":83,"column":60}}]},"6":{"loc":{"start":{"line":88,"column":12},"end":{"line":88,"column":76}},"type":"cond-expr","locations":[{"start":{"line":88,"column":40},"end":{"line":88,"column":52}},{"start":{"line":88,"column":56},"end":{"line":88,"column":76}}]},"7":{"loc":{"start":{"line":93,"column":6},"end":{"line":96,"column":null}},"type":"if","locations":[{"start":{"line":93,"column":6},"end":{"line":96,"column":null}}]},"8":{"loc":{"start":{"line":93,"column":10},"end":{"line":93,"column":71}},"type":"binary-expr","locations":[{"start":{"line":93,"column":10},"end":{"line":93,"column":32}},{"start":{"line":93,"column":36},"end":{"line":93,"column":71}}]},"9":{"loc":{"start":{"line":110,"column":6},"end":{"line":113,"column":null}},"type":"if","locations":[{"start":{"line":110,"column":6},"end":{"line":113,"column":null}}]},"10":{"loc":{"start":{"line":110,"column":10},"end":{"line":110,"column":71}},"type":"binary-expr","locations":[{"start":{"line":110,"column":10},"end":{"line":110,"column":32}},{"start":{"line":110,"column":36},"end":{"line":110,"column":71}}]},"11":{"loc":{"start":{"line":124,"column":6},"end":{"line":127,"column":null}},"type":"if","locations":[{"start":{"line":124,"column":6},"end":{"line":127,"column":null}}]},"12":{"loc":{"start":{"line":129,"column":6},"end":{"line":132,"column":null}},"type":"if","locations":[{"start":{"line":129,"column":6},"end":{"line":132,"column":null}}]}},"s":{"0":2,"1":2,"2":26,"3":26,"4":26,"5":2,"6":2,"7":2,"8":1,"9":1,"10":1,"11":26,"12":3,"13":3,"14":3,"15":3,"16":2,"17":1,"18":1,"19":1,"20":1,"21":1,"22":26,"23":3,"24":3,"25":3,"26":3,"27":3,"28":1,"29":2,"30":2,"31":1,"32":1,"33":1,"34":26,"35":4,"36":4,"37":4,"38":4,"39":4,"40":4,"41":1,"42":3,"43":3,"44":1,"45":1,"46":2,"47":1,"48":1,"49":1,"50":26,"51":3,"52":3,"53":6,"54":1,"55":2,"56":2,"57":1,"58":1,"59":1,"60":26,"61":4,"62":4,"63":4,"64":4,"65":3,"66":1,"67":1,"68":2,"69":1,"70":1,"71":1,"72":1,"73":1,"74":1,"75":26,"76":2,"77":2,"78":2,"79":1,"80":1,"81":1,"82":26,"83":2,"84":2,"85":2,"86":1,"87":1,"88":1,"89":26,"90":2,"91":2,"92":2,"93":1,"94":1,"95":1,"96":2,"97":2},"f":{"0":2,"1":26,"2":2,"3":2,"4":3,"5":3,"6":3,"7":3,"8":4,"9":4,"10":3,"11":3,"12":4,"13":4,"14":2,"15":2,"16":2,"17":2,"18":2,"19":2},"b":{"0":[1],"1":[1],"2":[2,2,2],"3":[0,1],"4":[1],"5":[3,3,3],"6":[0,1],"7":[1],"8":[2,2],"9":[1],"10":[2,2],"11":[1],"12":[1]}}
,"/Users/gelso/workspace/AI4dev/AI4Devs-lab-ides/backend/src/presentation/candidate/routes.ts": {"path":"/Users/gelso/workspace/AI4dev/AI4Devs-lab-ides/backend/src/presentation/candidate/routes.ts","statementMap":{"0":{"start":{"line":1,"column":0},"end":{"line":1,"column":30}},"1":{"start":{"line":2,"column":0},"end":{"line":2,"column":28}},"2":{"start":{"line":6,"column":15},"end":{"line":11,"column":2}},"3":{"start":{"line":13,"column":40},"end":{"line":62,"column":1}},"4":{"start":{"line":17,"column":17},"end":{"line":17,"column":33}},"5":{"start":{"line":20,"column":2},"end":{"line":20,"column":56}},"6":{"start":{"line":23,"column":2},"end":{"line":23,"column":59}},"7":{"start":{"line":26,"column":2},"end":{"line":30,"column":4}},"8":{"start":{"line":33,"column":2},"end":{"line":37,"column":4}},"9":{"start":{"line":40,"column":2},"end":{"line":40,"column":61}},"10":{"start":{"line":43,"column":2},"end":{"line":43,"column":56}},"11":{"start":{"line":46,"column":2},"end":{"line":46,"column":63}},"12":{"start":{"line":49,"column":2},"end":{"line":52,"column":4}},"13":{"start":{"line":55,"column":2},"end":{"line":58,"column":4}},"14":{"start":{"line":61,"column":2},"end":{"line":61,"column":37}},"15":{"start":{"line":13,"column":13},"end":{"line":13,"column":40}}},"fnMap":{"0":{"name":"(anonymous_1)","decl":{"start":{"line":13,"column":40},"end":{"line":13,"column":null}},"loc":{"start":{"line":15,"column":42},"end":{"line":62,"column":1}}}},"branchMap":{},"s":{"0":2,"1":2,"2":2,"3":2,"4":1,"5":1,"6":1,"7":1,"8":1,"9":1,"10":1,"11":1,"12":1,"13":1,"14":1,"15":2},"f":{"0":1},"b":{}}
}
