TN:
SF:src/features/auth/controllers/authController.ts
FN:23,(anonymous_0)
FN:52,(anonymous_1)
FN:106,(anonymous_2)
FN:131,(anonymous_3)
FN:200,(anonymous_4)
FNF:5
FNH:0
FNDA:0,(anonymous_0)
FNDA:0,(anonymous_1)
FNDA:0,(anonymous_2)
FNDA:0,(anonymous_3)
FNDA:0,(anonymous_4)
DA:2,0
DA:3,0
DA:5,0
DA:6,0
DA:7,0
DA:8,0
DA:20,0
DA:24,0
DA:30,0
DA:45,0
DA:53,0
DA:54,0
DA:57,0
DA:59,0
DA:60,0
DA:67,0
DA:75,0
DA:83,0
DA:85,0
DA:86,0
DA:93,0
DA:107,0
DA:109,0
DA:111,0
DA:116,0
DA:118,0
DA:132,0
DA:134,0
DA:137,0
DA:138,0
DA:141,0
DA:142,0
DA:150,0
DA:152,0
DA:153,0
DA:161,0
DA:169,0
DA:177,0
DA:179,0
DA:180,0
DA:187,0
DA:201,0
DA:202,0
DA:203,0
DA:211,0
DA:213,0
DA:214,0
DA:222,0
DA:224,0
DA:232,0
DA:234,0
DA:235,0
DA:242,0
LF:53
LH:0
BRDA:59,0,0,0
BRDA:85,1,0,0
BRDA:137,2,0,0
BRDA:137,3,0,0
BRDA:137,3,1,0
BRDA:137,3,2,0
BRDA:141,4,0,0
BRDA:152,5,0,0
BRDA:179,6,0,0
BRDA:202,7,0,0
BRDA:202,8,0,0
BRDA:202,8,1,0
BRDA:213,9,0,0
BRDA:217,10,0,0
BRDA:217,10,1,0
BRDA:234,11,0,0
BRF:16
BRH:0
end_of_record
TN:
SF:src/features/auth/middlewares/authMiddleware.ts
FN:13,(anonymous_0)
FN:64,(anonymous_1)
FN:65,(anonymous_2)
FNF:3
FNH:0
FNDA:0,(anonymous_0)
FNDA:0,(anonymous_1)
FNDA:0,(anonymous_2)
DA:2,0
DA:4,0
DA:5,0
DA:13,0
DA:18,0
DA:20,0
DA:22,0
DA:23,0
DA:27,0
DA:29,0
DA:30,0
DA:34,0
DA:40,0
DA:42,0
DA:43,0
DA:50,0
DA:51,0
DA:64,0
DA:65,0
DA:66,0
DA:67,0
DA:68,0
DA:71,0
DA:72,0
DA:75,0
DA:77,0
DA:78,0
DA:85,0
DA:86,0
LF:29
LH:0
BRDA:22,0,0,0
BRDA:29,1,0,0
BRDA:42,2,0,0
BRDA:67,3,0,0
BRDA:71,4,0,0
BRDA:77,5,0,0
BRF:6
BRH:0
end_of_record
TN:
SF:src/features/auth/routes/authRoutes.ts
FN:48,(anonymous_1)
FN:67,(anonymous_2)
FN:90,(anonymous_3)
FN:127,(anonymous_4)
FNF:4
FNH:0
FNDA:0,(anonymous_1)
FNDA:0,(anonymous_2)
FNDA:0,(anonymous_3)
FNDA:0,(anonymous_4)
DA:1,0
DA:2,0
DA:3,0
DA:5,0
DA:6,0
DA:48,0
DA:67,0
DA:90,0
DA:127,0
DA:129,0
LF:10
LH:0
BRF:0
BRH:0
end_of_record
TN:
SF:src/features/auth/services/authService.ts
FN:17,(anonymous_1)
FN:41,(anonymous_2)
FN:99,(anonymous_3)
FN:148,(anonymous_4)
FN:215,(anonymous_5)
FNF:5
FNH:0
FNDA:0,(anonymous_1)
FNDA:0,(anonymous_2)
FNDA:0,(anonymous_3)
FNDA:0,(anonymous_4)
FNDA:0,(anonymous_5)
DA:1,0
DA:3,0
DA:4,0
DA:5,0
DA:6,0
DA:11,0
DA:18,0
DA:20,0
DA:25,0
DA:26,0
DA:30,0
DA:35,0
DA:37,0
DA:41,0
DA:43,0
DA:49,0
DA:59,0
DA:66,0
DA:68,0
DA:77,0
DA:78,0
DA:85,0
DA:86,0
DA:100,0
DA:102,0
DA:104,0
DA:105,0
DA:108,0
DA:112,0
DA:113,0
DA:116,0
DA:117,0
DA:120,0
DA:126,0
DA:127,0
DA:134,0
DA:135,0
DA:149,0
DA:151,0
DA:153,0
DA:154,0
DA:158,0
DA:159,0
DA:160,0
DA:168,0
DA:169,0
DA:170,0
DA:178,0
DA:184,0
DA:193,0
DA:194,0
DA:201,0
DA:202,0
DA:216,0
DA:218,0
DA:220,0
DA:221,0
DA:224,0
DA:228,0
DA:229,0
DA:233,0
DA:235,0
DA:241,0
DA:242,0
DA:249,0
DA:250,0
LF:66
LH:0
BRDA:25,0,0,0
BRDA:25,1,0,0
BRDA:25,1,1,0
BRDA:35,2,0,0
BRDA:77,3,0,0
BRDA:104,4,0,0
BRDA:112,5,0,0
BRDA:116,6,0,0
BRDA:126,7,0,0
BRDA:153,8,0,0
BRDA:159,9,0,0
BRDA:161,10,0,0
BRDA:161,10,1,0
BRDA:169,11,0,0
BRDA:171,12,0,0
BRDA:171,12,1,0
BRDA:193,13,0,0
BRDA:220,14,0,0
BRDA:228,15,0,0
BRDA:241,16,0,0
BRF:20
BRH:0
end_of_record
TN:
SF:src/features/auth/utils/authUtils.ts
FN:12,(anonymous_1)
FN:22,(anonymous_2)
FN:34,(anonymous_3)
FN:45,(anonymous_4)
FN:58,(anonymous_5)
FNF:5
FNH:0
FNDA:0,(anonymous_1)
FNDA:0,(anonymous_2)
FNDA:0,(anonymous_3)
FNDA:0,(anonymous_4)
FNDA:0,(anonymous_5)
DA:1,0
DA:2,0
DA:3,0
DA:12,0
DA:13,0
DA:22,0
DA:26,0
DA:34,0
DA:35,0
DA:45,0
DA:46,0
DA:47,0
DA:49,0
DA:58,0
DA:60,0
DA:61,0
DA:65,0
DA:66,0
DA:67,0
DA:70,0
LF:20
LH:0
BRDA:60,0,0,0
BRDA:60,1,0,0
BRDA:60,1,1,0
BRDA:66,2,0,0
BRDA:66,3,0,0
BRDA:66,3,1,0
BRF:6
BRH:0
end_of_record
TN:
SF:src/features/candidates/controllers/candidateController.ts
FN:19,(anonymous_0)
FN:53,(anonymous_1)
FN:105,(anonymous_2)
FN:144,(anonymous_3)
FN:197,(anonymous_4)
FN:237,(anonymous_5)
FN:29,(anonymous_6)
FNF:7
FNH:4
FNDA:14,(anonymous_0)
FNDA:0,(anonymous_1)
FNDA:0,(anonymous_2)
FNDA:3,(anonymous_3)
FNDA:4,(anonymous_4)
FNDA:3,(anonymous_5)
FNDA:0,(anonymous_6)
DA:2,1
DA:3,1
DA:4,1
DA:5,1
DA:10,1
DA:11,1
DA:16,1
DA:20,14
DA:26,1
DA:29,0
DA:38,1
DA:43,1
DA:48,1
DA:54,0
DA:55,0
DA:58,0
DA:59,0
DA:62,0
DA:64,0
DA:65,0
DA:72,0
DA:73,0
DA:76,0
DA:77,0
DA:78,0
DA:79,0
DA:80,0
DA:82,0
DA:84,0
DA:86,0
DA:87,0
DA:94,0
DA:106,0
DA:107,0
DA:109,0
DA:111,0
DA:112,0
DA:118,0
DA:123,0
DA:125,0
DA:126,0
DA:133,0
DA:145,3
DA:146,3
DA:149,3
DA:151,3
DA:152,0
DA:159,3
DA:164,3
DA:165,2
DA:171,1
DA:176,0
DA:178,0
DA:179,0
DA:186,0
DA:198,4
DA:199,4
DA:200,4
DA:202,4
DA:204,4
DA:205,3
DA:211,1
DA:216,0
DA:218,0
DA:219,0
DA:226,0
DA:238,3
DA:239,3
DA:241,3
DA:243,3
DA:244,2
DA:250,1
DA:255,0
DA:257,0
DA:258,0
DA:265,0
LF:76
LH:33
BRDA:58,0,0,0
BRDA:64,1,0,0
BRDA:64,2,0,0
BRDA:64,2,1,0
BRDA:67,3,0,0
BRDA:67,3,1,0
BRDA:86,4,0,0
BRDA:111,5,0,0
BRDA:125,6,0,0
BRDA:151,7,0,0
BRDA:164,8,0,2
BRDA:178,9,0,0
BRDA:204,10,0,3
BRDA:218,11,0,0
BRDA:243,12,0,2
BRDA:257,13,0,0
BRDA:29,14,0,0
BRDA:29,14,1,0
BRF:18
BRH:3
end_of_record
TN:
SF:src/features/candidates/controllers/documentController.ts
FN:13,(anonymous_0)
FN:61,(anonymous_1)
FN:86,(anonymous_2)
FN:141,(anonymous_3)
FN:214,(anonymous_4)
FN:200,(anonymous_5)
FNF:6
FNH:5
FNDA:14,(anonymous_0)
FNDA:1,(anonymous_1)
FNDA:0,(anonymous_2)
FNDA:2,(anonymous_3)
FNDA:1,(anonymous_4)
FNDA:1,(anonymous_5)
DA:2,1
DA:3,1
DA:4,1
DA:5,1
DA:10,1
DA:14,14
DA:20,14
DA:43,14
DA:52,14
DA:61,14
DA:62,1
DA:63,1
DA:66,1
DA:68,1
DA:69,0
DA:73,1
DA:76,1
DA:78,0
DA:79,0
DA:86,14
DA:87,0
DA:88,0
DA:89,0
DA:90,0
DA:93,0
DA:96,0
DA:97,0
DA:98,0
DA:101,0
DA:102,0
DA:103,0
DA:105,0
DA:117,0
DA:128,0
DA:131,0
DA:133,0
DA:134,0
DA:141,14
DA:142,2
DA:143,2
DA:144,2
DA:145,2
DA:148,2
DA:150,2
DA:151,2
DA:152,2
DA:154,2
DA:157,2
DA:159,2
DA:160,0
DA:164,2
DA:165,1
DA:167,1
DA:169,1
DA:170,1
DA:171,1
DA:172,1
DA:175,1
DA:177,0
DA:178,0
DA:186,1
DA:192,0
DA:193,0
DA:201,1
DA:208,1
DA:214,14
DA:215,1
DA:217,1
DA:219,1
DA:222,1
DA:225,1
DA:227,0
LF:72
LH:46
BRDA:68,0,0,0
BRDA:68,1,0,1
BRDA:68,1,1,1
BRDA:90,2,0,0
BRDA:90,2,1,0
BRDA:96,3,0,0
BRDA:151,4,0,2
BRDA:151,4,1,2
BRDA:159,5,0,0
BRDA:164,6,0,1
BRDA:164,7,0,2
BRDA:164,7,1,1
BRDA:208,8,0,1
BRDA:208,8,1,0
BRF:14
BRH:8
end_of_record
TN:
SF:src/features/candidates/routes/candidateRoutes.ts
FN:151,(anonymous_0)
FN:195,(anonymous_1)
FN:248,(anonymous_2)
FN:311,(anonymous_3)
FN:356,(anonymous_4)
FNF:5
FNH:0
FNDA:0,(anonymous_0)
FNDA:0,(anonymous_1)
FNDA:0,(anonymous_2)
FNDA:0,(anonymous_3)
FNDA:0,(anonymous_4)
DA:1,0
DA:2,0
DA:3,0
DA:4,0
DA:6,0
DA:7,0
DA:146,0
DA:151,0
DA:191,0
DA:195,0
DA:244,0
DA:248,0
DA:306,0
DA:311,0
DA:352,0
DA:356,0
DA:359,0
LF:17
LH:0
BRF:0
BRH:0
end_of_record
TN:
SF:src/features/candidates/routes/documentRoutes.ts
FN:10,(anonymous_1)
FNF:1
FNH:0
FNDA:0,(anonymous_1)
DA:1,0
DA:2,0
DA:3,0
DA:4,0
DA:6,0
DA:7,0
DA:10,0
DA:11,0
DA:12,0
DA:40,0
DA:103,0
DA:148,0
DA:180,0
DA:187,0
LF:14
LH:0
BRF:0
BRH:0
end_of_record
TN:
SF:src/features/candidates/services/candidateService.ts
FN:19,(anonymous_0)
FN:26,(anonymous_1)
FN:114,(anonymous_2)
FN:136,(anonymous_3)
FN:161,(anonymous_4)
FN:180,(anonymous_5)
FN:315,(anonymous_6)
FN:360,(anonymous_7)
FN:376,(anonymous_8)
FN:480,(anonymous_9)
FN:512,(anonymous_10)
FN:528,(anonymous_11)
FNF:12
FNH:0
FNDA:0,(anonymous_0)
FNDA:0,(anonymous_1)
FNDA:0,(anonymous_2)
FNDA:0,(anonymous_3)
FNDA:0,(anonymous_4)
FNDA:0,(anonymous_5)
FNDA:0,(anonymous_6)
FNDA:0,(anonymous_7)
FNDA:0,(anonymous_8)
FNDA:0,(anonymous_9)
FNDA:0,(anonymous_10)
FNDA:0,(anonymous_11)
DA:1,0
DA:2,0
DA:10,0
DA:11,0
DA:16,0
DA:20,0
DA:30,0
DA:37,0
DA:40,0
DA:43,0
DA:44,0
DA:48,0
DA:49,0
DA:56,0
DA:57,0
DA:65,0
DA:66,0
DA:69,0
DA:82,0
DA:85,0
DA:87,0
DA:93,0
DA:95,0
DA:96,0
DA:103,0
DA:115,0
DA:117,0
DA:127,0
DA:128,0
DA:136,0
DA:139,0
DA:148,0
DA:150,0
DA:162,0
DA:163,0
DA:171,0
DA:174,0
DA:175,0
DA:176,0
DA:180,0
DA:182,0
DA:183,0
DA:187,0
DA:188,0
DA:193,0
DA:207,0
DA:210,0
DA:211,0
DA:213,0
DA:214,0
DA:215,0
DA:216,0
DA:227,0
DA:229,0
DA:230,0
DA:234,0
DA:238,0
DA:239,0
DA:241,0
DA:242,0
DA:243,0
DA:244,0
DA:254,0
DA:256,0
DA:257,0
DA:261,0
DA:265,0
DA:266,0
DA:268,0
DA:270,0
DA:272,0
DA:273,0
DA:274,0
DA:280,0
DA:283,0
DA:284,0
DA:285,0
DA:291,0
DA:295,0
DA:305,0
DA:315,0
DA:317,0
DA:328,0
DA:330,0
DA:331,0
DA:338,0
DA:340,0
DA:341,0
DA:349,0
DA:361,0
DA:363,0
DA:367,0
DA:368,0
DA:376,0
DA:378,0
DA:381,0
DA:382,0
DA:383,0
DA:384,0
DA:388,0
DA:394,0
DA:396,0
DA:401,0
DA:402,0
DA:416,0
DA:418,0
DA:423,0
DA:424,0
DA:439,0
DA:441,0
DA:446,0
DA:447,0
DA:448,0
DA:449,0
DA:450,0
DA:458,0
DA:459,0
DA:460,0
DA:468,0
DA:480,0
DA:482,0
DA:491,0
DA:493,0
DA:494,0
DA:501,0
DA:513,0
DA:515,0
DA:519,0
DA:520,0
DA:528,0
DA:530,0
DA:535,0
DA:541,0
DA:543,0
DA:544,0
DA:551,0
LF:136
LH:0
BRDA:35,0,0,0
BRDA:36,1,0,0
BRDA:43,2,0,0
BRDA:48,3,0,0
BRDA:56,4,0,0
BRDA:95,5,0,0
BRDA:127,6,0,0
BRDA:167,7,0,0
BRDA:168,8,0,0
BRDA:169,9,0,0
BRDA:174,10,0,0
BRDA:174,10,1,0
BRDA:175,11,0,0
BRDA:182,12,0,0
BRDA:187,13,0,0
BRDA:198,14,0,0
BRDA:198,14,1,0
BRDA:199,15,0,0
BRDA:199,15,1,0
BRDA:200,16,0,0
BRDA:200,16,1,0
BRDA:202,17,0,0
BRDA:202,17,1,0
BRDA:203,18,0,0
BRDA:203,18,1,0
BRDA:210,19,0,0
BRDA:210,19,1,0
BRDA:210,20,0,0
BRDA:210,20,1,0
BRDA:220,21,0,0
BRDA:220,21,1,0
BRDA:222,22,0,0
BRDA:222,22,1,0
BRDA:223,23,0,0
BRDA:223,23,1,0
BRDA:238,24,0,0
BRDA:238,24,1,0
BRDA:238,25,0,0
BRDA:238,25,1,0
BRDA:249,26,0,0
BRDA:249,26,1,0
BRDA:250,27,0,0
BRDA:250,27,1,0
BRDA:265,28,0,0
BRDA:265,28,1,0
BRDA:265,29,0,0
BRDA:265,29,1,0
BRDA:270,30,0,0
BRDA:270,30,1,0
BRDA:272,31,0,0
BRDA:272,32,0,0
BRDA:272,32,1,0
BRDA:283,33,0,0
BRDA:308,34,0,0
BRDA:308,34,1,0
BRDA:309,35,0,0
BRDA:309,35,1,0
BRDA:315,36,0,0
BRDA:315,36,1,0
BRDA:330,37,0,0
BRDA:338,38,0,0
BRDA:340,39,0,0
BRDA:367,40,0,0
BRDA:381,41,0,0
BRDA:381,41,1,0
BRDA:381,42,0,0
BRDA:381,42,1,0
BRDA:383,43,0,0
BRDA:394,44,0,0
BRDA:407,45,0,0
BRDA:407,45,1,0
BRDA:408,46,0,0
BRDA:408,46,1,0
BRDA:416,47,0,0
BRDA:428,48,0,0
BRDA:428,48,1,0
BRDA:430,49,0,0
BRDA:430,49,1,0
BRDA:431,50,0,0
BRDA:431,50,1,0
BRDA:439,51,0,0
BRDA:447,52,0,0
BRDA:447,52,1,0
BRDA:448,53,0,0
BRDA:448,54,0,0
BRDA:448,54,1,0
BRDA:448,54,2,0
BRDA:458,55,0,0
BRDA:480,56,0,0
BRDA:480,56,1,0
BRDA:493,57,0,0
BRDA:519,58,0,0
BRDA:543,59,0,0
BRF:93
BRH:0
end_of_record
TN:
SF:src/features/candidates/services/documentService.ts
FN:40,(anonymous_1)
FN:127,(anonymous_2)
FN:187,(anonymous_3)
FN:266,(anonymous_4)
FNF:4
FNH:0
FNDA:0,(anonymous_1)
FNDA:0,(anonymous_2)
FNDA:0,(anonymous_3)
FNDA:0,(anonymous_4)
DA:1,0
DA:2,0
DA:4,0
DA:13,0
DA:15,0
DA:34,0
DA:41,0
DA:42,0
DA:45,0
DA:49,0
DA:50,0
DA:51,0
DA:54,0
DA:57,0
DA:58,0
DA:59,0
DA:62,0
DA:63,0
DA:65,0
DA:66,0
DA:67,0
DA:68,0
DA:69,0
DA:73,0
DA:74,0
DA:75,0
DA:78,0
DA:79,0
DA:92,0
DA:94,0
DA:107,0
DA:109,0
DA:110,0
DA:113,0
DA:114,0
DA:128,0
DA:129,0
DA:132,0
DA:136,0
DA:137,0
DA:138,0
DA:141,0
DA:144,0
DA:158,0
DA:160,0
DA:166,0
DA:168,0
DA:169,0
DA:172,0
DA:173,0
DA:188,0
DA:189,0
DA:192,0
DA:196,0
DA:197,0
DA:198,0
DA:201,0
DA:204,0
DA:205,0
DA:206,0
DA:208,0
DA:209,0
DA:213,0
DA:214,0
DA:217,0
DA:218,0
DA:219,0
DA:220,0
DA:221,0
DA:222,0
DA:224,0
DA:225,0
DA:229,0
DA:246,0
DA:248,0
DA:249,0
DA:252,0
DA:253,0
DA:267,0
DA:269,0
DA:273,0
DA:274,0
DA:278,0
DA:281,0
DA:286,0
DA:288,0
DA:293,0
DA:294,0
DA:296,0
DA:297,0
LF:90
LH:0
BRDA:49,0,0,0
BRDA:65,1,0,0
BRDA:86,2,0,0
BRDA:86,2,1,0
BRDA:109,3,0,0
BRDA:136,4,0,0
BRDA:168,5,0,0
BRDA:187,6,0,0
BRDA:196,7,0,0
BRDA:217,8,0,0
BRDA:217,9,0,0
BRDA:217,9,1,0
BRDA:217,9,2,0
BRDA:248,10,0,0
BRDA:273,11,0,0
BRDA:293,12,0,0
BRF:16
BRH:0
end_of_record
TN:
SF:src/features/users/controllers/userController.ts
FN:12,(anonymous_0)
FN:19,(anonymous_1)
FN:71,(anonymous_2)
FNF:3
FNH:0
FNDA:0,(anonymous_0)
FNDA:0,(anonymous_1)
FNDA:0,(anonymous_2)
DA:2,0
DA:3,0
DA:4,0
DA:9,0
DA:13,0
DA:20,0
DA:21,0
DA:24,0
DA:25,0
DA:28,0
DA:30,0
DA:31,0
DA:38,0
DA:39,0
DA:42,0
DA:43,0
DA:44,0
DA:45,0
DA:46,0
DA:48,0
DA:50,0
DA:52,0
DA:53,0
DA:60,0
DA:72,0
DA:73,0
DA:75,0
DA:77,0
DA:78,0
DA:84,0
DA:89,0
DA:91,0
DA:92,0
DA:99,0
LF:34
LH:0
BRDA:24,0,0,0
BRDA:30,1,0,0
BRDA:30,2,0,0
BRDA:30,2,1,0
BRDA:33,3,0,0
BRDA:33,3,1,0
BRDA:52,4,0,0
BRDA:77,5,0,0
BRDA:91,6,0,0
BRF:9
BRH:0
end_of_record
TN:
SF:src/middlewares/authMiddleware.ts
FN:21,(anonymous_1)
FN:70,(anonymous_2)
FN:71,(anonymous_3)
FNF:3
FNH:0
FNDA:0,(anonymous_1)
FNDA:0,(anonymous_2)
FNDA:0,(anonymous_3)
DA:2,0
DA:3,0
DA:21,0
DA:22,0
DA:23,0
DA:24,0
DA:27,0
DA:28,0
DA:29,0
DA:30,0
DA:33,0
DA:34,0
DA:37,0
DA:43,0
DA:46,0
DA:52,0
DA:54,0
DA:56,0
DA:57,0
DA:58,0
DA:59,0
DA:61,0
DA:70,0
DA:71,0
DA:72,0
DA:73,0
DA:76,0
DA:77,0
DA:80,0
LF:29
LH:0
BRDA:28,0,0,0
BRDA:28,1,0,0
BRDA:28,1,1,0
BRDA:37,2,0,0
BRDA:37,2,1,0
BRDA:56,3,0,0
BRDA:56,3,1,0
BRDA:58,4,0,0
BRDA:58,4,1,0
BRDA:72,5,0,0
BRDA:76,6,0,0
BRF:11
BRH:0
end_of_record
TN:
SF:src/middlewares/errorMiddleware.ts
FN:11,(anonymous_0)
FN:23,(anonymous_1)
FNF:2
FNH:0
FNDA:0,(anonymous_0)
FNDA:0,(anonymous_1)
DA:2,0
DA:11,0
DA:16,0
DA:17,0
DA:23,0
DA:29,0
DA:32,0
DA:33,0
DA:43,0
DA:44,0
DA:54,0
LF:11
LH:0
BRDA:32,0,0,0
BRDA:37,1,0,0
BRDA:37,1,1,0
BRDA:43,2,0,0
BRF:4
BRH:0
end_of_record
TN:
SF:src/middlewares/fileUploadMiddleware.ts
FN:20,(anonymous_1)
FN:50,(anonymous_2)
FN:81,(anonymous_3)
FNF:3
FNH:0
FNDA:0,(anonymous_1)
FNDA:0,(anonymous_2)
FNDA:0,(anonymous_3)
DA:1,0
DA:3,0
DA:4,0
DA:17,0
DA:20,0
DA:21,0
DA:24,0
DA:25,0
DA:26,0
DA:33,0
DA:35,0
DA:39,0
DA:50,0
DA:51,0
DA:52,0
DA:55,0
DA:57,0
DA:58,0
DA:59,0
DA:66,0
DA:67,0
DA:75,0
DA:81,0
DA:82,0
DA:83,0
DA:86,0
DA:87,0
DA:88,0
DA:91,0
DA:94,0
DA:95,0
DA:96,0
DA:103,0
DA:104,0
LF:34
LH:0
BRDA:24,0,0,0
BRDA:51,1,0,0
BRDA:55,2,0,0
BRDA:57,3,0,0
BRDA:83,4,0,0
BRDA:83,4,1,0
BRDA:86,5,0,0
BRDA:94,6,0,0
BRDA:94,7,0,0
BRDA:94,7,1,0
BRDA:94,7,2,0
BRF:11
BRH:0
end_of_record
TN:
SF:src/middlewares/paginationMiddleware.ts
FN:18,(anonymous_0)
FN:28,(anonymous_1)
FN:41,(anonymous_2)
FN:67,(anonymous_3)
FNF:4
FNH:0
FNDA:0,(anonymous_0)
FNDA:0,(anonymous_1)
FNDA:0,(anonymous_2)
FNDA:0,(anonymous_3)
DA:2,0
DA:3,0
DA:4,0
DA:14,0
DA:18,0
DA:28,0
DA:41,0
DA:46,0
DA:48,0
DA:51,0
DA:54,0
DA:60,0
DA:62,0
DA:64,0
DA:67,0
DA:74,0
DA:84,0
LF:17
LH:0
BRDA:18,0,0,0
BRDA:18,0,1,0
BRDA:28,1,0,0
BRDA:28,1,1,0
BRDA:62,2,0,0
BRF:5
BRH:0
end_of_record
TN:
SF:src/middlewares/validationMiddleware.ts
FN:8,(anonymous_0)
FN:9,(anonymous_1)
FN:11,(anonymous_2)
FN:20,(anonymous_3)
FN:39,(anonymous_4)
FN:40,(anonymous_5)
FN:59,(anonymous_6)
FN:62,(anonymous_7)
FN:76,(anonymous_8)
FN:79,(anonymous_9)
FNF:10
FNH:0
FNDA:0,(anonymous_0)
FNDA:0,(anonymous_1)
FNDA:0,(anonymous_2)
FNDA:0,(anonymous_3)
FNDA:0,(anonymous_4)
FNDA:0,(anonymous_5)
FNDA:0,(anonymous_6)
FNDA:0,(anonymous_7)
FNDA:0,(anonymous_8)
FNDA:0,(anonymous_9)
DA:2,0
DA:3,0
DA:8,0
DA:9,0
DA:11,0
DA:14,0
DA:15,0
DA:16,0
DA:20,0
DA:27,0
DA:39,0
DA:40,0
DA:41,0
DA:43,0
DA:44,0
DA:51,0
DA:52,0
DA:59,0
DA:60,0
DA:61,0
DA:62,0
DA:63,0
DA:68,0
DA:76,0
DA:77,0
DA:78,0
DA:79,0
DA:80,0
LF:28
LH:0
BRDA:15,0,0,0
BRDA:21,1,0,0
BRDA:21,1,1,0
BRDA:23,2,0,0
BRDA:23,2,1,0
BRDA:39,3,0,0
BRDA:43,4,0,0
BRDA:43,5,0,0
BRDA:43,5,1,0
BRDA:61,6,0,0
BRDA:78,7,0,0
BRF:11
BRH:0
end_of_record
TN:
SF:src/middlewares/zodValidationMiddleware.ts
FN:10,(anonymous_0)
FN:11,(anonymous_1)
FN:34,(anonymous_2)
FN:60,(anonymous_3)
FN:61,(anonymous_4)
FN:76,(anonymous_5)
FN:102,(anonymous_6)
FN:103,(anonymous_7)
FN:118,(anonymous_8)
FNF:9
FNH:0
FNDA:0,(anonymous_0)
FNDA:0,(anonymous_1)
FNDA:0,(anonymous_2)
FNDA:0,(anonymous_3)
FNDA:0,(anonymous_4)
FNDA:0,(anonymous_5)
FNDA:0,(anonymous_6)
FNDA:0,(anonymous_7)
FNDA:0,(anonymous_8)
DA:2,0
DA:3,0
DA:10,0
DA:11,0
DA:12,0
DA:13,0
DA:16,0
DA:18,0
DA:21,0
DA:23,0
DA:25,0
DA:27,0
DA:29,0
DA:31,0
DA:34,0
DA:41,0
DA:51,0
DA:60,0
DA:61,0
DA:62,0
DA:64,0
DA:67,0
DA:69,0
DA:71,0
DA:73,0
DA:76,0
DA:83,0
DA:93,0
DA:102,0
DA:103,0
DA:104,0
DA:106,0
DA:109,0
DA:111,0
DA:113,0
DA:115,0
DA:118,0
DA:125,0
DA:135,0
LF:39
LH:0
BRDA:27,0,0,0
BRDA:71,1,0,0
BRDA:113,2,0,0
BRF:3
BRH:0
end_of_record
TN:
SF:src/routes/index.ts
FN:48,(anonymous_1)
FNF:1
FNH:0
FNDA:0,(anonymous_1)
DA:1,0
DA:2,0
DA:3,0
DA:6,0
DA:7,0
DA:8,0
DA:9,0
DA:11,0
DA:14,0
DA:41,0
DA:44,0
DA:45,0
DA:48,0
DA:49,0
DA:53,0
DA:54,0
DA:55,0
DA:56,0
DA:58,0
LF:19
LH:0
BRF:0
BRH:0
end_of_record
TN:
SF:src/schemas/candidateSchema.ts
FN:61,(anonymous_0)
FN:83,(anonymous_1)
FN:92,(anonymous_2)
FN:169,(anonymous_3)
FN:238,(anonymous_4)
FNF:5
FNH:0
FNDA:0,(anonymous_0)
FNDA:0,(anonymous_1)
FNDA:0,(anonymous_2)
FNDA:0,(anonymous_3)
FNDA:0,(anonymous_4)
DA:1,1
DA:6,1
DA:28,1
DA:54,1
DA:61,0
DA:76,1
DA:83,0
DA:92,0
DA:104,1
DA:122,1
DA:169,0
DA:211,1
DA:238,0
DA:267,1
DA:272,1
LF:15
LH:10
BRF:0
BRH:0
end_of_record
TN:
SF:src/schemas/userSchema.ts
FN:19,(anonymous_0)
FN:38,(anonymous_1)
FN:62,(anonymous_2)
FN:75,(anonymous_3)
FN:88,(anonymous_4)
FN:132,(anonymous_5)
FN:136,(anonymous_6)
FNF:7
FNH:0
FNDA:0,(anonymous_0)
FNDA:0,(anonymous_1)
FNDA:0,(anonymous_2)
FNDA:0,(anonymous_3)
FNDA:0,(anonymous_4)
FNDA:0,(anonymous_5)
FNDA:0,(anonymous_6)
DA:1,0
DA:6,0
DA:19,0
DA:28,0
DA:38,0
DA:46,0
DA:64,0
DA:65,0
DA:67,0
DA:77,0
DA:78,0
DA:80,0
DA:90,0
DA:91,0
DA:93,0
DA:104,0
DA:119,0
DA:132,0
DA:136,0
LF:19
LH:0
BRDA:64,0,0,0
BRDA:77,1,0,0
BRDA:77,2,0,0
BRDA:77,2,1,0
BRDA:90,3,0,0
BRF:5
BRH:0
end_of_record
TN:
SF:src/scripts/initDb.ts
FN:6,main
FNF:1
FNH:0
FNDA:0,main
DA:1,0
DA:2,0
DA:4,0
DA:7,0
DA:8,0
DA:11,0
DA:15,0
DA:16,0
DA:17,0
DA:22,0
DA:25,0
DA:28,0
DA:34,0
DA:36,0
DA:38,0
DA:39,0
DA:41,0
DA:45,0
LF:18
LH:0
BRDA:15,0,0,0
BRF:1
BRH:0
end_of_record
TN:
SF:src/utils/AppError.ts
FN:17,(anonymous_0)
FN:41,(anonymous_1)
FN:51,(anonymous_2)
FN:61,(anonymous_3)
FN:71,(anonymous_4)
FN:81,(anonymous_5)
FN:92,(anonymous_6)
FNF:7
FNH:0
FNDA:0,(anonymous_0)
FNDA:0,(anonymous_1)
FNDA:0,(anonymous_2)
FNDA:0,(anonymous_3)
FNDA:0,(anonymous_4)
FNDA:0,(anonymous_5)
FNDA:0,(anonymous_6)
DA:5,1
DA:23,0
DA:24,0
DA:25,0
DA:26,0
DA:29,0
DA:32,0
DA:42,0
DA:52,0
DA:62,0
DA:72,0
DA:82,0
DA:97,0
LF:13
LH:1
BRDA:19,0,0,0
BRDA:21,1,0,0
BRDA:42,2,0,0
BRDA:42,2,1,0
BRDA:52,3,0,0
BRDA:52,3,1,0
BRDA:62,4,0,0
BRDA:62,4,1,0
BRDA:72,5,0,0
BRDA:72,5,1,0
BRDA:82,6,0,0
BRDA:82,6,1,0
BRDA:95,7,0,0
BRDA:97,8,0,0
BRDA:97,8,1,0
BRF:15
BRH:0
end_of_record
TN:
SF:src/utils/authUtils.ts
FN:11,(anonymous_1)
FN:21,(anonymous_2)
FN:33,(anonymous_3)
FN:45,(anonymous_4)
FN:59,(anonymous_5)
FNF:5
FNH:0
FNDA:0,(anonymous_1)
FNDA:0,(anonymous_2)
FNDA:0,(anonymous_3)
FNDA:0,(anonymous_4)
FNDA:0,(anonymous_5)
DA:1,0
DA:2,0
DA:3,0
DA:11,0
DA:12,0
DA:21,0
DA:25,0
DA:33,0
DA:35,0
DA:45,0
DA:46,0
DA:48,0
DA:50,0
DA:59,0
DA:61,0
DA:62,0
DA:66,0
DA:67,0
DA:68,0
DA:71,0
LF:20
LH:0
BRDA:61,0,0,0
BRDA:61,1,0,0
BRDA:61,1,1,0
BRDA:67,2,0,0
BRDA:67,3,0,0
BRDA:67,3,1,0
BRF:6
BRH:0
end_of_record
TN:
SF:src/utils/constants.ts
FNF:0
FNH:0
DA:6,0
DA:14,0
DA:24,0
DA:34,0
DA:62,0
LF:5
LH:0
BRF:0
BRH:0
end_of_record
TN:
SF:src/utils/fileUploadUtils.ts
FN:34,(anonymous_1)
FN:43,(anonymous_2)
FN:55,(anonymous_3)
FN:71,(anonymous_4)
FN:86,(anonymous_5)
FN:103,(anonymous_6)
FN:122,(anonymous_7)
FN:140,(anonymous_8)
FNF:8
FNH:0
FNDA:0,(anonymous_1)
FNDA:0,(anonymous_2)
FNDA:0,(anonymous_3)
FNDA:0,(anonymous_4)
FNDA:0,(anonymous_5)
FNDA:0,(anonymous_6)
FNDA:0,(anonymous_7)
FNDA:0,(anonymous_8)
DA:1,0
DA:2,0
DA:3,0
DA:4,0
DA:7,0
DA:10,0
DA:11,0
DA:17,0
DA:27,0
DA:34,0
DA:35,0
DA:43,0
DA:44,0
DA:55,0
DA:56,0
DA:57,0
DA:58,0
DA:62,0
DA:71,0
DA:72,0
DA:73,0
DA:74,0
DA:75,0
DA:77,0
DA:78,0
DA:86,0
DA:87,0
DA:88,0
DA:89,0
DA:92,0
DA:93,0
DA:103,0
DA:104,0
DA:105,0
DA:107,0
DA:113,0
DA:122,0
DA:123,0
DA:124,0
DA:126,0
DA:128,0
DA:133,0
DA:140,0
DA:141,0
LF:44
LH:0
BRDA:10,0,0,0
BRDA:44,1,0,0
BRDA:44,1,1,0
BRDA:88,2,0,0
BRF:4
BRH:0
end_of_record
TN:
SF:src/utils/paginationUtils.ts
FN:33,(anonymous_0)
FN:65,(anonymous_1)
FNF:2
FNH:0
FNDA:0,(anonymous_0)
FNDA:0,(anonymous_1)
DA:33,1
DA:38,0
DA:39,0
DA:40,0
DA:41,0
DA:43,0
DA:65,1
DA:69,0
DA:70,0
DA:73,0
DA:76,0
DA:79,0
DA:80,0
DA:84,0
DA:85,0
DA:88,0
LF:16
LH:2
BRDA:53,0,0,0
BRDA:53,0,1,0
BRDA:54,1,0,0
BRDA:54,1,1,0
BRDA:79,2,0,0
BRDA:84,3,0,0
BRF:6
BRH:0
end_of_record
TN:
SF:src/utils/prismaClient.ts
FNF:0
FNH:0
DA:1,0
DA:9,0
DA:14,0
DA:15,0
DA:18,0
LF:5
LH:0
BRDA:9,0,0,0
BRDA:9,0,1,0
BRDA:10,1,0,0
BRDA:10,1,1,0
BRDA:14,2,0,0
BRF:5
BRH:0
end_of_record
TN:
SF:src/utils/swagger.ts
FNF:0
FNH:0
DA:1,0
DA:2,0
DA:5,0
DA:107,0
DA:109,0
LF:5
LH:0
BRF:0
BRH:0
end_of_record
TN:
SF:src/utils/transactionUtils.ts
FN:20,withTransaction
FN:32,(anonymous_1)
FN:80,withNestedTransaction
FNF:3
FNH:0
FNDA:0,withTransaction
FNDA:0,(anonymous_1)
FNDA:0,withNestedTransaction
DA:1,0
DA:2,0
DA:20,0
DA:29,0
DA:31,0
DA:32,0
DA:33,0
DA:40,0
DA:41,0
DA:45,0
DA:46,0
DA:49,0
DA:50,0
DA:55,0
DA:56,0
DA:65,0
DA:66,0
DA:80,0
DA:84,0
DA:85,0
DA:87,0
DA:88,0
DA:92,0
DA:93,0
DA:96,0
DA:97,0
DA:102,0
DA:103,0
DA:112,0
DA:113,0
LF:30
LH:0
BRDA:23,0,0,0
BRDA:26,1,0,0
BRDA:27,2,0,0
BRDA:28,3,0,0
BRDA:40,4,0,0
BRDA:45,5,0,0
BRDA:49,6,0,0
BRDA:49,6,1,0
BRDA:55,7,0,0
BRDA:87,8,0,0
BRDA:92,9,0,0
BRDA:96,10,0,0
BRDA:96,10,1,0
BRDA:102,11,0,0
BRF:14
BRH:0
end_of_record
